<?xml version="1.0" encoding="utf-8"?>
<TestRun id="65c050a5-3cdd-4d59-8602-1fdcae924425" name="biges@MCKITRICK 2025-08-29 20:51:29" runUser="MCKITRICK\biges" xmlns="http://microsoft.com/schemas/VisualStudio/TeamTest/2010">
  <Times creation="2025-08-29T20:51:29.6720162-06:00" queuing="2025-08-29T20:51:29.6720169-06:00" start="2025-08-29T20:51:28.0402375-06:00" finish="2025-08-29T20:51:31.1873760-06:00" />
  <TestSettings name="default" id="6f5c9e0d-277c-4d5c-ba31-af97cc1d05d6">
    <Deployment runDeploymentRoot="biges_MCKITRICK_2025-08-29_20_51_29" />
  </TestSettings>
  <Results>
    <UnitTestResult executionId="273bc20c-90e1-4f87-8aac-d7a09076673f" testId="bab73118-bcc5-733a-969d-4c306d5de5ef" testName="WileyWidget.Tests.EnterpriseTests.Enterprise_CurrentRate_Validation(rate: 1000, shouldBeValid: True)" computerName="MCKITRICK" duration="00:00:00.0004542" startTime="2025-08-29T20:51:29.6627829-06:00" endTime="2025-08-29T20:51:29.6627830-06:00" testType="13cdc9d9-ddb5-4fa4-a97d-d965ccfc6d4b" outcome="Passed" testListId="8c84fa94-04c1-424b-9868-57a2d4851a1d" relativeResultsDirectory="273bc20c-90e1-4f87-8aac-d7a09076673f" />
    <UnitTestResult executionId="cf07bdc2-01a5-4eca-97ef-b7f9e43cbb52" testId="87640105-c887-14a1-6f10-e810209647b1" testName="WileyWidget.Tests.AppUnitTests.TryRegisterEmbeddedLicense_DefaultImplementation_ReturnsFalse" computerName="MCKITRICK" duration="00:00:00.0000980" startTime="2025-08-29T20:51:29.6928252-06:00" endTime="2025-08-29T20:51:29.6928253-06:00" testType="13cdc9d9-ddb5-4fa4-a97d-d965ccfc6d4b" outcome="Passed" testListId="8c84fa94-04c1-424b-9868-57a2d4851a1d" relativeResultsDirectory="cf07bdc2-01a5-4eca-97ef-b7f9e43cbb52" />
    <UnitTestResult executionId="0d48157f-f7b9-4e86-b57f-f959a728fa43" testId="ccef2ce7-f385-9fbf-3fdd-191327867f3d" testName="WileyWidget.Tests.BudgetAnalyticsTests.BudgetMetrics_ReturnsCorrectStatus_Surplus" computerName="MCKITRICK" duration="00:00:00.0104810" startTime="2025-08-29T20:51:29.6432720-06:00" endTime="2025-08-29T20:51:29.6432721-06:00" testType="13cdc9d9-ddb5-4fa4-a97d-d965ccfc6d4b" outcome="Passed" testListId="8c84fa94-04c1-424b-9868-57a2d4851a1d" relativeResultsDirectory="0d48157f-f7b9-4e86-b57f-f959a728fa43" />
    <UnitTestResult executionId="7d4ed3b2-effd-4220-a0e6-318a60c5a39a" testId="59042f06-6aea-38ed-f31b-f481b684060f" testName="WileyWidget.Tests.BudgetAnalyticsTests.BudgetMetrics_StatusBackground_ReturnsCorrectColor" computerName="MCKITRICK" duration="00:00:00.0388553" startTime="2025-08-29T20:51:29.7000273-06:00" endTime="2025-08-29T20:51:29.7000273-06:00" testType="13cdc9d9-ddb5-4fa4-a97d-d965ccfc6d4b" outcome="Passed" testListId="8c84fa94-04c1-424b-9868-57a2d4851a1d" relativeResultsDirectory="7d4ed3b2-effd-4220-a0e6-318a60c5a39a" />
    <UnitTestResult executionId="4dcc8550-c946-431b-8f47-9a343cdd470d" testId="f4baf935-db3b-a3f6-b56f-3df0f1893080" testName="WileyWidget.Tests.DatabaseIntegrationTests.UpdateAsync_UpdatesExistingEnterprise" computerName="MCKITRICK" duration="00:00:00.0019301" startTime="2025-08-29T20:51:30.2505707-06:00" endTime="2025-08-29T20:51:30.2505709-06:00" testType="13cdc9d9-ddb5-4fa4-a97d-d965ccfc6d4b" outcome="Passed" testListId="8c84fa94-04c1-424b-9868-57a2d4851a1d" relativeResultsDirectory="4dcc8550-c946-431b-8f47-9a343cdd470d" />
    <UnitTestResult executionId="28bce709-1d19-452d-b786-d2b6f9a206b3" testId="dd77f057-e1e9-d9f4-cea3-7509791bffd8" testName="WileyWidget.Tests.DatabaseConfigurationTests.EnsureDatabaseCreatedAsync_WithMissingSeeder_ThrowsException" computerName="MCKITRICK" duration="00:00:00.0019146" startTime="2025-08-29T20:51:30.7226271-06:00" endTime="2025-08-29T20:51:30.7226272-06:00" testType="13cdc9d9-ddb5-4fa4-a97d-d965ccfc6d4b" outcome="Passed" testListId="8c84fa94-04c1-424b-9868-57a2d4851a1d" relativeResultsDirectory="28bce709-1d19-452d-b786-d2b6f9a206b3" />
    <UnitTestResult executionId="c6fd50a3-ea53-4e37-af6c-35080aee5cea" testId="10b1ef9a-89d0-7820-4fdf-06d433c43486" testName="WileyWidget.Tests.EnterpriseModelTests.Enterprise_Name_Validation(name: &quot;&quot;, shouldBeValid: False)" computerName="MCKITRICK" duration="00:00:00.0000690" startTime="2025-08-29T20:51:29.6802762-06:00" endTime="2025-08-29T20:51:29.6802763-06:00" testType="13cdc9d9-ddb5-4fa4-a97d-d965ccfc6d4b" outcome="Passed" testListId="8c84fa94-04c1-424b-9868-57a2d4851a1d" relativeResultsDirectory="c6fd50a3-ea53-4e37-af6c-35080aee5cea" />
    <UnitTestResult executionId="6f76a48e-e61e-43af-8b96-d10e0c55e748" testId="2b9ee214-5fed-0842-d648-dd6ae7f87bc4" testName="WileyWidget.Tests.BudgetInteractionTests.BudgetInteraction_AcceptsVariousInteractionTypes(type: &quot;Dependency&quot;, expected: True)" computerName="MCKITRICK" duration="00:00:00.0000591" startTime="2025-08-29T20:51:29.6744182-06:00" endTime="2025-08-29T20:51:29.6744183-06:00" testType="13cdc9d9-ddb5-4fa4-a97d-d965ccfc6d4b" outcome="Passed" testListId="8c84fa94-04c1-424b-9868-57a2d4851a1d" relativeResultsDirectory="6f76a48e-e61e-43af-8b96-d10e0c55e748" />
    <UnitTestResult executionId="e64ff89e-2a66-48f5-9401-b5c93a0663a6" testId="abe5bbbb-5c34-074f-41c7-88d40b3e23b8" testName="WileyWidget.Tests.SettingsServiceTests.SettingsService_Migration_QuickBooksToQbo_Works" computerName="MCKITRICK" duration="00:00:00.0152346" startTime="2025-08-29T20:51:29.7017485-06:00" endTime="2025-08-29T20:51:29.7017486-06:00" testType="13cdc9d9-ddb5-4fa4-a97d-d965ccfc6d4b" outcome="Passed" testListId="8c84fa94-04c1-424b-9868-57a2d4851a1d" relativeResultsDirectory="e64ff89e-2a66-48f5-9401-b5c93a0663a6" />
    <UnitTestResult executionId="6d470a7e-310d-4c5b-8d40-aefb3ccb8589" testId="0a00e6cb-49af-1b97-d7b2-bbdf194a8118" testName="WileyWidget.Tests.EnterpriseModelTests.Enterprise_BreakEvenRate_HandlesZeroCitizens" computerName="MCKITRICK" duration="00:00:00.0000718" startTime="2025-08-29T20:51:29.6916025-06:00" endTime="2025-08-29T20:51:29.6916026-06:00" testType="13cdc9d9-ddb5-4fa4-a97d-d965ccfc6d4b" outcome="Passed" testListId="8c84fa94-04c1-424b-9868-57a2d4851a1d" relativeResultsDirectory="6d470a7e-310d-4c5b-8d40-aefb3ccb8589" />
    <UnitTestResult executionId="fba4c01c-e05c-47e0-8c8a-ad6fc4512378" testId="2b6d2d98-9ff2-0efc-9085-3c305df50a78" testName="WileyWidget.Tests.BudgetInteractionTests.BudgetInteraction_Notes_Validation(notes: null, shouldBeValid: True)" computerName="MCKITRICK" duration="00:00:00.0002519" startTime="2025-08-29T20:51:29.6674925-06:00" endTime="2025-08-29T20:51:29.6674926-06:00" testType="13cdc9d9-ddb5-4fa4-a97d-d965ccfc6d4b" outcome="Passed" testListId="8c84fa94-04c1-424b-9868-57a2d4851a1d" relativeResultsDirectory="fba4c01c-e05c-47e0-8c8a-ad6fc4512378" />
    <UnitTestResult executionId="9db5a1af-f5e8-4365-87cd-3a485373b9c6" testId="266048de-3f2b-fdbd-2e09-1b7eae8e8964" testName="WileyWidget.Tests.EnterpriseModelTests.Enterprise_Name_Validation(name: &quot;Valid Name&quot;, shouldBeValid: True)" computerName="MCKITRICK" duration="00:00:00.0000696" startTime="2025-08-29T20:51:29.6801099-06:00" endTime="2025-08-29T20:51:29.6801099-06:00" testType="13cdc9d9-ddb5-4fa4-a97d-d965ccfc6d4b" outcome="Passed" testListId="8c84fa94-04c1-424b-9868-57a2d4851a1d" relativeResultsDirectory="9db5a1af-f5e8-4365-87cd-3a485373b9c6" />
    <UnitTestResult executionId="af81748d-0f0b-4c15-b221-d33baa7125eb" testId="69a6cf07-6d56-fd82-65cd-93be98d990d5" testName="WileyWidget.Tests.WidgetTests.Widget_Price_Validation(price: 0, shouldBeValid: False)" computerName="MCKITRICK" duration="00:00:00.0023777" startTime="2025-08-29T20:51:29.6636230-06:00" endTime="2025-08-29T20:51:29.6636231-06:00" testType="13cdc9d9-ddb5-4fa4-a97d-d965ccfc6d4b" outcome="Passed" testListId="8c84fa94-04c1-424b-9868-57a2d4851a1d" relativeResultsDirectory="af81748d-0f0b-4c15-b221-d33baa7125eb" />
    <UnitTestResult executionId="e733b1c1-6cf5-40e2-9bfd-0c7fd56c3af5" testId="28afac11-75f2-4277-47ce-175ecd6d5bf3" testName="WileyWidget.Tests.WidgetTests.Widget_IsActive_CanBeSet(isActive: True)" computerName="MCKITRICK" duration="00:00:00.0001867" startTime="2025-08-29T20:51:29.6571710-06:00" endTime="2025-08-29T20:51:29.6571710-06:00" testType="13cdc9d9-ddb5-4fa4-a97d-d965ccfc6d4b" outcome="Passed" testListId="8c84fa94-04c1-424b-9868-57a2d4851a1d" relativeResultsDirectory="e733b1c1-6cf5-40e2-9bfd-0c7fd56c3af5" />
    <UnitTestResult executionId="a87e61c9-194f-45b3-852d-e57b8803d45b" testId="8b807870-505b-71ed-7f55-1b57860f38f6" testName="WileyWidget.Tests.DatabaseIntegrationTests.Repository_HandlesConcurrentReads" computerName="MCKITRICK" duration="00:00:00.0018964" startTime="2025-08-29T20:51:30.2478309-06:00" endTime="2025-08-29T20:51:30.2478310-06:00" testType="13cdc9d9-ddb5-4fa4-a97d-d965ccfc6d4b" outcome="Passed" testListId="8c84fa94-04c1-424b-9868-57a2d4851a1d" relativeResultsDirectory="a87e61c9-194f-45b3-852d-e57b8803d45b" />
    <UnitTestResult executionId="d8f7d7ad-54b7-4518-bf14-8d154c656e91" testId="2917a8ba-f7f9-5b6b-3575-162e1a2173ef" testName="WileyWidget.Tests.WidgetTests.Widget_FormattedPrice_ReturnsCorrectFormat(price: 1234.56, expected: &quot;$1,234.56&quot;)" computerName="MCKITRICK" duration="00:00:00.0008996" startTime="2025-08-29T20:51:29.6594648-06:00" endTime="2025-08-29T20:51:29.6594651-06:00" testType="13cdc9d9-ddb5-4fa4-a97d-d965ccfc6d4b" outcome="Passed" testListId="8c84fa94-04c1-424b-9868-57a2d4851a1d" relativeResultsDirectory="d8f7d7ad-54b7-4518-bf14-8d154c656e91" />
    <UnitTestResult executionId="ff6f30d7-c8d7-4124-8ebc-77a180aed197" testId="0d55a627-fd9d-8340-fffa-8d6e51b78a92" testName="WileyWidget.Tests.DatabaseConfigurationTests.EnsureDatabaseCreatedAsync_SeedingIdempotency" computerName="MCKITRICK" duration="00:00:00.7811887" startTime="2025-08-29T20:51:30.4917373-06:00" endTime="2025-08-29T20:51:30.4917375-06:00" testType="13cdc9d9-ddb5-4fa4-a97d-d965ccfc6d4b" outcome="Passed" testListId="8c84fa94-04c1-424b-9868-57a2d4851a1d" relativeResultsDirectory="ff6f30d7-c8d7-4124-8ebc-77a180aed197" />
    <UnitTestResult executionId="fc8f1710-c621-4150-b836-c1bddb5a027a" testId="ed2fc56e-1956-21e4-fa3d-840c8fe46677" testName="WileyWidget.Tests.MainViewModelTests.Widgets_Collection_IsObservable" computerName="MCKITRICK" duration="00:00:00.0006042" startTime="2025-08-29T20:51:29.7243861-06:00" endTime="2025-08-29T20:51:29.7243863-06:00" testType="13cdc9d9-ddb5-4fa4-a97d-d965ccfc6d4b" outcome="Passed" testListId="8c84fa94-04c1-424b-9868-57a2d4851a1d" relativeResultsDirectory="fc8f1710-c621-4150-b836-c1bddb5a027a" />
    <UnitTestResult executionId="f6047ad3-52c5-42a3-ad82-0f9d1b88387f" testId="9929003c-3c0b-e178-ebdf-bba67d8898cc" testName="WileyWidget.Tests.EnterpriseModelTests.Enterprise_MonthlyExpenses_Validation(expenses: 1000, shouldBeValid: True)" computerName="MCKITRICK" duration="00:00:00.0002907" startTime="2025-08-29T20:51:29.6652299-06:00" endTime="2025-08-29T20:51:29.6652299-06:00" testType="13cdc9d9-ddb5-4fa4-a97d-d965ccfc6d4b" outcome="Passed" testListId="8c84fa94-04c1-424b-9868-57a2d4851a1d" relativeResultsDirectory="f6047ad3-52c5-42a3-ad82-0f9d1b88387f" />
    <UnitTestResult executionId="a36ff204-7859-42b9-b5a4-fba344cd0928" testId="c093cc50-deee-4751-29ce-343ea9d35c10" testName="WileyWidget.Tests.EnterpriseTests.Enterprise_Name_Validation(name: &quot;A&quot;, shouldBeValid: True)" computerName="MCKITRICK" duration="00:00:00.0000196" startTime="2025-08-29T20:51:29.6653671-06:00" endTime="2025-08-29T20:51:29.6653672-06:00" testType="13cdc9d9-ddb5-4fa4-a97d-d965ccfc6d4b" outcome="Passed" testListId="8c84fa94-04c1-424b-9868-57a2d4851a1d" relativeResultsDirectory="a36ff204-7859-42b9-b5a4-fba344cd0928" />
    <UnitTestResult executionId="c430cc21-af4c-43f7-9da0-92b211e81758" testId="67d1af25-c91b-f470-e429-2abc11443142" testName="WileyWidget.Tests.DatabaseConfigurationTests.EnsureDatabaseCreatedAsync_WithMissingDbContext_ThrowsException" computerName="MCKITRICK" duration="00:00:00.0006544" startTime="2025-08-29T20:51:30.7233650-06:00" endTime="2025-08-29T20:51:30.7233651-06:00" testType="13cdc9d9-ddb5-4fa4-a97d-d965ccfc6d4b" outcome="Passed" testListId="8c84fa94-04c1-424b-9868-57a2d4851a1d" relativeResultsDirectory="c430cc21-af4c-43f7-9da0-92b211e81758" />
    <UnitTestResult executionId="007d7456-bf9d-4fae-affe-1aaa0e05e9b6" testId="510fe505-3d5e-fa04-5438-1019c48dc099" testName="WileyWidget.Tests.WidgetTests.Widget_DisplayName_ReturnsCorrectFormat(name: &quot;Widget Name&quot;, sku: null, expected: &quot;Widget Name&quot;)" computerName="MCKITRICK" duration="00:00:00.0000102" startTime="2025-08-29T20:51:29.6789346-06:00" endTime="2025-08-29T20:51:29.6789347-06:00" testType="13cdc9d9-ddb5-4fa4-a97d-d965ccfc6d4b" outcome="Passed" testListId="8c84fa94-04c1-424b-9868-57a2d4851a1d" relativeResultsDirectory="007d7456-bf9d-4fae-affe-1aaa0e05e9b6" />
    <UnitTestResult executionId="a01ae4c2-0d04-4404-86a3-db38ff998a6a" testId="767d2771-3c39-19fb-57bf-e8e2daef4940" testName="WileyWidget.Tests.DatabaseConfigurationTests.AddDatabaseServices_WithMissingConnectionString_ThrowsException" computerName="MCKITRICK" duration="00:00:00.0003728" startTime="2025-08-29T20:51:30.4923365-06:00" endTime="2025-08-29T20:51:30.4923366-06:00" testType="13cdc9d9-ddb5-4fa4-a97d-d965ccfc6d4b" outcome="Passed" testListId="8c84fa94-04c1-424b-9868-57a2d4851a1d" relativeResultsDirectory="a01ae4c2-0d04-4404-86a3-db38ff998a6a" />
    <UnitTestResult executionId="c20cb2a0-a0ca-4f51-94a7-e10b58a480c5" testId="f0a76b98-d14b-1f50-1a55-b715fcdffb9d" testName="WileyWidget.Tests.DatabaseIntegrationTests.Repository_HandlesLargeDatasetEfficiently" computerName="MCKITRICK" duration="00:00:00.0043482" startTime="2025-08-29T20:51:30.2448122-06:00" endTime="2025-08-29T20:51:30.2448124-06:00" testType="13cdc9d9-ddb5-4fa4-a97d-d965ccfc6d4b" outcome="Passed" testListId="8c84fa94-04c1-424b-9868-57a2d4851a1d" relativeResultsDirectory="c20cb2a0-a0ca-4f51-94a7-e10b58a480c5" />
    <UnitTestResult executionId="114d11e0-c8d5-4162-933f-5684a8fd653c" testId="c47db43f-5871-4aa9-b457-92ab04b7b502" testName="WileyWidget.Tests.EnterpriseTests.Enterprise_CurrentRate_Validation(rate: 0.01, shouldBeValid: True)" computerName="MCKITRICK" duration="00:00:00.0000500" startTime="2025-08-29T20:51:29.6629918-06:00" endTime="2025-08-29T20:51:29.6629918-06:00" testType="13cdc9d9-ddb5-4fa4-a97d-d965ccfc6d4b" outcome="Passed" testListId="8c84fa94-04c1-424b-9868-57a2d4851a1d" relativeResultsDirectory="114d11e0-c8d5-4162-933f-5684a8fd653c" />
    <UnitTestResult executionId="c6b6588f-d060-4a81-8072-cca91907fda9" testId="1c6d9cc5-a386-96ff-1534-848f8d293769" testName="WileyWidget.Tests.DatabaseConfigurationTests.AddDatabaseServices_ConnectionStringVariations(connectionString: &quot;Data Source=test.db&quot;)" computerName="MCKITRICK" duration="00:00:00.0029467" startTime="2025-08-29T20:51:29.7104515-06:00" endTime="2025-08-29T20:51:29.7104517-06:00" testType="13cdc9d9-ddb5-4fa4-a97d-d965ccfc6d4b" outcome="Passed" testListId="8c84fa94-04c1-424b-9868-57a2d4851a1d" relativeResultsDirectory="c6b6588f-d060-4a81-8072-cca91907fda9" />
    <UnitTestResult executionId="85d07b32-6b03-482c-811d-618067c19e6e" testId="67185dae-1bb2-aa49-e096-b7b20c6fe73a" testName="WileyWidget.Tests.AppUnitTests.RegisterSyncfusionLicense_WithValidConfigKey_RegistersSuccessfully" computerName="MCKITRICK" duration="00:00:00.0003244" startTime="2025-08-29T20:51:29.6972899-06:00" endTime="2025-08-29T20:51:29.6972901-06:00" testType="13cdc9d9-ddb5-4fa4-a97d-d965ccfc6d4b" outcome="Passed" testListId="8c84fa94-04c1-424b-9868-57a2d4851a1d" relativeResultsDirectory="85d07b32-6b03-482c-811d-618067c19e6e" />
    <UnitTestResult executionId="ff1a5b8a-a8fa-4b2b-a5ea-f85c238260cf" testId="ca7752fd-c28a-2eb8-8f5e-49b6ef0284d8" testName="WileyWidget.Tests.EnterpriseModelTests.Enterprise_CurrentRate_Validation(rate: 100, shouldBeValid: True)" computerName="MCKITRICK" duration="00:00:00.0000548" startTime="2025-08-29T20:51:29.6703717-06:00" endTime="2025-08-29T20:51:29.6703718-06:00" testType="13cdc9d9-ddb5-4fa4-a97d-d965ccfc6d4b" outcome="Passed" testListId="8c84fa94-04c1-424b-9868-57a2d4851a1d" relativeResultsDirectory="ff1a5b8a-a8fa-4b2b-a5ea-f85c238260cf" />
    <UnitTestResult executionId="63955dde-533b-4f4f-8c74-67626f95444d" testId="9c4061d1-7b4d-72a8-5d62-324df6948592" testName="WileyWidget.Tests.DatabaseIntegrationTests.DeleteAsync_RemovesEnterpriseFromDatabase" computerName="MCKITRICK" duration="00:00:00.0146142" startTime="2025-08-29T20:51:30.2653238-06:00" endTime="2025-08-29T20:51:30.2653239-06:00" testType="13cdc9d9-ddb5-4fa4-a97d-d965ccfc6d4b" outcome="Passed" testListId="8c84fa94-04c1-424b-9868-57a2d4851a1d" relativeResultsDirectory="63955dde-533b-4f4f-8c74-67626f95444d" />
    <UnitTestResult executionId="33dd68a1-5009-484d-b3a9-c9b8d477e50c" testId="1663b73b-6287-a4b0-edce-f88f858df2aa" testName="WileyWidget.Tests.DatabaseConfigurationTests.EnsureDatabaseCreatedAsync_AppliesMigrations" computerName="MCKITRICK" duration="00:00:00.0820853" startTime="2025-08-29T20:51:30.8055461-06:00" endTime="2025-08-29T20:51:30.8055462-06:00" testType="13cdc9d9-ddb5-4fa4-a97d-d965ccfc6d4b" outcome="Passed" testListId="8c84fa94-04c1-424b-9868-57a2d4851a1d" relativeResultsDirectory="33dd68a1-5009-484d-b3a9-c9b8d477e50c" />
    <UnitTestResult executionId="a5a79567-9d1b-4beb-94bd-1c1b84b7af7d" testId="51c34e63-97c0-5e10-af10-340556c65011" testName="WileyWidget.Tests.BudgetAnalyticsTests.BudgetMetrics_ReturnsCorrectStatus_Deficit" computerName="MCKITRICK" duration="00:00:00.0001408" startTime="2025-08-29T20:51:29.6853748-06:00" endTime="2025-08-29T20:51:29.6853750-06:00" testType="13cdc9d9-ddb5-4fa4-a97d-d965ccfc6d4b" outcome="Passed" testListId="8c84fa94-04c1-424b-9868-57a2d4851a1d" relativeResultsDirectory="a5a79567-9d1b-4beb-94bd-1c1b84b7af7d" />
    <UnitTestResult executionId="ab81855e-aaf0-4acc-888f-f977086a538e" testId="ef0f0bc6-05a9-f4ec-9eaa-324bcd7d0328" testName="WileyWidget.Tests.AppUnitTests.ConfigureLogging_SetsUpLoggerCorrectly" computerName="MCKITRICK" duration="00:00:00.0000771" startTime="2025-08-29T20:51:29.6975604-06:00" endTime="2025-08-29T20:51:29.6975604-06:00" testType="13cdc9d9-ddb5-4fa4-a97d-d965ccfc6d4b" outcome="Passed" testListId="8c84fa94-04c1-424b-9868-57a2d4851a1d" relativeResultsDirectory="ab81855e-aaf0-4acc-888f-f977086a538e" />
    <UnitTestResult executionId="541a0787-9439-4c2c-84d1-8b428099b593" testId="85ee0bd4-7821-b257-c0c8-28e38b9ba9de" testName="WileyWidget.Tests.EnterpriseDatabaseTests.DataIsolation_TestRollbackBehavior_UsingDirectConnection" computerName="MCKITRICK" duration="00:00:00.0273303" startTime="2025-08-29T20:51:29.8935261-06:00" endTime="2025-08-29T20:51:29.8935262-06:00" testType="13cdc9d9-ddb5-4fa4-a97d-d965ccfc6d4b" outcome="Passed" testListId="8c84fa94-04c1-424b-9868-57a2d4851a1d" relativeResultsDirectory="541a0787-9439-4c2c-84d1-8b428099b593" />
    <UnitTestResult executionId="7c0382d9-6d92-4661-b798-15fe45761387" testId="648bd338-a756-e64d-b4be-6a55c8a8cbe8" testName="WileyWidget.Tests.WidgetTests.Widget_Name_Validation(name: null, shouldBeValid: False)" computerName="MCKITRICK" duration="00:00:00.0003657" startTime="2025-08-29T20:51:29.6806130-06:00" endTime="2025-08-29T20:51:29.6806130-06:00" testType="13cdc9d9-ddb5-4fa4-a97d-d965ccfc6d4b" outcome="Passed" testListId="8c84fa94-04c1-424b-9868-57a2d4851a1d" relativeResultsDirectory="7c0382d9-6d92-4661-b798-15fe45761387" />
    <UnitTestResult executionId="8cfed010-6f1f-48a5-8582-1a10d3cec7af" testId="52b06d6e-0e7b-45f1-e848-734105f0bc9a" testName="WileyWidget.Tests.MainWindowUnitTests.BuildDynamicColumns_MethodExists" computerName="MCKITRICK" duration="00:00:00.0001848" startTime="2025-08-29T20:51:29.6994301-06:00" endTime="2025-08-29T20:51:29.6994301-06:00" testType="13cdc9d9-ddb5-4fa4-a97d-d965ccfc6d4b" outcome="Passed" testListId="8c84fa94-04c1-424b-9868-57a2d4851a1d" relativeResultsDirectory="8cfed010-6f1f-48a5-8582-1a10d3cec7af" />
    <UnitTestResult executionId="64559d1c-58cf-455d-abb0-a93113f062e6" testId="12ac1ad0-f92b-82ce-7643-dcc2a493cae6" testName="WileyWidget.Tests.BudgetInteractionTests.BudgetInteraction_Notes_Validation(notes: &quot;&quot;, shouldBeValid: True)" computerName="MCKITRICK" duration="00:00:00.0002095" startTime="2025-08-29T20:51:29.6662652-06:00" endTime="2025-08-29T20:51:29.6662652-06:00" testType="13cdc9d9-ddb5-4fa4-a97d-d965ccfc6d4b" outcome="Passed" testListId="8c84fa94-04c1-424b-9868-57a2d4851a1d" relativeResultsDirectory="64559d1c-58cf-455d-abb0-a93113f062e6" />
    <UnitTestResult executionId="5bc7e545-72dc-4b24-b4bd-0219b494ac31" testId="ccb7df2b-4d5c-e170-73db-923a830f1d8c" testName="WileyWidget.Tests.DatabaseConfigurationTests.EnsureDatabaseCreatedAsync_WithValidServiceProvider_CreatesDatabase" computerName="MCKITRICK" duration="00:00:00.1016209" startTime="2025-08-29T20:51:30.7205881-06:00" endTime="2025-08-29T20:51:30.7205883-06:00" testType="13cdc9d9-ddb5-4fa4-a97d-d965ccfc6d4b" outcome="Passed" testListId="8c84fa94-04c1-424b-9868-57a2d4851a1d" relativeResultsDirectory="5bc7e545-72dc-4b24-b4bd-0219b494ac31" />
    <UnitTestResult executionId="6a71fbc5-47e1-498a-a3cf-57ba8d13cc3a" testId="5903b2e2-620c-d805-6dec-cff9749cf54d" testName="WileyWidget.Tests.WidgetTests.Widget_Name_Validation(name: &quot;A&quot;, shouldBeValid: True)" computerName="MCKITRICK" duration="00:00:00.0002750" startTime="2025-08-29T20:51:29.6799418-06:00" endTime="2025-08-29T20:51:29.6799419-06:00" testType="13cdc9d9-ddb5-4fa4-a97d-d965ccfc6d4b" outcome="Passed" testListId="8c84fa94-04c1-424b-9868-57a2d4851a1d" relativeResultsDirectory="6a71fbc5-47e1-498a-a3cf-57ba8d13cc3a" />
    <UnitTestResult executionId="92efce3f-6c3b-45cd-a270-2292d1a470b1" testId="cb3b465a-00da-a1e4-c2c6-1368be36d3e5" testName="WileyWidget.Tests.EnterpriseTests.Enterprise_Name_Validation(name: &quot;Valid Name&quot;, shouldBeValid: True)" computerName="MCKITRICK" duration="00:00:00.0000165" startTime="2025-08-29T20:51:29.6655960-06:00" endTime="2025-08-29T20:51:29.6655960-06:00" testType="13cdc9d9-ddb5-4fa4-a97d-d965ccfc6d4b" outcome="Passed" testListId="8c84fa94-04c1-424b-9868-57a2d4851a1d" relativeResultsDirectory="92efce3f-6c3b-45cd-a270-2292d1a470b1" />
    <UnitTestResult executionId="ff8944f8-ac06-4070-b37d-ac03e940a8ee" testId="2beb22ae-6dec-0df2-163d-82054723e892" testName="WileyWidget.Tests.WidgetTests.Widget_Price_Validation(price: 0.01, shouldBeValid: True)" computerName="MCKITRICK" duration="00:00:00.0009590" startTime="2025-08-29T20:51:29.6669884-06:00" endTime="2025-08-29T20:51:29.6669885-06:00" testType="13cdc9d9-ddb5-4fa4-a97d-d965ccfc6d4b" outcome="Passed" testListId="8c84fa94-04c1-424b-9868-57a2d4851a1d" relativeResultsDirectory="ff8944f8-ac06-4070-b37d-ac03e940a8ee" />
    <UnitTestResult executionId="907faaa1-70ee-403c-9258-e4cd83331caa" testId="02a84783-afd8-9efb-6906-833a0d912242" testName="WileyWidget.Tests.MainViewModelTests.Widgets_Collection_ContainsInitialData" computerName="MCKITRICK" duration="00:00:00.0008431" startTime="2025-08-29T20:51:29.7252803-06:00" endTime="2025-08-29T20:51:29.7252804-06:00" testType="13cdc9d9-ddb5-4fa4-a97d-d965ccfc6d4b" outcome="Passed" testListId="8c84fa94-04c1-424b-9868-57a2d4851a1d" relativeResultsDirectory="907faaa1-70ee-403c-9258-e4cd83331caa" />
    <UnitTestResult executionId="0f686376-2bab-4eb1-8b70-b67c52f2a127" testId="888d2b50-7b6d-6c90-d0fe-ec32083e79d4" testName="WileyWidget.Tests.AppUnitTests.ConfigureGlobalExceptionHandling_SetsUpHandlers" computerName="MCKITRICK" duration="00:00:00.0000950" startTime="2025-08-29T20:51:29.6954638-06:00" endTime="2025-08-29T20:51:29.6954639-06:00" testType="13cdc9d9-ddb5-4fa4-a97d-d965ccfc6d4b" outcome="Passed" testListId="8c84fa94-04c1-424b-9868-57a2d4851a1d" relativeResultsDirectory="0f686376-2bab-4eb1-8b70-b67c52f2a127" />
    <UnitTestResult executionId="bc203245-df5a-41bb-8765-8408854c72fd" testId="efa2ee80-8a84-ce7d-1850-d99aa3c2923a" testName="WileyWidget.Tests.BudgetInteractionTests.BudgetInteraction_Creation_WithValidData_Succeeds" computerName="MCKITRICK" duration="00:00:00.0003191" startTime="2025-08-29T20:51:29.6661115-06:00" endTime="2025-08-29T20:51:29.6661116-06:00" testType="13cdc9d9-ddb5-4fa4-a97d-d965ccfc6d4b" outcome="Passed" testListId="8c84fa94-04c1-424b-9868-57a2d4851a1d" relativeResultsDirectory="bc203245-df5a-41bb-8765-8408854c72fd" />
    <UnitTestResult executionId="e7859aa6-dd94-48eb-a5d6-e2e2e4452517" testId="cc0265d4-60a7-3f55-fdff-2713f678dbad" testName="WileyWidget.Tests.EnterpriseTests.Enterprise_DefaultValues_AreSetCorrectly" computerName="MCKITRICK" duration="00:00:00.0020327" startTime="2025-08-29T20:51:29.6606095-06:00" endTime="2025-08-29T20:51:29.6606096-06:00" testType="13cdc9d9-ddb5-4fa4-a97d-d965ccfc6d4b" outcome="Passed" testListId="8c84fa94-04c1-424b-9868-57a2d4851a1d" relativeResultsDirectory="e7859aa6-dd94-48eb-a5d6-e2e2e4452517" />
    <UnitTestResult executionId="9b40333d-8d71-4c8e-abf3-cbfce3a950de" testId="fdd256aa-95b4-4138-ef57-428d9bd57c15" testName="WileyWidget.Tests.MainViewModelTests.SelectNextCommand_WrapsToFirstWidget" computerName="MCKITRICK" duration="00:00:00.0005940" startTime="2025-08-29T20:51:29.7267264-06:00" endTime="2025-08-29T20:51:29.7267265-06:00" testType="13cdc9d9-ddb5-4fa4-a97d-d965ccfc6d4b" outcome="Passed" testListId="8c84fa94-04c1-424b-9868-57a2d4851a1d" relativeResultsDirectory="9b40333d-8d71-4c8e-abf3-cbfce3a950de" />
    <UnitTestResult executionId="9144097d-ca00-40e4-b06d-9a1219ad8518" testId="7d89b2b7-2e04-1507-fb4c-fafb91c62761" testName="WileyWidget.Tests.DatabaseIntegrationTests.GetByIdAsync_ReturnsNullForNonExistentId" computerName="MCKITRICK" duration="00:00:00.0284014" startTime="2025-08-29T20:51:30.2270334-06:00" endTime="2025-08-29T20:51:30.2270338-06:00" testType="13cdc9d9-ddb5-4fa4-a97d-d965ccfc6d4b" outcome="Passed" testListId="8c84fa94-04c1-424b-9868-57a2d4851a1d" relativeResultsDirectory="9144097d-ca00-40e4-b06d-9a1219ad8518" />
    <UnitTestResult executionId="fcc48267-581f-4a50-8771-7298955f0666" testId="8ca5b6cf-7541-b621-6329-c030b30b7745" testName="WileyWidget.Tests.BudgetInteractionTests.BudgetInteraction_AcceptsVariousInteractionTypes(type: &quot;Subsidy&quot;, expected: True)" computerName="MCKITRICK" duration="00:00:00.0002281" startTime="2025-08-29T20:51:29.6727948-06:00" endTime="2025-08-29T20:51:29.6727949-06:00" testType="13cdc9d9-ddb5-4fa4-a97d-d965ccfc6d4b" outcome="Passed" testListId="8c84fa94-04c1-424b-9868-57a2d4851a1d" relativeResultsDirectory="fcc48267-581f-4a50-8771-7298955f0666" />
    <UnitTestResult executionId="33974235-4836-4095-b371-506a7b846168" testId="d72bcf70-eede-0359-7f9b-84883d87f42f" testName="WileyWidget.Tests.MainViewModelTests.SelectNextCommand_SelectsNextWidget" computerName="MCKITRICK" duration="00:00:00.1187964" startTime="2025-08-29T20:51:29.7134252-06:00" endTime="2025-08-29T20:51:29.7134254-06:00" testType="13cdc9d9-ddb5-4fa4-a97d-d965ccfc6d4b" outcome="Passed" testListId="8c84fa94-04c1-424b-9868-57a2d4851a1d" relativeResultsDirectory="33974235-4836-4095-b371-506a7b846168" />
    <UnitTestResult executionId="f3fc24ca-85c8-416f-a692-1950223e3883" testId="efe067a6-c350-5edd-6794-b1c41a457952" testName="WileyWidget.Tests.BudgetAnalyticsTests.BudgetInsights_AlwaysIncludesGeneralRecommendations" computerName="MCKITRICK" duration="00:00:00.0001900" startTime="2025-08-29T20:51:29.7008296-06:00" endTime="2025-08-29T20:51:29.7008296-06:00" testType="13cdc9d9-ddb5-4fa4-a97d-d965ccfc6d4b" outcome="Passed" testListId="8c84fa94-04c1-424b-9868-57a2d4851a1d" relativeResultsDirectory="f3fc24ca-85c8-416f-a692-1950223e3883" />
    <UnitTestResult executionId="f59836ec-d1da-4bda-a33a-de5a51283775" testId="e347da39-e3d7-9818-2827-c6fcf2b4c69d" testName="WileyWidget.Tests.EnterpriseTests.Enterprise_Creation_WithValidData_Succeeds" computerName="MCKITRICK" duration="00:00:00.0002165" startTime="2025-08-29T20:51:29.6616397-06:00" endTime="2025-08-29T20:51:29.6616398-06:00" testType="13cdc9d9-ddb5-4fa4-a97d-d965ccfc6d4b" outcome="Passed" testListId="8c84fa94-04c1-424b-9868-57a2d4851a1d" relativeResultsDirectory="f59836ec-d1da-4bda-a33a-de5a51283775" />
    <UnitTestResult executionId="d7eb4299-a255-4198-92e9-a81b602fc52a" testId="6fb64c30-f462-9da3-d1f6-08832453c990" testName="WileyWidget.Tests.MainWindowUnitTests.ApplyWpfTheme_MethodExists" computerName="MCKITRICK" duration="00:00:00.0001979" startTime="2025-08-29T20:51:29.6987691-06:00" endTime="2025-08-29T20:51:29.6987692-06:00" testType="13cdc9d9-ddb5-4fa4-a97d-d965ccfc6d4b" outcome="Passed" testListId="8c84fa94-04c1-424b-9868-57a2d4851a1d" relativeResultsDirectory="d7eb4299-a255-4198-92e9-a81b602fc52a" />
    <UnitTestResult executionId="7441ec24-15e3-465d-8118-ed50529078ce" testId="a2810c54-2114-8e84-bfe9-f4d0a5267d1f" testName="WileyWidget.Tests.EnterpriseModelTests.Enterprise_CitizenCount_Validation(citizenCount: -1, shouldBeValid: False)" computerName="MCKITRICK" duration="00:00:00.0009765" startTime="2025-08-29T20:51:29.6880260-06:00" endTime="2025-08-29T20:51:29.6880261-06:00" testType="13cdc9d9-ddb5-4fa4-a97d-d965ccfc6d4b" outcome="Passed" testListId="8c84fa94-04c1-424b-9868-57a2d4851a1d" relativeResultsDirectory="7441ec24-15e3-465d-8118-ed50529078ce" />
    <UnitTestResult executionId="b8027fde-6e08-495d-80dd-98b5cf53f109" testId="b7030ce1-05f2-f041-773e-ef3e29b9eb03" testName="WileyWidget.Tests.AppUnitTests.ConfigureLogging_MethodExists" computerName="MCKITRICK" duration="00:00:00.0001371" startTime="2025-08-29T20:51:29.6923273-06:00" endTime="2025-08-29T20:51:29.6923274-06:00" testType="13cdc9d9-ddb5-4fa4-a97d-d965ccfc6d4b" outcome="Passed" testListId="8c84fa94-04c1-424b-9868-57a2d4851a1d" relativeResultsDirectory="b8027fde-6e08-495d-80dd-98b5cf53f109" />
    <UnitTestResult executionId="2d1fcf79-2f0d-46c6-96ca-3ee9bdee6878" testId="4a107ce6-33da-a97e-bc39-9415fc198e08" testName="WileyWidget.Tests.EnterpriseTests.Enterprise_Validation_HandlesMultipleErrors" computerName="MCKITRICK" duration="00:00:00.0001788" startTime="2025-08-29T20:51:29.6659464-06:00" endTime="2025-08-29T20:51:29.6659464-06:00" testType="13cdc9d9-ddb5-4fa4-a97d-d965ccfc6d4b" outcome="Passed" testListId="8c84fa94-04c1-424b-9868-57a2d4851a1d" relativeResultsDirectory="2d1fcf79-2f0d-46c6-96ca-3ee9bdee6878" />
    <UnitTestResult executionId="b28609c4-0c96-48f9-82fb-204505117275" testId="d621bb97-a6a4-4797-ce4f-9813ccfba719" testName="WileyWidget.Tests.MainViewModelTests.Enterprises_Collection_IsObservable" computerName="MCKITRICK" duration="00:00:00.0010134" startTime="2025-08-29T20:51:29.7236889-06:00" endTime="2025-08-29T20:51:29.7236891-06:00" testType="13cdc9d9-ddb5-4fa4-a97d-d965ccfc6d4b" outcome="Passed" testListId="8c84fa94-04c1-424b-9868-57a2d4851a1d" relativeResultsDirectory="b28609c4-0c96-48f9-82fb-204505117275" />
    <UnitTestResult executionId="91b10747-d89e-4f59-909b-74ce2d751541" testId="73c56291-a896-78c5-1d0e-13918f0ef198" testName="WileyWidget.Tests.EnterpriseModelTests.Enterprise_CitizenCount_Validation(citizenCount: 0, shouldBeValid: False)" computerName="MCKITRICK" duration="00:00:00.0005507" startTime="2025-08-29T20:51:29.6859321-06:00" endTime="2025-08-29T20:51:29.6859324-06:00" testType="13cdc9d9-ddb5-4fa4-a97d-d965ccfc6d4b" outcome="Passed" testListId="8c84fa94-04c1-424b-9868-57a2d4851a1d" relativeResultsDirectory="91b10747-d89e-4f59-909b-74ce2d751541" />
    <UnitTestResult executionId="7de91c6e-8e37-47d2-9932-b0b623a9278f" testId="90cb2182-2da9-b142-9e98-2812635b6bad" testName="WileyWidget.Tests.EnterpriseTests.Enterprise_CalculatedProperties_WorkCorrectly(currentRate: 2, citizenCount: 500, expenses: 1000, expectedBalance: 0)" computerName="MCKITRICK" duration="00:00:00.0083861" startTime="2025-08-29T20:51:29.6339163-06:00" endTime="2025-08-29T20:51:29.6339275-06:00" testType="13cdc9d9-ddb5-4fa4-a97d-d965ccfc6d4b" outcome="Passed" testListId="8c84fa94-04c1-424b-9868-57a2d4851a1d" relativeResultsDirectory="7de91c6e-8e37-47d2-9932-b0b623a9278f" />
    <UnitTestResult executionId="94751944-40ad-4165-afe0-426f6e2644ab" testId="25b8fb25-b35c-750d-fc82-a043fadd7008" testName="WileyWidget.Tests.WidgetTests.Widget_DisplayName_ReturnsCorrectFormat(name: &quot;Widget Name&quot;, sku: &quot;   &quot;, expected: &quot;Widget Name&quot;)" computerName="MCKITRICK" duration="00:00:00.0000064" startTime="2025-08-29T20:51:29.6790981-06:00" endTime="2025-08-29T20:51:29.6790982-06:00" testType="13cdc9d9-ddb5-4fa4-a97d-d965ccfc6d4b" outcome="Passed" testListId="8c84fa94-04c1-424b-9868-57a2d4851a1d" relativeResultsDirectory="94751944-40ad-4165-afe0-426f6e2644ab" />
    <UnitTestResult executionId="5a89eddc-22b5-44c1-879d-dfec8bc6ec89" testId="e5321f6f-e5a1-6e5b-e713-11e01758bd01" testName="WileyWidget.Tests.BudgetInteractionTests.BudgetInteraction_SecondaryEnterpriseId_CanBeSet" computerName="MCKITRICK" duration="00:00:00.0027112" startTime="2025-08-29T20:51:29.6869970-06:00" endTime="2025-08-29T20:51:29.6869972-06:00" testType="13cdc9d9-ddb5-4fa4-a97d-d965ccfc6d4b" outcome="Passed" testListId="8c84fa94-04c1-424b-9868-57a2d4851a1d" relativeResultsDirectory="5a89eddc-22b5-44c1-879d-dfec8bc6ec89" />
    <UnitTestResult executionId="7018422b-253d-4bb8-a423-866a83ea178d" testId="4e31e5ac-795c-6664-b1e1-6987564c4e12" testName="WileyWidget.Tests.DatabaseIntegrationTests.GetByIdAsync_ReturnsCorrectEnterprise" computerName="MCKITRICK" duration="00:00:00.0016828" startTime="2025-08-29T20:51:30.2287360-06:00" endTime="2025-08-29T20:51:30.2287361-06:00" testType="13cdc9d9-ddb5-4fa4-a97d-d965ccfc6d4b" outcome="Passed" testListId="8c84fa94-04c1-424b-9868-57a2d4851a1d" relativeResultsDirectory="7018422b-253d-4bb8-a423-866a83ea178d" />
    <UnitTestResult executionId="87e857d7-fbba-4bf5-ac89-f02c5142d772" testId="c99ffb98-6608-7343-fd97-cece2671f5c7" testName="WileyWidget.Tests.WidgetTests.Widget_FormattedPrice_ReturnsCorrectFormat(price: 0.01, expected: &quot;$0.01&quot;)" computerName="MCKITRICK" duration="00:00:00.0000129" startTime="2025-08-29T20:51:29.6600259-06:00" endTime="2025-08-29T20:51:29.6600259-06:00" testType="13cdc9d9-ddb5-4fa4-a97d-d965ccfc6d4b" outcome="Passed" testListId="8c84fa94-04c1-424b-9868-57a2d4851a1d" relativeResultsDirectory="87e857d7-fbba-4bf5-ac89-f02c5142d772" />
    <UnitTestResult executionId="3e4929b3-2dc7-4de9-834c-ef91cc08d31c" testId="93b4d7b9-17c9-4651-e29a-009cb361e97b" testName="WileyWidget.Tests.EnterpriseModelTests.Enterprise_BreakEvenRate_CalculatesCorrectly" computerName="MCKITRICK" duration="00:00:00.0002137" startTime="2025-08-29T20:51:29.6902477-06:00" endTime="2025-08-29T20:51:29.6902478-06:00" testType="13cdc9d9-ddb5-4fa4-a97d-d965ccfc6d4b" outcome="Passed" testListId="8c84fa94-04c1-424b-9868-57a2d4851a1d" relativeResultsDirectory="3e4929b3-2dc7-4de9-834c-ef91cc08d31c" />
    <UnitTestResult executionId="44b97516-8263-458e-aeb5-2453a0be0de1" testId="c79d0d0b-2c17-cda5-48a6-5d1589c048fd" testName="WileyWidget.Tests.BudgetInteractionTests.BudgetInteraction_InteractionType_Validation(type: &quot;SharedCost&quot;, shouldBeValid: True)" computerName="MCKITRICK" duration="00:00:00.0020900" startTime="2025-08-29T20:51:29.6609036-06:00" endTime="2025-08-29T20:51:29.6609037-06:00" testType="13cdc9d9-ddb5-4fa4-a97d-d965ccfc6d4b" outcome="Passed" testListId="8c84fa94-04c1-424b-9868-57a2d4851a1d" relativeResultsDirectory="44b97516-8263-458e-aeb5-2453a0be0de1" />
    <UnitTestResult executionId="dea6cfd1-9a07-43cc-96a2-a978334259b7" testId="c3e9fc9c-637b-6721-3c64-e57c86c03371" testName="WileyWidget.Tests.AppUnitTests.ConfigureGlobalExceptionHandling_MethodExists" computerName="MCKITRICK" duration="00:00:00.0003473" startTime="2025-08-29T20:51:29.6960309-06:00" endTime="2025-08-29T20:51:29.6960310-06:00" testType="13cdc9d9-ddb5-4fa4-a97d-d965ccfc6d4b" outcome="Passed" testListId="8c84fa94-04c1-424b-9868-57a2d4851a1d" relativeResultsDirectory="dea6cfd1-9a07-43cc-96a2-a978334259b7" />
    <UnitTestResult executionId="3220467c-649c-4ff2-8d87-879ffa16c354" testId="f1c4230d-c873-a695-bf0b-dd9c7f8ad220" testName="WileyWidget.Tests.EnterpriseDatabaseTests.InsertEnterprise_DataIsInsertedCorrectly_UsingDirectConnection" computerName="MCKITRICK" duration="00:00:00.0116130" startTime="2025-08-29T20:51:29.9058860-06:00" endTime="2025-08-29T20:51:29.9058861-06:00" testType="13cdc9d9-ddb5-4fa4-a97d-d965ccfc6d4b" outcome="Passed" testListId="8c84fa94-04c1-424b-9868-57a2d4851a1d" relativeResultsDirectory="3220467c-649c-4ff2-8d87-879ffa16c354" />
    <UnitTestResult executionId="4a6995ff-a03c-4a52-b983-796a48ffb60e" testId="250861d5-9d13-68af-2b01-b8c47d52fcf2" testName="WileyWidget.Tests.EnterpriseTests.Enterprise_CalculatedProperties_WorkCorrectly(currentRate: 1, citizenCount: 1000, expenses: 0, expectedBalance: 1000)" computerName="MCKITRICK" duration="00:00:00.0000103" startTime="2025-08-29T20:51:29.6562031-06:00" endTime="2025-08-29T20:51:29.6562032-06:00" testType="13cdc9d9-ddb5-4fa4-a97d-d965ccfc6d4b" outcome="Passed" testListId="8c84fa94-04c1-424b-9868-57a2d4851a1d" relativeResultsDirectory="4a6995ff-a03c-4a52-b983-796a48ffb60e" />
    <UnitTestResult executionId="eaeb04e3-883b-4439-a9f4-b1c9e5705f09" testId="7bcc6455-9ef8-ed52-9eb1-702e76df051d" testName="WileyWidget.Tests.WidgetTests.Widget_Price_Validation(price: -1, shouldBeValid: False)" computerName="MCKITRICK" duration="00:00:00.0000788" startTime="2025-08-29T20:51:29.6680368-06:00" endTime="2025-08-29T20:51:29.6680369-06:00" testType="13cdc9d9-ddb5-4fa4-a97d-d965ccfc6d4b" outcome="Passed" testListId="8c84fa94-04c1-424b-9868-57a2d4851a1d" relativeResultsDirectory="eaeb04e3-883b-4439-a9f4-b1c9e5705f09" />
    <UnitTestResult executionId="3257d76f-e8a7-489f-ad0a-a14aad4a372e" testId="b211dea4-7dcd-20f5-d31b-47d61cf807dd" testName="WileyWidget.Tests.WidgetTests.Widget_Category_AcceptsVariousValues(category: &quot;Home &amp; Garden&quot;)" computerName="MCKITRICK" duration="00:00:00.0000068" startTime="2025-08-29T20:51:29.6591280-06:00" endTime="2025-08-29T20:51:29.6591282-06:00" testType="13cdc9d9-ddb5-4fa4-a97d-d965ccfc6d4b" outcome="Passed" testListId="8c84fa94-04c1-424b-9868-57a2d4851a1d" relativeResultsDirectory="3257d76f-e8a7-489f-ad0a-a14aad4a372e" />
    <UnitTestResult executionId="ab7139b8-fd47-4df9-849e-822c9be2ac32" testId="2969f2e0-70ae-84d9-8527-e1ee638f4f9b" testName="WileyWidget.Tests.SettingsServiceTests.SettingsService_Load_CreatesBackupOfCorruptFile" computerName="MCKITRICK" duration="00:00:00.0044816" startTime="2025-08-29T20:51:29.7168049-06:00" endTime="2025-08-29T20:51:29.7168052-06:00" testType="13cdc9d9-ddb5-4fa4-a97d-d965ccfc6d4b" outcome="Passed" testListId="8c84fa94-04c1-424b-9868-57a2d4851a1d" relativeResultsDirectory="ab7139b8-fd47-4df9-849e-822c9be2ac32" />
    <UnitTestResult executionId="d95ec94c-6101-49fa-9141-a650810902b5" testId="d952c50c-d956-1f7c-9b09-2b7891193ead" testName="WileyWidget.Tests.BudgetInteractionTests.BudgetInteraction_Description_Validation(description: &quot;&quot;, shouldBeValid: False)" computerName="MCKITRICK" duration="00:00:00.0004990" startTime="2025-08-29T20:51:29.6822042-06:00" endTime="2025-08-29T20:51:29.6822043-06:00" testType="13cdc9d9-ddb5-4fa4-a97d-d965ccfc6d4b" outcome="Passed" testListId="8c84fa94-04c1-424b-9868-57a2d4851a1d" relativeResultsDirectory="d95ec94c-6101-49fa-9141-a650810902b5" />
    <UnitTestResult executionId="39a7ff9c-ac5e-4a02-8ad1-0192e654358c" testId="ee7898df-a28c-6e8b-8e6c-3ec70bd001f9" testName="WileyWidget.Tests.EnterpriseModelTests.Enterprise_BudgetStatus_ReturnsCorrectStatus(revenue: 2500, expenses: 2500, expectedStatus: &quot;Break-even&quot;)" computerName="MCKITRICK" duration="00:00:00.0004880" startTime="2025-08-29T20:51:29.6816534-06:00" endTime="2025-08-29T20:51:29.6816535-06:00" testType="13cdc9d9-ddb5-4fa4-a97d-d965ccfc6d4b" outcome="Passed" testListId="8c84fa94-04c1-424b-9868-57a2d4851a1d" relativeResultsDirectory="39a7ff9c-ac5e-4a02-8ad1-0192e654358c" />
    <UnitTestResult executionId="34848c8a-5955-4993-9727-9bc30f9365b7" testId="d106bb70-67c4-1dcc-e1c1-b1453099822c" testName="WileyWidget.Tests.BudgetInteractionTests.BudgetInteraction_Description_Validation(description: &quot;Valid description&quot;, shouldBeValid: True)" computerName="MCKITRICK" duration="00:00:00.0003272" startTime="2025-08-29T20:51:29.6823694-06:00" endTime="2025-08-29T20:51:29.6823695-06:00" testType="13cdc9d9-ddb5-4fa4-a97d-d965ccfc6d4b" outcome="Passed" testListId="8c84fa94-04c1-424b-9868-57a2d4851a1d" relativeResultsDirectory="34848c8a-5955-4993-9727-9bc30f9365b7" />
    <UnitTestResult executionId="9a454ebd-5668-467b-aa04-b98eacabbe60" testId="1d6cc74e-b1aa-d571-8164-59cf85bf66e7" testName="WileyWidget.Tests.EnterpriseTests.Enterprise_CurrentRate_Validation(rate: 10000, shouldBeValid: False)" computerName="MCKITRICK" duration="00:00:00.0002131" startTime="2025-08-29T20:51:29.6624755-06:00" endTime="2025-08-29T20:51:29.6624756-06:00" testType="13cdc9d9-ddb5-4fa4-a97d-d965ccfc6d4b" outcome="Passed" testListId="8c84fa94-04c1-424b-9868-57a2d4851a1d" relativeResultsDirectory="9a454ebd-5668-467b-aa04-b98eacabbe60" />
    <UnitTestResult executionId="ed17ff01-0381-4160-84ad-65553ab707d5" testId="2f6535a3-ca21-5a5e-d2ea-27f9db0d9635" testName="WileyWidget.Tests.BudgetInteractionTests.BudgetInteraction_SecondaryEnterpriseId_CanBeNull" computerName="MCKITRICK" duration="00:00:00.0091924" startTime="2025-08-29T20:51:29.6436148-06:00" endTime="2025-08-29T20:51:29.6436149-06:00" testType="13cdc9d9-ddb5-4fa4-a97d-d965ccfc6d4b" outcome="Passed" testListId="8c84fa94-04c1-424b-9868-57a2d4851a1d" relativeResultsDirectory="ed17ff01-0381-4160-84ad-65553ab707d5" />
    <UnitTestResult executionId="f6137cd3-422c-43d2-baab-f308679b439e" testId="7d26dc11-9068-1965-0e72-e725c90e0da3" testName="WileyWidget.Tests.DatabaseConfigurationTests.AddDatabaseServices_WithValidConfiguration_RegistersServices" computerName="MCKITRICK" duration="00:00:00.0002032" startTime="2025-08-29T20:51:30.4927842-06:00" endTime="2025-08-29T20:51:30.4927843-06:00" testType="13cdc9d9-ddb5-4fa4-a97d-d965ccfc6d4b" outcome="Passed" testListId="8c84fa94-04c1-424b-9868-57a2d4851a1d" relativeResultsDirectory="f6137cd3-422c-43d2-baab-f308679b439e" />
    <UnitTestResult executionId="a4327a86-d33f-47d7-b124-512cd2cf8659" testId="e4fcf31a-94fb-bdf3-84e1-475471212d0f" testName="WileyWidget.Tests.BudgetInteractionTests.BudgetInteraction_InteractionType_Validation(type: null, shouldBeValid: False)" computerName="MCKITRICK" duration="00:00:00.0000727" startTime="2025-08-29T20:51:29.6642952-06:00" endTime="2025-08-29T20:51:29.6642952-06:00" testType="13cdc9d9-ddb5-4fa4-a97d-d965ccfc6d4b" outcome="Passed" testListId="8c84fa94-04c1-424b-9868-57a2d4851a1d" relativeResultsDirectory="a4327a86-d33f-47d7-b124-512cd2cf8659" />
    <UnitTestResult executionId="6a7e916e-68dc-4a35-a5c4-646d24f7e9ac" testId="4d20292b-dbaf-eee0-cf45-638c0a52c116" testName="WileyWidget.Tests.BudgetInteractionTests.BudgetInteraction_Description_Validation(description: null, shouldBeValid: False)" computerName="MCKITRICK" duration="00:00:00.0000713" startTime="2025-08-29T20:51:29.6829189-06:00" endTime="2025-08-29T20:51:29.6829190-06:00" testType="13cdc9d9-ddb5-4fa4-a97d-d965ccfc6d4b" outcome="Passed" testListId="8c84fa94-04c1-424b-9868-57a2d4851a1d" relativeResultsDirectory="6a7e916e-68dc-4a35-a5c4-646d24f7e9ac" />
    <UnitTestResult executionId="253c8490-eeaf-4f82-be5a-5a4488303499" testId="56a1702d-a123-50c1-1373-ed4b2dc0b51f" testName="WileyWidget.Tests.DatabaseConfigurationTests.AddDatabaseServices_ConnectionStringVariations(connectionString: &quot;Data Source=:memory:&quot;)" computerName="MCKITRICK" duration="00:00:00.0540776" startTime="2025-08-29T20:51:29.7071494-06:00" endTime="2025-08-29T20:51:29.7071495-06:00" testType="13cdc9d9-ddb5-4fa4-a97d-d965ccfc6d4b" outcome="Passed" testListId="8c84fa94-04c1-424b-9868-57a2d4851a1d" relativeResultsDirectory="253c8490-eeaf-4f82-be5a-5a4488303499" />
    <UnitTestResult executionId="08c172bf-a3e5-4480-bc8e-a1ca6ed15e8a" testId="f4174a06-6862-c4a5-f342-e402b6115247" testName="WileyWidget.Tests.DatabaseConfigurationTests.EnsureDatabaseCreatedAsync_SeedsDataCorrectly" computerName="MCKITRICK" duration="00:00:00.1071134" startTime="2025-08-29T20:51:30.6189177-06:00" endTime="2025-08-29T20:51:30.6189178-06:00" testType="13cdc9d9-ddb5-4fa4-a97d-d965ccfc6d4b" outcome="Passed" testListId="8c84fa94-04c1-424b-9868-57a2d4851a1d" relativeResultsDirectory="08c172bf-a3e5-4480-bc8e-a1ca6ed15e8a" />
    <UnitTestResult executionId="28771e07-0608-4ef1-9b9f-9b5834cb8167" testId="df5aec0e-ef6f-cdc6-14fa-f5e50593b465" testName="WileyWidget.Tests.BudgetInteractionTests.BudgetInteraction_Description_Validation(description: &quot;A&quot;, shouldBeValid: True)" computerName="MCKITRICK" duration="00:00:00.0000542" startTime="2025-08-29T20:51:29.6831371-06:00" endTime="2025-08-29T20:51:29.6831371-06:00" testType="13cdc9d9-ddb5-4fa4-a97d-d965ccfc6d4b" outcome="Passed" testListId="8c84fa94-04c1-424b-9868-57a2d4851a1d" relativeResultsDirectory="28771e07-0608-4ef1-9b9f-9b5834cb8167" />
    <UnitTestResult executionId="5a4674ef-b3d0-4eb9-af2e-8a3297d03340" testId="a4f037bc-7338-9135-cfbf-a9e8758843b8" testName="WileyWidget.Tests.BudgetInteractionTests.BudgetInteraction_InteractionType_Validation(type: &quot;&quot;, shouldBeValid: False)" computerName="MCKITRICK" duration="00:00:00.0014225" startTime="2025-08-29T20:51:29.6631742-06:00" endTime="2025-08-29T20:51:29.6631742-06:00" testType="13cdc9d9-ddb5-4fa4-a97d-d965ccfc6d4b" outcome="Passed" testListId="8c84fa94-04c1-424b-9868-57a2d4851a1d" relativeResultsDirectory="5a4674ef-b3d0-4eb9-af2e-8a3297d03340" />
    <UnitTestResult executionId="8ec993d4-8d12-47cd-9040-1f2af7656b1f" testId="974b0525-eec9-9c0d-84c0-1e28bcdfdce9" testName="WileyWidget.Tests.WidgetTests.Widget_Category_AcceptsVariousValues(category: &quot;Books&quot;)" computerName="MCKITRICK" duration="00:00:00.0001663" startTime="2025-08-29T20:51:29.6574287-06:00" endTime="2025-08-29T20:51:29.6574288-06:00" testType="13cdc9d9-ddb5-4fa4-a97d-d965ccfc6d4b" outcome="Passed" testListId="8c84fa94-04c1-424b-9868-57a2d4851a1d" relativeResultsDirectory="8ec993d4-8d12-47cd-9040-1f2af7656b1f" />
    <UnitTestResult executionId="82363367-2211-40d7-954f-8002e7712ffa" testId="a4b79d30-1b57-4783-2bc5-b481543036fd" testName="WileyWidget.Tests.BudgetInteractionTests.BudgetInteraction_InteractionType_Validation(type: &quot;Dependency&quot;, shouldBeValid: True)" computerName="MCKITRICK" duration="00:00:00.0000779" startTime="2025-08-29T20:51:29.6641266-06:00" endTime="2025-08-29T20:51:29.6641267-06:00" testType="13cdc9d9-ddb5-4fa4-a97d-d965ccfc6d4b" outcome="Passed" testListId="8c84fa94-04c1-424b-9868-57a2d4851a1d" relativeResultsDirectory="82363367-2211-40d7-954f-8002e7712ffa" />
    <UnitTestResult executionId="fdee1005-534f-46f8-954b-7fc1c9820620" testId="917950f3-8248-2f78-cc8c-99370e6626ab" testName="WileyWidget.Tests.DatabaseIntegrationTests.Repository_CalculatesRevenueCorrectly" computerName="MCKITRICK" duration="00:00:00.0009959" startTime="2025-08-29T20:51:30.2458759-06:00" endTime="2025-08-29T20:51:30.2458760-06:00" testType="13cdc9d9-ddb5-4fa4-a97d-d965ccfc6d4b" outcome="Passed" testListId="8c84fa94-04c1-424b-9868-57a2d4851a1d" relativeResultsDirectory="fdee1005-534f-46f8-954b-7fc1c9820620" />
    <UnitTestResult executionId="a43432f6-4209-4cf9-a16e-e47eaeb20fa4" testId="f0564e38-0932-37f9-f2ec-c59c84e4f319" testName="WileyWidget.Tests.EnterpriseDatabaseTests.ComplexAssertions_MultipleValidations_UsingDirectConnection" computerName="MCKITRICK" duration="00:00:00.0696113" startTime="2025-08-29T20:51:29.9935417-06:00" endTime="2025-08-29T20:51:29.9935418-06:00" testType="13cdc9d9-ddb5-4fa4-a97d-d965ccfc6d4b" outcome="Passed" testListId="8c84fa94-04c1-424b-9868-57a2d4851a1d" relativeResultsDirectory="a43432f6-4209-4cf9-a16e-e47eaeb20fa4" />
    <UnitTestResult executionId="7cdef6e9-b2f2-48bd-a313-21d2b4d3d0f4" testId="e624f24d-1a26-231f-cac9-67120c12c28b" testName="WileyWidget.Tests.BudgetInteractionTests.BudgetInteraction_IsCost_DefaultsToTrue" computerName="MCKITRICK" duration="00:00:00.0001090" startTime="2025-08-29T20:51:29.6875581-06:00" endTime="2025-08-29T20:51:29.6875582-06:00" testType="13cdc9d9-ddb5-4fa4-a97d-d965ccfc6d4b" outcome="Passed" testListId="8c84fa94-04c1-424b-9868-57a2d4851a1d" relativeResultsDirectory="7cdef6e9-b2f2-48bd-a313-21d2b4d3d0f4" />
    <UnitTestResult executionId="9f7e224a-4cf1-4f70-8936-1ac8108ff77f" testId="b43e3dd0-44c9-3349-d80b-08150cc5294d" testName="WileyWidget.Tests.MainViewModelTests.SelectNextCommand_HandlesEmptyList" computerName="MCKITRICK" duration="00:00:00.0030462" startTime="2025-08-29T20:51:29.7225819-06:00" endTime="2025-08-29T20:51:29.7225821-06:00" testType="13cdc9d9-ddb5-4fa4-a97d-d965ccfc6d4b" outcome="Passed" testListId="8c84fa94-04c1-424b-9868-57a2d4851a1d" relativeResultsDirectory="9f7e224a-4cf1-4f70-8936-1ac8108ff77f" />
    <UnitTestResult executionId="32187ba5-000c-459a-b331-42a1f7e4063e" testId="e472ca0e-4d1f-2cb2-ae79-f619786a7e3f" testName="WileyWidget.Tests.EnterpriseModelTests.Enterprise_MonthlyExpenses_Validation(expenses: -1, shouldBeValid: False)" computerName="MCKITRICK" duration="00:00:00.0167514" startTime="2025-08-29T20:51:29.6632485-06:00" endTime="2025-08-29T20:51:29.6632485-06:00" testType="13cdc9d9-ddb5-4fa4-a97d-d965ccfc6d4b" outcome="Passed" testListId="8c84fa94-04c1-424b-9868-57a2d4851a1d" relativeResultsDirectory="32187ba5-000c-459a-b331-42a1f7e4063e" />
    <UnitTestResult executionId="72a7587f-5418-43ed-be6e-3ab3c3108e3b" testId="8b1e5a88-d61f-8bfb-af7a-001ec194b46c" testName="WileyWidget.Tests.MainViewModelTests.QuickBooksCustomers_Collection_IsObservable" computerName="MCKITRICK" duration="00:00:00.0006847" startTime="2025-08-29T20:51:29.7274633-06:00" endTime="2025-08-29T20:51:29.7274635-06:00" testType="13cdc9d9-ddb5-4fa4-a97d-d965ccfc6d4b" outcome="Passed" testListId="8c84fa94-04c1-424b-9868-57a2d4851a1d" relativeResultsDirectory="72a7587f-5418-43ed-be6e-3ab3c3108e3b" />
    <UnitTestResult executionId="047f5f51-5c28-4e47-bcd0-2e02ebca2803" testId="168ae476-6639-8347-6432-3fafc0d8f784" testName="WileyWidget.Tests.DatabaseIntegrationTests.Repository_EnforcesRateConstraints" computerName="MCKITRICK" duration="00:00:00.0003868" startTime="2025-08-29T20:51:30.2489214-06:00" endTime="2025-08-29T20:51:30.2489215-06:00" testType="13cdc9d9-ddb5-4fa4-a97d-d965ccfc6d4b" outcome="Passed" testListId="8c84fa94-04c1-424b-9868-57a2d4851a1d" relativeResultsDirectory="047f5f51-5c28-4e47-bcd0-2e02ebca2803" />
    <UnitTestResult executionId="aa0586b2-0af1-4d6d-a662-10a5a847faf0" testId="c0f826c4-a2e8-a2fe-55fc-c1924806102d" testName="WileyWidget.Tests.WidgetTests.Widget_Quantity_Validation(quantity: 0, shouldBeValid: True)" computerName="MCKITRICK" duration="00:00:00.0002821" startTime="2025-08-29T20:51:29.6835357-06:00" endTime="2025-08-29T20:51:29.6835358-06:00" testType="13cdc9d9-ddb5-4fa4-a97d-d965ccfc6d4b" outcome="Passed" testListId="8c84fa94-04c1-424b-9868-57a2d4851a1d" relativeResultsDirectory="aa0586b2-0af1-4d6d-a662-10a5a847faf0" />
    <UnitTestResult executionId="eda8f913-3858-49f7-ae46-6cfb591fcadc" testId="40c28db5-98d0-9ac0-459d-782c32a105ab" testName="WileyWidget.Tests.WidgetTests.Widget_Quantity_Validation(quantity: -1, shouldBeValid: False)" computerName="MCKITRICK" duration="00:00:00.0001343" startTime="2025-08-29T20:51:29.6838536-06:00" endTime="2025-08-29T20:51:29.6838536-06:00" testType="13cdc9d9-ddb5-4fa4-a97d-d965ccfc6d4b" outcome="Passed" testListId="8c84fa94-04c1-424b-9868-57a2d4851a1d" relativeResultsDirectory="eda8f913-3858-49f7-ae46-6cfb591fcadc" />
    <UnitTestResult executionId="b4a1e7ba-1cf5-4b92-b1c6-9b034bc3f184" testId="0d4e12bb-b410-10f4-ea79-224ef1ad4ec2" testName="WileyWidget.Tests.BudgetInteractionTests.BudgetInteraction_MonthlyAmount_Validation(amount: -1, shouldBeValid: False)" computerName="MCKITRICK" duration="00:00:00.0001413" startTime="2025-08-29T20:51:29.6808030-06:00" endTime="2025-08-29T20:51:29.6808030-06:00" testType="13cdc9d9-ddb5-4fa4-a97d-d965ccfc6d4b" outcome="Passed" testListId="8c84fa94-04c1-424b-9868-57a2d4851a1d" relativeResultsDirectory="b4a1e7ba-1cf5-4b92-b1c6-9b034bc3f184" />
    <UnitTestResult executionId="7d32c93b-2403-4774-b25d-a5d33a2bbdc2" testId="a535ee6d-f14e-b507-e106-e575e4d351ae" testName="WileyWidget.Tests.WidgetTests.Widget_DisplayName_ReturnsCorrectFormat(name: &quot;Widget Name&quot;, sku: &quot;&quot;, expected: &quot;Widget Name&quot;)" computerName="MCKITRICK" duration="00:00:00.0002297" startTime="2025-08-29T20:51:29.6787351-06:00" endTime="2025-08-29T20:51:29.6787352-06:00" testType="13cdc9d9-ddb5-4fa4-a97d-d965ccfc6d4b" outcome="Passed" testListId="8c84fa94-04c1-424b-9868-57a2d4851a1d" relativeResultsDirectory="7d32c93b-2403-4774-b25d-a5d33a2bbdc2" />
    <UnitTestResult executionId="fd10a953-8d5f-4848-9e48-0f8d8d21bdf9" testId="1340ffff-d167-8c9f-1446-195b0fb1d86f" testName="WileyWidget.Tests.DatabaseIntegrationTests.AddAsync_AddsEnterpriseToDatabase" computerName="MCKITRICK" duration="00:00:00.0094988" startTime="2025-08-29T20:51:30.1984945-06:00" endTime="2025-08-29T20:51:30.1984946-06:00" testType="13cdc9d9-ddb5-4fa4-a97d-d965ccfc6d4b" outcome="Passed" testListId="8c84fa94-04c1-424b-9868-57a2d4851a1d" relativeResultsDirectory="fd10a953-8d5f-4848-9e48-0f8d8d21bdf9" />
    <UnitTestResult executionId="936d78c8-dda3-4d64-8039-17115830602a" testId="2eed4695-e3e7-5a59-502b-92e7e53fb8f1" testName="WileyWidget.Tests.AppUnitTests.RegisterSyncfusionLicense_WithPlaceholderConfigKey_FallsBackToEnvironment" computerName="MCKITRICK" duration="00:00:00.0004468" startTime="2025-08-29T20:51:29.6948986-06:00" endTime="2025-08-29T20:51:29.6948987-06:00" testType="13cdc9d9-ddb5-4fa4-a97d-d965ccfc6d4b" outcome="Passed" testListId="8c84fa94-04c1-424b-9868-57a2d4851a1d" relativeResultsDirectory="936d78c8-dda3-4d64-8039-17115830602a" />
    <UnitTestResult executionId="3bca2116-5731-42a6-a5c2-53d4e6cd4c47" testId="4bf0c2ec-7a7c-f8d8-6f1c-1f46f24b0af1" testName="WileyWidget.Tests.SettingsServiceTests.SettingsService_ResetForTests_Works" computerName="MCKITRICK" duration="00:00:00.0043732" startTime="2025-08-29T20:51:29.7031866-06:00" endTime="2025-08-29T20:51:29.7031869-06:00" testType="13cdc9d9-ddb5-4fa4-a97d-d965ccfc6d4b" outcome="Passed" testListId="8c84fa94-04c1-424b-9868-57a2d4851a1d" relativeResultsDirectory="3bca2116-5731-42a6-a5c2-53d4e6cd4c47" />
    <UnitTestResult executionId="478a0a45-5eb3-497d-9df4-340891f43fe5" testId="4a11ecda-ef05-73a1-b1d1-c3284d3e4afa" testName="WileyWidget.Tests.WidgetTests.Widget_Creation_WithValidData_Succeeds" computerName="MCKITRICK" duration="00:00:00.0002561" startTime="2025-08-29T20:51:29.6840099-06:00" endTime="2025-08-29T20:51:29.6840100-06:00" testType="13cdc9d9-ddb5-4fa4-a97d-d965ccfc6d4b" outcome="Passed" testListId="8c84fa94-04c1-424b-9868-57a2d4851a1d" relativeResultsDirectory="478a0a45-5eb3-497d-9df4-340891f43fe5" />
    <UnitTestResult executionId="f18cd814-5dc1-4e6e-adfb-7f05ae67bbd0" testId="a590d7ab-a37d-241b-b41d-e926aae9e190" testName="WileyWidget.Tests.DatabaseIntegrationTests.Repository_EnforcesCitizenCountConstraints" computerName="MCKITRICK" duration="00:00:00.0003031" startTime="2025-08-29T20:51:30.2493633-06:00" endTime="2025-08-29T20:51:30.2493634-06:00" testType="13cdc9d9-ddb5-4fa4-a97d-d965ccfc6d4b" outcome="Passed" testListId="8c84fa94-04c1-424b-9868-57a2d4851a1d" relativeResultsDirectory="f18cd814-5dc1-4e6e-adfb-7f05ae67bbd0" />
    <UnitTestResult executionId="3267ce51-73e6-427e-aa4c-37815998b6da" testId="d60d3051-e4c9-0f9c-9d61-8cc77d0b060c" testName="WileyWidget.Tests.AppUnitTests.LoadConfiguration_MethodExists" computerName="MCKITRICK" duration="00:00:00.0000979" startTime="2025-08-29T20:51:29.6934628-06:00" endTime="2025-08-29T20:51:29.6934630-06:00" testType="13cdc9d9-ddb5-4fa4-a97d-d965ccfc6d4b" outcome="Passed" testListId="8c84fa94-04c1-424b-9868-57a2d4851a1d" relativeResultsDirectory="3267ce51-73e6-427e-aa4c-37815998b6da" />
    <UnitTestResult executionId="a898c51b-4342-42aa-a053-fca66626bbaf" testId="0c08c2f7-584f-44de-79b5-e35ec9541cbd" testName="WileyWidget.Tests.WidgetTests.Widget_Category_AcceptsVariousValues(category: &quot;Clothing&quot;)" computerName="MCKITRICK" duration="00:00:00.0001191" startTime="2025-08-29T20:51:29.6576264-06:00" endTime="2025-08-29T20:51:29.6576265-06:00" testType="13cdc9d9-ddb5-4fa4-a97d-d965ccfc6d4b" outcome="Passed" testListId="8c84fa94-04c1-424b-9868-57a2d4851a1d" relativeResultsDirectory="a898c51b-4342-42aa-a053-fca66626bbaf" />
    <UnitTestResult executionId="b147c13b-6f90-4a71-af41-e7815ae9dbc9" testId="cda48384-02ec-e8bf-7f92-391e842be3cc" testName="WileyWidget.Tests.EnterpriseDatabaseTests.QueryEnterpriseByName_ReturnsCorrectData_UsingDirectConnection" computerName="MCKITRICK" duration="00:00:00.0073665" startTime="2025-08-29T20:51:29.9230614-06:00" endTime="2025-08-29T20:51:29.9230615-06:00" testType="13cdc9d9-ddb5-4fa4-a97d-d965ccfc6d4b" outcome="Passed" testListId="8c84fa94-04c1-424b-9868-57a2d4851a1d" relativeResultsDirectory="b147c13b-6f90-4a71-af41-e7815ae9dbc9" />
    <UnitTestResult executionId="5ffbce83-bcd8-4fc5-be02-51b792b7dcf9" testId="cbeada98-fd74-8e95-0798-e8d59013190d" testName="WileyWidget.Tests.WidgetTests.Widget_Category_AcceptsVariousValues(category: &quot;Electronics&quot;)" computerName="MCKITRICK" duration="00:00:00.0000120" startTime="2025-08-29T20:51:29.6577826-06:00" endTime="2025-08-29T20:51:29.6577826-06:00" testType="13cdc9d9-ddb5-4fa4-a97d-d965ccfc6d4b" outcome="Passed" testListId="8c84fa94-04c1-424b-9868-57a2d4851a1d" relativeResultsDirectory="5ffbce83-bcd8-4fc5-be02-51b792b7dcf9" />
    <UnitTestResult executionId="862d7db7-06b4-41af-a684-b38b400d4e04" testId="d6a8afd6-4dff-6792-90e1-49cce70d3116" testName="WileyWidget.Tests.WidgetTests.Widget_Quantity_Validation(quantity: 100, shouldBeValid: True)" computerName="MCKITRICK" duration="00:00:00.0003078" startTime="2025-08-29T20:51:29.6836976-06:00" endTime="2025-08-29T20:51:29.6836977-06:00" testType="13cdc9d9-ddb5-4fa4-a97d-d965ccfc6d4b" outcome="Passed" testListId="8c84fa94-04c1-424b-9868-57a2d4851a1d" relativeResultsDirectory="862d7db7-06b4-41af-a684-b38b400d4e04" />
    <UnitTestResult executionId="663530ad-fd5a-42e6-b756-a9cfdcfaa0ac" testId="6cdef057-5472-5dc2-1e24-0c140874339b" testName="WileyWidget.Tests.BudgetInteractionTests.BudgetInteraction_Notes_Validation(notes: &quot;Normal length notes&quot;, shouldBeValid: True)" computerName="MCKITRICK" duration="00:00:00.0000632" startTime="2025-08-29T20:51:29.6684758-06:00" endTime="2025-08-29T20:51:29.6684759-06:00" testType="13cdc9d9-ddb5-4fa4-a97d-d965ccfc6d4b" outcome="Passed" testListId="8c84fa94-04c1-424b-9868-57a2d4851a1d" relativeResultsDirectory="663530ad-fd5a-42e6-b756-a9cfdcfaa0ac" />
    <UnitTestResult executionId="5fbfc9bb-5a22-43f6-8a02-0bfd7fbd7447" testId="5f349e6c-e09e-70aa-e134-6073e4276708" testName="WileyWidget.Tests.WidgetTests.Widget_Name_Validation(name: &quot;&quot;, shouldBeValid: False)" computerName="MCKITRICK" duration="00:00:00.0001395" startTime="2025-08-29T20:51:29.6815688-06:00" endTime="2025-08-29T20:51:29.6815689-06:00" testType="13cdc9d9-ddb5-4fa4-a97d-d965ccfc6d4b" outcome="Passed" testListId="8c84fa94-04c1-424b-9868-57a2d4851a1d" relativeResultsDirectory="5fbfc9bb-5a22-43f6-8a02-0bfd7fbd7447" />
    <UnitTestResult executionId="eb2fdb00-c94a-4541-a03c-4aa14816f794" testId="9d53fc33-d776-6625-1b0a-4b6f01111549" testName="WileyWidget.Tests.BudgetInteractionTests.BudgetInteraction_MonthlyAmount_Validation(amount: 0, shouldBeValid: True)" computerName="MCKITRICK" duration="00:00:00.0002589" startTime="2025-08-29T20:51:29.6804347-06:00" endTime="2025-08-29T20:51:29.6804348-06:00" testType="13cdc9d9-ddb5-4fa4-a97d-d965ccfc6d4b" outcome="Passed" testListId="8c84fa94-04c1-424b-9868-57a2d4851a1d" relativeResultsDirectory="eb2fdb00-c94a-4541-a03c-4aa14816f794" />
    <UnitTestResult executionId="0ede86b2-6cf4-46f3-a572-b51241899936" testId="e1f8a3e1-d467-b8d5-d368-b35a2dff4c81" testName="WileyWidget.Tests.EnterpriseDatabaseTests.SimpleDatabaseConnectionTest" computerName="MCKITRICK" duration="00:00:00.2668169" startTime="2025-08-29T20:51:29.8649070-06:00" endTime="2025-08-29T20:51:29.8649073-06:00" testType="13cdc9d9-ddb5-4fa4-a97d-d965ccfc6d4b" outcome="Passed" testListId="8c84fa94-04c1-424b-9868-57a2d4851a1d" relativeResultsDirectory="0ede86b2-6cf4-46f3-a572-b51241899936" />
    <UnitTestResult executionId="f878d86c-21b8-49fa-a210-a234995a5d8e" testId="7246089f-63b6-7ef4-dd1c-f0a97a0cbf37" testName="WileyWidget.Tests.MainViewModelTests.SelectedWidget_PropertyChange_Notification" computerName="MCKITRICK" duration="00:00:00.0007278" startTime="2025-08-29T20:51:29.7260651-06:00" endTime="2025-08-29T20:51:29.7260652-06:00" testType="13cdc9d9-ddb5-4fa4-a97d-d965ccfc6d4b" outcome="Passed" testListId="8c84fa94-04c1-424b-9868-57a2d4851a1d" relativeResultsDirectory="f878d86c-21b8-49fa-a210-a234995a5d8e" />
    <UnitTestResult executionId="2bc5ffe5-6dad-4240-9236-cd31868148e4" testId="0121a31e-93ae-d153-ca29-460cffa0b710" testName="WileyWidget.Tests.MainViewModelTests.QuickBooksInvoices_Collection_IsObservable" computerName="MCKITRICK" duration="00:00:00.0005914" startTime="2025-08-29T20:51:29.7292198-06:00" endTime="2025-08-29T20:51:29.7292199-06:00" testType="13cdc9d9-ddb5-4fa4-a97d-d965ccfc6d4b" outcome="Passed" testListId="8c84fa94-04c1-424b-9868-57a2d4851a1d" relativeResultsDirectory="2bc5ffe5-6dad-4240-9236-cd31868148e4" />
    <UnitTestResult executionId="42cc5331-6e1b-479e-9296-b72e710daf12" testId="5e00cc24-af68-8e5e-7215-9a710f60e406" testName="WileyWidget.Tests.AppUnitTests.RegisterSyncfusionLicense_MethodExists" computerName="MCKITRICK" duration="00:00:00.0000837" startTime="2025-08-29T20:51:29.6967039-06:00" endTime="2025-08-29T20:51:29.6967040-06:00" testType="13cdc9d9-ddb5-4fa4-a97d-d965ccfc6d4b" outcome="Passed" testListId="8c84fa94-04c1-424b-9868-57a2d4851a1d" relativeResultsDirectory="42cc5331-6e1b-479e-9296-b72e710daf12" />
    <UnitTestResult executionId="17002945-72e2-4b70-a000-b849e2338827" testId="00f90a30-6cfb-102f-2905-fe6964421a8d" testName="WileyWidget.Tests.EnterpriseModelTests.Enterprise_CurrentRate_Validation(rate: 0.005, shouldBeValid: False)" computerName="MCKITRICK" duration="00:00:00.0000729" startTime="2025-08-29T20:51:29.6697525-06:00" endTime="2025-08-29T20:51:29.6697526-06:00" testType="13cdc9d9-ddb5-4fa4-a97d-d965ccfc6d4b" outcome="Passed" testListId="8c84fa94-04c1-424b-9868-57a2d4851a1d" relativeResultsDirectory="17002945-72e2-4b70-a000-b849e2338827" />
    <UnitTestResult executionId="30a8deae-fce8-46bc-b165-c5f1a12025d3" testId="d76fce68-3bca-b1a7-0e69-ec7736a35394" testName="WileyWidget.Tests.EnterpriseDatabaseTests.StoredProcedure_InsertAndRetrieveEnterprise_UsingDirectConnection" computerName="MCKITRICK" duration="00:00:00.0083816" startTime="2025-08-29T20:51:29.9150868-06:00" endTime="2025-08-29T20:51:29.9150869-06:00" testType="13cdc9d9-ddb5-4fa4-a97d-d965ccfc6d4b" outcome="Passed" testListId="8c84fa94-04c1-424b-9868-57a2d4851a1d" relativeResultsDirectory="30a8deae-fce8-46bc-b165-c5f1a12025d3" />
    <UnitTestResult executionId="c2aab17c-bec5-4e54-94d0-afaf239cd61d" testId="be33b031-b799-d68d-9ac7-4be6a20a63bc" testName="WileyWidget.Tests.BudgetAnalyticsTests.BudgetInsights_IncludesCitizenAverageRevenue" computerName="MCKITRICK" duration="00:00:00.0104196" startTime="2025-08-29T20:51:29.6840946-06:00" endTime="2025-08-29T20:51:29.6840947-06:00" testType="13cdc9d9-ddb5-4fa4-a97d-d965ccfc6d4b" outcome="Passed" testListId="8c84fa94-04c1-424b-9868-57a2d4851a1d" relativeResultsDirectory="c2aab17c-bec5-4e54-94d0-afaf239cd61d" />
    <UnitTestResult executionId="b8cb4daf-9d4e-42b6-9c36-c9cac91c2aa1" testId="20a34a95-a426-14ac-be1a-81af3da9062a" testName="WileyWidget.Tests.EnterpriseModelTests.Enterprise_CitizenCount_Validation(citizenCount: 1000, shouldBeValid: True)" computerName="MCKITRICK" duration="00:00:00.0000358" startTime="2025-08-29T20:51:29.6886285-06:00" endTime="2025-08-29T20:51:29.6886286-06:00" testType="13cdc9d9-ddb5-4fa4-a97d-d965ccfc6d4b" outcome="Passed" testListId="8c84fa94-04c1-424b-9868-57a2d4851a1d" relativeResultsDirectory="b8cb4daf-9d4e-42b6-9c36-c9cac91c2aa1" />
    <UnitTestResult executionId="b94e6ddf-7147-4154-abd7-e5066ca68712" testId="a1485da4-493d-cd3d-9e47-0f99906d1c2c" testName="WileyWidget.Tests.WidgetTests.Widget_FormattedPrice_ReturnsCorrectFormat(price: 99.99, expected: &quot;$99.99&quot;)" computerName="MCKITRICK" duration="00:00:00.0002398" startTime="2025-08-29T20:51:29.6597583-06:00" endTime="2025-08-29T20:51:29.6597583-06:00" testType="13cdc9d9-ddb5-4fa4-a97d-d965ccfc6d4b" outcome="Passed" testListId="8c84fa94-04c1-424b-9868-57a2d4851a1d" relativeResultsDirectory="b94e6ddf-7147-4154-abd7-e5066ca68712" />
    <UnitTestResult executionId="f3378cdf-f0cd-4103-96fb-543a5028c270" testId="a9dc7ce3-2ee9-2217-fa87-9dcfd65a9dfd" testName="WileyWidget.Tests.BudgetAnalyticsTests.BudgetInsights_GeneratesCorrectInsights_ForSurplus" computerName="MCKITRICK" duration="00:00:00.0002826" startTime="2025-08-29T20:51:29.7006481-06:00" endTime="2025-08-29T20:51:29.7006482-06:00" testType="13cdc9d9-ddb5-4fa4-a97d-d965ccfc6d4b" outcome="Passed" testListId="8c84fa94-04c1-424b-9868-57a2d4851a1d" relativeResultsDirectory="f3378cdf-f0cd-4103-96fb-543a5028c270" />
    <UnitTestResult executionId="51337f1e-6085-422a-8a17-06a33ff41fbc" testId="3f32ff24-dbe4-5b18-602e-bcc79c03a51a" testName="WileyWidget.Tests.EnterpriseModelTests.Enterprise_MonthlyRevenue_CalculatesCorrectly" computerName="MCKITRICK" duration="00:00:00.0019456" startTime="2025-08-29T20:51:29.6847208-06:00" endTime="2025-08-29T20:51:29.6847210-06:00" testType="13cdc9d9-ddb5-4fa4-a97d-d965ccfc6d4b" outcome="Passed" testListId="8c84fa94-04c1-424b-9868-57a2d4851a1d" relativeResultsDirectory="51337f1e-6085-422a-8a17-06a33ff41fbc" />
    <UnitTestResult executionId="43723757-858d-4e44-bf74-c445c0f183b4" testId="33627335-316c-cbc4-3f2e-4374d3f98bd0" testName="WileyWidget.Tests.SettingsServiceTests.SettingsService_Load_ReadsFileCorrectly" computerName="MCKITRICK" duration="00:00:00.0886041" startTime="2025-08-29T20:51:29.7010772-06:00" endTime="2025-08-29T20:51:29.7010772-06:00" testType="13cdc9d9-ddb5-4fa4-a97d-d965ccfc6d4b" outcome="Passed" testListId="8c84fa94-04c1-424b-9868-57a2d4851a1d" relativeResultsDirectory="43723757-858d-4e44-bf74-c445c0f183b4" />
    <UnitTestResult executionId="461612b2-4423-4a5d-9891-5d708634dcce" testId="20d48984-149e-52a8-e707-e7c8d17f3d51" testName="WileyWidget.Tests.AppUnitTests.TryScheduleLicenseDialogAutoClose_HandlesDialogScheduling" computerName="MCKITRICK" duration="00:00:00.0001058" startTime="2025-08-29T20:51:29.6963968-06:00" endTime="2025-08-29T20:51:29.6963969-06:00" testType="13cdc9d9-ddb5-4fa4-a97d-d965ccfc6d4b" outcome="Passed" testListId="8c84fa94-04c1-424b-9868-57a2d4851a1d" relativeResultsDirectory="461612b2-4423-4a5d-9891-5d708634dcce" />
    <UnitTestResult executionId="bfa71cc5-aa1a-4d55-ad32-89ba25eca087" testId="902c438e-0da5-711b-13f6-74a2b1da3f5a" testName="WileyWidget.Tests.DatabaseConfigurationTests.EnsureDatabaseCreatedAsync_ErrorHandling_WithInvalidConnection" computerName="MCKITRICK" duration="00:00:00.0192141" startTime="2025-08-29T20:51:30.5117065-06:00" endTime="2025-08-29T20:51:30.5117066-06:00" testType="13cdc9d9-ddb5-4fa4-a97d-d965ccfc6d4b" outcome="Passed" testListId="8c84fa94-04c1-424b-9868-57a2d4851a1d" relativeResultsDirectory="bfa71cc5-aa1a-4d55-ad32-89ba25eca087" />
    <UnitTestResult executionId="acbe9e8c-7c9d-4274-97b3-0c06102c3b2e" testId="06acef7a-66a9-41e5-0b52-833373b805fd" testName="WileyWidget.Tests.SettingsServiceTests.SettingsService_Instance_IsSingleton" computerName="MCKITRICK" duration="00:00:00.0010674" startTime="2025-08-29T20:51:29.7179843-06:00" endTime="2025-08-29T20:51:29.7179845-06:00" testType="13cdc9d9-ddb5-4fa4-a97d-d965ccfc6d4b" outcome="Passed" testListId="8c84fa94-04c1-424b-9868-57a2d4851a1d" relativeResultsDirectory="acbe9e8c-7c9d-4274-97b3-0c06102c3b2e" />
    <UnitTestResult executionId="a74cfd58-f3cc-4653-ae55-453421ddb4b5" testId="7616251f-ba10-2865-c7c0-878cebe0f9bd" testName="WileyWidget.Tests.BudgetInteractionTests.BudgetInteraction_IsCost_CanBeSetToFalse" computerName="MCKITRICK" duration="00:00:00.0003086" startTime="2025-08-29T20:51:29.6567323-06:00" endTime="2025-08-29T20:51:29.6567324-06:00" testType="13cdc9d9-ddb5-4fa4-a97d-d965ccfc6d4b" outcome="Passed" testListId="8c84fa94-04c1-424b-9868-57a2d4851a1d" relativeResultsDirectory="a74cfd58-f3cc-4653-ae55-453421ddb4b5" />
    <UnitTestResult executionId="c15f97ba-a77a-4acb-92ce-49292fa8c7c8" testId="e82f29b2-da2d-1de7-97e4-1ecb0f1224d5" testName="WileyWidget.Tests.EnterpriseTests.Enterprise_Name_Validation(name: null, shouldBeValid: False)" computerName="MCKITRICK" duration="00:00:00.0001803" startTime="2025-08-29T20:51:29.6643798-06:00" endTime="2025-08-29T20:51:29.6643798-06:00" testType="13cdc9d9-ddb5-4fa4-a97d-d965ccfc6d4b" outcome="Passed" testListId="8c84fa94-04c1-424b-9868-57a2d4851a1d" relativeResultsDirectory="c15f97ba-a77a-4acb-92ce-49292fa8c7c8" />
    <UnitTestResult executionId="2dfdd73d-7b11-42a2-b493-e9de1d669a28" testId="a72d91bf-1ba0-06c7-1002-ab2af50818f2" testName="WileyWidget.Tests.EnterpriseModelTests.Enterprise_Creation_WithValidData_Succeeds" computerName="MCKITRICK" duration="00:00:00.0002490" startTime="2025-08-29T20:51:29.6907026-06:00" endTime="2025-08-29T20:51:29.6907027-06:00" testType="13cdc9d9-ddb5-4fa4-a97d-d965ccfc6d4b" outcome="Passed" testListId="8c84fa94-04c1-424b-9868-57a2d4851a1d" relativeResultsDirectory="2dfdd73d-7b11-42a2-b493-e9de1d669a28" />
    <UnitTestResult executionId="659764c4-2397-43b1-ae5b-11158f001d80" testId="bc7d1dad-4626-c238-a1b7-51e0ec90dede" testName="WileyWidget.Tests.BudgetAnalyticsTests.BudgetInsights_GeneratesCorrectInsights_ForDeficit" computerName="MCKITRICK" duration="00:00:00.0005934" startTime="2025-08-29T20:51:29.6864669-06:00" endTime="2025-08-29T20:51:29.6864669-06:00" testType="13cdc9d9-ddb5-4fa4-a97d-d965ccfc6d4b" outcome="Passed" testListId="8c84fa94-04c1-424b-9868-57a2d4851a1d" relativeResultsDirectory="659764c4-2397-43b1-ae5b-11158f001d80" />
    <UnitTestResult executionId="40a97886-7576-493c-b256-912a2d8dfbb0" testId="8d616601-23ef-0d6f-a99d-c5f9d126d4fa" testName="WileyWidget.Tests.EnterpriseModelTests.Enterprise_BudgetStatus_ReturnsCorrectStatus(revenue: 2000, expenses: 2500, expectedStatus: &quot;Deficit&quot;)" computerName="MCKITRICK" duration="00:00:00.0000113" startTime="2025-08-29T20:51:29.6820521-06:00" endTime="2025-08-29T20:51:29.6820522-06:00" testType="13cdc9d9-ddb5-4fa4-a97d-d965ccfc6d4b" outcome="Passed" testListId="8c84fa94-04c1-424b-9868-57a2d4851a1d" relativeResultsDirectory="40a97886-7576-493c-b256-912a2d8dfbb0" />
    <UnitTestResult executionId="c10aed02-6378-4c67-8f88-7c2daaa852fc" testId="14845400-28d3-9a25-f969-c0ad7612b7de" testName="WileyWidget.Tests.BudgetInteractionTests.BudgetInteraction_MonthlyAmount_Validation(amount: 0.01, shouldBeValid: True)" computerName="MCKITRICK" duration="00:00:00.0000842" startTime="2025-08-29T20:51:29.6813949-06:00" endTime="2025-08-29T20:51:29.6813949-06:00" testType="13cdc9d9-ddb5-4fa4-a97d-d965ccfc6d4b" outcome="Passed" testListId="8c84fa94-04c1-424b-9868-57a2d4851a1d" relativeResultsDirectory="c10aed02-6378-4c67-8f88-7c2daaa852fc" />
    <UnitTestResult executionId="d3825466-7b54-4760-9d01-6f79e2b01550" testId="c596acca-eaa8-2cfc-b6e4-d65d1f704c2d" testName="WileyWidget.Tests.WidgetTests.Widget_IsActive_CanBeSet(isActive: False)" computerName="MCKITRICK" duration="00:00:00.0085270" startTime="2025-08-29T20:51:29.6424188-06:00" endTime="2025-08-29T20:51:29.6424189-06:00" testType="13cdc9d9-ddb5-4fa4-a97d-d965ccfc6d4b" outcome="Passed" testListId="8c84fa94-04c1-424b-9868-57a2d4851a1d" relativeResultsDirectory="d3825466-7b54-4760-9d01-6f79e2b01550" />
    <UnitTestResult executionId="2e23f80c-4660-4879-b4fc-6e1fc3b9f76f" testId="93f87e80-68d8-ef6d-e92d-98707d05f82e" testName="WileyWidget.Tests.AppUnitTests.RegisterSyncfusionLicense_WithNoValidSources_LogsWarning" computerName="MCKITRICK" duration="00:00:00.0420485" startTime="2025-08-29T20:51:29.6918779-06:00" endTime="2025-08-29T20:51:29.6918780-06:00" testType="13cdc9d9-ddb5-4fa4-a97d-d965ccfc6d4b" outcome="Passed" testListId="8c84fa94-04c1-424b-9868-57a2d4851a1d" relativeResultsDirectory="2e23f80c-4660-4879-b4fc-6e1fc3b9f76f" />
    <UnitTestResult executionId="0b1dffe3-6c9f-4e40-b87a-a7187f5b005e" testId="7e338c26-7d68-229c-5870-5a210a219a3a" testName="WileyWidget.Tests.EnterpriseModelTests.Enterprise_MonthlyBalance_CalculatesCorrectly" computerName="MCKITRICK" duration="00:00:00.0000952" startTime="2025-08-29T20:51:29.6911538-06:00" endTime="2025-08-29T20:51:29.6911539-06:00" testType="13cdc9d9-ddb5-4fa4-a97d-d965ccfc6d4b" outcome="Passed" testListId="8c84fa94-04c1-424b-9868-57a2d4851a1d" relativeResultsDirectory="0b1dffe3-6c9f-4e40-b87a-a7187f5b005e" />
    <UnitTestResult executionId="696fb7a3-8e88-4425-88a1-d8825297d82c" testId="795064b0-2888-68bc-0d9d-08f16c34f1ea" testName="WileyWidget.Tests.MainWindowUnitTests.NormalizeTheme_MethodExists" computerName="MCKITRICK" duration="00:00:00.0001539" startTime="2025-08-29T20:51:29.6997706-06:00" endTime="2025-08-29T20:51:29.6997706-06:00" testType="13cdc9d9-ddb5-4fa4-a97d-d965ccfc6d4b" outcome="Passed" testListId="8c84fa94-04c1-424b-9868-57a2d4851a1d" relativeResultsDirectory="696fb7a3-8e88-4425-88a1-d8825297d82c" />
    <UnitTestResult executionId="99901350-17fd-4bb3-bd31-7be964a36b59" testId="418cae58-aba0-b522-845a-715b8b8313eb" testName="WileyWidget.Tests.EnterpriseTests.Enterprise_CurrentRate_Validation(rate: 0, shouldBeValid: False)" computerName="MCKITRICK" duration="00:00:00.0000226" startTime="2025-08-29T20:51:29.6626390-06:00" endTime="2025-08-29T20:51:29.6626391-06:00" testType="13cdc9d9-ddb5-4fa4-a97d-d965ccfc6d4b" outcome="Passed" testListId="8c84fa94-04c1-424b-9868-57a2d4851a1d" relativeResultsDirectory="99901350-17fd-4bb3-bd31-7be964a36b59" />
    <UnitTestResult executionId="ee5d9cff-eb03-4f5f-80ac-e508710e7be9" testId="4f4006d6-b3a2-e8ed-5bb3-4581fead82ab" testName="WileyWidget.Tests.EnterpriseModelTests.Enterprise_Name_Validation(name: null, shouldBeValid: False)" computerName="MCKITRICK" duration="00:00:00.0006795" startTime="2025-08-29T20:51:29.6794588-06:00" endTime="2025-08-29T20:51:29.6794589-06:00" testType="13cdc9d9-ddb5-4fa4-a97d-d965ccfc6d4b" outcome="Passed" testListId="8c84fa94-04c1-424b-9868-57a2d4851a1d" relativeResultsDirectory="ee5d9cff-eb03-4f5f-80ac-e508710e7be9" />
    <UnitTestResult executionId="c06d774e-7401-4016-95a3-fd63d78cd159" testId="08055736-1e09-8961-dc89-8e2a25887239" testName="WileyWidget.Tests.MainWindowUnitTests.LogSyncfusionControls_MethodExists" computerName="MCKITRICK" duration="00:00:00.0002388" startTime="2025-08-29T20:51:29.6992726-06:00" endTime="2025-08-29T20:51:29.6992726-06:00" testType="13cdc9d9-ddb5-4fa4-a97d-d965ccfc6d4b" outcome="Passed" testListId="8c84fa94-04c1-424b-9868-57a2d4851a1d" relativeResultsDirectory="c06d774e-7401-4016-95a3-fd63d78cd159" />
    <UnitTestResult executionId="618fe042-e23a-4c3c-8fb6-e66d3cfcfc26" testId="04dd675b-629e-a516-a8ca-baee13393506" testName="WileyWidget.Tests.SettingsServiceTests.SettingsService_Load_HandlesCorruptFile" computerName="MCKITRICK" duration="00:00:00.0047139" startTime="2025-08-29T20:51:29.7123392-06:00" endTime="2025-08-29T20:51:29.7123393-06:00" testType="13cdc9d9-ddb5-4fa4-a97d-d965ccfc6d4b" outcome="Passed" testListId="8c84fa94-04c1-424b-9868-57a2d4851a1d" relativeResultsDirectory="618fe042-e23a-4c3c-8fb6-e66d3cfcfc26" />
    <UnitTestResult executionId="05f782a1-fd9f-4f81-9d84-161dd1a2a61a" testId="a870daa8-df1f-ef82-e638-57d5f0b05d91" testName="WileyWidget.Tests.SettingsServiceTests.SettingsService_Current_IsNotNull" computerName="MCKITRICK" duration="00:00:00.0009845" startTime="2025-08-29T20:51:29.7059173-06:00" endTime="2025-08-29T20:51:29.7059174-06:00" testType="13cdc9d9-ddb5-4fa4-a97d-d965ccfc6d4b" outcome="Passed" testListId="8c84fa94-04c1-424b-9868-57a2d4851a1d" relativeResultsDirectory="05f782a1-fd9f-4f81-9d84-161dd1a2a61a" />
    <UnitTestResult executionId="cd18cc81-5bf2-412a-9337-428b06cd6023" testId="80a94af4-7913-fd5c-01c4-b92eec2e4015" testName="WileyWidget.Tests.EnterpriseModelTests.Enterprise_CurrentRate_Validation(rate: -1, shouldBeValid: False)" computerName="MCKITRICK" duration="00:00:00.0003888" startTime="2025-08-29T20:51:29.6663579-06:00" endTime="2025-08-29T20:51:29.6663579-06:00" testType="13cdc9d9-ddb5-4fa4-a97d-d965ccfc6d4b" outcome="Passed" testListId="8c84fa94-04c1-424b-9868-57a2d4851a1d" relativeResultsDirectory="cd18cc81-5bf2-412a-9337-428b06cd6023" />
    <UnitTestResult executionId="53b148ad-2743-477f-8ccb-f9f36a6e278d" testId="97655ffa-dca1-a12a-5ad2-019d9211febe" testName="WileyWidget.Tests.DatabaseIntegrationTests.Repository_ValidatesRequiredFields" computerName="MCKITRICK" duration="00:00:00.0004239" startTime="2025-08-29T20:51:30.2301271-06:00" endTime="2025-08-29T20:51:30.2301272-06:00" testType="13cdc9d9-ddb5-4fa4-a97d-d965ccfc6d4b" outcome="Passed" testListId="8c84fa94-04c1-424b-9868-57a2d4851a1d" relativeResultsDirectory="53b148ad-2743-477f-8ccb-f9f36a6e278d" />
    <UnitTestResult executionId="d711bb54-20d3-46cd-ad87-2dd86a2067de" testId="53bedddd-9e7e-05b6-0db9-6c4d6523d66b" testName="WileyWidget.Tests.BudgetInteractionTests.BudgetInteraction_AcceptsVariousInteractionTypes(type: &quot;Transfer&quot;, expected: True)" computerName="MCKITRICK" duration="00:00:00.0000606" startTime="2025-08-29T20:51:29.6753985-06:00" endTime="2025-08-29T20:51:29.6753986-06:00" testType="13cdc9d9-ddb5-4fa4-a97d-d965ccfc6d4b" outcome="Passed" testListId="8c84fa94-04c1-424b-9868-57a2d4851a1d" relativeResultsDirectory="d711bb54-20d3-46cd-ad87-2dd86a2067de" />
    <UnitTestResult executionId="d2246750-dae9-479f-a5e7-60d44f1da7b7" testId="8df32280-d2cc-aff4-2ff0-10224e8b8552" testName="WileyWidget.Tests.EnterpriseTests.Enterprise_CurrentRate_Validation(rate: -1, shouldBeValid: False)" computerName="MCKITRICK" duration="00:00:00.0008771" startTime="2025-08-29T20:51:29.6622359-06:00" endTime="2025-08-29T20:51:29.6622360-06:00" testType="13cdc9d9-ddb5-4fa4-a97d-d965ccfc6d4b" outcome="Passed" testListId="8c84fa94-04c1-424b-9868-57a2d4851a1d" relativeResultsDirectory="d2246750-dae9-479f-a5e7-60d44f1da7b7" />
    <UnitTestResult executionId="38fc4c85-9b1c-4ec2-b7e6-a1ea0627f6eb" testId="d332a652-b311-2f6e-2247-c3ce44c290ae" testName="WileyWidget.Tests.WidgetTests.Widget_MarkAsModified_UpdatesModifiedDate" computerName="MCKITRICK" duration="00:00:00.0004279" startTime="2025-08-29T20:51:29.6833400-06:00" endTime="2025-08-29T20:51:29.6833400-06:00" testType="13cdc9d9-ddb5-4fa4-a97d-d965ccfc6d4b" outcome="Passed" testListId="8c84fa94-04c1-424b-9868-57a2d4851a1d" relativeResultsDirectory="38fc4c85-9b1c-4ec2-b7e6-a1ea0627f6eb" />
    <UnitTestResult executionId="2808b6bc-18f8-4673-b848-17a5c912351f" testId="40809d6b-32d3-2519-3f96-4116b092b054" testName="WileyWidget.Tests.BudgetInteractionTests.BudgetInteraction_InteractionType_Validation(type: &quot;Transfer&quot;, shouldBeValid: True)" computerName="MCKITRICK" duration="00:00:00.0007198" startTime="2025-08-29T20:51:29.6619533-06:00" endTime="2025-08-29T20:51:29.6619534-06:00" testType="13cdc9d9-ddb5-4fa4-a97d-d965ccfc6d4b" outcome="Passed" testListId="8c84fa94-04c1-424b-9868-57a2d4851a1d" relativeResultsDirectory="2808b6bc-18f8-4673-b848-17a5c912351f" />
    <UnitTestResult executionId="fea5be33-1747-40a9-8d9c-26b98ac3aefc" testId="216d7b3f-febd-5cd7-9636-60001f76e735" testName="WileyWidget.Tests.EnterpriseTests.Enterprise_MonthlyRevenue_CalculatesCorrectly" computerName="MCKITRICK" duration="00:00:00.0004434" startTime="2025-08-29T20:51:29.6672206-06:00" endTime="2025-08-29T20:51:29.6672206-06:00" testType="13cdc9d9-ddb5-4fa4-a97d-d965ccfc6d4b" outcome="Passed" testListId="8c84fa94-04c1-424b-9868-57a2d4851a1d" relativeResultsDirectory="fea5be33-1747-40a9-8d9c-26b98ac3aefc" />
[...]
    <TestEntry testId="e4fcf31a-94fb-bdf3-84e1-475471212d0f" executionId="a4327a86-d33f-47d7-b124-512cd2cf8659" testListId="8c84fa94-04c1-424b-9868-57a2d4851a1d" />
    <TestEntry testId="4d20292b-dbaf-eee0-cf45-638c0a52c116" executionId="6a7e916e-68dc-4a35-a5c4-646d24f7e9ac" testListId="8c84fa94-04c1-424b-9868-57a2d4851a1d" />
    <TestEntry testId="56a1702d-a123-50c1-1373-ed4b2dc0b51f" executionId="253c8490-eeaf-4f82-be5a-5a4488303499" testListId="8c84fa94-04c1-424b-9868-57a2d4851a1d" />
    <TestEntry testId="f4174a06-6862-c4a5-f342-e402b6115247" executionId="08c172bf-a3e5-4480-bc8e-a1ca6ed15e8a" testListId="8c84fa94-04c1-424b-9868-57a2d4851a1d" />
    <TestEntry testId="df5aec0e-ef6f-cdc6-14fa-f5e50593b465" executionId="28771e07-0608-4ef1-9b9f-9b5834cb8167" testListId="8c84fa94-04c1-424b-9868-57a2d4851a1d" />
    <TestEntry testId="a4f037bc-7338-9135-cfbf-a9e8758843b8" executionId="5a4674ef-b3d0-4eb9-af2e-8a3297d03340" testListId="8c84fa94-04c1-424b-9868-57a2d4851a1d" />
    <TestEntry testId="974b0525-eec9-9c0d-84c0-1e28bcdfdce9" executionId="8ec993d4-8d12-47cd-9040-1f2af7656b1f" testListId="8c84fa94-04c1-424b-9868-57a2d4851a1d" />
    <TestEntry testId="a4b79d30-1b57-4783-2bc5-b481543036fd" executionId="82363367-2211-40d7-954f-8002e7712ffa" testListId="8c84fa94-04c1-424b-9868-57a2d4851a1d" />
    <TestEntry testId="917950f3-8248-2f78-cc8c-99370e6626ab" executionId="fdee1005-534f-46f8-954b-7fc1c9820620" testListId="8c84fa94-04c1-424b-9868-57a2d4851a1d" />
    <TestEntry testId="f0564e38-0932-37f9-f2ec-c59c84e4f319" executionId="a43432f6-4209-4cf9-a16e-e47eaeb20fa4" testListId="8c84fa94-04c1-424b-9868-57a2d4851a1d" />
    <TestEntry testId="e624f24d-1a26-231f-cac9-67120c12c28b" executionId="7cdef6e9-b2f2-48bd-a313-21d2b4d3d0f4" testListId="8c84fa94-04c1-424b-9868-57a2d4851a1d" />
    <TestEntry testId="b43e3dd0-44c9-3349-d80b-08150cc5294d" executionId="9f7e224a-4cf1-4f70-8936-1ac8108ff77f" testListId="8c84fa94-04c1-424b-9868-57a2d4851a1d" />
    <TestEntry testId="e472ca0e-4d1f-2cb2-ae79-f619786a7e3f" executionId="32187ba5-000c-459a-b331-42a1f7e4063e" testListId="8c84fa94-04c1-424b-9868-57a2d4851a1d" />
    <TestEntry testId="8b1e5a88-d61f-8bfb-af7a-001ec194b46c" executionId="72a7587f-5418-43ed-be6e-3ab3c3108e3b" testListId="8c84fa94-04c1-424b-9868-57a2d4851a1d" />
    <TestEntry testId="168ae476-6639-8347-6432-3fafc0d8f784" executionId="047f5f51-5c28-4e47-bcd0-2e02ebca2803" testListId="8c84fa94-04c1-424b-9868-57a2d4851a1d" />
    <TestEntry testId="c0f826c4-a2e8-a2fe-55fc-c1924806102d" executionId="aa0586b2-0af1-4d6d-a662-10a5a847faf0" testListId="8c84fa94-04c1-424b-9868-57a2d4851a1d" />
    <TestEntry testId="40c28db5-98d0-9ac0-459d-782c32a105ab" executionId="eda8f913-3858-49f7-ae46-6cfb591fcadc" testListId="8c84fa94-04c1-424b-9868-57a2d4851a1d" />
    <TestEntry testId="0d4e12bb-b410-10f4-ea79-224ef1ad4ec2" executionId="b4a1e7ba-1cf5-4b92-b1c6-9b034bc3f184" testListId="8c84fa94-04c1-424b-9868-57a2d4851a1d" />
    <TestEntry testId="a535ee6d-f14e-b507-e106-e575e4d351ae" executionId="7d32c93b-2403-4774-b25d-a5d33a2bbdc2" testListId="8c84fa94-04c1-424b-9868-57a2d4851a1d" />
    <TestEntry testId="1340ffff-d167-8c9f-1446-195b0fb1d86f" executionId="fd10a953-8d5f-4848-9e48-0f8d8d21bdf9" testListId="8c84fa94-04c1-424b-9868-57a2d4851a1d" />
    <TestEntry testId="2eed4695-e3e7-5a59-502b-92e7e53fb8f1" executionId="936d78c8-dda3-4d64-8039-17115830602a" testListId="8c84fa94-04c1-424b-9868-57a2d4851a1d" />
    <TestEntry testId="4bf0c2ec-7a7c-f8d8-6f1c-1f46f24b0af1" executionId="3bca2116-5731-42a6-a5c2-53d4e6cd4c47" testListId="8c84fa94-04c1-424b-9868-57a2d4851a1d" />
    <TestEntry testId="4a11ecda-ef05-73a1-b1d1-c3284d3e4afa" executionId="478a0a45-5eb3-497d-9df4-340891f43fe5" testListId="8c84fa94-04c1-424b-9868-57a2d4851a1d" />
    <TestEntry testId="a590d7ab-a37d-241b-b41d-e926aae9e190" executionId="f18cd814-5dc1-4e6e-adfb-7f05ae67bbd0" testListId="8c84fa94-04c1-424b-9868-57a2d4851a1d" />
    <TestEntry testId="d60d3051-e4c9-0f9c-9d61-8cc77d0b060c" executionId="3267ce51-73e6-427e-aa4c-37815998b6da" testListId="8c84fa94-04c1-424b-9868-57a2d4851a1d" />
    <TestEntry testId="0c08c2f7-584f-44de-79b5-e35ec9541cbd" executionId="a898c51b-4342-42aa-a053-fca66626bbaf" testListId="8c84fa94-04c1-424b-9868-57a2d4851a1d" />
    <TestEntry testId="cda48384-02ec-e8bf-7f92-391e842be3cc" executionId="b147c13b-6f90-4a71-af41-e7815ae9dbc9" testListId="8c84fa94-04c1-424b-9868-57a2d4851a1d" />
    <TestEntry testId="cbeada98-fd74-8e95-0798-e8d59013190d" executionId="5ffbce83-bcd8-4fc5-be02-51b792b7dcf9" testListId="8c84fa94-04c1-424b-9868-57a2d4851a1d" />
    <TestEntry testId="d6a8afd6-4dff-6792-90e1-49cce70d3116" executionId="862d7db7-06b4-41af-a684-b38b400d4e04" testListId="8c84fa94-04c1-424b-9868-57a2d4851a1d" />
    <TestEntry testId="6cdef057-5472-5dc2-1e24-0c140874339b" executionId="663530ad-fd5a-42e6-b756-a9cfdcfaa0ac" testListId="8c84fa94-04c1-424b-9868-57a2d4851a1d" />
    <TestEntry testId="5f349e6c-e09e-70aa-e134-6073e4276708" executionId="5fbfc9bb-5a22-43f6-8a02-0bfd7fbd7447" testListId="8c84fa94-04c1-424b-9868-57a2d4851a1d" />
    <TestEntry testId="9d53fc33-d776-6625-1b0a-4b6f01111549" executionId="eb2fdb00-c94a-4541-a03c-4aa14816f794" testListId="8c84fa94-04c1-424b-9868-57a2d4851a1d" />
    <TestEntry testId="e1f8a3e1-d467-b8d5-d368-b35a2dff4c81" executionId="0ede86b2-6cf4-46f3-a572-b51241899936" testListId="8c84fa94-04c1-424b-9868-57a2d4851a1d" />
    <TestEntry testId="7246089f-63b6-7ef4-dd1c-f0a97a0cbf37" executionId="f878d86c-21b8-49fa-a210-a234995a5d8e" testListId="8c84fa94-04c1-424b-9868-57a2d4851a1d" />
    <TestEntry testId="0121a31e-93ae-d153-ca29-460cffa0b710" executionId="2bc5ffe5-6dad-4240-9236-cd31868148e4" testListId="8c84fa94-04c1-424b-9868-57a2d4851a1d" />
    <TestEntry testId="5e00cc24-af68-8e5e-7215-9a710f60e406" executionId="42cc5331-6e1b-479e-9296-b72e710daf12" testListId="8c84fa94-04c1-424b-9868-57a2d4851a1d" />
    <TestEntry testId="00f90a30-6cfb-102f-2905-fe6964421a8d" executionId="17002945-72e2-4b70-a000-b849e2338827" testListId="8c84fa94-04c1-424b-9868-57a2d4851a1d" />
    <TestEntry testId="d76fce68-3bca-b1a7-0e69-ec7736a35394" executionId="30a8deae-fce8-46bc-b165-c5f1a12025d3" testListId="8c84fa94-04c1-424b-9868-57a2d4851a1d" />
    <TestEntry testId="be33b031-b799-d68d-9ac7-4be6a20a63bc" executionId="c2aab17c-bec5-4e54-94d0-afaf239cd61d" testListId="8c84fa94-04c1-424b-9868-57a2d4851a1d" />
    <TestEntry testId="20a34a95-a426-14ac-be1a-81af3da9062a" executionId="b8cb4daf-9d4e-42b6-9c36-c9cac91c2aa1" testListId="8c84fa94-04c1-424b-9868-57a2d4851a1d" />
    <TestEntry testId="a1485da4-493d-cd3d-9e47-0f99906d1c2c" executionId="b94e6ddf-7147-4154-abd7-e5066ca68712" testListId="8c84fa94-04c1-424b-9868-57a2d4851a1d" />
    <TestEntry testId="a9dc7ce3-2ee9-2217-fa87-9dcfd65a9dfd" executionId="f3378cdf-f0cd-4103-96fb-543a5028c270" testListId="8c84fa94-04c1-424b-9868-57a2d4851a1d" />
    <TestEntry testId="3f32ff24-dbe4-5b18-602e-bcc79c03a51a" executionId="51337f1e-6085-422a-8a17-06a33ff41fbc" testListId="8c84fa94-04c1-424b-9868-57a2d4851a1d" />
    <TestEntry testId="33627335-316c-cbc4-3f2e-4374d3f98bd0" executionId="43723757-858d-4e44-bf74-c445c0f183b4" testListId="8c84fa94-04c1-424b-9868-57a2d4851a1d" />
    <TestEntry testId="20d48984-149e-52a8-e707-e7c8d17f3d51" executionId="461612b2-4423-4a5d-9891-5d708634dcce" testListId="8c84fa94-04c1-424b-9868-57a2d4851a1d" />
    <TestEntry testId="902c438e-0da5-711b-13f6-74a2b1da3f5a" executionId="bfa71cc5-aa1a-4d55-ad32-89ba25eca087" testListId="8c84fa94-04c1-424b-9868-57a2d4851a1d" />
    <TestEntry testId="06acef7a-66a9-41e5-0b52-833373b805fd" executionId="acbe9e8c-7c9d-4274-97b3-0c06102c3b2e" testListId="8c84fa94-04c1-424b-9868-57a2d4851a1d" />
    <TestEntry testId="7616251f-ba10-2865-c7c0-878cebe0f9bd" executionId="a74cfd58-f3cc-4653-ae55-453421ddb4b5" testListId="8c84fa94-04c1-424b-9868-57a2d4851a1d" />
    <TestEntry testId="e82f29b2-da2d-1de7-97e4-1ecb0f1224d5" executionId="c15f97ba-a77a-4acb-92ce-49292fa8c7c8" testListId="8c84fa94-04c1-424b-9868-57a2d4851a1d" />
    <TestEntry testId="a72d91bf-1ba0-06c7-1002-ab2af50818f2" executionId="2dfdd73d-7b11-42a2-b493-e9de1d669a28" testListId="8c84fa94-04c1-424b-9868-57a2d4851a1d" />
    <TestEntry testId="bc7d1dad-4626-c238-a1b7-51e0ec90dede" executionId="659764c4-2397-43b1-ae5b-11158f001d80" testListId="8c84fa94-04c1-424b-9868-57a2d4851a1d" />
    <TestEntry testId="8d616601-23ef-0d6f-a99d-c5f9d126d4fa" executionId="40a97886-7576-493c-b256-912a2d8dfbb0" testListId="8c84fa94-04c1-424b-9868-57a2d4851a1d" />
    <TestEntry testId="14845400-28d3-9a25-f969-c0ad7612b7de" executionId="c10aed02-6378-4c67-8f88-7c2daaa852fc" testListId="8c84fa94-04c1-424b-9868-57a2d4851a1d" />
    <TestEntry testId="c596acca-eaa8-2cfc-b6e4-d65d1f704c2d" executionId="d3825466-7b54-4760-9d01-6f79e2b01550" testListId="8c84fa94-04c1-424b-9868-57a2d4851a1d" />
    <TestEntry testId="93f87e80-68d8-ef6d-e92d-98707d05f82e" executionId="2e23f80c-4660-4879-b4fc-6e1fc3b9f76f" testListId="8c84fa94-04c1-424b-9868-57a2d4851a1d" />
    <TestEntry testId="7e338c26-7d68-229c-5870-5a210a219a3a" executionId="0b1dffe3-6c9f-4e40-b87a-a7187f5b005e" testListId="8c84fa94-04c1-424b-9868-57a2d4851a1d" />
    <TestEntry testId="795064b0-2888-68bc-0d9d-08f16c34f1ea" executionId="696fb7a3-8e88-4425-88a1-d8825297d82c" testListId="8c84fa94-04c1-424b-9868-57a2d4851a1d" />
    <TestEntry testId="418cae58-aba0-b522-845a-715b8b8313eb" executionId="99901350-17fd-4bb3-bd31-7be964a36b59" testListId="8c84fa94-04c1-424b-9868-57a2d4851a1d" />
    <TestEntry testId="4f4006d6-b3a2-e8ed-5bb3-4581fead82ab" executionId="ee5d9cff-eb03-4f5f-80ac-e508710e7be9" testListId="8c84fa94-04c1-424b-9868-57a2d4851a1d" />
    <TestEntry testId="08055736-1e09-8961-dc89-8e2a25887239" executionId="c06d774e-7401-4016-95a3-fd63d78cd159" testListId="8c84fa94-04c1-424b-9868-57a2d4851a1d" />
    <TestEntry testId="04dd675b-629e-a516-a8ca-baee13393506" executionId="618fe042-e23a-4c3c-8fb6-e66d3cfcfc26" testListId="8c84fa94-04c1-424b-9868-57a2d4851a1d" />
    <TestEntry testId="a870daa8-df1f-ef82-e638-57d5f0b05d91" executionId="05f782a1-fd9f-4f81-9d84-161dd1a2a61a" testListId="8c84fa94-04c1-424b-9868-57a2d4851a1d" />
    <TestEntry testId="80a94af4-7913-fd5c-01c4-b92eec2e4015" executionId="cd18cc81-5bf2-412a-9337-428b06cd6023" testListId="8c84fa94-04c1-424b-9868-57a2d4851a1d" />
    <TestEntry testId="97655ffa-dca1-a12a-5ad2-019d9211febe" executionId="53b148ad-2743-477f-8ccb-f9f36a6e278d" testListId="8c84fa94-04c1-424b-9868-57a2d4851a1d" />
    <TestEntry testId="53bedddd-9e7e-05b6-0db9-6c4d6523d66b" executionId="d711bb54-20d3-46cd-ad87-2dd86a2067de" testListId="8c84fa94-04c1-424b-9868-57a2d4851a1d" />
    <TestEntry testId="8df32280-d2cc-aff4-2ff0-10224e8b8552" executionId="d2246750-dae9-479f-a5e7-60d44f1da7b7" testListId="8c84fa94-04c1-424b-9868-57a2d4851a1d" />
    <TestEntry testId="d332a652-b311-2f6e-2247-c3ce44c290ae" executionId="38fc4c85-9b1c-4ec2-b7e6-a1ea0627f6eb" testListId="8c84fa94-04c1-424b-9868-57a2d4851a1d" />
    <TestEntry testId="40809d6b-32d3-2519-3f96-4116b092b054" executionId="2808b6bc-18f8-4673-b848-17a5c912351f" testListId="8c84fa94-04c1-424b-9868-57a2d4851a1d" />
    <TestEntry testId="216d7b3f-febd-5cd7-9636-60001f76e735" executionId="fea5be33-1747-40a9-8d9c-26b98ac3aefc" testListId="8c84fa94-04c1-424b-9868-57a2d4851a1d" />
    <TestEntry testId="40d7657d-f657-0f30-1e57-f9b4790fea1e" executionId="2edfef4c-60ee-44bc-b0d0-d6c7d21a5413" testListId="8c84fa94-04c1-424b-9868-57a2d4851a1d" />
    <TestEntry testId="0203bce8-8571-4fae-356f-d40949bb5a7d" executionId="a608dbbe-3bf9-4635-a1f3-f66639b81e99" testListId="8c84fa94-04c1-424b-9868-57a2d4851a1d" />
    <TestEntry testId="93bcc1b2-e756-be48-7f05-0eed9d834711" executionId="3cea964d-8b99-4966-90d7-251832260edc" testListId="8c84fa94-04c1-424b-9868-57a2d4851a1d" />
    <TestEntry testId="7cf3aa98-98eb-f226-4182-b485eaa19c16" executionId="2f1d6c6d-d4cc-4e74-bfcd-26acddc9b67a" testListId="8c84fa94-04c1-424b-9868-57a2d4851a1d" />
    <TestEntry testId="3c697a19-d738-59c1-c19c-a483654a946e" executionId="3a5d5d17-392e-44e5-bd94-9d25df200af0" testListId="8c84fa94-04c1-424b-9868-57a2d4851a1d" />
    <TestEntry testId="6cc406f6-5c68-c097-54c6-537a958e649e" executionId="f1ee2dbf-14ac-4058-9570-00d4183e1fd7" testListId="8c84fa94-04c1-424b-9868-57a2d4851a1d" />
    <TestEntry testId="de72c0f3-fa26-9d6c-6ca7-32a0c98717f3" executionId="8ea7dbc1-be62-4a9d-a1bd-eca07a4dece1" testListId="8c84fa94-04c1-424b-9868-57a2d4851a1d" />
    <TestEntry testId="9f5c146e-0566-da9b-266b-e05a1f45f5d6" executionId="7a0ec385-b516-42d3-a709-516b0e6cdaf2" testListId="8c84fa94-04c1-424b-9868-57a2d4851a1d" />
    <TestEntry testId="19841e8f-f411-41cb-ae2b-9bc38aa5560d" executionId="d941dc9e-fa16-42e5-be7c-11ba7fb20e73" testListId="8c84fa94-04c1-424b-9868-57a2d4851a1d" />
    <TestEntry testId="f5f343b0-4673-4f25-285c-1b1fcba58589" executionId="eadd688c-3e80-4bc5-9bd5-4ac8fc60ddbf" testListId="8c84fa94-04c1-424b-9868-57a2d4851a1d" />
    <TestEntry testId="62021b67-5876-d70c-80d9-db2ebaaf208a" executionId="4a5dd3af-92c0-45be-b711-6999ffe253a7" testListId="8c84fa94-04c1-424b-9868-57a2d4851a1d" />
    <TestEntry testId="668e1389-6a17-867c-cc8c-409430f2326f" executionId="f75a2827-aabc-4c3d-949c-c5d13407c901" testListId="8c84fa94-04c1-424b-9868-57a2d4851a1d" />
    <TestEntry testId="59a77b29-012a-7f31-5abd-f2349c80ceff" executionId="d6e6e951-a41e-4120-b641-9c353d9955f5" testListId="8c84fa94-04c1-424b-9868-57a2d4851a1d" />
    <TestEntry testId="118c5093-dd4d-05af-5b6d-0f37c0d730c3" executionId="336bc930-9aef-45ff-8876-c105f8d9c842" testListId="8c84fa94-04c1-424b-9868-57a2d4851a1d" />
    <TestEntry testId="e7df05ca-3552-2715-64b0-211740e8ec70" executionId="1ee427ae-cbb5-4515-b876-ff6c5d929510" testListId="8c84fa94-04c1-424b-9868-57a2d4851a1d" />
    <TestEntry testId="1f08a6ae-d40a-f06a-8f73-f4bc296dbdea" executionId="f1cf1917-4035-492d-9aee-422ebc8a3793" testListId="8c84fa94-04c1-424b-9868-57a2d4851a1d" />
    <TestEntry testId="3df038af-1fe3-8eba-40c5-e3791363704f" executionId="347db3b7-57ca-416b-87bf-8e53f05c0c23" testListId="8c84fa94-04c1-424b-9868-57a2d4851a1d" />
    <TestEntry testId="4496488f-c883-aa7a-35a7-d9dbf4a2d3b2" executionId="fa092cbb-dc54-4929-9dfb-cf8143544a50" testListId="8c84fa94-04c1-424b-9868-57a2d4851a1d" />
    <TestEntry testId="20fc74fb-086b-510b-ae28-7341d9a3029b" executionId="41bcd3af-ec9f-463c-8541-ccc06d1973f4" testListId="8c84fa94-04c1-424b-9868-57a2d4851a1d" />
    <TestEntry testId="c888132b-1015-a40a-2843-8a77b9425be8" executionId="621b4540-9b71-4d73-bee0-63b097c7c01c" testListId="8c84fa94-04c1-424b-9868-57a2d4851a1d" />
    <TestEntry testId="3d9418a8-7d7a-ace8-cce3-7f6d8639b60f" executionId="dae903ea-bdf0-46ac-b17a-89ea4df1740b" testListId="8c84fa94-04c1-424b-9868-57a2d4851a1d" />
    <TestEntry testId="97486250-1fe8-66a0-17d4-9ab973b2b619" executionId="9baa1b8b-833c-4741-9fbe-0132bba29890" testListId="8c84fa94-04c1-424b-9868-57a2d4851a1d" />
    <TestEntry testId="b7c1d19c-bee4-911c-3a8a-0800f7a4f194" executionId="f76504c5-808d-41db-9b8b-e1f34f265b54" testListId="8c84fa94-04c1-424b-9868-57a2d4851a1d" />
    <TestEntry testId="174a61b8-26c2-f00a-4147-e3f64821944b" executionId="30b52355-a57f-470d-8558-1887f488029d" testListId="8c84fa94-04c1-424b-9868-57a2d4851a1d" />
    <TestEntry testId="83034d6a-ea47-0b26-b3c3-520cb2f8b99c" executionId="ce43ffd6-ea5e-4bea-9c4f-418741123ed1" testListId="8c84fa94-04c1-424b-9868-57a2d4851a1d" />
    <TestEntry testId="e72511ca-5da4-5e68-e2df-554a43fc47aa" executionId="9533fd1b-a3c0-48ec-9a7a-a55bea5b908b" testListId="8c84fa94-04c1-424b-9868-57a2d4851a1d" />
    <TestEntry testId="6f8045c6-6937-39f1-af17-4e72f663e3b7" executionId="19bca4eb-a702-486f-a377-2df3db5d760c" testListId="8c84fa94-04c1-424b-9868-57a2d4851a1d" />
    <TestEntry testId="1a019a48-5289-21b6-90e2-05f5df28d217" executionId="d3f11756-f23c-4e81-bc24-37248b9a33fe" testListId="8c84fa94-04c1-424b-9868-57a2d4851a1d" />
    <TestEntry testId="7fe76a3a-9ac6-6844-b5f7-d4331eae2413" executionId="7ff884de-75aa-446c-866e-1221d1f9e986" testListId="8c84fa94-04c1-424b-9868-57a2d4851a1d" />
    <TestEntry testId="4f96b557-5805-2ffc-7a99-6d790882f18b" executionId="7e71b339-383e-4dc0-8118-100c65371c19" testListId="8c84fa94-04c1-424b-9868-57a2d4851a1d" />
    <TestEntry testId="c92dc833-fd57-a263-2b90-5a13ee4f5081" executionId="9c1d7ae3-da76-4f2c-8d14-8a557b6dc52d" testListId="8c84fa94-04c1-424b-9868-57a2d4851a1d" />
    <TestEntry testId="44e15a9e-b1db-5915-a9b2-5e9b239ca9b3" executionId="5554cdc5-495c-4bba-b844-81bf8eb8ed65" testListId="8c84fa94-04c1-424b-9868-57a2d4851a1d" />
    <TestEntry testId="31f7b449-2a75-9290-2b1b-c1e2846a3973" executionId="4d03c689-9663-4411-ada2-e3ef7ff795bc" testListId="8c84fa94-04c1-424b-9868-57a2d4851a1d" />
    <TestEntry testId="1e85481e-c1cb-a7d9-6ebb-5c71fd699ae6" executionId="28d7eedf-d821-442a-8e88-996d95919c6e" testListId="8c84fa94-04c1-424b-9868-57a2d4851a1d" />
  </TestEntries>
  <TestLists>
    <TestList name="Results Not in a List" id="8c84fa94-04c1-424b-9868-57a2d4851a1d" />
    <TestList name="All Loaded Results" id="19431567-8539-422a-85d7-44ee4e166bda" />
  </TestLists>
  <ResultSummary outcome="Completed">
    <Counters total="178" executed="178" passed="178" failed="0" error="0" timeout="0" aborted="0" inconclusive="0" passedButRunAborted="0" notRunnable="0" notExecuted="0" disconnected="0" warning="0" completed="0" inProgress="0" pending="0" />
    <Output>
      <StdOut>[xUnit.net 00:00:00.00] xUnit.net VSTest Adapter v2.8.2+699d445a1a (64-bit .NET 9.0.8)&#xD;
[xUnit.net 00:00:00.64]   Discovering: WileyWidget.Tests&#xD;
[xUnit.net 00:00:00.69]   Discovered:  WileyWidget.Tests&#xD;
[xUnit.net 00:00:00.69]   Starting:    WileyWidget.Tests&#xD;
Error adding enterprise: Cannot access a disposed context instance. A common cause of this error is disposing a context instance that was resolved from dependency injection and then later trying to use the same context instance elsewhere in your application. This may occur if you are calling 'Dispose' on the context instance, or wrapping it in a using statement. If you are using dependency injection, you should let the dependency injection container take care of disposing context instances.&#xD;
Object name: 'AppDbContext'.&#xD;
Seeding database with sample enterprise data...&#xD;
Database seeded successfully!&#xD;
Created 4 enterprises&#xD;
Created 2 budget interactions&#xD;
Total Monthly Revenue: $11750.00&#xD;
Total Monthly Expenses: $15700.00&#xD;
Monthly Balance: $-3950.00&#xD;
Database already seeded. Skipping...&#xD;
Database initialization failed: SQLite Error 14: 'unable to open database file'.&#xD;
Seeding database with sample enterprise data...&#xD;
Database seeded successfully!&#xD;
Created 4 enterprises&#xD;
Created 2 budget interactions&#xD;
Total Monthly Revenue: $11750.00&#xD;
Total Monthly Expenses: $15700.00&#xD;
Monthly Balance: $-3950.00&#xD;
Seeding database with sample enterprise data...&#xD;
Database seeded successfully!&#xD;
Created 4 enterprises&#xD;
Created 2 budget interactions&#xD;
Total Monthly Revenue: $11750.00&#xD;
Total Monthly Expenses: $15700.00&#xD;
Monthly Balance: $-3950.00&#xD;
Seeding database with sample enterprise data...&#xD;
Database seeded successfully!&#xD;
Created 4 enterprises&#xD;
Created 2 budget interactions&#xD;
Total Monthly Revenue: $11750.00&#xD;
Total Monthly Expenses: $15700.00&#xD;
Monthly Balance: $-3950.00&#xD;
[xUnit.net 00:00:01.94]   Finished:    WileyWidget.Tests&#xD;
</StdOut>
    </Output>
    <CollectorDataEntries>
      <Collector agentName="MCKITRICK" uri="datacollector://microsoft/CoverletCodeCoverage/1.0" collectorDisplayName="XPlat code coverage">
        <UriAttachments>
          <UriAttachment>
            <A href="MCKITRICK\coverage.cobertura.xml"></A>
          </UriAttachment>
        </UriAttachments>
      </Collector>
    </CollectorDataEntries>
  </ResultSummary>
</TestRun>