SF:C:\Users\biges\Desktop\Wiley_Widget\WileyWidgetTest\Program.cs
FN:3,System.Void Program::<Main>$(System.String[])
FNDA:0,System.Void Program::<Main>$(System.String[])
DA:4,0
DA:5,0
DA:8,0
DA:9,0
DA:10,0
DA:11,0
DA:12,0
DA:13,0
DA:14,0
DA:15,0
DA:16,0
DA:18,0
DA:19,0
DA:20,0
DA:21,0
DA:22,0
DA:23,0
DA:26,0
DA:28,0
DA:29,0
DA:30,0
DA:31,0
DA:32,0
DA:33,0
DA:34,0
DA:35,0
DA:36,0
DA:37,0
DA:38,0
DA:40,0
DA:41,0
DA:42,0
DA:43,0
DA:44,0
DA:47,0
DA:48,0
DA:49,0
DA:50,0
DA:51,0
DA:52,0
DA:53,0
DA:54,0
DA:55,0
DA:56,0
DA:57,0
DA:59,0
DA:60,0
DA:61,0
DA:62,0
DA:65,0
DA:66,0
DA:67,0
DA:68,0
DA:69,0
DA:70,0
DA:71,0
DA:72,0
DA:73,0
DA:74,0
DA:75,0
DA:77,0
DA:78,0
DA:79,0
DA:80,0
DA:82,0
DA:83,0
DA:84,0
DA:85,0
DA:86,0
BRDA:43,692,0,0
BRDA:43,692,1,0
BRDA:61,993,0,0
BRDA:61,993,1,0
LF:69
LH:0
BRF:4
BRH:0
FNF:1
FNH:0
end_of_record
SF:C:\Users\biges\Desktop\Wiley_Widget\obj\Debug\net9.0-windows\GeneratedInternalTypeHelper.g.cs
FN:23,System.Object XamlGeneratedNamespace.GeneratedInternalTypeHelper::CreateInstance(System.Type,System.Globalization.CultureInfo)
FNDA:0,System.Object XamlGeneratedNamespace.GeneratedInternalTypeHelper::CreateInstance(System.Type,System.Globalization.CultureInfo)
DA:24,0
DA:25,0
DA:26,0
DA:27,0
FN:31,System.Object XamlGeneratedNamespace.GeneratedInternalTypeHelper::GetPropertyValue(System.Reflection.PropertyInfo,System.Object,System.Globalization.CultureInfo)
FNDA:0,System.Object XamlGeneratedNamespace.GeneratedInternalTypeHelper::GetPropertyValue(System.Reflection.PropertyInfo,System.Object,System.Globalization.CultureInfo)
DA:32,0
DA:33,0
DA:34,0
FN:38,System.Void XamlGeneratedNamespace.GeneratedInternalTypeHelper::SetPropertyValue(System.Reflection.PropertyInfo,System.Object,System.Object,System.Globalization.CultureInfo)
FNDA:0,System.Void XamlGeneratedNamespace.GeneratedInternalTypeHelper::SetPropertyValue(System.Reflection.PropertyInfo,System.Object,System.Object,System.Globalization.CultureInfo)
DA:39,0
DA:40,0
DA:41,0
FN:45,System.Delegate XamlGeneratedNamespace.GeneratedInternalTypeHelper::CreateDelegate(System.Type,System.Object,System.String)
FNDA:0,System.Delegate XamlGeneratedNamespace.GeneratedInternalTypeHelper::CreateDelegate(System.Type,System.Object,System.String)
DA:46,0
DA:47,0
DA:48,0
DA:49,0
DA:50,0
DA:51,0
FN:55,System.Void XamlGeneratedNamespace.GeneratedInternalTypeHelper::AddEventHandler(System.Reflection.EventInfo,System.Object,System.Delegate)
FNDA:0,System.Void XamlGeneratedNamespace.GeneratedInternalTypeHelper::AddEventHandler(System.Reflection.EventInfo,System.Object,System.Delegate)
DA:56,0
DA:57,0
DA:58,0
LF:19
LH:0
BRF:0
BRH:0
FNF:5
FNH:0
end_of_record
SF:C:\Users\biges\Desktop\Wiley_Widget\WileyWidgetTest\BudgetInteraction.cs
FN:17,System.Int32 WileyWidgetTest.BudgetInteraction::get_Id()
FNDA:0,System.Int32 WileyWidgetTest.BudgetInteraction::get_Id()
DA:18,0
FN:23,System.Int32 WileyWidgetTest.BudgetInteraction::get_PrimaryEnterpriseId()
FNDA:0,System.Int32 WileyWidgetTest.BudgetInteraction::get_PrimaryEnterpriseId()
DA:24,0
FN:28,System.Nullable`1<System.Int32> WileyWidgetTest.BudgetInteraction::get_SecondaryEnterpriseId()
FNDA:0,System.Nullable`1<System.Int32> WileyWidgetTest.BudgetInteraction::get_SecondaryEnterpriseId()
DA:29,0
FN:35,System.String WileyWidgetTest.BudgetInteraction::get_InteractionType()
FNDA:0,System.String WileyWidgetTest.BudgetInteraction::get_InteractionType()
DA:36,0
FN:42,System.String WileyWidgetTest.BudgetInteraction::get_Description()
FNDA:0,System.String WileyWidgetTest.BudgetInteraction::get_Description()
DA:43,0
FN:50,System.Decimal WileyWidgetTest.BudgetInteraction::get_MonthlyAmount()
FNDA:0,System.Decimal WileyWidgetTest.BudgetInteraction::get_MonthlyAmount()
DA:51,0
FN:56,System.Boolean WileyWidgetTest.BudgetInteraction::get_IsCost()
FNDA:0,System.Boolean WileyWidgetTest.BudgetInteraction::get_IsCost()
DA:57,0
FN:62,System.String WileyWidgetTest.BudgetInteraction::get_Notes()
FNDA:0,System.String WileyWidgetTest.BudgetInteraction::get_Notes()
DA:63,0
FN:68,WileyWidgetTest.Enterprise WileyWidgetTest.BudgetInteraction::get_PrimaryEnterprise()
FNDA:0,WileyWidgetTest.Enterprise WileyWidgetTest.BudgetInteraction::get_PrimaryEnterprise()
DA:69,0
FN:74,WileyWidgetTest.Enterprise WileyWidgetTest.BudgetInteraction::get_SecondaryEnterprise()
FNDA:0,WileyWidgetTest.Enterprise WileyWidgetTest.BudgetInteraction::get_SecondaryEnterprise()
DA:75,0
FN:80,System.String WileyWidgetTest.BudgetInteraction::get_QboAccountId()
FNDA:0,System.String WileyWidgetTest.BudgetInteraction::get_QboAccountId()
DA:81,0
FN:85,WileyWidgetTest.QboSyncStatus WileyWidgetTest.BudgetInteraction::get_QboSyncStatus()
FNDA:0,WileyWidgetTest.QboSyncStatus WileyWidgetTest.BudgetInteraction::get_QboSyncStatus()
DA:86,0
FN:90,System.Nullable`1<System.DateTime> WileyWidgetTest.BudgetInteraction::get_QboLastSync()
FNDA:0,System.Nullable`1<System.DateTime> WileyWidgetTest.BudgetInteraction::get_QboLastSync()
DA:91,0
FN:97,System.Decimal WileyWidgetTest.BudgetInteraction::SharedCostImpact()
FNDA:0,System.Decimal WileyWidgetTest.BudgetInteraction::SharedCostImpact()
DA:98,0
DA:100,0
DA:101,0
DA:102,0
DA:104,0
DA:106,0
DA:108,0
DA:109,0
DA:111,0
DA:112,0
DA:114,0
BRDA:101,13,0,0
BRDA:101,13,1,0
BRDA:104,37,0,0
BRDA:104,37,1,0
LF:24
LH:0
BRF:4
BRH:0
FNF:14
FNH:0
end_of_record
SF:C:\Users\biges\Desktop\Wiley_Widget\WileyWidgetTest\Enterprise.cs
FN:16,System.Int32 WileyWidgetTest.Enterprise::get_Id()
FNDA:0,System.Int32 WileyWidgetTest.Enterprise::get_Id()
DA:17,0
FN:23,System.String WileyWidgetTest.Enterprise::get_Name()
FNDA:0,System.String WileyWidgetTest.Enterprise::get_Name()
DA:24,0
FN:31,System.Decimal WileyWidgetTest.Enterprise::get_CurrentRate()
FNDA:0,System.Decimal WileyWidgetTest.Enterprise::get_CurrentRate()
DA:32,0
FN:39,System.Decimal WileyWidgetTest.Enterprise::get_MonthlyExpenses()
FNDA:0,System.Decimal WileyWidgetTest.Enterprise::get_MonthlyExpenses()
DA:40,0
FN:47,System.Decimal WileyWidgetTest.Enterprise::get_MonthlyRevenue()
FNDA:0,System.Decimal WileyWidgetTest.Enterprise::get_MonthlyRevenue()
DA:48,0
FN:55,System.Int32 WileyWidgetTest.Enterprise::get_CitizenCount()
FNDA:0,System.Int32 WileyWidgetTest.Enterprise::get_CitizenCount()
DA:56,0
FN:61,System.String WileyWidgetTest.Enterprise::get_Notes()
FNDA:0,System.String WileyWidgetTest.Enterprise::get_Notes()
DA:62,0
FN:66,System.Collections.Generic.ICollection`1<WileyWidgetTest.BudgetInteraction> WileyWidgetTest.Enterprise::get_BudgetInteractions()
FNDA:0,System.Collections.Generic.ICollection`1<WileyWidgetTest.BudgetInteraction> WileyWidgetTest.Enterprise::get_BudgetInteractions()
DA:67,0
FN:74,System.Decimal WileyWidgetTest.Enterprise::get_MonthlyBalance()
FNDA:0,System.Decimal WileyWidgetTest.Enterprise::get_MonthlyBalance()
DA:75,0
FN:84,System.Decimal WileyWidgetTest.Enterprise::get_MonthlyDeficit()
FNDA:0,System.Decimal WileyWidgetTest.Enterprise::get_MonthlyDeficit()
DA:85,0
FN:92,System.Decimal WileyWidgetTest.Enterprise::get_Deficit()
FNDA:0,System.Decimal WileyWidgetTest.Enterprise::get_Deficit()
DA:93,0
FN:101,System.String WileyWidgetTest.Enterprise::get_BudgetStatus()
FNDA:0,System.String WileyWidgetTest.Enterprise::get_BudgetStatus()
DA:102,0
DA:103,0
DA:104,0
DA:105,0
DA:106,0
DA:108,0
DA:109,0
BRDA:103,19,0,0
BRDA:103,19,1,0
BRDA:105,47,0,0
BRDA:105,47,1,0
FN:117,System.Decimal WileyWidgetTest.Enterprise::get_BreakEvenRate()
FNDA:0,System.Decimal WileyWidgetTest.Enterprise::get_BreakEvenRate()
DA:118,0
BRDA:118,8,0,0
BRDA:118,8,1,0
FN:127,System.Decimal WileyWidgetTest.Enterprise::get_ProfitMargin()
FNDA:0,System.Decimal WileyWidgetTest.Enterprise::get_ProfitMargin()
DA:128,0
DA:129,0
DA:130,0
DA:131,0
BRDA:129,19,0,0
BRDA:129,19,1,0
FN:139,System.Decimal WileyWidgetTest.Enterprise::get_RevenuePerCitizen()
FNDA:0,System.Decimal WileyWidgetTest.Enterprise::get_RevenuePerCitizen()
DA:140,0
BRDA:140,8,0,0
BRDA:140,8,1,0
FN:149,System.Decimal WileyWidgetTest.Enterprise::get_ExpenseRatio()
FNDA:0,System.Decimal WileyWidgetTest.Enterprise::get_ExpenseRatio()
DA:150,0
DA:151,0
DA:152,0
DA:153,0
BRDA:151,19,0,0
BRDA:151,19,1,0
FN:159,System.String WileyWidgetTest.Enterprise::get_QboClassId()
FNDA:0,System.String WileyWidgetTest.Enterprise::get_QboClassId()
DA:160,0
FN:164,WileyWidgetTest.QboSyncStatus WileyWidgetTest.Enterprise::get_QboSyncStatus()
FNDA:0,WileyWidgetTest.QboSyncStatus WileyWidgetTest.Enterprise::get_QboSyncStatus()
DA:165,0
FN:169,System.Nullable`1<System.DateTime> WileyWidgetTest.Enterprise::get_QboLastSync()
FNDA:0,System.Nullable`1<System.DateTime> WileyWidgetTest.Enterprise::get_QboLastSync()
DA:170,0
LF:31
LH:0
BRF:12
BRH:0
FNF:19
FNH:0
end_of_record
SF:C:\Users\biges\Desktop\Wiley_Widget\Enterprise.cs
FN:8,System.Decimal Wiley_Widget.Enterprise::get_CurrentRate()
FNDA:0,System.Decimal Wiley_Widget.Enterprise::get_CurrentRate()
DA:9,0
FN:10,System.Decimal Wiley_Widget.Enterprise::get_MonthlyRevenue()
FNDA:0,System.Decimal Wiley_Widget.Enterprise::get_MonthlyRevenue()
DA:11,0
FN:11,System.Decimal Wiley_Widget.Enterprise::get_MonthlyExpenses()
FNDA:0,System.Decimal Wiley_Widget.Enterprise::get_MonthlyExpenses()
DA:12,0
FN:14,System.Boolean Wiley_Widget.Enterprise/<Validate>d__12::MoveNext()
FNDA:0,System.Boolean Wiley_Widget.Enterprise/<Validate>d__12::MoveNext()
DA:15,0
DA:16,0
DA:17,0
DA:18,0
DA:19,0
DA:20,0
BRDA:16,75,0,0
BRDA:16,75,1,0
BRDA:18,146,0,0
BRDA:18,146,1,0
LF:9
LH:0
BRF:4
BRH:0
FNF:4
FNH:0
end_of_record
SF:C:\Users\biges\Desktop\Wiley_Widget\App.xaml.cs
FN:35,System.String WileyWidget.ApplicationEnricher::get_CorrelationId()
FNDA:0,System.String WileyWidget.ApplicationEnricher::get_CorrelationId()
DA:36,0
BRDA:36,11,0,0
BRDA:36,11,1,0
FN:36,System.Void WileyWidget.ApplicationEnricher::set_CorrelationId(System.String)
FNDA:0,System.Void WileyWidget.ApplicationEnricher::set_CorrelationId(System.String)
DA:37,0
FN:44,System.String WileyWidget.ApplicationEnricher::get_OperationId()
FNDA:0,System.String WileyWidget.ApplicationEnricher::get_OperationId()
DA:45,0
BRDA:45,11,0,0
BRDA:45,11,1,0
FN:45,System.Void WileyWidget.ApplicationEnricher::set_OperationId(System.String)
FNDA:0,System.Void WileyWidget.ApplicationEnricher::set_OperationId(System.String)
DA:46,0
FN:53,System.String WileyWidget.ApplicationEnricher::get_UserId()
FNDA:0,System.String WileyWidget.ApplicationEnricher::get_UserId()
DA:54,0
FN:54,System.Void WileyWidget.ApplicationEnricher::set_UserId(System.String)
FNDA:0,System.Void WileyWidget.ApplicationEnricher::set_UserId(System.String)
DA:55,0
FN:61,System.Void WileyWidget.ApplicationEnricher::Enrich(Serilog.Events.LogEvent,Serilog.Core.ILogEventPropertyFactory)
FNDA:0,System.Void WileyWidget.ApplicationEnricher::Enrich(Serilog.Events.LogEvent,Serilog.Core.ILogEventPropertyFactory)
DA:62,0
DA:64,0
DA:65,0
DA:68,0
DA:69,0
DA:70,0
DA:71,0
DA:74,0
DA:75,0
DA:76,0
DA:79,0
DA:80,0
DA:81,0
BRDA:68,64,0,0
BRDA:68,64,1,0
FN:26,System.Void WileyWidget.ApplicationEnricher::.cctor()
FNDA:0,System.Void WileyWidget.ApplicationEnricher::.cctor()
DA:27,0
DA:28,0
DA:29,0
FN:92,System.IDisposable WileyWidget.StructuredLogger::BeginOperation(System.String,System.String)
FNDA:0,System.IDisposable WileyWidget.StructuredLogger::BeginOperation(System.String,System.String)
DA:93,0
DA:94,0
DA:95,0
DA:97,0
DA:98,0
DA:99,0
DA:100,0
DA:101,0
DA:103,0
DA:104,0
BRDA:94,3,0,0
BRDA:94,3,1,0
FN:109,System.Void WileyWidget.StructuredLogger::LogPerformance(System.String,System.TimeSpan,System.Int64)
FNDA:0,System.Void WileyWidget.StructuredLogger::LogPerformance(System.String,System.TimeSpan,System.Int64)
DA:110,0
DA:111,0
DA:112,0
DA:113,0
DA:114,0
DA:115,0
DA:116,0
DA:117,0
FN:122,System.Void WileyWidget.StructuredLogger::LogUserAction(System.String,System.String,System.Object)
FNDA:0,System.Void WileyWidget.StructuredLogger::LogUserAction(System.String,System.String,System.Object)
DA:123,0
DA:124,0
DA:125,0
DA:126,0
DA:127,0
DA:128,0
DA:129,0
DA:130,0
FN:135,System.Void WileyWidget.StructuredLogger::LogThemeChange(System.String,System.String,System.Boolean)
FNDA:0,System.Void WileyWidget.StructuredLogger::LogThemeChange(System.String,System.String,System.Boolean)
DA:136,0
DA:137,0
DA:138,0
DA:139,0
DA:140,0
DA:141,0
DA:142,0
DA:143,0
DA:144,0
FN:149,System.Void WileyWidget.StructuredLogger::LogSyncfusionOperation(System.String,System.String,System.Object)
FNDA:0,System.Void WileyWidget.StructuredLogger::LogSyncfusionOperation(System.String,System.String,System.Object)
DA:150,0
DA:151,0
DA:152,0
DA:153,0
DA:154,0
DA:155,0
DA:156,0
DA:157,0
FN:175,System.Void WileyWidget.StructuredLogger/OperationScope::Dispose()
FNDA:0,System.Void WileyWidget.StructuredLogger/OperationScope::Dispose()
DA:176,0
DA:177,0
DA:179,0
DA:180,0
DA:181,0
DA:182,0
DA:183,0
DA:184,0
DA:185,0
FN:167,System.Void WileyWidget.StructuredLogger/OperationScope::.ctor(System.String,System.String)
FNDA:0,System.Void WileyWidget.StructuredLogger/OperationScope::.ctor(System.String,System.String)
DA:168,0
DA:169,0
DA:170,0
DA:171,0
DA:172,0
DA:173,0
FN:393,System.Void WileyWidget.App::OnStartup(System.Windows.StartupEventArgs)
FNDA:0,System.Void WileyWidget.App::OnStartup(System.Windows.StartupEventArgs)
DA:394,0
DA:396,0
DA:397,0
DA:398,0
DA:401,0
DA:404,0
DA:405,0
DA:408,0
DA:411,0
DA:414,0
DA:417,0
DA:418,0
DA:420,0
DA:421,0
DA:422,0
DA:423,0
DA:424,0
DA:426,0
DA:427,0
DA:428,0
FN:474,System.Void WileyWidget.App::LoadAndApplyUserSettings()
FNDA:0,System.Void WileyWidget.App::LoadAndApplyUserSettings()
DA:475,0
DA:477,0
DA:478,0
DA:481,0
DA:484,0
DA:485,0
DA:486,0
DA:487,0
DA:488,0
DA:490,0
DA:491,0
DA:492,0
DA:494,0
DA:495,0
DA:496,0
DA:497,0
DA:498,0
DA:500,0
DA:501,0
DA:502,0
BRDA:484,46,0,0
BRDA:484,46,1,0
FN:508,System.Void WileyWidget.App::ConfigureTestAutomationSupport()
FNDA:0,System.Void WileyWidget.App::ConfigureTestAutomationSupport()
DA:509,0
DA:511,0
DA:513,0
DA:514,0
DA:515,0
DA:516,0
DA:517,0
DA:518,0
DA:520,0
DA:521,0
DA:522,0
DA:523,0
DA:524,0
DA:525,0
DA:526,0
DA:527,0
DA:528,0
BRDA:514,27,0,0
BRDA:514,27,1,0
FN:545,System.Void WileyWidget.App::TryScheduleLicenseDialogAutoClose()
FNDA:0,System.Void WileyWidget.App::TryScheduleLicenseDialogAutoClose()
DA:546,0
DA:548,0
DA:549,0
DA:551,0
DA:552,0
DA:553,0
DA:554,0
DA:555,0
DA:557,0
DA:560,0
DA:561,0
DA:562,0
DA:563,0
DA:564,0
DA:565,0
DA:566,0
DA:567,0
DA:568,0
DA:569,0
DA:570,0
DA:571,0
DA:572,0
DA:573,0
DA:574,0
DA:575,0
DA:576,0
DA:577,0
DA:578,0
DA:579,0
DA:580,0
DA:581,0
DA:582,0
DA:583,0
DA:584,0
DA:585,0
DA:586,0
DA:587,0
DA:588,0
DA:589,0
DA:590,0
DA:591,0
DA:592,0
DA:593,0
DA:595,0
DA:596,0
DA:597,0
DA:598,0
DA:599,0
DA:600,0
DA:601,0
DA:602,0
BRDA:568,149,1,0
BRDA:570,70,0,0
BRDA:570,83,0,0
BRDA:570,70,1,0
BRDA:570,83,1,0
BRDA:570,107,0,0
BRDA:570,107,1,0
BRDA:568,149,0,0
BRDA:582,191,0,0
BRDA:582,191,1,0
FN:620,System.Void WileyWidget.App::OnExit(System.Windows.ExitEventArgs)
FNDA:0,System.Void WileyWidget.App::OnExit(System.Windows.ExitEventArgs)
DA:621,0
DA:623,0
DA:624,0
DA:625,0
DA:628,0
DA:631,0
DA:632,0
DA:634,0
DA:635,0
DA:636,0
DA:637,0
DA:639,0
DA:640,0
DA:642,0
DA:644,0
DA:645,0
DA:646,0
FN:652,System.Void WileyWidget.App::PerformFinalCleanup()
FNDA:0,System.Void WileyWidget.App::PerformFinalCleanup()
DA:653,0
DA:655,0
DA:656,0
DA:659,0
DA:660,0
DA:661,0
DA:662,0
DA:663,0
DA:666,0
DA:667,0
DA:669,0
DA:670,0
DA:671,0
DA:672,0
DA:673,0
DA:674,0
DA:675,0
BRDA:659,31,0,0
BRDA:659,31,1,0
BRDA:666,60,0,0
BRDA:666,60,1,0
FN:703,System.Void WileyWidget.App::LoadConfiguration()
FNDA:0,System.Void WileyWidget.App::LoadConfiguration()
DA:704,0
DA:706,0
DA:707,0
DA:709,0
DA:710,0
DA:712,0
DA:713,0
DA:714,0
DA:715,0
DA:717,0
DA:720,0
DA:722,0
DA:723,0
DA:724,0
DA:725,0
DA:726,0
DA:727,0
DA:728,0
DA:729,0
DA:731,0
FN:737,System.Void WileyWidget.App::ValidateConfiguration()
FNDA:0,System.Void WileyWidget.App::ValidateConfiguration()
DA:738,0
DA:740,0
DA:742,0
DA:743,0
DA:744,0
DA:745,0
DA:746,0
DA:748,0
DA:749,0
DA:750,0
DA:753,0
DA:754,0
DA:755,0
DA:756,0
DA:757,0
DA:759,0
DA:760,0
DA:761,0
DA:762,0
DA:763,0
DA:764,0
DA:765,0
DA:766,0
DA:767,0
BRDA:743,27,0,0
BRDA:743,27,1,0
BRDA:754,82,0,0
BRDA:754,82,1,0
FN:772,System.Void WileyWidget.App::RegisterSyncfusionLicense()
FNDA:0,System.Void WileyWidget.App::RegisterSyncfusionLicense()
DA:773,0
DA:774,0
DA:778,0
DA:779,0
DA:780,0
DA:781,0
DA:782,0
DA:783,0
DA:784,0
DA:787,0
DA:788,0
DA:789,0
DA:790,0
DA:791,0
DA:792,0
DA:793,0
DA:794,0
DA:799,0
DA:800,0
DA:801,0
DA:802,0
DA:803,0
DA:805,0
DA:806,0
DA:810,0
DA:812,0
DA:813,0
DA:814,0
DA:816,0
DA:817,0
DA:818,0
DA:819,0
DA:820,0
DA:821,0
DA:824,0
DA:825,0
DA:826,0
DA:827,0
DA:828,0
DA:829,0
DA:830,0
DA:831,0
DA:834,0
DA:835,0
DA:836,0
DA:837,0
DA:839,0
DA:840,0
DA:841,0
DA:842,0
BRDA:780,36,0,0
BRDA:780,36,1,0
BRDA:780,54,0,0
BRDA:780,54,1,0
BRDA:800,128,0,0
BRDA:800,128,1,0
BRDA:812,169,0,0
BRDA:812,184,0,0
BRDA:812,169,1,0
BRDA:812,184,1,0
BRDA:816,206,0,0
BRDA:816,206,1,0
BRDA:816,227,0,0
BRDA:816,227,1,0
BRDA:834,368,0,0
BRDA:834,368,1,0
FN:898,System.Void WileyWidget.App::ConfigureLogging()
FNDA:0,System.Void WileyWidget.App::ConfigureLogging()
DA:899,0
DA:901,0
DA:903,0
DA:905,0
DA:906,0
DA:909,0
DA:912,0
DA:913,0
DA:914,0
DA:915,0
DA:916,0
DA:917,0
DA:918,0
DA:919,0
DA:920,0
DA:921,0
DA:922,0
DA:923,0
DA:924,0
DA:925,0
DA:926,0
DA:927,0
DA:928,0
DA:929,0
DA:930,0
DA:931,0
DA:932,0
DA:933,0
DA:934,0
DA:935,0
DA:936,0
DA:937,0
DA:938,0
DA:939,0
DA:940,0
DA:941,0
DA:942,0
DA:943,0
DA:944,0
DA:945,0
DA:946,0
DA:947,0
DA:948,0
DA:949,0
DA:950,0
DA:951,0
DA:952,0
DA:953,0
DA:954,0
DA:955,0
DA:956,0
DA:957,0
DA:958,0
DA:959,0
DA:960,0
DA:961,0
DA:962,0
DA:963,0
DA:964,0
DA:965,0
DA:966,0
DA:967,0
DA:968,0
DA:969,0
DA:970,0
DA:971,0
DA:972,0
DA:973,0
DA:974,0
DA:975,0
DA:976,0
DA:977,0
DA:978,0
DA:979,0
DA:980,0
DA:981,0
DA:982,0
DA:983,0
DA:984,0
DA:985,0
DA:986,0
DA:987,0
DA:988,0
DA:989,0
DA:990,0
DA:991,0
DA:992,0
DA:993,0
DA:994,0
DA:995,0
DA:996,0
DA:997,0
DA:998,0
DA:999,0
DA:1000,0
DA:1001,0
DA:1002,0
DA:1003,0
DA:1004,0
DA:1005,0
DA:1006,0
DA:1007,0
DA:1008,0
DA:1009,0
DA:1010,0
DA:1011,0
DA:1012,0
DA:1013,0
DA:1014,0
DA:1015,0
DA:1016,0
DA:1017,0
DA:1018,0
DA:1019,0
DA:1020,0
DA:1021,0
DA:1022,0
DA:1023,0
DA:1024,0
DA:1025,0
DA:1026,0
DA:1027,0
DA:1028,0
DA:1029,0
DA:1030,0
DA:1031,0
DA:1033,0
DA:1034,0
DA:1035,0
DA:1036,0
DA:1037,0
DA:1038,0
DA:1039,0
DA:1040,0
DA:1041,0
DA:1042,0
DA:1043,0
DA:1044,0
DA:1045,0
DA:1046,0
DA:1048,0
DA:1052,0
DA:1053,0
DA:1054,0
DA:1055,0
DA:1056,0
DA:1057,0
DA:1058,0
DA:1059,0
DA:1061,0
DA:1062,0
DA:1063,0
DA:1064,0
DA:1065,0
DA:1067,0
DA:1068,0
DA:1069,0
DA:1070,0
BRDA:912,225,0,0
BRDA:912,225,1,0
BRDA:912,237,0,0
BRDA:912,237,1,0
BRDA:1053,1277,0,0
BRDA:1053,1277,1,0
BRDA:1053,1289,0,0
BRDA:1053,1289,1,0
FN:1095,System.Void WileyWidget.App::ConfigureGlobalExceptionHandling()
FNDA:0,System.Void WileyWidget.App::ConfigureGlobalExceptionHandling()
DA:1096,0
DA:1098,0
DA:1099,0
DA:1102,0
DA:1103,0
DA:1104,0
DA:1105,0
DA:1106,0
DA:1107,0
DA:1108,0
DA:1109,0
DA:1110,0
DA:1111,0
DA:1112,0
DA:1115,0
DA:1116,0
DA:1117,0
DA:1118,0
DA:1119,0
DA:1120,0
DA:1121,0
DA:1122,0
DA:1123,0
DA:1124,0
DA:1125,0
DA:1126,0
DA:1129,0
DA:1130,0
DA:1131,0
DA:1132,0
DA:1133,0
DA:1134,0
DA:1135,0
DA:1136,0
DA:1137,0
DA:1138,0
DA:1139,0
DA:1140,0
DA:1141,0
DA:1142,0
DA:1144,0
DA:1145,0
DA:1146,0
DA:1147,0
DA:1148,0
DA:1149,0
DA:1151,0
DA:1152,0
BRDA:1108,39,0,0
BRDA:1108,39,1,0
BRDA:1108,56,0,0
BRDA:1108,56,1,0
BRDA:1132,24,0,0
BRDA:1132,24,1,0
BRDA:1132,41,0,0
BRDA:1132,41,1,0
BRDA:1138,78,0,0
BRDA:1138,78,1,0
FN:1160,System.Void WileyWidget.App::ShowExceptionDialog(System.Exception,System.String)
FNDA:0,System.Void WileyWidget.App::ShowExceptionDialog(System.Exception,System.String)
DA:1161,0
DA:1163,0
DA:1164,0
DA:1165,0
DA:1166,0
DA:1167,0
DA:1170,0
DA:1171,0
DA:1173,0
DA:1174,0
DA:1175,0
DA:1176,0
DA:1177,0
DA:1178,0
DA:1179,0
FN:1199,System.Void WileyWidget.App::LogException(System.String,System.Exception)
FNDA:0,System.Void WileyWidget.App::LogException(System.String,System.Exception)
DA:1200,0
DA:1201,0
DA:1202,0
DA:1203,0
DA:1204,0
DA:1208,0
DA:1210,0
DA:1213,0
DA:1214,0
DA:1215,0
DA:1216,0
DA:1219,0
DA:1220,0
DA:1221,0
DA:1222,0
DA:1225,0
DA:1226,0
DA:1227,0
DA:1228,0
DA:1230,0
DA:1231,0
DA:1232,0
DA:1233,0
BRDA:1201,7,0,0
BRDA:1201,7,1,0
BRDA:1213,58,0,0
BRDA:1213,58,1,0
BRDA:1219,90,0,0
BRDA:1219,90,1,0
FN:1260,System.Boolean WileyWidget.App::TryLoadLicenseFromFile()
FNDA:0,System.Boolean WileyWidget.App::TryLoadLicenseFromFile()
DA:1261,0
DA:1263,0
DA:1264,0
DA:1265,0
DA:1267,0
DA:1268,0
DA:1270,0
DA:1271,0
DA:1272,0
DA:1273,0
DA:1277,0
DA:1279,0
DA:1280,0
DA:1281,0
DA:1282,0
DA:1285,0
DA:1286,0
DA:1287,0
DA:1288,0
DA:1291,0
DA:1294,0
DA:1296,0
DA:1297,0
DA:1299,0
DA:1300,0
DA:1301,0
DA:1302,0
DA:1304,0
DA:1305,0
DA:1306,0
DA:1307,0
DA:1309,0
DA:1310,0
DA:1311,0
DA:1312,0
DA:1314,0
BRDA:1270,59,0,0
BRDA:1270,59,1,0
BRDA:1279,104,0,0
BRDA:1279,104,1,0
BRDA:1285,140,0,0
BRDA:1285,140,1,0
FN:344,System.Void WileyWidget.App::.ctor()
FNDA:0,System.Void WileyWidget.App::.ctor()
DA:345,0
DA:346,0
DA:348,0
DA:351,0
DA:353,0
DA:354,0
DA:357,0
DA:358,0
DA:361,0
DA:364,0
DA:365,0
DA:366,0
DA:367,0
DA:368,0
DA:369,0
DA:371,0
DA:372,0
DA:374,0
FN:433,System.Void WileyWidget.App/<ConfigureDatabaseServices>d__5::MoveNext()
FNDA:0,System.Void WileyWidget.App/<ConfigureDatabaseServices>d__5::MoveNext()
DA:434,0
DA:436,0
DA:437,0
DA:440,0
DA:441,0
DA:442,0
DA:443,0
DA:444,0
DA:445,0
DA:448,0
DA:449,0
DA:452,0
DA:455,0
DA:458,0
DA:460,0
DA:461,0
DA:462,0
DA:463,0
DA:464,0
DA:467,0
DA:468,0
LF:635
LH:0
BRF:80
BRH:0
FNF:31
FNH:0
end_of_record
SF:C:\Users\biges\Desktop\Wiley_Widget\Configuration\LicenseKey.Private.sample.cs
FN:13,System.Boolean WileyWidget.App::TryRegisterEmbeddedLicense()
FNDA:0,System.Boolean WileyWidget.App::TryRegisterEmbeddedLicense()
DA:14,0
DA:21,0
DA:22,0
LF:3
LH:0
BRF:0
BRH:0
FNF:1
FNH:0
end_of_record
SF:C:\Users\biges\Desktop\Wiley_Widget\obj\Debug\net9.0-windows\App.g.cs
FN:48,System.Void WileyWidget.App::InitializeComponent()
FNDA:0,System.Void WileyWidget.App::InitializeComponent()
DA:49,0
DA:50,0
DA:51,0
DA:53,0
DA:54,0
BRDA:50,9,0,0
BRDA:50,9,1,0
LF:5
LH:0
BRF:2
BRH:0
FNF:1
FNH:0
end_of_record
SF:C:\Users\biges\Desktop\Wiley_Widget\App.xaml
FN:0,System.Void WileyWidget.App::InitializeComponent()
FNDA:0,System.Void WileyWidget.App::InitializeComponent()
DA:1,0
LF:1
LH:0
BRF:0
BRH:0
FNF:1
FNH:0
end_of_record
SF:C:\Users\biges\Desktop\Wiley_Widget\DatabaseSeeder.cs
FN:17,System.Void WileyWidget.DatabaseSeeder::Seed()
FNDA:5,System.Void WileyWidget.DatabaseSeeder::Seed()
DA:18,5
DA:20,5
DA:21,4
DA:22,4
DA:23,4
DA:24,4
DA:25,4
DA:26,4
DA:27,4
DA:28,4
DA:29,4
DA:30,4
DA:31,4
DA:32,4
DA:33,4
DA:34,4
DA:35,4
DA:36,4
DA:37,4
DA:38,4
DA:39,4
DA:40,4
DA:41,4
DA:42,4
DA:43,4
DA:44,4
DA:45,4
DA:46,4
DA:47,4
DA:48,4
DA:51,5
DA:52,4
DA:53,4
DA:54,104
DA:55,48
DA:56,48
DA:57,48
DA:58,48
DA:59,48
DA:60,48
DA:61,48
DA:62,48
DA:63,48
DA:64,48
DA:65,48
DA:66,48
DA:67,4
DA:70,5
DA:71,4
DA:72,4
DA:73,4
DA:74,4
DA:75,4
DA:76,4
DA:77,4
DA:78,4
DA:79,4
DA:80,4
DA:81,4
DA:82,4
DA:83,4
DA:84,4
DA:85,4
DA:86,4
DA:87,4
DA:88,4
DA:89,4
DA:90,4
DA:91,4
DA:92,4
DA:95,5
DA:96,5
DA:97,5
DA:98,5
DA:99,1
DA:100,1
DA:101,1
DA:102,1
DA:103,1
DA:104,1
DA:105,1
DA:106,1
DA:107,1
DA:108,1
DA:109,1
DA:110,1
DA:111,1
DA:112,5
DA:115,5
DA:116,4
DA:117,4
DA:118,4
DA:119,4
DA:120,4
DA:121,4
DA:122,4
DA:123,4
DA:124,4
DA:125,4
DA:126,4
DA:127,4
DA:128,4
DA:129,4
DA:130,4
DA:131,4
DA:132,4
DA:133,4
DA:134,4
DA:136,5
DA:137,5
BRDA:20,22,0,4
BRDA:20,22,1,5
BRDA:51,331,0,4
BRDA:54,657,1,48
BRDA:54,657,0,4
BRDA:51,331,1,5
BRDA:70,686,0,4
BRDA:70,686,1,5
BRDA:95,893,0,5
BRDA:98,1011,0,1
BRDA:98,1011,1,5
BRDA:95,893,1,5
BRDA:115,1168,0,4
BRDA:115,1168,1,5
FN:11,System.Void WileyWidget.DatabaseSeeder::.ctor(WileyWidget.Data.AppDbContext)
FNDA:6,System.Void WileyWidget.DatabaseSeeder::.ctor(WileyWidget.Data.AppDbContext)
DA:12,6
DA:13,6
DA:14,6
DA:15,6
LF:114
LH:114
BRF:14
BRH:14
FNF:2
FNH:2
end_of_record
SF:C:\Users\biges\Desktop\Wiley_Widget\Views\AboutWindow.xaml.cs
FN:20,System.Void WileyWidget.AboutWindow::OnClose(System.Object,System.Windows.RoutedEventArgs)
FNDA:0,System.Void WileyWidget.AboutWindow::OnClose(System.Object,System.Windows.RoutedEventArgs)
DA:21,0
FN:10,System.Void WileyWidget.AboutWindow::.ctor()
FNDA:0,System.Void WileyWidget.AboutWindow::.ctor()
DA:11,0
DA:12,0
DA:13,0
DA:14,0
DA:15,0
DA:16,0
DA:17,0
DA:18,0
BRDA:15,28,0,0
BRDA:15,28,1,0
BRDA:15,40,0,0
BRDA:15,55,0,0
BRDA:15,55,1,0
BRDA:15,67,0,0
BRDA:15,40,1,0
BRDA:15,67,1,0
LF:9
LH:0
BRF:8
BRH:0
FNF:2
FNH:0
end_of_record
SF:C:\Users\biges\Desktop\Wiley_Widget\Views\AboutWindow.xaml
FN:0,System.Void WileyWidget.AboutWindow::InitializeComponent()
FNDA:0,System.Void WileyWidget.AboutWindow::InitializeComponent()
DA:1,0
BRDA:1,9,0,0
BRDA:1,9,1,0
FN:15,System.Void WileyWidget.AboutWindow::System.Windows.Markup.IComponentConnector.Connect(System.Int32,System.Object)
FNDA:0,System.Void WileyWidget.AboutWindow::System.Windows.Markup.IComponentConnector.Connect(System.Int32,System.Object)
DA:16,0
BRDA:16,7,0,0
BRDA:16,7,1,0
BRDA:16,13,1,0
BRDA:16,13,0,0
LF:2
LH:0
BRF:6
BRH:0
FNF:2
FNH:0
end_of_record
SF:C:\Users\biges\Desktop\Wiley_Widget\Views\MainWindow.xaml.cs
FN:113,System.Void WileyWidget.MainWindow::InitializeSyncfusionControls()
FNDA:0,System.Void WileyWidget.MainWindow::InitializeSyncfusionControls()
DA:114,0
DA:115,0
DA:118,0
DA:120,0
DA:121,0
DA:122,0
DA:123,0
DA:124,0
DA:125,0
DA:126,0
DA:127,0
DA:129,0
DA:130,0
DA:131,0
DA:134,0
DA:136,0
DA:137,0
DA:138,0
DA:139,0
DA:140,0
DA:141,0
DA:143,0
BRDA:121,46,0,0
BRDA:121,46,1,0
FN:149,System.Void WileyWidget.MainWindow::LogSyncfusionControls(System.Windows.DependencyObject)
FNDA:0,System.Void WileyWidget.MainWindow::LogSyncfusionControls(System.Windows.DependencyObject)
DA:150,0
DA:151,0
DA:154,0
DA:155,0
DA:156,0
DA:157,0
DA:158,0
DA:159,0
DA:160,0
DA:163,0
DA:164,0
DA:165,0
DA:166,0
DA:167,0
DA:168,0
DA:169,0
DA:170,0
DA:171,0
DA:172,0
DA:173,0
DA:174,0
DA:175,0
DA:176,0
DA:177,0
DA:178,0
DA:179,0
DA:180,0
DA:181,0
DA:182,0
DA:183,0
DA:184,0
DA:187,0
DA:188,0
DA:189,0
DA:190,0
DA:191,0
DA:192,0
BRDA:151,7,1,0
BRDA:155,28,0,0
BRDA:155,28,1,0
BRDA:155,46,0,0
BRDA:157,70,0,0
BRDA:157,70,1,0
BRDA:157,82,0,0
BRDA:157,82,1,0
BRDA:157,97,0,0
BRDA:157,97,1,0
BRDA:163,134,0,0
BRDA:163,134,1,0
BRDA:170,198,0,0
BRDA:172,219,0,0
BRDA:172,219,1,0
BRDA:170,198,1,0
BRDA:177,261,0,0
BRDA:177,261,1,0
BRDA:155,46,1,0
BRDA:187,347,1,0
BRDA:151,7,0,0
BRDA:187,347,0,0
FN:196,System.Void WileyWidget.MainWindow::BuildDynamicColumns()
FNDA:0,System.Void WileyWidget.MainWindow::BuildDynamicColumns()
DA:197,0
DA:199,0
DA:200,0
DA:201,0
DA:202,0
DA:205,0
DA:206,0
DA:208,0
DA:209,0
DA:210,0
DA:211,0
DA:212,0
DA:214,0
DA:215,0
DA:216,0
DA:217,0
DA:218,0
DA:219,0
DA:220,0
DA:221,0
DA:222,0
DA:223,0
DA:224,0
DA:225,0
BRDA:201,15,0,0
BRDA:201,15,1,0
BRDA:202,28,0,0
BRDA:202,28,1,0
BRDA:202,46,0,0
BRDA:202,46,1,0
BRDA:206,78,0,0
BRDA:206,78,1,0
BRDA:211,198,1,0
BRDA:211,198,0,0
FN:231,System.Void WileyWidget.MainWindow::TryApplyTheme(System.String)
FNDA:0,System.Void WileyWidget.MainWindow::TryApplyTheme(System.String)
DA:232,0
DA:233,0
DA:234,0
DA:237,0
DA:238,0
DA:239,0
DA:242,0
DA:243,0
DA:244,0
DA:247,0
DA:249,0
DA:250,0
DA:252,0
DA:255,0
DA:256,0
DA:259,0
DA:261,0
DA:262,0
DA:263,0
DA:264,0
DA:265,0
DA:267,0
DA:268,0
DA:269,0
DA:272,0
DA:273,0
DA:275,0
DA:277,0
DA:279,0
DA:280,0
DA:281,0
DA:282,0
DA:283,0
DA:284,0
DA:285,0
DA:286,0
BRDA:234,19,0,0
BRDA:234,19,1,0
BRDA:267,190,0,0
BRDA:267,190,1,0
FN:291,System.Void WileyWidget.MainWindow::VerifySyncfusionThemeApplication(System.String)
FNDA:0,System.Void WileyWidget.MainWindow::VerifySyncfusionThemeApplication(System.String)
DA:292,0
DA:293,0
DA:296,0
DA:298,0
DA:299,0
DA:302,0
DA:303,0
DA:304,0
DA:305,0
DA:306,0
DA:308,0
DA:309,0
DA:310,0
DA:313,0
DA:315,0
DA:316,0
DA:317,0
DA:318,0
DA:319,0
DA:320,0
BRDA:299,27,0,0
BRDA:299,27,1,0
BRDA:299,39,0,0
BRDA:299,39,1,0
BRDA:302,54,0,0
BRDA:302,54,1,0
BRDA:302,73,0,0
BRDA:304,83,0,0
BRDA:304,83,1,0
BRDA:304,95,0,0
BRDA:304,95,1,0
BRDA:302,73,1,0
FN:325,System.Void WileyWidget.MainWindow::VerifySpecificSyncfusionControls(System.String)
FNDA:0,System.Void WileyWidget.MainWindow::VerifySpecificSyncfusionControls(System.String)
DA:326,0
DA:327,0
DA:330,0
DA:331,0
DA:332,0
DA:333,0
DA:334,0
DA:335,0
DA:337,0
DA:338,0
DA:339,0
DA:342,0
DA:343,0
DA:344,0
DA:345,0
DA:346,0
DA:347,0
DA:348,0
DA:349,0
DA:351,0
DA:352,0
DA:353,0
DA:356,0
DA:357,0
DA:358,0
DA:359,0
DA:360,0
DA:361,0
DA:362,0
DA:364,0
DA:365,0
DA:366,0
DA:367,0
BRDA:331,35,0,0
BRDA:334,51,0,0
BRDA:334,51,1,0
BRDA:334,63,0,0
BRDA:334,63,1,0
BRDA:331,35,1,0
BRDA:343,118,0,0
BRDA:346,136,0,0
BRDA:346,136,1,0
BRDA:346,149,0,0
BRDA:346,149,1,0
BRDA:347,180,0,0
BRDA:347,180,1,0
BRDA:343,118,1,0
BRDA:356,229,0,0
BRDA:359,252,0,0
BRDA:359,252,1,0
BRDA:359,265,0,0
BRDA:359,265,1,0
BRDA:356,229,1,0
FN:372,System.Void WileyWidget.MainWindow::LogCurrentThemeState()
FNDA:0,System.Void WileyWidget.MainWindow::LogCurrentThemeState()
DA:373,0
DA:374,0
DA:377,0
DA:379,0
DA:380,0
DA:381,0
DA:382,0
DA:383,0
DA:384,0
DA:385,0
DA:387,0
DA:388,0
DA:389,0
DA:392,0
DA:393,0
DA:396,0
DA:397,0
DA:399,0
DA:400,0
DA:401,0
DA:402,0
DA:403,0
DA:404,0
BRDA:380,25,0,0
BRDA:387,131,0,0
BRDA:387,131,1,0
BRDA:380,25,1,0
BRDA:393,171,0,0
BRDA:393,171,1,0
BRDA:393,183,0,0
BRDA:393,183,1,0
BRDA:396,218,0,0
BRDA:396,218,1,0
BRDA:396,227,0,0
BRDA:396,227,1,0
BRDA:396,239,0,0
BRDA:396,239,1,0
BRDA:383,7,0,0
BRDA:383,7,1,0
BRDA:384,7,0,0
BRDA:384,7,1,0
FN:410,System.Void WileyWidget.MainWindow::ApplyWpfTheme(System.String)
FNDA:0,System.Void WileyWidget.MainWindow::ApplyWpfTheme(System.String)
DA:411,0
DA:412,0
DA:414,0
DA:415,0
DA:416,0
DA:417,0
DA:418,0
DA:421,0
DA:424,0
DA:425,0
DA:426,0
DA:428,0
DA:429,0
DA:431,0
DA:432,0
DA:433,0
DA:434,0
DA:435,0
DA:436,0
DA:439,0
DA:440,0
DA:441,0
DA:442,0
DA:443,0
DA:444,0
DA:446,0
DA:449,0
DA:450,0
DA:451,0
DA:452,0
DA:454,0
DA:455,0
DA:458,0
DA:459,0
DA:460,0
DA:462,0
DA:463,0
DA:465,0
DA:466,0
DA:467,0
DA:468,0
DA:469,0
DA:472,0
DA:473,0
BRDA:415,45,0,0
BRDA:415,45,1,0
BRDA:431,236,1,0
BRDA:433,174,0,0
BRDA:433,174,1,0
BRDA:433,186,0,0
BRDA:433,186,1,0
BRDA:431,236,0,0
BRDA:439,279,0,0
BRDA:439,279,1,0
BRDA:439,293,1,0
BRDA:439,293,0,0
BRDA:425,7,0,0
BRDA:425,7,1,0
BRDA:459,7,0,0
BRDA:459,7,1,0
FN:475,System.String WileyWidget.MainWindow::NormalizeTheme(System.String)
FNDA:0,System.String WileyWidget.MainWindow::NormalizeTheme(System.String)
DA:476,0
DA:477,0
DA:478,0
DA:479,0
DA:480,0
DA:481,0
DA:482,0
DA:483,0
DA:484,0
DA:485,0
BRDA:477,9,0,0
BRDA:477,9,1,0
BRDA:479,52,0,0
BRDA:479,52,1,0
BRDA:479,65,1,0
BRDA:479,65,0,0
FN:488,System.Void WileyWidget.MainWindow::OnFluentDark(System.Object,System.Windows.RoutedEventArgs)
FNDA:0,System.Void WileyWidget.MainWindow::OnFluentDark(System.Object,System.Windows.RoutedEventArgs)
DA:489,0
DA:490,0
DA:492,0
DA:493,0
DA:494,0
DA:496,0
DA:498,0
DA:499,0
DA:501,0
DA:502,0
DA:504,0
DA:505,0
DA:506,0
DA:507,0
BRDA:490,17,0,0
BRDA:490,17,1,0
FN:510,System.Void WileyWidget.MainWindow::OnFluentLight(System.Object,System.Windows.RoutedEventArgs)
FNDA:0,System.Void WileyWidget.MainWindow::OnFluentLight(System.Object,System.Windows.RoutedEventArgs)
DA:511,0
DA:512,0
DA:514,0
DA:515,0
DA:516,0
DA:518,0
DA:520,0
DA:521,0
DA:523,0
DA:524,0
DA:526,0
DA:527,0
DA:528,0
DA:529,0
BRDA:512,17,0,0
BRDA:512,17,1,0
FN:531,System.Void WileyWidget.MainWindow::UpdateThemeToggleVisuals()
FNDA:0,System.Void WileyWidget.MainWindow::UpdateThemeToggleVisuals()
DA:532,0
DA:533,0
DA:535,0
DA:536,0
DA:539,0
DA:540,0
DA:542,0
DA:543,0
DA:545,0
DA:546,0
DA:547,0
DA:548,0
DA:550,0
DA:551,0
DA:553,0
DA:554,0
DA:555,0
DA:557,0
DA:558,0
DA:559,0
DA:561,0
DA:562,0
DA:563,0
DA:564,0
DA:566,0
DA:567,0
DA:569,0
DA:570,0
DA:571,0
DA:573,0
DA:574,0
DA:575,0
DA:577,0
DA:578,0
BRDA:545,105,0,0
BRDA:548,126,0,0
BRDA:548,126,1,0
BRDA:551,169,0,0
BRDA:551,169,1,0
BRDA:553,229,0,0
BRDA:553,229,1,0
BRDA:553,247,0,0
BRDA:553,247,1,0
BRDA:553,259,0,0
BRDA:553,259,1,0
BRDA:545,105,1,0
BRDA:561,298,0,0
BRDA:564,319,0,0
BRDA:564,319,1,0
BRDA:567,362,0,0
BRDA:567,362,1,0
BRDA:569,422,0,0
BRDA:569,422,1,0
BRDA:569,440,0,0
BRDA:569,440,1,0
BRDA:569,452,0,0
BRDA:569,452,1,0
BRDA:561,298,1,0
FN:580,System.Void WileyWidget.MainWindow::OnAbout(System.Object,System.Windows.RoutedEventArgs)
FNDA:0,System.Void WileyWidget.MainWindow::OnAbout(System.Object,System.Windows.RoutedEventArgs)
DA:581,0
DA:582,0
DA:583,0
DA:584,0
FN:590,System.Void WileyWidget.MainWindow::RestoreWindowState()
FNDA:0,System.Void WileyWidget.MainWindow::RestoreWindowState()
DA:591,0
DA:592,0
DA:594,0
DA:596,0
DA:597,0
DA:599,0
DA:600,0
DA:601,0
DA:602,0
DA:603,0
DA:605,0
DA:606,0
DA:607,0
DA:609,0
DA:610,0
DA:611,0
DA:612,0
DA:613,0
DA:615,0
DA:616,0
DA:617,0
DA:619,0
DA:620,0
DA:621,0
DA:622,0
DA:623,0
DA:625,0
DA:626,0
DA:627,0
DA:629,0
DA:630,0
DA:631,0
DA:632,0
DA:633,0
DA:635,0
DA:636,0
DA:637,0
DA:639,0
DA:640,0
BRDA:599,126,0,0
BRDA:599,126,1,0
BRDA:609,199,0,0
BRDA:609,199,1,0
BRDA:619,274,0,0
BRDA:619,274,1,0
BRDA:629,349,0,0
BRDA:629,349,1,0
FN:645,System.Void WileyWidget.MainWindow::ApplyMaximized()
FNDA:0,System.Void WileyWidget.MainWindow::ApplyMaximized()
DA:646,0
DA:647,0
DA:649,0
DA:650,0
DA:652,0
DA:653,0
DA:655,0
DA:656,0
DA:657,0
DA:658,0
DA:659,0
DA:661,0
DA:662,0
DA:663,0
DA:665,0
DA:666,0
BRDA:655,59,0,0
BRDA:655,59,1,0
FN:671,System.Void WileyWidget.MainWindow::PersistWindowState()
FNDA:0,System.Void WileyWidget.MainWindow::PersistWindowState()
DA:672,0
DA:673,0
DA:675,0
DA:677,0
DA:678,0
DA:680,0
DA:681,0
DA:683,0
DA:684,0
DA:685,0
DA:686,0
DA:687,0
DA:688,0
DA:690,0
DA:691,0
DA:692,0
DA:694,0
DA:695,0
DA:696,0
DA:698,0
DA:699,0
DA:701,0
DA:702,0
BRDA:683,75,0,0
BRDA:683,75,1,0
FN:708,System.Void WileyWidget.MainWindow::InitializeBudgetDiagram()
FNDA:0,System.Void WileyWidget.MainWindow::InitializeBudgetDiagram()
DA:709,0
DA:710,0
DA:711,0
DA:712,0
DA:715,0
DA:716,0
DA:717,0
DA:719,0
DA:720,0
DA:722,0
DA:723,0
DA:724,0
DA:725,0
DA:726,0
DA:727,0
DA:730,0
DA:731,0
DA:734,0
DA:735,0
DA:737,0
DA:740,0
DA:741,0
DA:742,0
DA:744,0
DA:745,0
DA:747,0
DA:748,0
DA:749,0
DA:750,0
DA:752,0
DA:753,0
DA:754,0
DA:755,0
DA:756,0
DA:757,0
DA:758,0
DA:759,0
DA:761,0
DA:762,0
DA:764,0
DA:765,0
DA:767,0
DA:768,0
DA:769,0
DA:770,0
DA:771,0
DA:772,0
DA:773,0
DA:775,0
DA:776,0
DA:779,0
DA:780,0
DA:782,0
DA:783,0
DA:784,0
DA:785,0
DA:786,0
DA:788,0
DA:789,0
DA:790,0
DA:791,0
DA:793,0
DA:794,0
DA:795,0
DA:796,0
DA:797,0
DA:799,0
DA:800,0
DA:803,0
DA:804,0
DA:805,0
DA:806,0
DA:807,0
DA:808,0
DA:811,0
DA:812,0
DA:814,0
DA:815,0
DA:816,0
DA:817,0
DA:818,0
DA:820,0
DA:821,0
DA:822,0
DA:823,0
DA:824,0
DA:826,0
DA:827,0
DA:828,0
DA:829,0
DA:830,0
DA:832,0
DA:833,0
DA:835,0
DA:836,0
DA:839,0
DA:840,0
DA:842,0
DA:843,0
DA:844,0
DA:845,0
DA:846,0
DA:847,0
DA:848,0
DA:849,0
DA:850,0
BRDA:722,81,0,0
BRDA:722,81,1,0
BRDA:722,94,0,0
BRDA:722,94,1,0
BRDA:734,184,0,0
BRDA:734,184,1,0
BRDA:735,207,0,0
BRDA:735,207,1,0
BRDA:747,725,1,0
BRDA:761,550,0,0
BRDA:761,550,1,0
BRDA:764,596,0,0
BRDA:764,596,1,0
BRDA:764,617,0,0
BRDA:764,617,1,0
BRDA:768,688,0,0
BRDA:768,688,1,0
BRDA:747,725,0,0
BRDA:783,1338,1,0
BRDA:788,895,0,0
BRDA:793,935,0,0
BRDA:793,935,1,0
BRDA:793,966,0,0
BRDA:793,966,1,0
BRDA:799,1003,0,0
BRDA:811,1117,0,0
BRDA:811,1117,1,0
BRDA:814,1154,0,0
BRDA:814,1154,1,0
BRDA:814,1166,0,0
BRDA:814,1166,1,0
BRDA:814,1183,0,0
BRDA:814,1183,1,0
BRDA:814,1199,0,0
BRDA:814,1199,1,0
BRDA:814,1211,0,0
BRDA:814,1211,1,0
BRDA:814,1228,0,0
BRDA:814,1228,1,0
BRDA:799,1003,1,0
BRDA:788,895,1,0
BRDA:783,1338,0,0
BRDA:832,1370,0,0
BRDA:832,1370,1,0
BRDA:833,1395,0,0
BRDA:833,1395,1,0
FN:855,System.Void WileyWidget.MainWindow::OnBudgetInteractionsLoaded()
FNDA:0,System.Void WileyWidget.MainWindow::OnBudgetInteractionsLoaded()
DA:856,0
DA:857,0
DA:858,0
FN:1040,System.Void WileyWidget.MainWindow::OnLoadSettings(System.Object,System.Windows.RoutedEventArgs)
FNDA:0,System.Void WileyWidget.MainWindow::OnLoadSettings(System.Object,System.Windows.RoutedEventArgs)
DA:1041,0
DA:1043,0
DA:1044,0
DA:1047,0
DA:1048,0
DA:1049,0
DA:1050,0
DA:1051,0
DA:1052,0
DA:1055,0
DA:1056,0
DA:1057,0
DA:1059,0
DA:1060,0
DA:1061,0
DA:1063,0
DA:1064,0
DA:1065,0
DA:1066,0
DA:1069,0
DA:1070,0
DA:1071,0
DA:1072,0
DA:1073,0
DA:1074,0
DA:1077,0
DA:1078,0
DA:1079,0
DA:1080,0
DA:1082,0
DA:1083,0
DA:1084,0
DA:1085,0
DA:1086,0
DA:1087,0
DA:1088,0
DA:1089,0
DA:1090,0
BRDA:1047,45,0,0
BRDA:1047,45,1,0
BRDA:1056,113,0,0
BRDA:1056,113,1,0
BRDA:1069,242,0,0
BRDA:1069,242,1,0
FN:1095,System.Void WileyWidget.MainWindow::OnApplyTheme(System.Object,System.Windows.RoutedEventArgs)
FNDA:0,System.Void WileyWidget.MainWindow::OnApplyTheme(System.Object,System.Windows.RoutedEventArgs)
DA:1096,0
DA:1098,0
DA:1099,0
DA:1100,0
DA:1101,0
DA:1102,0
DA:1103,0
DA:1104,0
DA:1105,0
DA:1106,0
DA:1107,0
DA:1108,0
DA:1109,0
DA:1110,0
DA:1111,0
DA:1112,0
DA:1113,0
BRDA:1099,25,0,0
BRDA:1099,25,1,0
FN:1118,System.Void WileyWidget.MainWindow::OnRemoveApiKey(System.Object,System.Windows.RoutedEventArgs)
FNDA:0,System.Void WileyWidget.MainWindow::OnRemoveApiKey(System.Object,System.Windows.RoutedEventArgs)
DA:1119,0
DA:1121,0
DA:1122,0
DA:1123,0
DA:1124,0
DA:1125,0
DA:1126,0
DA:1128,0
DA:1129,0
DA:1130,0
DA:1132,0
DA:1133,0
DA:1135,0
DA:1136,0
DA:1137,0
DA:1140,0
DA:1141,0
DA:1142,0
DA:1144,0
DA:1145,0
DA:1146,0
DA:1148,0
DA:1149,0
DA:1150,0
DA:1151,0
DA:1152,0
DA:1153,0
DA:1154,0
DA:1155,0
DA:1156,0
DA:1157,0
DA:1158,0
DA:1159,0
BRDA:1128,27,0,0
BRDA:1132,47,0,0
BRDA:1132,47,1,0
BRDA:1128,27,1,0
FN:1164,System.Void WileyWidget.MainWindow::OnShowApiKeyInfo(System.Object,System.Windows.RoutedEventArgs)
FNDA:0,System.Void WileyWidget.MainWindow::OnShowApiKeyInfo(System.Object,System.Windows.RoutedEventArgs)
DA:1165,0
DA:1167,0
DA:1168,0
DA:1170,0
DA:1171,0
DA:1172,0
DA:1173,0
DA:1174,0
DA:1175,0
DA:1176,0
DA:1177,0
DA:1179,0
DA:1180,0
DA:1181,0
DA:1182,0
DA:1183,0
DA:1184,0
DA:1185,0
DA:1186,0
BRDA:1173,72,0,0
BRDA:1173,72,1,0
BRDA:1174,134,0,0
BRDA:1174,134,1,0
BRDA:1175,196,0,0
BRDA:1175,196,1,0
BRDA:1177,265,0,0
BRDA:1177,265,1,0
FN:1191,System.Void WileyWidget.MainWindow::OnOpenApiGuide(System.Object,System.Windows.RoutedEventArgs)
FNDA:0,System.Void WileyWidget.MainWindow::OnOpenApiGuide(System.Object,System.Windows.RoutedEventArgs)
DA:1192,0
DA:1194,0
DA:1195,0
DA:1197,0
DA:1198,0
DA:1200,0
DA:1201,0
DA:1202,0
DA:1203,0
DA:1204,0
DA:1205,0
DA:1207,0
DA:1208,0
DA:1209,0
DA:1210,0
DA:1211,0
DA:1212,0
DA:1213,0
DA:1214,0
DA:1215,0
DA:1216,0
BRDA:1197,36,0,0
BRDA:1197,36,1,0
FN:1225,System.Void WileyWidget.MainWindow::UpdateStatus(System.String,System.String)
FNDA:0,System.Void WileyWidget.MainWindow::UpdateStatus(System.String,System.String)
DA:1226,0
DA:1227,0
DA:1228,0
DA:1229,0
DA:1230,0
DA:1231,0
DA:1233,0
DA:1234,0
DA:1235,0
DA:1236,0
DA:1237,0
BRDA:1227,12,0,0
BRDA:1227,12,1,0
BRDA:1233,68,0,0
BRDA:1233,68,1,0
FN:93,System.Void WileyWidget.MainWindow::<.ctor>b__2_0(System.Object,System.Windows.RoutedEventArgs)
FNDA:0,System.Void WileyWidget.MainWindow::<.ctor>b__2_0(System.Object,System.Windows.RoutedEventArgs)
DA:94,0
FN:94,System.Void WileyWidget.MainWindow::<.ctor>b__2_1(System.Object,System.ComponentModel.CancelEventArgs)
FNDA:0,System.Void WileyWidget.MainWindow::<.ctor>b__2_1(System.Object,System.ComponentModel.CancelEventArgs)
DA:95,0
FN:64,System.Void WileyWidget.MainWindow::.ctor()
FNDA:0,System.Void WileyWidget.MainWindow::.ctor()
DA:65,0
DA:66,0
DA:67,0
DA:70,0
DA:71,0
DA:72,0
DA:73,0
DA:75,0
DA:76,0
DA:77,0
DA:79,0
DA:80,0
DA:81,0
DA:83,0
DA:84,0
DA:86,0
DA:87,0
DA:88,0
DA:89,0
DA:90,0
DA:92,0
DA:93,0
DA:97,0
DA:98,0
DA:100,0
DA:101,0
DA:102,0
DA:103,0
DA:104,0
DA:105,0
DA:107,0
BRDA:83,133,0,0
BRDA:83,133,1,0
BRDA:86,176,0,0
BRDA:86,176,1,0
FN:954,System.Void WileyWidget.MainWindow/<OnSaveSettings>d__23::MoveNext()
FNDA:0,System.Void WileyWidget.MainWindow/<OnSaveSettings>d__23::MoveNext()
DA:955,0
DA:957,0
DA:958,0
DA:961,0
DA:962,0
DA:963,0
DA:964,0
DA:965,0
DA:966,0
DA:969,0
DA:970,0
DA:971,0
DA:973,0
DA:974,0
DA:975,0
DA:977,0
DA:978,0
DA:980,0
DA:981,0
DA:982,0
DA:983,0
DA:984,0
DA:985,0
DA:987,0
DA:988,0
DA:989,0
DA:990,0
DA:992,0
DA:993,0
DA:994,0
DA:996,0
DA:997,0
DA:1000,0
DA:1001,0
DA:1002,0
DA:1003,0
DA:1006,0
DA:1007,0
DA:1008,0
DA:1009,0
DA:1011,0
DA:1012,0
DA:1013,0
DA:1014,0
DA:1016,0
DA:1017,0
DA:1018,0
DA:1019,0
DA:1021,0
DA:1022,0
DA:1023,0
DA:1024,0
DA:1026,0
DA:1027,0
DA:1028,0
DA:1029,0
DA:1030,0
DA:1031,0
DA:1032,0
DA:1033,0
DA:1034,0
DA:1035,0
BRDA:961,109,0,0
BRDA:961,109,1,0
BRDA:970,214,0,0
BRDA:974,357,0,0
BRDA:974,357,1,0
BRDA:987,515,0,0
BRDA:987,515,1,0
BRDA:970,214,1,0
BRDA:1000,704,0,0
BRDA:1000,704,1,0
BRDA:1006,767,0,0
BRDA:1006,767,1,0
BRDA:1011,820,0,0
BRDA:1011,820,1,0
BRDA:1016,873,0,0
BRDA:1016,873,1,0
BRDA:1021,926,0,0
BRDA:1021,926,1,0
FN:865,System.Void WileyWidget.MainWindow/<OnTestApiKey>d__21::MoveNext()
FNDA:0,System.Void WileyWidget.MainWindow/<OnTestApiKey>d__21::MoveNext()
DA:866,0
DA:868,0
DA:869,0
DA:870,0
DA:871,0
DA:872,0
DA:873,0
DA:876,0
DA:879,0
DA:881,0
DA:882,0
DA:883,0
DA:884,0
DA:887,0
DA:888,0
DA:889,0
DA:890,0
DA:891,0
DA:893,0
DA:894,0
DA:895,0
DA:896,0
DA:897,0
DA:899,0
DA:900,0
DA:901,0
DA:902,0
DA:903,0
DA:904,0
DA:905,0
DA:906,0
DA:907,0
DA:908,0
DA:909,0
BRDA:870,74,0,0
BRDA:870,74,1,0
BRDA:881,259,0,0
BRDA:893,335,0,0
BRDA:893,335,1,0
BRDA:881,259,1,0
FN:914,System.Void WileyWidget.MainWindow/<SaveApiKeySecurely>d__22::MoveNext()
FNDA:0,System.Void WileyWidget.MainWindow/<SaveApiKeySecurely>d__22::MoveNext()
DA:915,0
DA:917,0
DA:918,0
DA:921,0
DA:923,0
DA:924,0
DA:926,0
DA:927,0
DA:928,0
DA:930,0
DA:931,0
DA:934,0
DA:935,0
DA:937,0
DA:938,0
DA:939,0
DA:940,0
DA:941,0
DA:942,0
DA:943,0
DA:944,0
DA:945,0
DA:946,0
DA:948,0
DA:949,0
BRDA:923,72,0,0
BRDA:923,72,1,0
LF:795
LH:0
BRF:252
BRH:0
FNF:30
FNH:0
end_of_record
SF:C:\Users\biges\Desktop\Wiley_Widget\Views\MainWindow.xaml
FN:0,System.Void WileyWidget.MainWindow::InitializeComponent()
FNDA:0,System.Void WileyWidget.MainWindow::InitializeComponent()
DA:1,0
BRDA:1,9,0,0
BRDA:1,9,1,0
FN:27,System.Void WileyWidget.MainWindow::System.Windows.Markup.IComponentConnector.Connect(System.Int32,System.Object)
FNDA:0,System.Void WileyWidget.MainWindow::System.Windows.Markup.IComponentConnector.Connect(System.Int32,System.Object)
DA:28,0
DA:29,0
DA:39,0
DA:257,0
DA:302,0
DA:305,0
DA:308,0
DA:311,0
DA:314,0
DA:338,0
BRDA:28,8,1,0
BRDA:28,8,2,0
BRDA:28,8,3,0
BRDA:28,8,4,0
BRDA:28,8,5,0
BRDA:28,8,6,0
BRDA:28,8,7,0
BRDA:28,8,8,0
BRDA:28,8,9,0
BRDA:28,8,10,0
BRDA:28,8,11,0
BRDA:28,8,12,0
BRDA:28,8,13,0
BRDA:28,8,14,0
BRDA:28,8,15,0
BRDA:28,8,16,0
BRDA:28,8,17,0
BRDA:28,8,18,0
BRDA:28,8,19,0
BRDA:28,8,20,0
BRDA:28,8,21,0
BRDA:28,8,22,0
BRDA:28,8,23,0
BRDA:28,8,0,0
LF:11
LH:0
BRF:26
BRH:0
FNF:2
FNH:0
end_of_record
SF:C:\Users\biges\Desktop\Wiley_Widget\ViewModels\EnterpriseViewModel.cs
FN:29,System.Collections.ObjectModel.ObservableCollection`1<WileyWidget.Models.Enterprise> WileyWidget.ViewModels.EnterpriseViewModel::get_Enterprises()
FNDA:18,System.Collections.ObjectModel.ObservableCollection`1<WileyWidget.Models.Enterprise> WileyWidget.ViewModels.EnterpriseViewModel::get_Enterprises()
DA:30,18
FN:218,System.String WileyWidget.ViewModels.EnterpriseViewModel::GetBudgetSummary()
FNDA:0,System.String WileyWidget.ViewModels.EnterpriseViewModel::GetBudgetSummary()
DA:219,0
DA:220,0
DA:221,0
DA:223,0
DA:224,0
DA:225,0
DA:226,0
DA:227,0
DA:229,0
DA:230,0
DA:231,0
DA:232,0
DA:233,0
DA:234,0
DA:235,0
BRDA:220,19,0,0
BRDA:220,19,1,0
BRDA:229,411,0,0
BRDA:229,411,1,0
FN:240,System.Void WileyWidget.ViewModels.EnterpriseViewModel::CalculateBudgetMetrics()
FNDA:0,System.Void WileyWidget.ViewModels.EnterpriseViewModel::CalculateBudgetMetrics()
DA:241,0
DA:242,0
DA:243,0
DA:244,0
DA:245,0
DA:248,0
DA:249,0
DA:250,0
DA:251,0
DA:252,0
DA:253,0
DA:255,0
DA:256,0
DA:257,0
DA:258,0
BRDA:242,17,0,0
BRDA:242,17,1,0
FN:324,System.Void WileyWidget.ViewModels.EnterpriseViewModel::Dispose()
FNDA:11,System.Void WileyWidget.ViewModels.EnterpriseViewModel::Dispose()
DA:325,11
DA:326,11
DA:327,11
DA:328,11
FN:330,System.Void WileyWidget.ViewModels.EnterpriseViewModel::Dispose(System.Boolean)
FNDA:11,System.Void WileyWidget.ViewModels.EnterpriseViewModel::Dispose(System.Boolean)
DA:331,11
DA:332,11
DA:333,11
DA:334,11
DA:335,11
DA:336,11
DA:337,11
DA:338,11
DA:339,11
DA:340,11
BRDA:332,12,0,11
BRDA:334,18,0,11
BRDA:336,28,0,11
BRDA:336,28,1,0
BRDA:334,18,1,11
BRDA:332,12,1,11
FN:47,System.Void WileyWidget.ViewModels.EnterpriseViewModel::.ctor(WileyWidget.Data.IEnterpriseRepository)
FNDA:11,System.Void WileyWidget.ViewModels.EnterpriseViewModel::.ctor(WileyWidget.Data.IEnterpriseRepository)
DA:48,11
DA:54,11
DA:59,11
DA:60,11
DA:61,11
DA:62,11
DA:63,11
DA:67,11
DA:69,11
DA:70,11
DA:71,11
DA:72,11
DA:73,11
DA:74,11
DA:76,11
DA:77,0
DA:78,0
DA:79,11
DA:80,11
DA:81,11
DA:82,11
DA:83,11
DA:84,11
BRDA:61,45,0,0
BRDA:61,45,1,11
FN:147,System.Void WileyWidget.ViewModels.EnterpriseViewModel/<AddEnterpriseAsync>d__13::MoveNext()
FNDA:1,System.Void WileyWidget.ViewModels.EnterpriseViewModel/<AddEnterpriseAsync>d__13::MoveNext()
DA:148,1
DA:150,1
DA:151,1
DA:152,1
DA:153,1
DA:154,1
DA:155,1
DA:156,1
DA:157,1
DA:158,1
DA:160,1
DA:161,1
DA:162,1
DA:163,1
DA:164,0
DA:165,0
DA:167,0
DA:168,0
DA:169,1
FN:195,System.Void WileyWidget.ViewModels.EnterpriseViewModel/<DeleteEnterpriseAsync>d__15::MoveNext()
FNDA:0,System.Void WileyWidget.ViewModels.EnterpriseViewModel/<DeleteEnterpriseAsync>d__15::MoveNext()
DA:196,0
DA:197,0
DA:200,0
DA:201,0
DA:202,0
DA:203,0
DA:204,0
DA:205,0
DA:206,0
DA:207,0
DA:208,0
DA:209,0
DA:211,0
DA:212,0
DA:213,0
BRDA:197,31,0,0
BRDA:197,31,1,0
BRDA:202,196,0,0
BRDA:202,196,1,0
FN:299,System.Void WileyWidget.ViewModels.EnterpriseViewModel/<ExportForCpaAsync>d__19::MoveNext()
FNDA:0,System.Void WileyWidget.ViewModels.EnterpriseViewModel/<ExportForCpaAsync>d__19::MoveNext()
DA:300,0
DA:302,0
DA:304,0
DA:305,0
DA:306,0
DA:307,0
DA:308,0
DA:311,0
DA:313,0
DA:314,0
DA:315,0
DA:316,0
DA:317,0
DA:318,0
DA:319,0
FN:263,System.Void WileyWidget.ViewModels.EnterpriseViewModel/<GenerateBudgetInsightsAsync>d__18::MoveNext()
FNDA:0,System.Void WileyWidget.ViewModels.EnterpriseViewModel/<GenerateBudgetInsightsAsync>d__18::MoveNext()
DA:264,0
DA:265,0
DA:266,0
DA:267,0
DA:271,0
DA:272,0
DA:273,0
DA:276,0
DA:277,0
DA:278,0
DA:279,0
DA:282,0
DA:284,0
DA:285,0
DA:286,0
DA:287,0
DA:288,0
DA:290,0
DA:292,0
DA:293,0
DA:294,0
BRDA:276,341,1,0
BRDA:276,341,0,0
FN:90,System.Void WileyWidget.ViewModels.EnterpriseViewModel/<LoadEnterprisesAsync>d__11::MoveNext()
FNDA:0,System.Void WileyWidget.ViewModels.EnterpriseViewModel/<LoadEnterprisesAsync>d__11::MoveNext()
DA:91,0
DA:93,0
DA:94,0
DA:95,0
DA:97,0
DA:99,0
DA:100,0
DA:101,0
DA:102,0
DA:103,0
DA:104,0
DA:105,0
DA:108,0
DA:109,0
DA:111,0
DA:112,0
DA:113,0
DA:114,0
DA:115,0
DA:117,0
DA:119,0
DA:120,0
DA:121,0
DA:122,0
BRDA:100,378,1,0
BRDA:100,378,0,0
FN:175,System.Void WileyWidget.ViewModels.EnterpriseViewModel/<SaveEnterpriseAsync>d__14::MoveNext()
FNDA:0,System.Void WileyWidget.ViewModels.EnterpriseViewModel/<SaveEnterpriseAsync>d__14::MoveNext()
DA:176,0
DA:177,0
DA:180,0
DA:182,0
DA:183,0
DA:184,0
DA:185,0
DA:187,0
DA:188,0
DA:189,0
BRDA:177,31,0,0
BRDA:177,31,1,0
FN:127,System.Void WileyWidget.ViewModels.EnterpriseViewModel/<SaveEnterprisesAsync>d__12::MoveNext()
FNDA:0,System.Void WileyWidget.ViewModels.EnterpriseViewModel/<SaveEnterprisesAsync>d__12::MoveNext()
DA:128,0
DA:130,0
DA:131,0
DA:132,0
DA:133,0
DA:134,0
DA:135,0
DA:136,0
DA:137,0
DA:138,0
DA:139,0
DA:140,0
DA:141,0
BRDA:131,209,1,0
BRDA:131,209,0,0
LF:185
LH:51
BRF:26
BRH:6
FNF:13
FNH:5
end_of_record
SF:C:\Users\biges\Desktop\Wiley_Widget\ViewModels\MainViewModel.cs
FN:65,System.Collections.ObjectModel.ObservableCollection`1<WileyWidget.Models.Enterprise> WileyWidget.ViewModels.MainViewModel::get_Enterprises()
FNDA:6,System.Collections.ObjectModel.ObservableCollection`1<WileyWidget.Models.Enterprise> WileyWidget.ViewModels.MainViewModel::get_Enterprises()
DA:66,6
BRDA:66,7,0,0
BRDA:66,7,1,6
BRDA:66,19,0,0
BRDA:66,19,1,6
FN:68,WileyWidget.Models.Enterprise WileyWidget.ViewModels.MainViewModel::get_SelectedEnterprise()
FNDA:0,WileyWidget.Models.Enterprise WileyWidget.ViewModels.MainViewModel::get_SelectedEnterprise()
DA:69,0
BRDA:69,7,0,0
BRDA:69,7,1,0
FN:70,System.Void WileyWidget.ViewModels.MainViewModel::set_SelectedEnterprise(WileyWidget.Models.Enterprise)
FNDA:0,System.Void WileyWidget.ViewModels.MainViewModel::set_SelectedEnterprise(WileyWidget.Models.Enterprise)
DA:71,0
DA:72,0
DA:73,0
DA:74,0
BRDA:72,12,0,0
BRDA:72,12,1,0
FN:77,System.Collections.ObjectModel.ObservableCollection`1<WileyWidget.Models.BudgetInteraction> WileyWidget.ViewModels.MainViewModel::get_BudgetInteractions()
FNDA:11,System.Collections.ObjectModel.ObservableCollection`1<WileyWidget.Models.BudgetInteraction> WileyWidget.ViewModels.MainViewModel::get_BudgetInteractions()
DA:78,11
FN:79,WileyWidget.Models.BudgetInsights WileyWidget.ViewModels.MainViewModel::get_BudgetInsights()
FNDA:0,WileyWidget.Models.BudgetInsights WileyWidget.ViewModels.MainViewModel::get_BudgetInsights()
DA:80,0
BRDA:80,7,0,0
BRDA:80,7,1,0
BRDA:80,19,0,0
BRDA:80,19,1,0
FN:86,System.Collections.ObjectModel.ObservableCollection`1<WileyWidget.Models.Widget> WileyWidget.ViewModels.MainViewModel::get_Widgets()
FNDA:102,System.Collections.ObjectModel.ObservableCollection`1<WileyWidget.Models.Widget> WileyWidget.ViewModels.MainViewModel::get_Widgets()
DA:87,102
FN:93,System.Collections.ObjectModel.ObservableCollection`1<Intuit.Ipp.Data.Customer> WileyWidget.ViewModels.MainViewModel::get_QuickBooksCustomers()
FNDA:12,System.Collections.ObjectModel.ObservableCollection`1<Intuit.Ipp.Data.Customer> WileyWidget.ViewModels.MainViewModel::get_QuickBooksCustomers()
DA:94,12
FN:96,System.Collections.ObjectModel.ObservableCollection`1<Intuit.Ipp.Data.Invoice> WileyWidget.ViewModels.MainViewModel::get_QuickBooksInvoices()
FNDA:12,System.Collections.ObjectModel.ObservableCollection`1<Intuit.Ipp.Data.Invoice> WileyWidget.ViewModels.MainViewModel::get_QuickBooksInvoices()
DA:97,12
FN:104,System.Void WileyWidget.ViewModels.MainViewModel::SelectNext()
FNDA:3,System.Void WileyWidget.ViewModels.MainViewModel::SelectNext()
DA:105,3
DA:106,3
DA:107,1
DA:108,1
DA:109,1
DA:112,2
DA:113,0
DA:114,0
DA:115,0
DA:116,0
DA:117,0
DA:120,2
DA:121,2
DA:122,2
DA:124,2
DA:125,2
DA:126,3
BRDA:106,17,0,1
BRDA:106,17,1,2
BRDA:112,47,0,0
BRDA:112,47,1,2
FN:133,System.Void WileyWidget.ViewModels.MainViewModel::AddWidget()
FNDA:1,System.Void WileyWidget.ViewModels.MainViewModel::AddWidget()
DA:134,1
DA:135,1
DA:136,1
DA:137,1
DA:139,1
DA:140,1
DA:141,1
DA:142,1
DA:143,1
DA:144,1
DA:145,1
DA:147,1
DA:148,1
DA:150,1
DA:151,1
DA:152,1
DA:153,1
BRDA:135,12,0,1
BRDA:135,12,1,0
BRDA:136,47,0,0
BRDA:136,47,1,1
FN:197,System.Void WileyWidget.ViewModels.MainViewModel::InitializeDefaultWidgets()
FNDA:11,System.Void WileyWidget.ViewModels.MainViewModel::InitializeDefaultWidgets()
DA:198,11
DA:199,11
DA:200,11
DA:201,11
DA:202,11
DA:203,11
DA:205,11
DA:206,11
DA:207,11
DA:208,11
BRDA:199,17,0,11
BRDA:199,17,1,11
FN:402,System.Void WileyWidget.ViewModels.MainViewModel::TestConfigurationAsync()
FNDA:0,System.Void WileyWidget.ViewModels.MainViewModel::TestConfigurationAsync()
DA:403,0
DA:405,0
DA:406,0
DA:407,0
DA:409,0
DA:411,0
DA:412,0
DA:413,0
DA:414,0
DA:416,0
DA:417,0
DA:418,0
DA:419,0
DA:420,0
DA:421,0
DA:422,0
DA:423,0
DA:424,0
BRDA:407,25,0,0
BRDA:407,25,1,0
BRDA:411,60,0,0
BRDA:411,60,1,0
FN:459,System.Void WileyWidget.ViewModels.MainViewModel::RefreshDiagram()
FNDA:0,System.Void WileyWidget.ViewModels.MainViewModel::RefreshDiagram()
DA:460,0
DA:461,0
DA:464,0
DA:465,0
DA:466,0
FN:474,System.String WileyWidget.ViewModels.MainViewModel::get_BudgetSummary()
FNDA:0,System.String WileyWidget.ViewModels.MainViewModel::get_BudgetSummary()
DA:475,0
DA:476,0
DA:477,0
DA:478,0
DA:479,0
BRDA:476,8,0,0
BRDA:476,8,1,0
BRDA:476,20,0,0
BRDA:476,20,1,0
FN:625,System.Void WileyWidget.ViewModels.MainViewModel::ExportForCpa()
FNDA:0,System.Void WileyWidget.ViewModels.MainViewModel::ExportForCpa()
DA:626,0
DA:627,0
DA:628,0
DA:629,0
DA:630,0
DA:631,0
BRDA:627,12,0,0
BRDA:627,12,1,0
FN:636,System.Void WileyWidget.ViewModels.MainViewModel::Dispose()
FNDA:11,System.Void WileyWidget.ViewModels.MainViewModel::Dispose()
DA:637,11
DA:638,11
DA:639,11
DA:640,11
FN:646,System.Void WileyWidget.ViewModels.MainViewModel::Dispose(System.Boolean)
FNDA:11,System.Void WileyWidget.ViewModels.MainViewModel::Dispose(System.Boolean)
DA:647,11
DA:648,11
DA:649,11
DA:651,11
DA:652,11
DA:653,11
DA:654,11
DA:655,11
BRDA:648,4,0,11
BRDA:651,14,0,0
BRDA:651,14,1,11
BRDA:652,32,0,0
BRDA:652,32,1,11
BRDA:653,50,0,0
BRDA:653,50,1,11
BRDA:648,4,1,11
FN:660,System.Void WileyWidget.ViewModels.MainViewModel::Finalize()
FNDA:0,System.Void WileyWidget.ViewModels.MainViewModel::Finalize()
DA:661,0
DA:662,0
DA:663,0
FN:39,System.Void WileyWidget.ViewModels.MainViewModel::.ctor(Microsoft.Extensions.Configuration.IConfiguration,WileyWidget.Services.GrokSupercomputer,WileyWidget.Data.AppDbContext,WileyWidget.Data.IEnterpriseRepository,WileyWidget.Services.QuickBooksService,WileyWidget.Configuration.WpfMiddlewareService)
FNDA:11,System.Void WileyWidget.ViewModels.MainViewModel::.ctor(Microsoft.Extensions.Configuration.IConfiguration,WileyWidget.Services.GrokSupercomputer,WileyWidget.Data.AppDbContext,WileyWidget.Data.IEnterpriseRepository,WileyWidget.Services.QuickBooksService,WileyWidget.Configuration.WpfMiddlewareService)
DA:40,11
DA:41,11
DA:42,11
DA:43,11
DA:44,11
DA:45,11
DA:46,11
DA:47,11
DA:48,11
DA:50,11
DA:51,11
DA:52,11
DA:53,11
DA:54,11
DA:55,11
DA:58,11
DA:61,11
DA:63,11
DA:64,11
BRDA:50,66,0,0
BRDA:50,66,1,11
BRDA:55,119,0,0
BRDA:55,119,1,11
FN:158,System.Void WileyWidget.ViewModels.MainViewModel::.ctor()
FNDA:11,System.Void WileyWidget.ViewModels.MainViewModel::.ctor()
DA:159,11
DA:160,11
DA:161,11
DA:162,11
DA:163,11
DA:164,11
DA:165,11
DA:166,11
DA:168,11
DA:169,0
DA:171,0
DA:172,0
DA:173,0
DA:174,0
DA:176,0
DA:177,0
DA:180,0
DA:182,0
DA:183,0
DA:184,0
DA:185,0
DA:186,0
DA:187,0
DA:188,0
DA:189,0
DA:190,0
DA:191,0
DA:192,11
BRDA:168,44,0,0
BRDA:168,44,1,11
BRDA:168,60,0,0
BRDA:168,60,1,11
FN:213,System.Void WileyWidget.ViewModels.MainViewModel/<<LoadEnterprisesAsync>b__33_0>d::MoveNext()
FNDA:0,System.Void WileyWidget.ViewModels.MainViewModel/<<LoadEnterprisesAsync>b__33_0>d::MoveNext()
DA:214,0
DA:215,0
DA:216,0
DA:217,0
DA:218,0
DA:221,0
DA:222,0
DA:224,0
DA:225,0
DA:227,0
DA:228,0
DA:229,0
DA:230,0
DA:231,0
DA:233,0
DA:234,0
DA:235,0
DA:236,0
BRDA:215,31,0,0
BRDA:215,31,1,0
BRDA:227,224,0,0
BRDA:227,224,1,0
FN:240,System.Void WileyWidget.ViewModels.MainViewModel/<AddEnterpriseAsync>d__34::MoveNext()
FNDA:1,System.Void WileyWidget.ViewModels.MainViewModel/<AddEnterpriseAsync>d__34::MoveNext()
DA:241,1
DA:242,1
DA:243,0
DA:244,0
DA:245,0
DA:248,1
DA:249,1
DA:250,1
DA:251,1
BRDA:242,31,0,0
BRDA:242,31,1,1
FN:587,System.Void WileyWidget.ViewModels.MainViewModel/<AnalyzeBudgetWithGrokAsync>d__48::MoveNext()
FNDA:0,System.Void WileyWidget.ViewModels.MainViewModel/<AnalyzeBudgetWithGrokAsync>d__48::MoveNext()
DA:588,0
DA:589,0
DA:590,0
DA:591,0
DA:592,0
DA:595,0
DA:596,0
DA:597,0
DA:598,0
DA:601,0
DA:604,0
DA:605,0
DA:608,0
DA:611,0
DA:616,0
DA:617,0
DA:618,0
DA:619,0
DA:620,0
DA:621,0
DA:622,0
BRDA:589,32,0,0
BRDA:589,32,1,0
BRDA:595,67,0,0
BRDA:595,67,1,0
FN:356,System.Void WileyWidget.ViewModels.MainViewModel/<CrunchWithGrokAsync>d__38::MoveNext()
FNDA:0,System.Void WileyWidget.ViewModels.MainViewModel/<CrunchWithGrokAsync>d__38::MoveNext()
DA:357,0
DA:358,0
DA:359,0
DA:360,0
DA:361,0
DA:364,0
DA:365,0
DA:366,0
DA:367,0
DA:370,0
DA:373,0
DA:375,0
DA:378,0
DA:381,0
DA:382,0
DA:383,0
DA:384,0
DA:385,0
DA:388,0
DA:389,0
DA:390,0
DA:391,0
DA:393,0
DA:394,0
DA:395,0
DA:396,0
DA:397,0
DA:398,0
DA:399,0
BRDA:358,32,0,0
BRDA:358,32,1,0
BRDA:364,67,0,0
BRDA:364,67,1,0
BRDA:382,409,1,0
BRDA:382,409,0,0
FN:278,System.Void WileyWidget.ViewModels.MainViewModel/<DeleteEnterpriseAsync>d__36::MoveNext()
FNDA:0,System.Void WileyWidget.ViewModels.MainViewModel/<DeleteEnterpriseAsync>d__36::MoveNext()
DA:279,0
DA:280,0
DA:281,0
DA:282,0
DA:283,0
DA:286,0
DA:287,0
DA:288,0
DA:289,0
DA:290,0
DA:291,0
DA:293,0
DA:294,0
DA:295,0
DA:297,0
DA:298,0
DA:299,0
BRDA:280,34,0,0
BRDA:280,34,1,0
BRDA:287,86,0,0
BRDA:287,86,1,0
FN:427,System.Void WileyWidget.ViewModels.MainViewModel/<LoadBudgetInteractionsAsync>d__40::MoveNext()
FNDA:0,System.Void WileyWidget.ViewModels.MainViewModel/<LoadBudgetInteractionsAsync>d__40::MoveNext()
DA:428,0
DA:430,0
DA:431,0
DA:434,0
DA:435,0
DA:437,0
DA:438,0
DA:439,0
DA:440,0
DA:442,0
DA:443,0
DA:444,0
DA:445,0
DA:446,0
DA:447,0
DA:448,0
DA:450,0
DA:451,0
DA:452,0
DA:453,0
DA:454,0
DA:455,0
DA:456,0
BRDA:443,485,1,0
BRDA:443,485,0,0
FN:211,System.Void WileyWidget.ViewModels.MainViewModel/<LoadEnterprisesAsync>d__33::MoveNext()
FNDA:0,System.Void WileyWidget.ViewModels.MainViewModel/<LoadEnterprisesAsync>d__33::MoveNext()
DA:212,0
DA:213,0
DA:219,0
DA:220,0
DA:223,0
DA:226,0
DA:232,0
DA:237,0
FN:483,System.Void WileyWidget.ViewModels.MainViewModel/<LoadQuickBooksCustomersAsync>d__44::MoveNext()
FNDA:0,System.Void WileyWidget.ViewModels.MainViewModel/<LoadQuickBooksCustomersAsync>d__44::MoveNext()
DA:484,0
DA:485,0
DA:487,0
DA:488,0
DA:489,0
DA:490,0
DA:491,0
DA:492,0
DA:493,0
DA:494,0
DA:495,0
DA:496,0
DA:497,0
DA:498,0
DA:499,0
DA:501,0
DA:502,0
DA:503,0
DA:504,0
BRDA:485,31,0,0
BRDA:485,31,1,0
BRDA:491,287,1,0
BRDA:491,287,0,0
FN:507,System.Void WileyWidget.ViewModels.MainViewModel/<LoadQuickBooksInvoicesAsync>d__45::MoveNext()
FNDA:0,System.Void WileyWidget.ViewModels.MainViewModel/<LoadQuickBooksInvoicesAsync>d__45::MoveNext()
DA:508,0
DA:509,0
DA:511,0
DA:512,0
DA:513,0
DA:514,0
DA:515,0
DA:516,0
DA:517,0
DA:518,0
DA:519,0
DA:520,0
DA:521,0
DA:522,0
DA:523,0
DA:525,0
DA:526,0
DA:527,0
DA:528,0
BRDA:509,31,0,0
BRDA:509,31,1,0
BRDA:515,288,1,0
BRDA:515,288,0,0
FN:302,System.Void WileyWidget.ViewModels.MainViewModel/<RunGrokCrunchAsync>d__37::MoveNext()
FNDA:0,System.Void WileyWidget.ViewModels.MainViewModel/<RunGrokCrunchAsync>d__37::MoveNext()
DA:303,0
DA:304,0
DA:305,0
DA:306,0
DA:307,0
DA:310,0
DA:311,0
DA:312,0
DA:313,0
DA:316,0
DA:317,0
DA:320,0
DA:322,0
DA:323,0
DA:324,0
DA:325,0
DA:326,0
DA:327,0
DA:328,0
DA:329,0
DA:332,0
DA:333,0
DA:334,0
DA:337,0
DA:338,0
DA:339,0
DA:340,0
DA:341,0
DA:343,0
DA:344,0
DA:345,0
DA:346,0
DA:347,0
DA:348,0
DA:352,0
DA:353,0
BRDA:304,34,0,0
BRDA:304,34,1,0
BRDA:310,64,0,0
BRDA:310,64,1,0
BRDA:310,95,0,0
BRDA:310,95,1,0
BRDA:338,431,1,0
BRDA:338,431,0,0
FN:254,System.Void WileyWidget.ViewModels.MainViewModel/<SaveEnterpriseAsync>d__35::MoveNext()
FNDA:0,System.Void WileyWidget.ViewModels.MainViewModel/<SaveEnterpriseAsync>d__35::MoveNext()
DA:255,0
DA:256,0
DA:257,0
DA:258,0
DA:259,0
DA:262,0
DA:263,0
DA:264,0
DA:265,0
DA:266,0
DA:267,0
DA:269,0
DA:270,0
DA:271,0
DA:273,0
DA:274,0
DA:275,0
BRDA:256,34,0,0
BRDA:256,34,1,0
BRDA:263,86,0,0
BRDA:263,86,1,0
FN:557,System.Void WileyWidget.ViewModels.MainViewModel/<SyncBudgetInteractionsToQbo>d__47::MoveNext()
FNDA:0,System.Void WileyWidget.ViewModels.MainViewModel/<SyncBudgetInteractionsToQbo>d__47::MoveNext()
DA:558,0
DA:559,0
DA:561,0
DA:562,0
DA:563,0
DA:564,0
DA:565,0
DA:566,0
DA:567,0
DA:568,0
DA:569,0
DA:570,0
DA:571,0
DA:572,0
DA:573,0
DA:574,0
DA:575,0
DA:576,0
DA:577,0
DA:578,0
DA:579,0
DA:581,0
DA:582,0
DA:583,0
DA:584,0
BRDA:559,32,0,0
BRDA:559,32,1,0
BRDA:566,587,1,0
BRDA:568,401,0,0
BRDA:568,401,1,0
BRDA:569,435,0,0
BRDA:569,435,1,0
BRDA:566,587,0,0
FN:531,System.Void WileyWidget.ViewModels.MainViewModel/<SyncEnterprisesToQbo>d__46::MoveNext()
FNDA:0,System.Void WileyWidget.ViewModels.MainViewModel/<SyncEnterprisesToQbo>d__46::MoveNext()
DA:532,0
DA:533,0
DA:535,0
DA:536,0
DA:537,0
DA:538,0
DA:539,0
DA:540,0
DA:542,0
DA:543,0
DA:544,0
DA:545,0
DA:546,0
DA:547,0
DA:548,0
DA:549,0
DA:551,0
DA:552,0
DA:553,0
DA:554,0
BRDA:533,27,0,0
BRDA:533,27,1,0
BRDA:533,48,0,0
BRDA:533,48,1,0
BRDA:537,273,1,0
BRDA:537,273,0,0
LF:412
LH:91
BRF:104
BRH:19
FNF:33
FNH:13
end_of_record
SF:C:\Users\biges\Desktop\Wiley_Widget\Services\ApiKeyService.cs
FN:19,WileyWidget.Services.ApiKeyService WileyWidget.Services.ApiKeyService::get_Instance()
FNDA:0,WileyWidget.Services.ApiKeyService WileyWidget.Services.ApiKeyService::get_Instance()
DA:20,0
FN:53,System.String WileyWidget.Services.ApiKeyService::GetApiKey()
FNDA:0,System.String WileyWidget.Services.ApiKeyService::GetApiKey()
DA:54,0
DA:56,0
DA:58,0
DA:59,0
DA:60,0
DA:61,0
DA:62,0
DA:66,0
DA:67,0
DA:68,0
DA:69,0
DA:70,0
DA:74,0
DA:75,0
DA:76,0
DA:77,0
DA:78,0
DA:81,0
DA:82,0
DA:84,0
DA:85,0
DA:86,0
DA:87,0
DA:89,0
BRDA:59,24,0,0
BRDA:59,24,1,0
BRDA:67,73,0,0
BRDA:67,73,1,0
BRDA:75,112,0,0
BRDA:75,112,1,0
FN:94,System.Boolean WileyWidget.Services.ApiKeyService::StoreApiKey(System.String,WileyWidget.Services.StorageMethod)
FNDA:0,System.Boolean WileyWidget.Services.ApiKeyService::StoreApiKey(System.String,WileyWidget.Services.StorageMethod)
DA:95,0
DA:96,0
DA:97,0
DA:98,0
DA:99,0
DA:103,0
DA:104,0
DA:107,0
DA:110,0
DA:113,0
DA:118,0
DA:119,0
DA:120,0
DA:123,0
DA:124,0
DA:125,0
DA:126,0
DA:128,0
BRDA:96,9,0,0
BRDA:96,9,1,0
BRDA:104,34,2,0
BRDA:104,34,3,0
BRDA:104,34,4,0
BRDA:104,34,0,0
BRDA:104,34,1,0
BRDA:118,98,0,0
BRDA:118,98,1,0
BRDA:119,115,0,0
BRDA:119,115,1,0
FN:173,System.Boolean WileyWidget.Services.ApiKeyService::RemoveApiKey()
FNDA:0,System.Boolean WileyWidget.Services.ApiKeyService::RemoveApiKey()
DA:174,0
DA:176,0
DA:177,0
DA:180,0
DA:183,0
DA:184,0
DA:186,0
DA:187,0
DA:188,0
DA:189,0
DA:190,0
DA:191,0
DA:192,0
DA:193,0
DA:196,0
DA:197,0
DA:199,0
DA:200,0
DA:201,0
DA:202,0
DA:203,0
DA:204,0
DA:205,0
DA:206,0
DA:208,0
DA:209,0
DA:211,0
DA:212,0
DA:213,0
DA:214,0
DA:216,0
BRDA:183,30,0,0
BRDA:183,30,1,0
BRDA:196,70,0,0
BRDA:196,70,1,0
FN:221,WileyWidget.Services.ApiKeyInfo WileyWidget.Services.ApiKeyService::GetApiKeyInfo()
FNDA:0,WileyWidget.Services.ApiKeyInfo WileyWidget.Services.ApiKeyService::GetApiKeyInfo()
DA:222,0
DA:223,0
DA:224,0
DA:225,0
DA:226,0
DA:227,0
DA:228,0
DA:229,0
DA:230,0
FN:232,System.Boolean WileyWidget.Services.ApiKeyService::StoreInEnvironmentVariable(System.String)
FNDA:0,System.Boolean WileyWidget.Services.ApiKeyService::StoreInEnvironmentVariable(System.String)
DA:233,0
DA:235,0
DA:236,0
DA:237,0
DA:238,0
DA:240,0
DA:241,0
DA:242,0
DA:243,0
DA:245,0
FN:247,System.Boolean WileyWidget.Services.ApiKeyService::StoreInUserSecrets(System.String)
FNDA:0,System.Boolean WileyWidget.Services.ApiKeyService::StoreInUserSecrets(System.String)
DA:248,0
DA:250,0
DA:253,0
DA:254,0
DA:255,0
DA:256,0
DA:258,0
DA:259,0
DA:261,0
DA:262,0
DA:264,0
DA:265,0
DA:266,0
DA:267,0
DA:269,0
FN:271,System.Boolean WileyWidget.Services.ApiKeyService::StoreEncryptedLocally(System.String)
FNDA:0,System.Boolean WileyWidget.Services.ApiKeyService::StoreEncryptedLocally(System.String)
DA:272,0
DA:274,0
DA:275,0
DA:276,0
DA:277,0
DA:278,0
DA:280,0
DA:281,0
DA:282,0
DA:283,0
DA:285,0
FN:287,System.String WileyWidget.Services.ApiKeyService::LoadEncryptedApiKey()
FNDA:0,System.String WileyWidget.Services.ApiKeyService::LoadEncryptedApiKey()
DA:288,0
DA:290,0
DA:291,0
DA:292,0
DA:294,0
DA:295,0
DA:297,0
DA:298,0
DA:299,0
DA:301,0
BRDA:291,18,0,0
BRDA:291,18,1,0
FN:303,System.String WileyWidget.Services.ApiKeyService::EncryptString(System.String)
FNDA:0,System.String WileyWidget.Services.ApiKeyService::EncryptString(System.String)
DA:304,0
DA:305,0
DA:306,0
DA:307,0
DA:309,0
DA:310,0
DA:311,0
DA:312,0
DA:314,0
DA:315,0
DA:317,0
DA:318,0
DA:320,0
DA:321,0
FN:323,System.String WileyWidget.Services.ApiKeyService::DecryptString(System.String)
FNDA:0,System.String WileyWidget.Services.ApiKeyService::DecryptString(System.String)
DA:324,0
DA:326,0
DA:327,0
DA:328,0
DA:330,0
DA:331,0
DA:332,0
DA:334,0
DA:335,0
DA:336,0
DA:338,0
DA:339,0
DA:340,0
DA:341,0
DA:343,0
DA:345,0
DA:346,0
DA:347,0
DA:349,0
BRDA:328,25,0,0
BRDA:328,25,1,0
FN:27,System.Void WileyWidget.Services.ApiKeyService::.ctor()
FNDA:0,System.Void WileyWidget.Services.ApiKeyService::.ctor()
DA:28,0
DA:29,0
DA:31,0
DA:32,0
DA:33,0
DA:34,0
DA:35,0
DA:36,0
DA:38,0
DA:41,0
DA:42,0
DA:43,0
DA:45,0
DA:46,0
DA:47,0
FN:18,System.Void WileyWidget.Services.ApiKeyService::.cctor()
FNDA:0,System.Void WileyWidget.Services.ApiKeyService::.cctor()
DA:19,0
FN:133,System.Void WileyWidget.Services.ApiKeyService/<TestApiKeyAsync>d__11::MoveNext()
FNDA:0,System.Void WileyWidget.Services.ApiKeyService/<TestApiKeyAsync>d__11::MoveNext()
DA:134,0
DA:135,0
DA:136,0
DA:137,0
DA:138,0
DA:142,0
DA:144,0
DA:145,0
DA:146,0
DA:147,0
DA:148,0
DA:149,0
DA:150,0
DA:152,0
DA:155,0
DA:156,0
DA:157,0
DA:158,0
DA:160,0
DA:161,0
DA:163,0
DA:164,0
DA:165,0
DA:166,0
DA:168,0
BRDA:135,23,0,0
BRDA:135,23,1,0
BRDA:136,55,0,0
BRDA:136,55,1,0
BRDA:161,389,0,0
BRDA:161,389,1,0
FN:367,System.Boolean WileyWidget.Services.ApiKeyInfo::get_HasEnvironmentVariable()
FNDA:0,System.Boolean WileyWidget.Services.ApiKeyInfo::get_HasEnvironmentVariable()
DA:368,0
FN:368,System.Boolean WileyWidget.Services.ApiKeyInfo::get_HasUserSecrets()
FNDA:0,System.Boolean WileyWidget.Services.ApiKeyInfo::get_HasUserSecrets()
DA:369,0
FN:369,System.Boolean WileyWidget.Services.ApiKeyInfo::get_HasEncryptedStorage()
FNDA:0,System.Boolean WileyWidget.Services.ApiKeyInfo::get_HasEncryptedStorage()
DA:370,0
FN:370,System.Boolean WileyWidget.Services.ApiKeyInfo::get_IsValid()
FNDA:0,System.Boolean WileyWidget.Services.ApiKeyInfo::get_IsValid()
DA:371,0
LF:207
LH:0
BRF:31
BRH:0
FNF:18
FNH:0
end_of_record
SF:C:\Users\biges\Desktop\Wiley_Widget\Services\GrokDatabaseService.cs
FN:22,System.Void WileyWidget.Services.GrokDatabaseService::.ctor(WileyWidget.Data.AppDbContext,Microsoft.Extensions.Logging.ILogger`1<WileyWidget.Services.GrokDatabaseService>)
FNDA:11,System.Void WileyWidget.Services.GrokDatabaseService::.ctor(WileyWidget.Data.AppDbContext,Microsoft.Extensions.Logging.ILogger`1<WileyWidget.Services.GrokDatabaseService>)
DA:23,11
DA:24,11
DA:25,11
DA:26,11
DA:27,11
BRDA:25,11,0,0
BRDA:25,11,1,11
BRDA:26,33,0,0
BRDA:26,33,1,11
FN:254,System.Void WileyWidget.Services.GrokDatabaseService/<CleanupExpiredCacheAsync>d__12::MoveNext()
FNDA:0,System.Void WileyWidget.Services.GrokDatabaseService/<CleanupExpiredCacheAsync>d__12::MoveNext()
DA:255,0
DA:257,0
DA:258,0
DA:259,0
DA:260,0
DA:262,0
DA:263,0
DA:264,0
DA:265,0
DA:267,0
DA:268,0
DA:271,0
DA:273,0
DA:274,0
DA:275,0
DA:276,0
DA:278,0
BRDA:262,262,0,0
BRDA:262,262,1,0
FN:189,System.Void WileyWidget.Services.GrokDatabaseService/<CreateBudgetSnapshotAsync>d__10::MoveNext()
FNDA:0,System.Void WileyWidget.Services.GrokDatabaseService/<CreateBudgetSnapshotAsync>d__10::MoveNext()
DA:190,0
DA:192,0
DA:194,0
DA:195,0
DA:196,0
DA:198,0
DA:199,0
DA:200,0
DA:201,0
DA:204,0
DA:205,0
DA:206,0
DA:207,0
DA:208,0
DA:209,0
DA:210,0
DA:211,0
DA:212,0
DA:213,0
DA:215,0
DA:216,0
DA:218,0
DA:219,0
DA:221,0
DA:222,0
DA:223,0
DA:224,0
DA:226,0
BRDA:198,317,1,0
BRDA:198,317,0,0
BRDA:204,433,0,0
BRDA:204,433,1,0
FN:283,System.Void WileyWidget.Services.GrokDatabaseService/<GetAnalysisStatisticsAsync>d__13::MoveNext()
FNDA:0,System.Void WileyWidget.Services.GrokDatabaseService/<GetAnalysisStatisticsAsync>d__13::MoveNext()
DA:284,0
DA:286,0
DA:287,0
DA:288,0
DA:289,0
DA:290,0
DA:291,0
DA:292,0
DA:293,0
DA:294,0
DA:295,0
DA:296,0
DA:298,0
DA:300,0
DA:301,0
DA:302,0
DA:303,0
DA:305,0
FN:51,System.Void WileyWidget.Services.GrokDatabaseService/<GetCachedResponseAsync>d__4::MoveNext()
FNDA:0,System.Void WileyWidget.Services.GrokDatabaseService/<GetCachedResponseAsync>d__4::MoveNext()
DA:52,0
DA:54,0
DA:55,0
DA:56,0
DA:58,0
DA:59,0
DA:61,0
DA:62,0
DA:63,0
DA:65,0
DA:66,0
DA:68,0
DA:70,0
DA:71,0
DA:72,0
DA:73,0
DA:75,0
BRDA:58,355,0,0
BRDA:58,355,1,0
FN:144,System.Void WileyWidget.Services.GrokDatabaseService/<GetHistoricalBudgetsAsync>d__8::MoveNext()
FNDA:0,System.Void WileyWidget.Services.GrokDatabaseService/<GetHistoricalBudgetsAsync>d__8::MoveNext()
DA:145,0
DA:147,0
DA:148,0
DA:149,0
DA:150,0
DA:151,0
DA:153,0
DA:154,0
DA:156,0
DA:157,0
DA:158,0
DA:159,0
DA:161,0
FN:231,System.Void WileyWidget.Services.GrokDatabaseService/<GetRecommendationsForEnterpriseAsync>d__11::MoveNext()
FNDA:0,System.Void WileyWidget.Services.GrokDatabaseService/<GetRecommendationsForEnterpriseAsync>d__11::MoveNext()
DA:232,0
DA:234,0
DA:235,0
DA:236,0
DA:237,0
DA:238,0
DA:240,0
DA:241,0
DA:242,0
DA:244,0
DA:245,0
DA:246,0
DA:247,0
DA:249,0
FN:125,System.Void WileyWidget.Services.GrokDatabaseService/<LogAuditEntryAsync>d__7::MoveNext()
FNDA:0,System.Void WileyWidget.Services.GrokDatabaseService/<LogAuditEntryAsync>d__7::MoveNext()
DA:126,0
DA:128,0
DA:129,0
DA:130,0
DA:132,0
DA:133,0
DA:134,0
DA:135,0
DA:136,0
DA:138,0
DA:139,0
FN:32,System.Void WileyWidget.Services.GrokDatabaseService/<SaveAnalysisResultAsync>d__3::MoveNext()
FNDA:0,System.Void WileyWidget.Services.GrokDatabaseService/<SaveAnalysisResultAsync>d__3::MoveNext()
DA:33,0
DA:35,0
DA:36,0
DA:37,0
DA:39,0
DA:40,0
DA:41,0
DA:42,0
DA:43,0
DA:44,0
DA:46,0
FN:106,System.Void WileyWidget.Services.GrokDatabaseService/<SaveRecommendationsAsync>d__6::MoveNext()
FNDA:0,System.Void WileyWidget.Services.GrokDatabaseService/<SaveRecommendationsAsync>d__6::MoveNext()
DA:107,0
DA:109,0
DA:110,0
DA:111,0
DA:113,0
DA:114,0
DA:115,0
DA:116,0
DA:117,0
DA:118,0
DA:120,0
FN:80,System.Void WileyWidget.Services.GrokDatabaseService/<SaveResponseToCacheAsync>d__5::MoveNext()
FNDA:0,System.Void WileyWidget.Services.GrokDatabaseService/<SaveResponseToCacheAsync>d__5::MoveNext()
DA:81,0
DA:83,0
DA:84,0
DA:85,0
DA:86,0
DA:87,0
DA:88,0
DA:89,0
DA:91,0
DA:92,0
DA:94,0
DA:95,0
DA:96,0
DA:97,0
DA:98,0
DA:99,0
DA:101,0
FN:166,System.Void WileyWidget.Services.GrokDatabaseService/<UpdateEnterprisesWithAiResultsAsync>d__9::MoveNext()
FNDA:0,System.Void WileyWidget.Services.GrokDatabaseService/<UpdateEnterprisesWithAiResultsAsync>d__9::MoveNext()
DA:167,0
DA:169,0
DA:170,0
DA:171,0
DA:173,0
DA:174,0
DA:175,0
DA:176,0
DA:177,0
DA:178,0
DA:180,0
FN:312,System.Int32 WileyWidget.Services.AnalysisStatistics::get_TotalAnalyses()
FNDA:0,System.Int32 WileyWidget.Services.AnalysisStatistics::get_TotalAnalyses()
DA:313,0
FN:313,System.Int32 WileyWidget.Services.AnalysisStatistics::get_SuccessfulAnalyses()
FNDA:0,System.Int32 WileyWidget.Services.AnalysisStatistics::get_SuccessfulAnalyses()
DA:314,0
FN:314,System.Int32 WileyWidget.Services.AnalysisStatistics::get_FailedAnalyses()
FNDA:0,System.Int32 WileyWidget.Services.AnalysisStatistics::get_FailedAnalyses()
DA:315,0
FN:315,System.Int32 WileyWidget.Services.AnalysisStatistics::get_TotalRecommendations()
FNDA:0,System.Int32 WileyWidget.Services.AnalysisStatistics::get_TotalRecommendations()
DA:316,0
FN:316,System.Int32 WileyWidget.Services.AnalysisStatistics::get_PendingRecommendations()
FNDA:0,System.Int32 WileyWidget.Services.AnalysisStatistics::get_PendingRecommendations()
DA:317,0
FN:317,System.Int32 WileyWidget.Services.AnalysisStatistics::get_CacheEntries()
FNDA:0,System.Int32 WileyWidget.Services.AnalysisStatistics::get_CacheEntries()
DA:318,0
FN:318,System.Int32 WileyWidget.Services.AnalysisStatistics::get_AuditEntries()
FNDA:0,System.Int32 WileyWidget.Services.AnalysisStatistics::get_AuditEntries()
DA:319,0
FN:320,System.Double WileyWidget.Services.AnalysisStatistics::get_SuccessRate()
FNDA:0,System.Double WileyWidget.Services.AnalysisStatistics::get_SuccessRate()
DA:321,0
BRDA:321,7,0,0
BRDA:321,7,1,0
LF:181
LH:5
BRF:14
BRH:2
FNF:20
FNH:1
end_of_record
SF:C:\Users\biges\Desktop\Wiley_Widget\Services\GrokSupercomputer.cs
FN:148,System.String WileyWidget.Services.GrokSupercomputer::AnonymizeName(System.String)
FNDA:1,System.String WileyWidget.Services.GrokSupercomputer::AnonymizeName(System.String)
DA:149,1
DA:150,1
DA:152,1
DA:153,1
DA:154,1
DA:156,1
DA:157,1
DA:159,1
DA:160,1
FN:519,System.Threading.Tasks.Task`1<System.Collections.Generic.List`1<WileyWidget.Models.Enterprise>> WileyWidget.Services.GrokSupercomputer::ComputeEnterprisesAsync(System.Collections.Generic.List`1<WileyWidget.Models.Enterprise>)
FNDA:0,System.Threading.Tasks.Task`1<System.Collections.Generic.List`1<WileyWidget.Models.Enterprise>> WileyWidget.Services.GrokSupercomputer::ComputeEnterprisesAsync(System.Collections.Generic.List`1<WileyWidget.Models.Enterprise>)
DA:520,0
DA:521,0
DA:522,0
FN:1020,System.String WileyWidget.Services.GrokSupercomputer::GenerateTalkingPoints(System.Collections.Generic.List`1<WileyWidget.Models.Enterprise>,System.Int32,System.Decimal,System.Int32)
FNDA:0,System.String WileyWidget.Services.GrokSupercomputer::GenerateTalkingPoints(System.Collections.Generic.List`1<WileyWidget.Models.Enterprise>,System.Int32,System.Decimal,System.Int32)
DA:1021,0
DA:1023,0
DA:1024,0
DA:1025,0
DA:1026,0
DA:1027,0
DA:1028,0
DA:1029,0
DA:1030,0
DA:1031,0
DA:1032,0
DA:1033,0
DA:1039,0
DA:1040,0
DA:1041,0
DA:1042,0
DA:1043,0
DA:1044,0
DA:1045,0
DA:1046,0
DA:1047,0
DA:1048,0
DA:1049,0
DA:1050,0
DA:1051,0
DA:1052,0
DA:1053,0
DA:1054,0
DA:1055,0
DA:1058,0
DA:1060,0
DA:1061,0
BRDA:1030,243,0,0
BRDA:1030,243,1,0
FN:1074,System.Void WileyWidget.Services.GrokSupercomputer::Dispose()
FNDA:12,System.Void WileyWidget.Services.GrokSupercomputer::Dispose()
DA:1075,12
DA:1076,12
DA:1077,12
DA:1078,12
FN:1087,System.Void WileyWidget.Services.GrokSupercomputer::Dispose(System.Boolean)
FNDA:12,System.Void WileyWidget.Services.GrokSupercomputer::Dispose(System.Boolean)
DA:1088,12
DA:1089,12
DA:1090,12
DA:1091,12
DA:1092,12
DA:1093,12
DA:1094,12
DA:1095,12
DA:1096,12
DA:1097,12
DA:1098,12
BRDA:1089,12,0,12
BRDA:1091,18,0,12
BRDA:1091,18,1,12
BRDA:1089,12,1,12
FN:1103,System.String WileyWidget.Services.GrokSupercomputer::ComputeHash(System.String)
FNDA:0,System.String WileyWidget.Services.GrokSupercomputer::ComputeHash(System.String)
DA:1104,0
DA:1105,0
DA:1106,0
DA:1107,0
DA:1108,0
DA:1109,0
FN:246,<>f__AnonymousType7`5<System.String,System.Decimal,System.Decimal,System.Decimal,System.Int32> WileyWidget.Services.GrokSupercomputer::<CrunchNumbersAsync>b__12_1(WileyWidget.Models.Enterprise)
FNDA:0,<>f__AnonymousType7`5<System.String,System.Decimal,System.Decimal,System.Decimal,System.Int32> WileyWidget.Services.GrokSupercomputer::<CrunchNumbersAsync>b__12_1(WileyWidget.Models.Enterprise)
DA:247,0
DA:248,0
DA:249,0
DA:250,0
DA:251,0
DA:252,0
DA:253,0
FN:1035,System.String WileyWidget.Services.GrokSupercomputer::<GenerateTalkingPoints>g__formatCurrency|25_3(System.Decimal)
FNDA:0,System.String WileyWidget.Services.GrokSupercomputer::<GenerateTalkingPoints>g__formatCurrency|25_3(System.Decimal)
DA:1036,0
FN:75,System.Void WileyWidget.Services.GrokSupercomputer::.ctor(Microsoft.Extensions.Configuration.IConfiguration,Microsoft.Extensions.Logging.ILogger`1<WileyWidget.Services.GrokSupercomputer>,WileyWidget.Data.AppDbContext,WileyWidget.Services.GrokDatabaseService)
FNDA:23,System.Void WileyWidget.Services.GrokSupercomputer::.ctor(Microsoft.Extensions.Configuration.IConfiguration,Microsoft.Extensions.Logging.ILogger`1<WileyWidget.Services.GrokSupercomputer>,WileyWidget.Data.AppDbContext,WileyWidget.Services.GrokDatabaseService)
DA:76,23
DA:106,23
DA:107,23
DA:108,23
DA:109,23
DA:110,23
DA:111,23
DA:112,23
DA:113,23
DA:115,23
DA:116,23
DA:117,11
DA:118,11
DA:119,11
DA:122,12
DA:123,12
DA:124,12
DA:125,12
DA:126,12
DA:127,12
DA:129,12
DA:130,12
DA:131,12
BRDA:112,21,0,12
BRDA:112,21,1,23
BRDA:116,67,0,11
BRDA:116,67,1,12
FN:549,System.String WileyWidget.Services.GrokSupercomputer/HistoricalData::get_Year()
FNDA:0,System.String WileyWidget.Services.GrokSupercomputer/HistoricalData::get_Year()
DA:550,0
FN:550,System.Decimal WileyWidget.Services.GrokSupercomputer/HistoricalData::get_TotalExpenses()
FNDA:0,System.Decimal WileyWidget.Services.GrokSupercomputer/HistoricalData::get_TotalExpenses()
DA:551,0
FN:551,System.Decimal WileyWidget.Services.GrokSupercomputer/HistoricalData::get_TotalRevenue()
FNDA:0,System.Decimal WileyWidget.Services.GrokSupercomputer/HistoricalData::get_TotalRevenue()
DA:552,0
FN:834,System.Decimal WileyWidget.Services.GrokSupercomputer/BudgetAnalyticsResult::get_totalRevenue()
FNDA:0,System.Decimal WileyWidget.Services.GrokSupercomputer/BudgetAnalyticsResult::get_totalRevenue()
DA:835,0
FN:835,System.Decimal WileyWidget.Services.GrokSupercomputer/BudgetAnalyticsResult::get_totalExpenses()
FNDA:0,System.Decimal WileyWidget.Services.GrokSupercomputer/BudgetAnalyticsResult::get_totalExpenses()
DA:836,0
FN:836,System.Decimal WileyWidget.Services.GrokSupercomputer/BudgetAnalyticsResult::get_monthlyBalance()
FNDA:0,System.Decimal WileyWidget.Services.GrokSupercomputer/BudgetAnalyticsResult::get_monthlyBalance()
DA:837,0
FN:837,System.Int32 WileyWidget.Services.GrokSupercomputer/BudgetAnalyticsResult::get_totalCitizens()
FNDA:0,System.Int32 WileyWidget.Services.GrokSupercomputer/BudgetAnalyticsResult::get_totalCitizens()
DA:838,0
FN:838,System.String WileyWidget.Services.GrokSupercomputer/BudgetAnalyticsResult::get_status()
FNDA:0,System.String WileyWidget.Services.GrokSupercomputer/BudgetAnalyticsResult::get_status()
DA:839,0
FN:839,System.Decimal WileyWidget.Services.GrokSupercomputer/BudgetAnalyticsResult::get_averageRevenuePerCitizen()
FNDA:0,System.Decimal WileyWidget.Services.GrokSupercomputer/BudgetAnalyticsResult::get_averageRevenuePerCitizen()
DA:840,0
FN:840,System.Decimal WileyWidget.Services.GrokSupercomputer/BudgetAnalyticsResult::get_overallEfficiency()
FNDA:0,System.Decimal WileyWidget.Services.GrokSupercomputer/BudgetAnalyticsResult::get_overallEfficiency()
DA:841,0
FN:925,System.String WileyWidget.Services.GrokSupercomputer/BudgetInsightsResult::get_mainInsight()
FNDA:0,System.String WileyWidget.Services.GrokSupercomputer/BudgetInsightsResult::get_mainInsight()
DA:926,0
FN:926,System.Collections.Generic.List`1<System.String> WileyWidget.Services.GrokSupercomputer/BudgetInsightsResult::get_recommendations()
FNDA:0,System.Collections.Generic.List`1<System.String> WileyWidget.Services.GrokSupercomputer/BudgetInsightsResult::get_recommendations()
DA:927,0
FN:927,System.String WileyWidget.Services.GrokSupercomputer/BudgetInsightsResult::get_riskAssessment()
FNDA:0,System.String WileyWidget.Services.GrokSupercomputer/BudgetInsightsResult::get_riskAssessment()
DA:928,0
FN:928,System.String WileyWidget.Services.GrokSupercomputer/BudgetInsightsResult::get_opportunities()
FNDA:0,System.String WileyWidget.Services.GrokSupercomputer/BudgetInsightsResult::get_opportunities()
DA:929,0
FN:204,System.String WileyWidget.Services.GrokSupercomputer/<>c::<CrunchNumbersAsync>b__12_0(WileyWidget.Models.Enterprise)
FNDA:0,System.String WileyWidget.Services.GrokSupercomputer/<>c::<CrunchNumbersAsync>b__12_0(WileyWidget.Models.Enterprise)
DA:205,0
FN:322,<>f__AnonymousType10`2<System.String,System.Decimal> WileyWidget.Services.GrokSupercomputer/<>c::<CrunchNumbersAsync>b__12_3(WileyWidget.Models.Enterprise)
FNDA:0,<>f__AnonymousType10`2<System.String,System.Decimal> WileyWidget.Services.GrokSupercomputer/<>c::<CrunchNumbersAsync>b__12_3(WileyWidget.Models.Enterprise)
DA:323,0
FN:471,<>f__AnonymousType10`2<System.String,System.Decimal> WileyWidget.Services.GrokSupercomputer/<>c::<LocalFallbackCrunch>b__13_0(WileyWidget.Models.Enterprise)
FNDA:0,<>f__AnonymousType10`2<System.String,System.Decimal> WileyWidget.Services.GrokSupercomputer/<>c::<LocalFallbackCrunch>b__13_0(WileyWidget.Models.Enterprise)
DA:472,0
FN:575,WileyWidget.Services.GrokSupercomputer/HistoricalData WileyWidget.Services.GrokSupercomputer/<>c::<AnalyzeTrendsAsync>b__16_1(WileyWidget.Models.OverallBudget)
FNDA:0,WileyWidget.Services.GrokSupercomputer/HistoricalData WileyWidget.Services.GrokSupercomputer/<>c::<AnalyzeTrendsAsync>b__16_1(WileyWidget.Models.OverallBudget)
DA:576,0
DA:577,0
DA:578,0
DA:579,0
DA:580,0
DA:581,0
FN:598,WileyWidget.Services.GrokSupercomputer/HistoricalData WileyWidget.Services.GrokSupercomputer/<>c::<AnalyzeTrendsAsync>b__16_2(WileyWidget.Models.OverallBudget)
FNDA:0,WileyWidget.Services.GrokSupercomputer/HistoricalData WileyWidget.Services.GrokSupercomputer/<>c::<AnalyzeTrendsAsync>b__16_2(WileyWidget.Models.OverallBudget)
DA:599,0
DA:600,0
DA:601,0
DA:602,0
[...]
FNDA:0,System.Object WileyWidget.Converters.StatusToColorConverter::Convert(System.Object,System.Type,System.Object,System.Globalization.CultureInfo)
DA:60,0
DA:61,0
DA:62,0
DA:63,0
DA:64,0
DA:65,0
DA:66,0
DA:67,0
DA:68,0
DA:69,0
DA:71,0
DA:72,0
BRDA:61,14,0,0
BRDA:63,44,0,0
BRDA:63,57,0,0
BRDA:63,44,1,0
BRDA:63,57,1,0
BRDA:63,70,1,0
BRDA:63,70,0,0
BRDA:61,14,1,0
FN:77,System.Object WileyWidget.Converters.StatusToColorConverter::ConvertBack(System.Object,System.Type,System.Object,System.Globalization.CultureInfo)
FNDA:0,System.Object WileyWidget.Converters.StatusToColorConverter::ConvertBack(System.Object,System.Type,System.Object,System.Globalization.CultureInfo)
DA:78,0
DA:79,0
LF:26
LH:0
BRF:16
BRH:0
FNF:4
FNH:0
end_of_record
SF:C:\Users\biges\Desktop\Wiley_Widget\Configuration\DatabaseConfiguration.cs
FN:26,Microsoft.Extensions.DependencyInjection.IServiceCollection WileyWidget.Configuration.DatabaseConfiguration::AddDatabaseServices(Microsoft.Extensions.DependencyInjection.IServiceCollection,Microsoft.Extensions.Configuration.IConfiguration)
FNDA:10,Microsoft.Extensions.DependencyInjection.IServiceCollection WileyWidget.Configuration.DatabaseConfiguration::AddDatabaseServices(Microsoft.Extensions.DependencyInjection.IServiceCollection,Microsoft.Extensions.Configuration.IConfiguration)
DA:27,10
DA:29,10
DA:30,16
DA:31,16
DA:32,16
DA:33,16
DA:34,16
DA:35,10
DA:36,10
DA:37,16
DA:38,16
DA:39,10
DA:40,16
DA:41,3
DA:42,3
DA:43,3
DA:44,3
DA:45,10
DA:46,10
DA:47,10
DA:48,13
DA:49,10
DA:50,10
DA:51,13
DA:52,13
DA:53,13
DA:54,13
DA:55,26
DA:56,13
DA:57,10
DA:58,10
DA:59,10
DA:60,0
DA:61,0
DA:62,0
DA:63,0
DA:64,0
DA:65,0
DA:66,0
DA:67,0
DA:68,0
DA:69,0
DA:70,10
DA:71,10
DA:72,0
DA:73,0
DA:74,0
DA:75,10
DA:76,10
DA:77,10
DA:78,13
DA:79,23
DA:82,10
DA:85,10
DA:87,10
DA:88,10
BRDA:32,35,0,16
BRDA:32,55,0,16
BRDA:32,35,1,16
BRDA:32,55,1,16
BRDA:40,96,0,3
BRDA:40,96,1,13
BRDA:48,132,0,0
BRDA:48,145,0,0
BRDA:48,132,1,13
BRDA:48,145,1,0
BRDA:48,158,1,0
BRDA:48,158,0,0
FN:95,Microsoft.Extensions.DependencyInjection.IServiceCollection WileyWidget.Configuration.DatabaseConfiguration::AddApplicationServices(Microsoft.Extensions.DependencyInjection.IServiceCollection,Microsoft.Extensions.Configuration.IConfiguration)
FNDA:0,Microsoft.Extensions.DependencyInjection.IServiceCollection WileyWidget.Configuration.DatabaseConfiguration::AddApplicationServices(Microsoft.Extensions.DependencyInjection.IServiceCollection,Microsoft.Extensions.Configuration.IConfiguration)
DA:96,0
DA:98,0
DA:101,0
DA:102,0
DA:103,0
DA:104,0
DA:107,0
DA:110,0
DA:111,0
DA:112,0
DA:115,0
DA:116,0
DA:119,0
DA:120,0
DA:121,0
DA:123,0
DA:124,0
DA:125,0
DA:128,0
DA:129,0
DA:132,0
DA:133,0
DA:134,0
DA:137,0
DA:140,0
DA:143,0
DA:146,0
DA:148,0
DA:149,0
FN:154,System.Void WileyWidget.Configuration.DatabaseConfiguration::ConfigureDbContextOptions(Microsoft.EntityFrameworkCore.DbContextOptionsBuilder)
FNDA:13,System.Void WileyWidget.Configuration.DatabaseConfiguration::ConfigureDbContextOptions(Microsoft.EntityFrameworkCore.DbContextOptionsBuilder)
DA:155,13
DA:161,13
DA:162,13
DA:164,13
FN:170,System.Void WileyWidget.Configuration.DatabaseConfiguration/<EnsureDatabaseCreatedAsync>d__3::MoveNext()
FNDA:8,System.Void WileyWidget.Configuration.DatabaseConfiguration/<EnsureDatabaseCreatedAsync>d__3::MoveNext()
DA:171,8
DA:172,8
DA:173,8
DA:174,7
DA:177,6
DA:179,6
DA:180,6
DA:181,6
DA:183,6
DA:184,0
DA:186,0
DA:187,0
DA:189,6
DA:191,6
DA:192,5
DA:195,5
DA:196,5
DA:197,1
DA:198,1
DA:200,1
DA:203,1
DA:204,1
DA:205,1
DA:208,6
DA:210,6
DA:211,6
DA:212,5
BRDA:180,130,0,0
BRDA:180,130,1,6
BRDA:180,146,0,6
BRDA:180,155,0,0
BRDA:180,155,1,6
BRDA:180,146,1,0
BRDA:183,187,0,0
BRDA:183,187,1,6
LF:116
LH:71
BRF:20
BRH:11
FNF:4
FNH:3
end_of_record
SF:C:\Users\biges\Desktop\Wiley_Widget\Configuration\ExternalApiHealthCheck.cs
FN:17,System.Void WileyWidget.Configuration.ExternalApiHealthCheck::.ctor(System.Net.Http.HttpClient,Microsoft.Extensions.Configuration.IConfiguration)
FNDA:0,System.Void WileyWidget.Configuration.ExternalApiHealthCheck::.ctor(System.Net.Http.HttpClient,Microsoft.Extensions.Configuration.IConfiguration)
DA:18,0
DA:19,0
DA:20,0
DA:21,0
DA:22,0
BRDA:20,11,0,0
BRDA:20,11,1,0
BRDA:21,33,0,0
BRDA:21,33,1,0
FN:26,System.Void WileyWidget.Configuration.ExternalApiHealthCheck/<CheckHealthAsync>d__3::MoveNext()
FNDA:0,System.Void WileyWidget.Configuration.ExternalApiHealthCheck/<CheckHealthAsync>d__3::MoveNext()
DA:27,0
DA:29,0
DA:30,0
DA:31,0
DA:33,0
DA:34,0
DA:35,0
DA:39,0
DA:40,0
DA:42,0
DA:44,0
DA:45,0
DA:46,0
DA:49,0
DA:50,0
DA:53,0
DA:54,0
DA:55,0
DA:57,0
BRDA:31,77,0,0
BRDA:31,77,1,0
BRDA:33,103,0,0
BRDA:33,103,1,0
BRDA:44,360,0,0
BRDA:44,360,1,0
LF:24
LH:0
BRF:10
BRH:0
FNF:2
FNH:0
end_of_record
SF:C:\Users\biges\Desktop\Wiley_Widget\Configuration\HealthMonitoringService.cs
FN:17,System.Void WileyWidget.Configuration.HealthMonitoringService::.ctor(Microsoft.Extensions.Diagnostics.HealthChecks.HealthCheckService)
FNDA:0,System.Void WileyWidget.Configuration.HealthMonitoringService::.ctor(Microsoft.Extensions.Diagnostics.HealthChecks.HealthCheckService)
DA:18,0
DA:19,0
DA:20,0
DA:21,0
BRDA:20,11,0,0
BRDA:20,11,1,0
FN:70,System.Boolean WileyWidget.Configuration.HealthMonitoringService/<>c::<GetHealthSummaryAsync>b__3_0(System.Collections.Generic.KeyValuePair`2<System.String,Microsoft.Extensions.Diagnostics.HealthChecks.HealthReportEntry>)
FNDA:0,System.Boolean WileyWidget.Configuration.HealthMonitoringService/<>c::<GetHealthSummaryAsync>b__3_0(System.Collections.Generic.KeyValuePair`2<System.String,Microsoft.Extensions.Diagnostics.HealthChecks.HealthReportEntry>)
DA:71,0
FN:71,System.Boolean WileyWidget.Configuration.HealthMonitoringService/<>c::<GetHealthSummaryAsync>b__3_1(System.Collections.Generic.KeyValuePair`2<System.String,Microsoft.Extensions.Diagnostics.HealthChecks.HealthReportEntry>)
FNDA:0,System.Boolean WileyWidget.Configuration.HealthMonitoringService/<>c::<GetHealthSummaryAsync>b__3_1(System.Collections.Generic.KeyValuePair`2<System.String,Microsoft.Extensions.Diagnostics.HealthChecks.HealthReportEntry>)
DA:72,0
FN:72,System.Boolean WileyWidget.Configuration.HealthMonitoringService/<>c::<GetHealthSummaryAsync>b__3_2(System.Collections.Generic.KeyValuePair`2<System.String,Microsoft.Extensions.Diagnostics.HealthChecks.HealthReportEntry>)
FNDA:0,System.Boolean WileyWidget.Configuration.HealthMonitoringService/<>c::<GetHealthSummaryAsync>b__3_2(System.Collections.Generic.KeyValuePair`2<System.String,Microsoft.Extensions.Diagnostics.HealthChecks.HealthReportEntry>)
DA:73,0
FN:74,System.String WileyWidget.Configuration.HealthMonitoringService/<>c::<GetHealthSummaryAsync>b__3_3(System.Collections.Generic.KeyValuePair`2<System.String,Microsoft.Extensions.Diagnostics.HealthChecks.HealthReportEntry>)
FNDA:0,System.String WileyWidget.Configuration.HealthMonitoringService/<>c::<GetHealthSummaryAsync>b__3_3(System.Collections.Generic.KeyValuePair`2<System.String,Microsoft.Extensions.Diagnostics.HealthChecks.HealthReportEntry>)
DA:75,0
FN:75,WileyWidget.Configuration.HealthCheckResult WileyWidget.Configuration.HealthMonitoringService/<>c::<GetHealthSummaryAsync>b__3_4(System.Collections.Generic.KeyValuePair`2<System.String,Microsoft.Extensions.Diagnostics.HealthChecks.HealthReportEntry>)
FNDA:0,WileyWidget.Configuration.HealthCheckResult WileyWidget.Configuration.HealthMonitoringService/<>c::<GetHealthSummaryAsync>b__3_4(System.Collections.Generic.KeyValuePair`2<System.String,Microsoft.Extensions.Diagnostics.HealthChecks.HealthReportEntry>)
DA:76,0
DA:77,0
DA:78,0
DA:79,0
DA:80,0
DA:81,0
FN:26,System.Void WileyWidget.Configuration.HealthMonitoringService/<CheckHealthAsync>d__2::MoveNext()
FNDA:0,System.Void WileyWidget.Configuration.HealthMonitoringService/<CheckHealthAsync>d__2::MoveNext()
DA:27,0
DA:29,0
DA:30,0
DA:32,0
DA:33,0
DA:36,0
DA:37,0
DA:38,0
DA:39,0
DA:40,0
DA:41,0
DA:42,0
DA:43,0
DA:44,0
DA:45,0
DA:46,0
DA:47,0
DA:48,0
DA:50,0
DA:52,0
DA:53,0
DA:54,0
DA:55,0
DA:57,0
BRDA:36,424,1,0
BRDA:38,279,0,0
BRDA:38,279,1,0
BRDA:43,354,0,0
BRDA:43,354,1,0
BRDA:36,424,0,0
FN:62,System.Void WileyWidget.Configuration.HealthMonitoringService/<GetHealthSummaryAsync>d__3::MoveNext()
FNDA:0,System.Void WileyWidget.Configuration.HealthMonitoringService/<GetHealthSummaryAsync>d__3::MoveNext()
DA:63,0
DA:64,0
DA:66,0
DA:67,0
DA:68,0
DA:69,0
DA:70,0
DA:74,0
DA:82,0
DA:84,0
DA:85,0
FN:90,System.Void WileyWidget.Configuration.HealthMonitoringService/<IsHealthyAsync>d__4::MoveNext()
FNDA:0,System.Void WileyWidget.Configuration.HealthMonitoringService/<IsHealthyAsync>d__4::MoveNext()
DA:91,0
DA:92,0
DA:93,0
DA:94,0
FN:101,Microsoft.Extensions.Diagnostics.HealthChecks.HealthStatus WileyWidget.Configuration.HealthStatusSummary::get_OverallStatus()
FNDA:0,Microsoft.Extensions.Diagnostics.HealthChecks.HealthStatus WileyWidget.Configuration.HealthStatusSummary::get_OverallStatus()
DA:102,0
FN:102,System.TimeSpan WileyWidget.Configuration.HealthStatusSummary::get_TotalDuration()
FNDA:0,System.TimeSpan WileyWidget.Configuration.HealthStatusSummary::get_TotalDuration()
DA:103,0
FN:103,System.Int32 WileyWidget.Configuration.HealthStatusSummary::get_CheckCount()
FNDA:0,System.Int32 WileyWidget.Configuration.HealthStatusSummary::get_CheckCount()
DA:104,0
FN:104,System.Int32 WileyWidget.Configuration.HealthStatusSummary::get_HealthyCount()
FNDA:0,System.Int32 WileyWidget.Configuration.HealthStatusSummary::get_HealthyCount()
DA:105,0
FN:105,System.Int32 WileyWidget.Configuration.HealthStatusSummary::get_DegradedCount()
FNDA:0,System.Int32 WileyWidget.Configuration.HealthStatusSummary::get_DegradedCount()
DA:106,0
FN:106,System.Int32 WileyWidget.Configuration.HealthStatusSummary::get_UnhealthyCount()
FNDA:0,System.Int32 WileyWidget.Configuration.HealthStatusSummary::get_UnhealthyCount()
DA:107,0
FN:107,System.Collections.Generic.Dictionary`2<System.String,WileyWidget.Configuration.HealthCheckResult> WileyWidget.Configuration.HealthStatusSummary::get_CheckResults()
FNDA:0,System.Collections.Generic.Dictionary`2<System.String,WileyWidget.Configuration.HealthCheckResult> WileyWidget.Configuration.HealthStatusSummary::get_CheckResults()
DA:108,0
FN:115,Microsoft.Extensions.Diagnostics.HealthChecks.HealthStatus WileyWidget.Configuration.HealthCheckResult::get_Status()
FNDA:0,Microsoft.Extensions.Diagnostics.HealthChecks.HealthStatus WileyWidget.Configuration.HealthCheckResult::get_Status()
DA:116,0
FN:116,System.String WileyWidget.Configuration.HealthCheckResult::get_Description()
FNDA:0,System.String WileyWidget.Configuration.HealthCheckResult::get_Description()
DA:117,0
FN:117,System.TimeSpan WileyWidget.Configuration.HealthCheckResult::get_Duration()
FNDA:0,System.TimeSpan WileyWidget.Configuration.HealthCheckResult::get_Duration()
DA:118,0
LF:63
LH:0
BRF:8
BRH:0
FNF:19
FNH:0
end_of_record
SF:C:\Users\biges\Desktop\Wiley_Widget\Configuration\ServiceLocator.cs
FN:20,System.Void WileyWidget.Configuration.ServiceLocator::Initialize(System.IServiceProvider)
FNDA:11,System.Void WileyWidget.Configuration.ServiceLocator::Initialize(System.IServiceProvider)
DA:21,11
DA:22,11
DA:23,11
BRDA:22,3,0,0
BRDA:22,3,1,11
FN:28,T WileyWidget.Configuration.ServiceLocator::GetService()
FNDA:11,T WileyWidget.Configuration.ServiceLocator::GetService()
DA:29,11
DA:30,11
DA:31,0
DA:32,0
DA:35,11
DA:36,11
BRDA:30,11,0,0
BRDA:30,11,1,11
FN:41,T WileyWidget.Configuration.ServiceLocator::GetServiceOrDefault()
FNDA:55,T WileyWidget.Configuration.ServiceLocator::GetServiceOrDefault()
DA:42,55
DA:43,55
DA:44,0
DA:45,0
DA:49,55
DA:50,0
DA:51,0
DA:54,55
DA:55,55
BRDA:43,11,0,0
BRDA:43,11,1,55
BRDA:49,52,0,0
BRDA:49,52,1,55
FN:60,Microsoft.Extensions.DependencyInjection.IServiceScope WileyWidget.Configuration.ServiceLocator::CreateScope()
FNDA:0,Microsoft.Extensions.DependencyInjection.IServiceScope WileyWidget.Configuration.ServiceLocator::CreateScope()
DA:61,0
DA:62,0
DA:63,0
DA:64,0
DA:67,0
DA:68,0
BRDA:62,11,0,0
BRDA:62,11,1,0
LF:24
LH:12
BRF:10
BRH:4
FNF:4
FNH:3
end_of_record
SF:C:\Users\biges\Desktop\Wiley_Widget\Configuration\ServiceValidation.cs
FN:14,System.String WileyWidget.Configuration.XAiSettings::get_ApiKey()
FNDA:0,System.String WileyWidget.Configuration.XAiSettings::get_ApiKey()
DA:15,0
FN:18,System.String WileyWidget.Configuration.XAiSettings::get_BaseUrl()
FNDA:0,System.String WileyWidget.Configuration.XAiSettings::get_BaseUrl()
DA:19,0
FN:21,System.Int32 WileyWidget.Configuration.XAiSettings::get_TimeoutSeconds()
FNDA:0,System.Int32 WileyWidget.Configuration.XAiSettings::get_TimeoutSeconds()
DA:22,0
FN:24,System.Int32 WileyWidget.Configuration.XAiSettings::get_MaxRetries()
FNDA:0,System.Int32 WileyWidget.Configuration.XAiSettings::get_MaxRetries()
DA:25,0
FN:33,System.String WileyWidget.Configuration.DatabaseSettings::get_Provider()
FNDA:0,System.String WileyWidget.Configuration.DatabaseSettings::get_Provider()
DA:34,0
FN:37,System.String WileyWidget.Configuration.DatabaseSettings::get_ConnectionString()
FNDA:0,System.String WileyWidget.Configuration.DatabaseSettings::get_ConnectionString()
DA:38,0
FN:40,System.Int32 WileyWidget.Configuration.DatabaseSettings::get_CommandTimeout()
FNDA:0,System.Int32 WileyWidget.Configuration.DatabaseSettings::get_CommandTimeout()
DA:41,0
FN:43,System.Int32 WileyWidget.Configuration.DatabaseSettings::get_MaxRetryCount()
FNDA:0,System.Int32 WileyWidget.Configuration.DatabaseSettings::get_MaxRetryCount()
DA:44,0
FN:46,System.Int32 WileyWidget.Configuration.DatabaseSettings::get_MaxRetryDelaySeconds()
FNDA:0,System.Int32 WileyWidget.Configuration.DatabaseSettings::get_MaxRetryDelaySeconds()
DA:47,0
FN:57,Microsoft.Extensions.Options.ValidateOptionsResult WileyWidget.Configuration.ServiceValidation/XAiSettingsValidation::Validate(System.String,WileyWidget.Configuration.XAiSettings)
FNDA:0,Microsoft.Extensions.Options.ValidateOptionsResult WileyWidget.Configuration.ServiceValidation/XAiSettingsValidation::Validate(System.String,WileyWidget.Configuration.XAiSettings)
DA:58,0
DA:59,0
DA:60,0
DA:62,0
DA:63,0
DA:64,0
DA:65,0
DA:68,0
DA:69,0
BRDA:62,28,0,0
BRDA:62,28,1,0
BRDA:64,7,0,0
BRDA:64,7,1,0
FN:74,Microsoft.Extensions.Options.ValidateOptionsResult WileyWidget.Configuration.ServiceValidation/DatabaseSettingsValidation::Validate(System.String,WileyWidget.Configuration.DatabaseSettings)
FNDA:0,Microsoft.Extensions.Options.ValidateOptionsResult WileyWidget.Configuration.ServiceValidation/DatabaseSettingsValidation::Validate(System.String,WileyWidget.Configuration.DatabaseSettings)
DA:75,0
DA:76,0
DA:77,0
DA:79,0
DA:80,0
DA:81,0
DA:82,0
DA:85,0
DA:86,0
BRDA:79,28,0,0
BRDA:79,28,1,0
BRDA:81,7,0,0
BRDA:81,7,1,0
LF:27
LH:0
BRF:8
BRH:0
FNF:11
FNH:0
end_of_record
SF:C:\Users\biges\Desktop\Wiley_Widget\Configuration\WpfMiddleware.cs
FN:24,System.String WileyWidget.Configuration.WpfMiddlewareContext::get_OperationName()
FNDA:0,System.String WileyWidget.Configuration.WpfMiddlewareContext::get_OperationName()
DA:25,0
FN:25,System.Object WileyWidget.Configuration.WpfMiddlewareContext::get_Input()
FNDA:0,System.Object WileyWidget.Configuration.WpfMiddlewareContext::get_Input()
DA:26,0
FN:26,System.Object WileyWidget.Configuration.WpfMiddlewareContext::get_Output()
FNDA:0,System.Object WileyWidget.Configuration.WpfMiddlewareContext::get_Output()
DA:27,0
FN:27,System.Exception WileyWidget.Configuration.WpfMiddlewareContext::get_Exception()
FNDA:0,System.Exception WileyWidget.Configuration.WpfMiddlewareContext::get_Exception()
DA:28,0
FN:28,System.Collections.Generic.Dictionary`2<System.String,System.Object> WileyWidget.Configuration.WpfMiddlewareContext::get_Properties()
FNDA:0,System.Collections.Generic.Dictionary`2<System.String,System.Object> WileyWidget.Configuration.WpfMiddlewareContext::get_Properties()
DA:29,0
FN:29,System.Boolean WileyWidget.Configuration.WpfMiddlewareContext::get_Handled()
FNDA:0,System.Boolean WileyWidget.Configuration.WpfMiddlewareContext::get_Handled()
DA:30,0
FN:40,System.Void WileyWidget.Configuration.WpfMiddlewarePipeline::AddMiddleware(WileyWidget.Configuration.IWpfMiddleware)
FNDA:44,System.Void WileyWidget.Configuration.WpfMiddlewarePipeline::AddMiddleware(WileyWidget.Configuration.IWpfMiddleware)
DA:41,44
DA:42,44
DA:43,44
FN:37,System.Void WileyWidget.Configuration.WpfMiddlewarePipeline::.ctor()
FNDA:11,System.Void WileyWidget.Configuration.WpfMiddlewarePipeline::.ctor()
DA:38,11
FN:49,System.Void WileyWidget.Configuration.WpfMiddlewarePipeline/<>c__DisplayClass2_0/<<ExecuteAsync>g__Next|0>d::MoveNext()
FNDA:0,System.Void WileyWidget.Configuration.WpfMiddlewarePipeline/<>c__DisplayClass2_0/<<ExecuteAsync>g__Next|0>d::MoveNext()
DA:50,0
DA:51,0
DA:52,0
DA:53,0
DA:54,0
DA:55,0
DA:56,0
DA:57,0
BRDA:51,54,0,0
BRDA:51,54,1,0
FN:45,System.Void WileyWidget.Configuration.WpfMiddlewarePipeline/<ExecuteAsync>d__2::MoveNext()
FNDA:0,System.Void WileyWidget.Configuration.WpfMiddlewarePipeline/<ExecuteAsync>d__2::MoveNext()
DA:46,0
DA:47,0
DA:59,0
DA:60,0
FN:68,System.Void WileyWidget.Configuration.LoggingMiddleware/<ExecuteAsync>d__0::MoveNext()
FNDA:0,System.Void WileyWidget.Configuration.LoggingMiddleware/<ExecuteAsync>d__0::MoveNext()
DA:69,0
DA:70,0
DA:73,0
DA:74,0
DA:76,0
DA:78,0
DA:80,0
DA:81,0
DA:82,0
DA:83,0
DA:84,0
DA:86,0
DA:87,0
DA:88,0
DA:89,0
DA:90,0
DA:91,0
DA:92,0
DA:93,0
DA:94,0
DA:96,0
BRDA:80,186,0,0
BRDA:80,186,1,0
FN:104,System.Void WileyWidget.Configuration.ErrorHandlingMiddleware/<ExecuteAsync>d__0::MoveNext()
FNDA:0,System.Void WileyWidget.Configuration.ErrorHandlingMiddleware/<ExecuteAsync>d__0::MoveNext()
DA:105,0
DA:107,0
DA:108,0
DA:109,0
DA:110,0
DA:111,0
DA:112,0
DA:113,0
DA:115,0
DA:119,0
DA:121,0
FN:131,System.Void WileyWidget.Configuration.PerformanceMiddleware/<ExecuteAsync>d__1::MoveNext()
FNDA:0,System.Void WileyWidget.Configuration.PerformanceMiddleware/<ExecuteAsync>d__1::MoveNext()
DA:132,0
DA:133,0
DA:135,0
DA:137,0
DA:139,0
DA:140,0
DA:141,0
DA:142,0
DA:143,0
DA:144,0
BRDA:139,160,0,0
BRDA:139,160,1,0
FN:179,System.Collections.Generic.List`1<System.String> WileyWidget.Configuration.ValidationMiddleware::ValidateObject(System.Object)
FNDA:0,System.Collections.Generic.List`1<System.String> WileyWidget.Configuration.ValidationMiddleware::ValidateObject(System.Object)
DA:180,0
DA:181,0
DA:182,0
DA:183,0
DA:185,0
DA:186,0
DA:187,0
DA:188,0
DA:190,0
DA:191,0
BRDA:185,34,0,0
BRDA:185,34,1,0
BRDA:187,7,0,0
BRDA:187,7,1,0
FN:152,System.Void WileyWidget.Configuration.ValidationMiddleware/<ExecuteAsync>d__0::MoveNext()
FNDA:0,System.Void WileyWidget.Configuration.ValidationMiddleware/<ExecuteAsync>d__0::MoveNext()
DA:153,0
DA:155,0
DA:156,0
DA:157,0
DA:158,0
DA:159,0
DA:160,0
DA:161,0
DA:163,0
DA:165,0
DA:168,0
DA:169,0
DA:170,0
DA:171,0
DA:172,0
DA:173,0
DA:174,0
DA:175,0
DA:176,0
DA:177,0
BRDA:155,34,0,0
BRDA:158,78,0,0
BRDA:158,78,1,0
BRDA:155,34,1,0
BRDA:168,257,0,0
BRDA:171,303,0,0
BRDA:171,303,1,0
BRDA:168,257,1,0
FN:200,System.Void WileyWidget.Configuration.WpfMiddlewareService::.ctor()
FNDA:11,System.Void WileyWidget.Configuration.WpfMiddlewareService::.ctor()
DA:201,11
DA:202,11
DA:203,11
DA:206,11
DA:207,11
DA:208,11
DA:209,11
DA:210,11
FN:212,System.Void WileyWidget.Configuration.WpfMiddlewareService/<ExecuteAsync>d__2::MoveNext()
FNDA:0,System.Void WileyWidget.Configuration.WpfMiddlewareService/<ExecuteAsync>d__2::MoveNext()
DA:213,0
DA:214,0
DA:215,0
DA:216,0
DA:217,0
DA:218,0
DA:220,0
DA:222,0
DA:223,0
DA:224,0
DA:226,0
BRDA:222,175,0,0
BRDA:222,175,1,0
BRDA:222,196,0,0
BRDA:222,196,1,0
FN:228,System.Void WileyWidget.Configuration.WpfMiddlewareService/<ExecuteAsync>d__3`1::MoveNext()
FNDA:0,System.Void WileyWidget.Configuration.WpfMiddlewareService/<ExecuteAsync>d__3`1::MoveNext()
DA:229,0
DA:230,0
DA:231,0
DA:232,0
DA:233,0
DA:234,0
DA:236,0
DA:238,0
DA:239,0
DA:240,0
DA:243,0
DA:244,0
BRDA:238,175,0,0
BRDA:238,175,1,0
BRDA:238,198,0,0
BRDA:238,198,1,0
LF:125
LH:12
BRF:26
BRH:0
FNF:18
FNH:3
end_of_record