<?xml version="1.0" encoding="utf-8"?>
<TestRun id="ffc9ab89-9c48-4a4b-932a-e99da3f36d4c" name="biges@MCKITRICK 2025-08-29 19:01:07" runUser="MCKITRICK\biges" xmlns="http://microsoft.com/schemas/VisualStudio/TeamTest/2010">
  <Times creation="2025-08-29T19:01:07.6022478-06:00" queuing="2025-08-29T19:01:07.6022485-06:00" start="2025-08-29T19:01:06.0981287-06:00" finish="2025-08-29T19:01:09.1701102-06:00" />
  <TestSettings name="default" id="2554b674-ecd9-4f28-bac7-413dbdc3de62">
    <Deployment runDeploymentRoot="biges_MCKITRICK_2025-08-29_19_01_07" />
  </TestSettings>
  <Results>
    <UnitTestResult executionId="5fad2820-62f0-4c42-9f57-83f1ee5687cd" testId="4bf0c2ec-7a7c-f8d8-6f1c-1f46f24b0af1" testName="WileyWidget.Tests.SettingsServiceTests.SettingsService_ResetForTests_Works" computerName="MCKITRICK" duration="00:00:00.0007290" startTime="2025-08-29T19:01:07.9303211-06:00" endTime="2025-08-29T19:01:07.9303212-06:00" testType="13cdc9d9-ddb5-4fa4-a97d-d965ccfc6d4b" outcome="Passed" testListId="8c84fa94-04c1-424b-9868-57a2d4851a1d" relativeResultsDirectory="5fad2820-62f0-4c42-9f57-83f1ee5687cd" />
    <UnitTestResult executionId="df8feec8-4dbf-4703-9820-f4d4a260ce0a" testId="7e338c26-7d68-229c-5870-5a210a219a3a" testName="WileyWidget.Tests.EnterpriseModelTests.Enterprise_MonthlyBalance_CalculatesCorrectly" computerName="MCKITRICK" duration="00:00:00.0001388" startTime="2025-08-29T19:01:07.6079548-06:00" endTime="2025-08-29T19:01:07.6079548-06:00" testType="13cdc9d9-ddb5-4fa4-a97d-d965ccfc6d4b" outcome="Passed" testListId="8c84fa94-04c1-424b-9868-57a2d4851a1d" relativeResultsDirectory="df8feec8-4dbf-4703-9820-f4d4a260ce0a" />
    <UnitTestResult executionId="82a068be-126e-4159-9394-d75816e4beee" testId="fdd256aa-95b4-4138-ef57-428d9bd57c15" testName="WileyWidget.Tests.MainViewModelTests.SelectNextCommand_WrapsToFirstWidget" computerName="MCKITRICK" duration="00:00:00.0007549" startTime="2025-08-29T19:01:07.8564874-06:00" endTime="2025-08-29T19:01:07.8564875-06:00" testType="13cdc9d9-ddb5-4fa4-a97d-d965ccfc6d4b" outcome="Passed" testListId="8c84fa94-04c1-424b-9868-57a2d4851a1d" relativeResultsDirectory="82a068be-126e-4159-9394-d75816e4beee" />
    <UnitTestResult executionId="88751674-b7fe-442f-bf26-e82cc77ac66c" testId="c888132b-1015-a40a-2843-8a77b9425be8" testName="WileyWidget.Tests.SettingsServiceTests.SettingsService_Save_CreatesFile" computerName="MCKITRICK" duration="00:00:00.0018306" startTime="2025-08-29T19:01:07.9327277-06:00" endTime="2025-08-29T19:01:07.9327281-06:00" testType="13cdc9d9-ddb5-4fa4-a97d-d965ccfc6d4b" outcome="Passed" testListId="8c84fa94-04c1-424b-9868-57a2d4851a1d" relativeResultsDirectory="88751674-b7fe-442f-bf26-e82cc77ac66c" />
    <UnitTestResult executionId="3d533659-b0c8-4864-b2e4-140a6c8173e4" testId="2917a8ba-f7f9-5b6b-3575-162e1a2173ef" testName="WileyWidget.Tests.WidgetTests.Widget_FormattedPrice_ReturnsCorrectFormat(price: 1234.56, expected: &quot;$1,234.56&quot;)" computerName="MCKITRICK" duration="00:00:00.0005530" startTime="2025-08-29T19:01:07.9482501-06:00" endTime="2025-08-29T19:01:07.9482502-06:00" testType="13cdc9d9-ddb5-4fa4-a97d-d965ccfc6d4b" outcome="Passed" testListId="8c84fa94-04c1-424b-9868-57a2d4851a1d" relativeResultsDirectory="3d533659-b0c8-4864-b2e4-140a6c8173e4" />
    <UnitTestResult executionId="edc4b92a-fb78-41a2-8de2-9e702905123d" testId="e472ca0e-4d1f-2cb2-ae79-f619786a7e3f" testName="WileyWidget.Tests.EnterpriseModelTests.Enterprise_MonthlyExpenses_Validation(expenses: -1, shouldBeValid: False)" computerName="MCKITRICK" duration="00:00:00.0014406" startTime="2025-08-29T19:01:07.5986291-06:00" endTime="2025-08-29T19:01:07.5986293-06:00" testType="13cdc9d9-ddb5-4fa4-a97d-d965ccfc6d4b" outcome="Passed" testListId="8c84fa94-04c1-424b-9868-57a2d4851a1d" relativeResultsDirectory="edc4b92a-fb78-41a2-8de2-9e702905123d" />
    <UnitTestResult executionId="a6b87724-9aba-4dce-a09d-1b25d5fef060" testId="4f96b557-5805-2ffc-7a99-6d790882f18b" testName="WileyWidget.Tests.EnterpriseTests.Enterprise_CalculatedProperties_WorkCorrectly(currentRate: 0.5, citizenCount: 1000, expenses: 1000, expectedBalance: -500)" computerName="MCKITRICK" duration="00:00:00.0000045" startTime="2025-08-29T19:01:07.9608249-06:00" endTime="2025-08-29T19:01:07.9608249-06:00" testType="13cdc9d9-ddb5-4fa4-a97d-d965ccfc6d4b" outcome="Passed" testListId="8c84fa94-04c1-424b-9868-57a2d4851a1d" relativeResultsDirectory="a6b87724-9aba-4dce-a09d-1b25d5fef060" />
    <UnitTestResult executionId="74c30d80-f479-42d1-a77f-0b6d0391a749" testId="2beb22ae-6dec-0df2-163d-82054723e892" testName="WileyWidget.Tests.WidgetTests.Widget_Price_Validation(price: 0.01, shouldBeValid: True)" computerName="MCKITRICK" duration="00:00:00.0003889" startTime="2025-08-29T19:01:07.9507776-06:00" endTime="2025-08-29T19:01:07.9507777-06:00" testType="13cdc9d9-ddb5-4fa4-a97d-d965ccfc6d4b" outcome="Passed" testListId="8c84fa94-04c1-424b-9868-57a2d4851a1d" relativeResultsDirectory="74c30d80-f479-42d1-a77f-0b6d0391a749" />
    <UnitTestResult executionId="fc7a92f3-1941-433b-958b-a2bb2d610381" testId="de72c0f3-fa26-9d6c-6ca7-32a0c98717f3" testName="WileyWidget.Tests.WidgetTests.Widget_Price_Validation(price: 1000.99, shouldBeValid: True)" computerName="MCKITRICK" duration="00:00:00.0000616" startTime="2025-08-29T19:01:07.9514466-06:00" endTime="2025-08-29T19:01:07.9514467-06:00" testType="13cdc9d9-ddb5-4fa4-a97d-d965ccfc6d4b" outcome="Passed" testListId="8c84fa94-04c1-424b-9868-57a2d4851a1d" relativeResultsDirectory="fc7a92f3-1941-433b-958b-a2bb2d610381" />
    <UnitTestResult executionId="b74df4fb-ec47-4856-847d-06b6d159e47a" testId="6fb64c30-f462-9da3-d1f6-08832453c990" testName="WileyWidget.Tests.MainWindowUnitTests.ApplyWpfTheme_MethodExists" computerName="MCKITRICK" duration="00:00:00.0006790" startTime="2025-08-29T19:01:09.0305503-06:00" endTime="2025-08-29T19:01:09.0305505-06:00" testType="13cdc9d9-ddb5-4fa4-a97d-d965ccfc6d4b" outcome="Failed" testListId="8c84fa94-04c1-424b-9868-57a2d4851a1d" relativeResultsDirectory="b74df4fb-ec47-4856-847d-06b6d159e47a">
      <Output>
        <ErrorInfo>
          <Message>System.InvalidOperationException : The calling thread must be STA, because many UI components require this.</Message>
          <StackTrace>   at System.Windows.Input.InputManager..ctor()&#xD;
   at System.Windows.Input.InputManager.GetCurrentInputManagerImpl()&#xD;
   at System.Windows.Input.KeyboardNavigation..ctor()&#xD;
   at System.Windows.FrameworkElement.FrameworkServices..ctor()&#xD;
   at System.Windows.FrameworkElement.EnsureFrameworkServices()&#xD;
   at System.Windows.FrameworkElement..ctor()&#xD;
   at System.Windows.Controls.Control..ctor()&#xD;
   at System.Windows.Window..ctor()&#xD;
   at WileyWidget.MainWindow..ctor() in C:\Users\biges\Desktop\Wiley_Widget\Views\MainWindow.xaml.cs:line 59&#xD;
   at WileyWidget.Tests.MainWindowUnitTests.ApplyWpfTheme_MethodExists() in C:\Users\biges\Desktop\Wiley_Widget\WileyWidget.Tests\MainWindowUnitTests.cs:line 92&#xD;
   at System.RuntimeMethodHandle.InvokeMethod(Object target, Void** arguments, Signature sig, Boolean isConstructor)&#xD;
   at System.Reflection.MethodBaseInvoker.InvokeWithNoArgs(Object obj, BindingFlags invokeAttr)</StackTrace>
        </ErrorInfo>
      </Output>
    </UnitTestResult>
    <UnitTestResult executionId="632d7666-2128-4ada-93ea-ea0b78b89f98" testId="c0f826c4-a2e8-a2fe-55fc-c1924806102d" testName="WileyWidget.Tests.WidgetTests.Widget_Quantity_Validation(quantity: 0, shouldBeValid: True)" computerName="MCKITRICK" duration="00:00:00.0003776" startTime="2025-08-29T19:01:07.9581258-06:00" endTime="2025-08-29T19:01:07.9581258-06:00" testType="13cdc9d9-ddb5-4fa4-a97d-d965ccfc6d4b" outcome="Passed" testListId="8c84fa94-04c1-424b-9868-57a2d4851a1d" relativeResultsDirectory="632d7666-2128-4ada-93ea-ea0b78b89f98" />
    <UnitTestResult executionId="996a0f13-1b00-4093-bdb0-1a5641ba2a00" testId="7bcc6455-9ef8-ed52-9eb1-702e76df051d" testName="WileyWidget.Tests.WidgetTests.Widget_Price_Validation(price: -1, shouldBeValid: False)" computerName="MCKITRICK" duration="00:00:00.0000603" startTime="2025-08-29T19:01:07.9518873-06:00" endTime="2025-08-29T19:01:07.9518874-06:00" testType="13cdc9d9-ddb5-4fa4-a97d-d965ccfc6d4b" outcome="Passed" testListId="8c84fa94-04c1-424b-9868-57a2d4851a1d" relativeResultsDirectory="996a0f13-1b00-4093-bdb0-1a5641ba2a00" />
    <UnitTestResult executionId="13b3d0e3-6207-478a-a598-f16a86e86404" testId="7d89b2b7-2e04-1507-fb4c-fafb91c62761" testName="WileyWidget.Tests.DatabaseIntegrationTests.GetByIdAsync_ReturnsNullForNonExistentId" computerName="MCKITRICK" duration="00:00:00.0232249" startTime="2025-08-29T19:01:08.8210863-06:00" endTime="2025-08-29T19:01:08.8210863-06:00" testType="13cdc9d9-ddb5-4fa4-a97d-d965ccfc6d4b" outcome="Passed" testListId="8c84fa94-04c1-424b-9868-57a2d4851a1d" relativeResultsDirectory="13b3d0e3-6207-478a-a598-f16a86e86404" />
    <UnitTestResult executionId="6db96eb8-7bdd-4841-9d25-21fc616fc537" testId="2f6535a3-ca21-5a5e-d2ea-27f9db0d9635" testName="WileyWidget.Tests.BudgetInteractionTests.BudgetInteraction_SecondaryEnterpriseId_CanBeNull" computerName="MCKITRICK" duration="00:00:00.0076526" startTime="2025-08-29T19:01:07.5488852-06:00" endTime="2025-08-29T19:01:07.5488966-06:00" testType="13cdc9d9-ddb5-4fa4-a97d-d965ccfc6d4b" outcome="Passed" testListId="8c84fa94-04c1-424b-9868-57a2d4851a1d" relativeResultsDirectory="6db96eb8-7bdd-4841-9d25-21fc616fc537" />
    <UnitTestResult executionId="92a92026-49e9-4c57-820a-ec9730491f51" testId="4496488f-c883-aa7a-35a7-d9dbf4a2d3b2" testName="WileyWidget.Tests.EnterpriseModelTests.Enterprise_CurrentRate_Validation(rate: 0.01, shouldBeValid: True)" computerName="MCKITRICK" duration="00:00:00.0000083" startTime="2025-08-29T19:01:07.6009890-06:00" endTime="2025-08-29T19:01:07.6009891-06:00" testType="13cdc9d9-ddb5-4fa4-a97d-d965ccfc6d4b" outcome="Passed" testListId="8c84fa94-04c1-424b-9868-57a2d4851a1d" relativeResultsDirectory="92a92026-49e9-4c57-820a-ec9730491f51" />
    <UnitTestResult executionId="a6b5ee3c-56d4-4975-bf6a-4cf7d2f38c4b" testId="85ee0bd4-7821-b257-c0c8-28e38b9ba9de" testName="WileyWidget.Tests.EnterpriseDatabaseTests.DataIsolation_TestRollbackBehavior_UsingDirectConnection" computerName="MCKITRICK" duration="00:00:00.0349175" startTime="2025-08-29T19:01:08.2453888-06:00" endTime="2025-08-29T19:01:08.2453889-06:00" testType="13cdc9d9-ddb5-4fa4-a97d-d965ccfc6d4b" outcome="Passed" testListId="8c84fa94-04c1-424b-9868-57a2d4851a1d" relativeResultsDirectory="a6b5ee3c-56d4-4975-bf6a-4cf7d2f38c4b" />
    <UnitTestResult executionId="1b6a5353-dcd0-45f1-988b-5d95e36ea295" testId="cb3b465a-00da-a1e4-c2c6-1368be36d3e5" testName="WileyWidget.Tests.EnterpriseTests.Enterprise_Name_Validation(name: &quot;Valid Name&quot;, shouldBeValid: True)" computerName="MCKITRICK" duration="00:00:00.0000133" startTime="2025-08-29T19:01:07.9658799-06:00" endTime="2025-08-29T19:01:07.9658799-06:00" testType="13cdc9d9-ddb5-4fa4-a97d-d965ccfc6d4b" outcome="Passed" testListId="8c84fa94-04c1-424b-9868-57a2d4851a1d" relativeResultsDirectory="1b6a5353-dcd0-45f1-988b-5d95e36ea295" />
    <UnitTestResult executionId="f9347b93-538f-4fc0-87ec-e7acbd2501cf" testId="93b4d7b9-17c9-4651-e29a-009cb361e97b" testName="WileyWidget.Tests.EnterpriseModelTests.Enterprise_BreakEvenRate_CalculatesCorrectly" computerName="MCKITRICK" duration="00:00:00.0003061" startTime="2025-08-29T19:01:07.6070678-06:00" endTime="2025-08-29T19:01:07.6070680-06:00" testType="13cdc9d9-ddb5-4fa4-a97d-d965ccfc6d4b" outcome="Passed" testListId="8c84fa94-04c1-424b-9868-57a2d4851a1d" relativeResultsDirectory="f9347b93-538f-4fc0-87ec-e7acbd2501cf" />
    <UnitTestResult executionId="5c50ec3a-73c1-4749-8beb-23ba9d5cf2f0" testId="b7c1d19c-bee4-911c-3a8a-0800f7a4f194" testName="WileyWidget.Tests.EnterpriseTests.Enterprise_CalculatedProperties_WorkCorrectly(currentRate: 1.5, citizenCount: 1000, expenses: 500, expectedBalance: 1000)" computerName="MCKITRICK" duration="00:00:00.0001796" startTime="2025-08-29T19:01:07.9602104-06:00" endTime="2025-08-29T19:01:07.9602104-06:00" testType="13cdc9d9-ddb5-4fa4-a97d-d965ccfc6d4b" outcome="Passed" testListId="8c84fa94-04c1-424b-9868-57a2d4851a1d" relativeResultsDirectory="5c50ec3a-73c1-4749-8beb-23ba9d5cf2f0" />
    <UnitTestResult executionId="5d0abb85-2e7b-43b7-bdcc-b2a827107509" testId="5d639713-4743-ccd9-2f90-7e9060b35c6a" testName="WileyWidget.Tests.MainWindowUnitTests.NormalizeTheme_WithFluentDark_ReturnsFluentDark" computerName="MCKITRICK" duration="00:00:00.0009110" startTime="2025-08-29T19:01:09.0269586-06:00" endTime="2025-08-29T19:01:09.0269589-06:00" testType="13cdc9d9-ddb5-4fa4-a97d-d965ccfc6d4b" outcome="Failed" testListId="8c84fa94-04c1-424b-9868-57a2d4851a1d" relativeResultsDirectory="5d0abb85-2e7b-43b7-bdcc-b2a827107509">
      <Output>
        <ErrorInfo>
          <Message>System.InvalidOperationException : The calling thread must be STA, because many UI components require this.</Message>
          <StackTrace>   at System.Windows.Input.InputManager..ctor()&#xD;
   at System.Windows.Input.InputManager.GetCurrentInputManagerImpl()&#xD;
   at System.Windows.Input.KeyboardNavigation..ctor()&#xD;
   at System.Windows.FrameworkElement.FrameworkServices..ctor()&#xD;
   at System.Windows.FrameworkElement.EnsureFrameworkServices()&#xD;
   at System.Windows.FrameworkElement..ctor()&#xD;
   at System.Windows.Controls.Control..ctor()&#xD;
   at System.Windows.Window..ctor()&#xD;
   at WileyWidget.MainWindow..ctor() in C:\Users\biges\Desktop\Wiley_Widget\Views\MainWindow.xaml.cs:line 59&#xD;
   at WileyWidget.Tests.MainWindowUnitTests.NormalizeTheme_WithFluentDark_ReturnsFluentDark() in C:\Users\biges\Desktop\Wiley_Widget\WileyWidget.Tests\MainWindowUnitTests.cs:line 118&#xD;
   at System.RuntimeMethodHandle.InvokeMethod(Object target, Void** arguments, Signature sig, Boolean isConstructor)&#xD;
   at System.Reflection.MethodBaseInvoker.InvokeWithNoArgs(Object obj, BindingFlags invokeAttr)</StackTrace>
        </ErrorInfo>
      </Output>
    </UnitTestResult>
    <UnitTestResult executionId="9bf9b897-80d4-4514-aaa8-30180231e624" testId="52b06d6e-0e7b-45f1-e848-734105f0bc9a" testName="WileyWidget.Tests.MainWindowUnitTests.BuildDynamicColumns_MethodExists" computerName="MCKITRICK" duration="00:00:00.0004385" startTime="2025-08-29T19:01:09.0485963-06:00" endTime="2025-08-29T19:01:09.0485964-06:00" testType="13cdc9d9-ddb5-4fa4-a97d-d965ccfc6d4b" outcome="Failed" testListId="8c84fa94-04c1-424b-9868-57a2d4851a1d" relativeResultsDirectory="9bf9b897-80d4-4514-aaa8-30180231e624">
      <Output>
        <ErrorInfo>
          <Message>System.InvalidOperationException : The calling thread must be STA, because many UI components require this.</Message>
          <StackTrace>   at System.Windows.Input.InputManager..ctor()&#xD;
   at System.Windows.Input.InputManager.GetCurrentInputManagerImpl()&#xD;
   at System.Windows.Input.KeyboardNavigation..ctor()&#xD;
   at System.Windows.FrameworkElement.FrameworkServices..ctor()&#xD;
   at System.Windows.FrameworkElement.EnsureFrameworkServices()&#xD;
   at System.Windows.FrameworkElement..ctor()&#xD;
   at System.Windows.Controls.Control..ctor()&#xD;
   at System.Windows.Window..ctor()&#xD;
   at WileyWidget.MainWindow..ctor() in C:\Users\biges\Desktop\Wiley_Widget\Views\MainWindow.xaml.cs:line 59&#xD;
   at WileyWidget.Tests.MainWindowUnitTests.BuildDynamicColumns_MethodExists() in C:\Users\biges\Desktop\Wiley_Widget\WileyWidget.Tests\MainWindowUnitTests.cs:line 105&#xD;
   at System.RuntimeMethodHandle.InvokeMethod(Object target, Void** arguments, Signature sig, Boolean isConstructor)&#xD;
   at System.Reflection.MethodBaseInvoker.InvokeWithNoArgs(Object obj, BindingFlags invokeAttr)</StackTrace>
        </ErrorInfo>
      </Output>
    </UnitTestResult>
    <UnitTestResult executionId="fb359595-aaa3-4f9f-a304-896f8166aa37" testId="3d9418a8-7d7a-ace8-cce3-7f6d8639b60f" testName="WileyWidget.Tests.EnterpriseTests.Enterprise_Name_Validation(name: &quot;This is a very long enterprise name that exceeds t&quot;···, shouldBeValid: False)" computerName="MCKITRICK" duration="00:00:00.0000286" startTime="2025-08-29T19:01:07.9655072-06:00" endTime="2025-08-29T19:01:07.9655073-06:00" testType="13cdc9d9-ddb5-4fa4-a97d-d965ccfc6d4b" outcome="Passed" testListId="8c84fa94-04c1-424b-9868-57a2d4851a1d" relativeResultsDirectory="fb359595-aaa3-4f9f-a304-896f8166aa37" />
    <UnitTestResult executionId="72b1f629-1b10-4644-8e4e-7f046c9bb4b1" testId="06acef7a-66a9-41e5-0b52-833373b805fd" testName="WileyWidget.Tests.SettingsServiceTests.SettingsService_Instance_IsSingleton" computerName="MCKITRICK" duration="00:00:00.0007113" startTime="2025-08-29T19:01:07.9451406-06:00" endTime="2025-08-29T19:01:07.9451408-06:00" testType="13cdc9d9-ddb5-4fa4-a97d-d965ccfc6d4b" outcome="Passed" testListId="8c84fa94-04c1-424b-9868-57a2d4851a1d" relativeResultsDirectory="72b1f629-1b10-4644-8e4e-7f046c9bb4b1" />
    <UnitTestResult executionId="e2f6a8ba-ca3b-473f-b61e-f0f431f57e5a" testId="40d7657d-f657-0f30-1e57-f9b4790fea1e" testName="WileyWidget.Tests.BudgetInteractionTests.BudgetInteraction_MonthlyAmount_Validation(amount: 1000.99, shouldBeValid: True)" computerName="MCKITRICK" duration="00:00:00.0003124" startTime="2025-08-29T19:01:07.5868581-06:00" endTime="2025-08-29T19:01:07.5868582-06:00" testType="13cdc9d9-ddb5-4fa4-a97d-d965ccfc6d4b" outcome="Passed" testListId="8c84fa94-04c1-424b-9868-57a2d4851a1d" relativeResultsDirectory="e2f6a8ba-ca3b-473f-b61e-f0f431f57e5a" />
    <UnitTestResult executionId="6f851401-739a-4e5e-b623-a145001889cc" testId="0d4e12bb-b410-10f4-ea79-224ef1ad4ec2" testName="WileyWidget.Tests.BudgetInteractionTests.BudgetInteraction_MonthlyAmount_Validation(amount: -1, shouldBeValid: False)" computerName="MCKITRICK" duration="00:00:00.0003189" startTime="2025-08-29T19:01:07.5879563-06:00" endTime="2025-08-29T19:01:07.5879566-06:00" testType="13cdc9d9-ddb5-4fa4-a97d-d965ccfc6d4b" outcome="Passed" testListId="8c84fa94-04c1-424b-9868-57a2d4851a1d" relativeResultsDirectory="6f851401-739a-4e5e-b623-a145001889cc" />
    <UnitTestResult executionId="d58aee88-143a-4364-86a7-3c8374718aa9" testId="5f349e6c-e09e-70aa-e134-6073e4276708" testName="WileyWidget.Tests.WidgetTests.Widget_Name_Validation(name: &quot;&quot;, shouldBeValid: False)" computerName="MCKITRICK" duration="00:00:00.0000621" startTime="2025-08-29T19:01:07.9563455-06:00" endTime="2025-08-29T19:01:07.9563456-06:00" testType="13cdc9d9-ddb5-4fa4-a97d-d965ccfc6d4b" outcome="Passed" testListId="8c84fa94-04c1-424b-9868-57a2d4851a1d" relativeResultsDirectory="d58aee88-143a-4364-86a7-3c8374718aa9" />
    <UnitTestResult executionId="1da69366-376f-4698-afea-5707bcf20445" testId="d952c50c-d956-1f7c-9b09-2b7891193ead" testName="WileyWidget.Tests.BudgetInteractionTests.BudgetInteraction_Description_Validation(description: &quot;&quot;, shouldBeValid: False)" computerName="MCKITRICK" duration="00:00:00.0004359" startTime="2025-08-29T19:01:07.5928370-06:00" endTime="2025-08-29T19:01:07.5928373-06:00" testType="13cdc9d9-ddb5-4fa4-a97d-d965ccfc6d4b" outcome="Passed" testListId="8c84fa94-04c1-424b-9868-57a2d4851a1d" relativeResultsDirectory="1da69366-376f-4698-afea-5707bcf20445" />
    <UnitTestResult executionId="4a3181fa-f2ef-4444-bdc7-895678fa7cd6" testId="10b1ef9a-89d0-7820-4fdf-06d433c43486" testName="WileyWidget.Tests.EnterpriseModelTests.Enterprise_Name_Validation(name: &quot;&quot;, shouldBeValid: False)" computerName="MCKITRICK" duration="00:00:00.0000610" startTime="2025-08-29T19:01:07.6027261-06:00" endTime="2025-08-29T19:01:07.6027262-06:00" testType="13cdc9d9-ddb5-4fa4-a97d-d965ccfc6d4b" outcome="Passed" testListId="8c84fa94-04c1-424b-9868-57a2d4851a1d" relativeResultsDirectory="4a3181fa-f2ef-4444-bdc7-895678fa7cd6" />
    <UnitTestResult executionId="5bfee681-fe69-41d6-aad7-664d40a8a87f" testId="c093cc50-deee-4751-29ce-343ea9d35c10" testName="WileyWidget.Tests.EnterpriseTests.Enterprise_Name_Validation(name: &quot;A&quot;, shouldBeValid: True)" computerName="MCKITRICK" duration="00:00:00.0000106" startTime="2025-08-29T19:01:07.9656992-06:00" endTime="2025-08-29T19:01:07.9656993-06:00" testType="13cdc9d9-ddb5-4fa4-a97d-d965ccfc6d4b" outcome="Passed" testListId="8c84fa94-04c1-424b-9868-57a2d4851a1d" relativeResultsDirectory="5bfee681-fe69-41d6-aad7-664d40a8a87f" />
    <UnitTestResult executionId="00f8dfd8-f0c0-4db4-ac1f-70defe4e1ba0" testId="e624f24d-1a26-231f-cac9-67120c12c28b" testName="WileyWidget.Tests.BudgetInteractionTests.BudgetInteraction_IsCost_DefaultsToTrue" computerName="MCKITRICK" duration="00:00:00.0001390" startTime="2025-08-29T19:01:07.5955760-06:00" endTime="2025-08-29T19:01:07.5955761-06:00" testType="13cdc9d9-ddb5-4fa4-a97d-d965ccfc6d4b" outcome="Passed" testListId="8c84fa94-04c1-424b-9868-57a2d4851a1d" relativeResultsDirectory="00f8dfd8-f0c0-4db4-ac1f-70defe4e1ba0" />
    <UnitTestResult executionId="b421446f-4f77-41a8-8470-dc01336e53db" testId="33627335-316c-cbc4-3f2e-4374d3f98bd0" testName="WileyWidget.Tests.SettingsServiceTests.SettingsService_Load_ReadsFileCorrectly" computerName="MCKITRICK" duration="00:00:00.0470581" startTime="2025-08-29T19:01:07.9066747-06:00" endTime="2025-08-29T19:01:07.9066749-06:00" testType="13cdc9d9-ddb5-4fa4-a97d-d965ccfc6d4b" outcome="Passed" testListId="8c84fa94-04c1-424b-9868-57a2d4851a1d" relativeResultsDirectory="b421446f-4f77-41a8-8470-dc01336e53db" />
    <UnitTestResult executionId="2a03cbd7-5ddd-4bbd-bfdc-959598e48816" testId="ef0f0bc6-05a9-f4ec-9eaa-324bcd7d0328" testName="WileyWidget.Tests.AppUnitTests.ConfigureLogging_SetsUpLoggerCorrectly" computerName="MCKITRICK" duration="00:00:00.0001406" startTime="2025-08-29T19:01:08.9779782-06:00" endTime="2025-08-29T19:01:08.9779783-06:00" testType="13cdc9d9-ddb5-4fa4-a97d-d965ccfc6d4b" outcome="Passed" testListId="8c84fa94-04c1-424b-9868-57a2d4851a1d" relativeResultsDirectory="2a03cbd7-5ddd-4bbd-bfdc-959598e48816" />
    <UnitTestResult executionId="80ea40f6-b528-4311-8862-8efa778c42a0" testId="a4b79d30-1b57-4783-2bc5-b481543036fd" testName="WileyWidget.Tests.BudgetInteractionTests.BudgetInteraction_InteractionType_Validation(type: &quot;Dependency&quot;, shouldBeValid: True)" computerName="MCKITRICK" duration="00:00:00.0000206" startTime="2025-08-29T19:01:07.5634461-06:00" endTime="2025-08-29T19:01:07.5634461-06:00" testType="13cdc9d9-ddb5-4fa4-a97d-d965ccfc6d4b" outcome="Passed" testListId="8c84fa94-04c1-424b-9868-57a2d4851a1d" relativeResultsDirectory="80ea40f6-b528-4311-8862-8efa778c42a0" />
    <UnitTestResult executionId="9bfba4c1-07c2-45af-82d5-904a5fe09a8d" testId="a4f037bc-7338-9135-cfbf-a9e8758843b8" testName="WileyWidget.Tests.BudgetInteractionTests.BudgetInteraction_InteractionType_Validation(type: &quot;&quot;, shouldBeValid: False)" computerName="MCKITRICK" duration="00:00:00.0011829" startTime="2025-08-29T19:01:07.5632105-06:00" endTime="2025-08-29T19:01:07.5632108-06:00" testType="13cdc9d9-ddb5-4fa4-a97d-d965ccfc6d4b" outcome="Passed" testListId="8c84fa94-04c1-424b-9868-57a2d4851a1d" relativeResultsDirectory="9bfba4c1-07c2-45af-82d5-904a5fe09a8d" />
    <UnitTestResult executionId="cf92a2f3-0d65-4b53-9048-69eb1090076c" testId="a9dc7ce3-2ee9-2217-fa87-9dcfd65a9dfd" testName="WileyWidget.Tests.BudgetAnalyticsTests.BudgetInsights_GeneratesCorrectInsights_ForSurplus" computerName="MCKITRICK" duration="00:00:00.0002967" startTime="2025-08-29T19:01:07.6563361-06:00" endTime="2025-08-29T19:01:07.6563362-06:00" testType="13cdc9d9-ddb5-4fa4-a97d-d965ccfc6d4b" outcome="Passed" testListId="8c84fa94-04c1-424b-9868-57a2d4851a1d" relativeResultsDirectory="cf92a2f3-0d65-4b53-9048-69eb1090076c" />
    <UnitTestResult executionId="c7bb55d4-48de-4848-9924-8e58259c46bf" testId="c99ffb98-6608-7343-fd97-cece2671f5c7" testName="WileyWidget.Tests.WidgetTests.Widget_FormattedPrice_ReturnsCorrectFormat(price: 0.01, expected: &quot;$0.01&quot;)" computerName="MCKITRICK" duration="00:00:00.0000050" startTime="2025-08-29T19:01:07.9488316-06:00" endTime="2025-08-29T19:01:07.9488316-06:00" testType="13cdc9d9-ddb5-4fa4-a97d-d965ccfc6d4b" outcome="Passed" testListId="8c84fa94-04c1-424b-9868-57a2d4851a1d" relativeResultsDirectory="c7bb55d4-48de-4848-9924-8e58259c46bf" />
    <UnitTestResult executionId="f1ce180c-e342-4305-9075-cad134eb2a0c" testId="25b8fb25-b35c-750d-fc82-a043fadd7008" testName="WileyWidget.Tests.WidgetTests.Widget_DisplayName_ReturnsCorrectFormat(name: &quot;Widget Name&quot;, sku: &quot;   &quot;, expected: &quot;Widget Name&quot;)" computerName="MCKITRICK" duration="00:00:00.0000067" startTime="2025-08-29T19:01:07.9545460-06:00" endTime="2025-08-29T19:01:07.9545460-06:00" testType="13cdc9d9-ddb5-4fa4-a97d-d965ccfc6d4b" outcome="Passed" testListId="8c84fa94-04c1-424b-9868-57a2d4851a1d" relativeResultsDirectory="f1ce180c-e342-4305-9075-cad134eb2a0c" />
    <UnitTestResult executionId="e49edfca-fd3f-47b6-a75a-46f0336f6a8f" testId="00f90a30-6cfb-102f-2905-fe6964421a8d" testName="WileyWidget.Tests.EnterpriseModelTests.Enterprise_CurrentRate_Validation(rate: 0.005, shouldBeValid: False)" computerName="MCKITRICK" duration="00:00:00.0000151" startTime="2025-08-29T19:01:07.6007086-06:00" endTime="2025-08-29T19:01:07.6007087-06:00" testType="13cdc9d9-ddb5-4fa4-a97d-d965ccfc6d4b" outcome="Passed" testListId="8c84fa94-04c1-424b-9868-57a2d4851a1d" relativeResultsDirectory="e49edfca-fd3f-47b6-a75a-46f0336f6a8f" />
    <UnitTestResult executionId="f9457dcc-1ff8-4262-9be3-4882147c59f3" testId="7246089f-63b6-7ef4-dd1c-f0a97a0cbf37" testName="WileyWidget.Tests.MainViewModelTests.SelectedWidget_PropertyChange_Notification" computerName="MCKITRICK" duration="00:00:00.0015161" startTime="2025-08-29T19:01:07.8554544-06:00" endTime="2025-08-29T19:01:07.8554546-06:00" testType="13cdc9d9-ddb5-4fa4-a97d-d965ccfc6d4b" outcome="Passed" testListId="8c84fa94-04c1-424b-9868-57a2d4851a1d" relativeResultsDirectory="f9457dcc-1ff8-4262-9be3-4882147c59f3" />
    <UnitTestResult executionId="d2603a35-f466-441e-8224-f5900c8b05bb" testId="5e00cc24-af68-8e5e-7215-9a710f60e406" testName="WileyWidget.Tests.AppUnitTests.RegisterSyncfusionLicense_MethodExists" computerName="MCKITRICK" duration="00:00:00.0002663" startTime="2025-08-29T19:01:08.9760581-06:00" endTime="2025-08-29T19:01:08.9760582-06:00" testType="13cdc9d9-ddb5-4fa4-a97d-d965ccfc6d4b" outcome="Passed" testListId="8c84fa94-04c1-424b-9868-57a2d4851a1d" relativeResultsDirectory="d2603a35-f466-441e-8224-f5900c8b05bb" />
    <UnitTestResult executionId="29c1f50b-2314-43d0-8f09-cb2faf24edae" testId="04dd675b-629e-a516-a8ca-baee13393506" testName="WileyWidget.Tests.SettingsServiceTests.SettingsService_Load_HandlesCorruptFile" computerName="MCKITRICK" duration="00:00:00.0043656" startTime="2025-08-29T19:01:07.9404407-06:00" endTime="2025-08-29T19:01:07.9404410-06:00" testType="13cdc9d9-ddb5-4fa4-a97d-d965ccfc6d4b" outcome="Passed" testListId="8c84fa94-04c1-424b-9868-57a2d4851a1d" relativeResultsDirectory="29c1f50b-2314-43d0-8f09-cb2faf24edae" />
    <UnitTestResult executionId="73ce03ec-0be3-4358-83b6-e0c1bd9cdb9e" testId="4d20292b-dbaf-eee0-cf45-638c0a52c116" testName="WileyWidget.Tests.BudgetInteractionTests.BudgetInteraction_Description_Validation(description: null, shouldBeValid: False)" computerName="MCKITRICK" duration="00:00:00.0000150" startTime="2025-08-29T19:01:07.5933837-06:00" endTime="2025-08-29T19:01:07.5933838-06:00" testType="13cdc9d9-ddb5-4fa4-a97d-d965ccfc6d4b" outcome="Passed" testListId="8c84fa94-04c1-424b-9868-57a2d4851a1d" relativeResultsDirectory="73ce03ec-0be3-4358-83b6-e0c1bd9cdb9e" />
    <UnitTestResult executionId="a009ab0b-4653-46c2-bf3d-1c3875a6086c" testId="49c4f10e-2239-3841-978f-d0dc2d82b2ba" testName="WileyWidget.Tests.MainWindowUnitTests.NormalizeTheme_WithNull_ReturnsDefault" computerName="MCKITRICK" duration="00:00:00.0007276" startTime="2025-08-29T19:01:09.0445605-06:00" endTime="2025-08-29T19:01:09.0445607-06:00" testType="13cdc9d9-ddb5-4fa4-a97d-d965ccfc6d4b" outcome="Failed" testListId="8c84fa94-04c1-424b-9868-57a2d4851a1d" relativeResultsDirectory="a009ab0b-4653-46c2-bf3d-1c3875a6086c">
      <Output>
        <ErrorInfo>
          <Message>System.InvalidOperationException : The calling thread must be STA, because many UI components require this.</Message>
          <StackTrace>   at System.Windows.Input.InputManager..ctor()&#xD;
   at System.Windows.Input.InputManager.GetCurrentInputManagerImpl()&#xD;
   at System.Windows.Input.KeyboardNavigation..ctor()&#xD;
   at System.Windows.FrameworkElement.FrameworkServices..ctor()&#xD;
   at System.Windows.FrameworkElement.EnsureFrameworkServices()&#xD;
   at System.Windows.FrameworkElement..ctor()&#xD;
   at System.Windows.Controls.Control..ctor()&#xD;
   at System.Windows.Window..ctor()&#xD;
   at WileyWidget.MainWindow..ctor() in C:\Users\biges\Desktop\Wiley_Widget\Views\MainWindow.xaml.cs:line 59&#xD;
   at WileyWidget.Tests.MainWindowUnitTests.NormalizeTheme_WithNull_ReturnsDefault() in C:\Users\biges\Desktop\Wiley_Widget\WileyWidget.Tests\MainWindowUnitTests.cs:line 148&#xD;
   at System.RuntimeMethodHandle.InvokeMethod(Object target, Void** arguments, Signature sig, Boolean isConstructor)&#xD;
   at System.Reflection.MethodBaseInvoker.InvokeWithNoArgs(Object obj, BindingFlags invokeAttr)</StackTrace>
        </ErrorInfo>
      </Output>
    </UnitTestResult>
    <UnitTestResult executionId="326a70cc-cff2-467b-8312-858659ca8223" testId="08055736-1e09-8961-dc89-8e2a25887239" testName="WileyWidget.Tests.MainWindowUnitTests.LogSyncfusionControls_MethodExists" computerName="MCKITRICK" duration="00:00:00.0007034" startTime="2025-08-29T19:01:09.0417391-06:00" endTime="2025-08-29T19:01:09.0417394-06:00" testType="13cdc9d9-ddb5-4fa4-a97d-d965ccfc6d4b" outcome="Failed" testListId="8c84fa94-04c1-424b-9868-57a2d4851a1d" relativeResultsDirectory="326a70cc-cff2-467b-8312-858659ca8223">
      <Output>
        <ErrorInfo>
          <Message>System.InvalidOperationException : The calling thread must be STA, because many UI components require this.</Message>
          <StackTrace>   at System.Windows.Input.InputManager..ctor()&#xD;
   at System.Windows.Input.InputManager.GetCurrentInputManagerImpl()&#xD;
   at System.Windows.Input.KeyboardNavigation..ctor()&#xD;
   at System.Windows.FrameworkElement.FrameworkServices..ctor()&#xD;
   at System.Windows.FrameworkElement.EnsureFrameworkServices()&#xD;
   at System.Windows.FrameworkElement..ctor()&#xD;
   at System.Windows.Controls.Control..ctor()&#xD;
   at System.Windows.Window..ctor()&#xD;
   at WileyWidget.MainWindow..ctor() in C:\Users\biges\Desktop\Wiley_Widget\Views\MainWindow.xaml.cs:line 59&#xD;
   at WileyWidget.Tests.MainWindowUnitTests.LogSyncfusionControls_MethodExists() in C:\Users\biges\Desktop\Wiley_Widget\WileyWidget.Tests\MainWindowUnitTests.cs:line 53&#xD;
   at System.RuntimeMethodHandle.InvokeMethod(Object target, Void** arguments, Signature sig, Boolean isConstructor)&#xD;
   at System.Reflection.MethodBaseInvoker.InvokeWithNoArgs(Object obj, BindingFlags invokeAttr)</StackTrace>
        </ErrorInfo>
      </Output>
    </UnitTestResult>
    <UnitTestResult executionId="8626c7e6-3151-47ac-a4a1-bb17fb0e8fee" testId="e7df05ca-3552-2715-64b0-211740e8ec70" testName="WileyWidget.Tests.EnterpriseModelTests.Enterprise_CurrentRate_Validation(rate: 0, shouldBeValid: False)" computerName="MCKITRICK" duration="00:00:00.0001632" startTime="2025-08-29T19:01:07.6005284-06:00" endTime="2025-08-29T19:01:07.6005284-06:00" testType="13cdc9d9-ddb5-4fa4-a97d-d965ccfc6d4b" outcome="Passed" testListId="8c84fa94-04c1-424b-9868-57a2d4851a1d" relativeResultsDirectory="8626c7e6-3151-47ac-a4a1-bb17fb0e8fee" />
    <UnitTestResult executionId="af05735b-6b84-4f33-aa07-4b0bb0aff612" testId="31f7b449-2a75-9290-2b1b-c1e2846a3973" testName="WileyWidget.Tests.DatabaseIntegrationTests.Repository_CalculatesBalanceCorrectly" computerName="MCKITRICK" duration="00:00:00.0028689" startTime="2025-08-29T19:01:08.8312080-06:00" endTime="2025-08-29T19:01:08.8312081-06:00" testType="13cdc9d9-ddb5-4fa4-a97d-d965ccfc6d4b" outcome="Passed" testListId="8c84fa94-04c1-424b-9868-57a2d4851a1d" relativeResultsDirectory="af05735b-6b84-4f33-aa07-4b0bb0aff612" />
    <UnitTestResult executionId="6b48cf55-d695-48bc-bce2-6707b90db149" testId="7fe76a3a-9ac6-6844-b5f7-d4331eae2413" testName="WileyWidget.Tests.EnterpriseTests.Enterprise_Name_Validation(name: &quot;&quot;, shouldBeValid: False)" computerName="MCKITRICK" duration="00:00:00.0003729" startTime="2025-08-29T19:01:07.9649182-06:00" endTime="2025-08-29T19:01:07.9649183-06:00" testType="13cdc9d9-ddb5-4fa4-a97d-d965ccfc6d4b" outcome="Passed" testListId="8c84fa94-04c1-424b-9868-57a2d4851a1d" relativeResultsDirectory="6b48cf55-d695-48bc-bce2-6707b90db149" />
    <UnitTestResult executionId="759b6e88-ab80-4988-a650-5e9903f6038b" testId="668e1389-6a17-867c-cc8c-409430f2326f" testName="WileyWidget.Tests.WidgetTests.Widget_Name_Validation(name: &quot;Valid Name&quot;, shouldBeValid: True)" computerName="MCKITRICK" duration="00:00:00.0000291" startTime="2025-08-29T19:01:07.9560041-06:00" endTime="2025-08-29T19:01:07.9560041-06:00" testType="13cdc9d9-ddb5-4fa4-a97d-d965ccfc6d4b" outcome="Passed" testListId="8c84fa94-04c1-424b-9868-57a2d4851a1d" relativeResultsDirectory="759b6e88-ab80-4988-a650-5e9903f6038b" />
    <UnitTestResult executionId="4dd98677-5cba-4fa7-b77d-111262906f7c" testId="ed2fc56e-1956-21e4-fa3d-840c8fe46677" testName="WileyWidget.Tests.MainViewModelTests.Widgets_Collection_IsObservable" computerName="MCKITRICK" duration="00:00:00.0005555" startTime="2025-08-29T19:01:07.8518395-06:00" endTime="2025-08-29T19:01:07.8518398-06:00" testType="13cdc9d9-ddb5-4fa4-a97d-d965ccfc6d4b" outcome="Passed" testListId="8c84fa94-04c1-424b-9868-57a2d4851a1d" relativeResultsDirectory="4dd98677-5cba-4fa7-b77d-111262906f7c" />
    <UnitTestResult executionId="94337a13-5c82-4d18-81a8-ad4dc5844554" testId="2b6d2d98-9ff2-0efc-9085-3c305df50a78" testName="WileyWidget.Tests.BudgetInteractionTests.BudgetInteraction_Notes_Validation(notes: null, shouldBeValid: True)" computerName="MCKITRICK" duration="00:00:00.0001719" startTime="2025-08-29T19:01:07.5848661-06:00" endTime="2025-08-29T19:01:07.5848665-06:00" testType="13cdc9d9-ddb5-4fa4-a97d-d965ccfc6d4b" outcome="Passed" testListId="8c84fa94-04c1-424b-9868-57a2d4851a1d" relativeResultsDirectory="94337a13-5c82-4d18-81a8-ad4dc5844554" />
    <UnitTestResult executionId="198db532-d452-4bf5-8b44-71de42041272" testId="20a34a95-a426-14ac-be1a-81af3da9062a" testName="WileyWidget.Tests.EnterpriseModelTests.Enterprise_CitizenCount_Validation(citizenCount: 1000, shouldBeValid: True)" computerName="MCKITRICK" duration="00:00:00.0000169" startTime="2025-08-29T19:01:07.6061664-06:00" endTime="2025-08-29T19:01:07.6061664-06:00" testType="13cdc9d9-ddb5-4fa4-a97d-d965ccfc6d4b" outcome="Passed" testListId="8c84fa94-04c1-424b-9868-57a2d4851a1d" relativeResultsDirectory="198db532-d452-4bf5-8b44-71de42041272" />
    <UnitTestResult executionId="6641676d-1d1d-47a0-9115-62b82f712ae1" testId="6cc406f6-5c68-c097-54c6-537a958e649e" testName="WileyWidget.Tests.MainViewModelTests.AddWidgetCommand_AddsWidgetToCollection" computerName="MCKITRICK" duration="00:00:00.0011286" startTime="2025-08-29T19:01:07.8585613-06:00" endTime="2025-08-29T19:01:07.8585613-06:00" testType="13cdc9d9-ddb5-4fa4-a97d-d965ccfc6d4b" outcome="Passed" testListId="8c84fa94-04c1-424b-9868-57a2d4851a1d" relativeResultsDirectory="6641676d-1d1d-47a0-9115-62b82f712ae1" />
    <UnitTestResult executionId="0403f394-dc96-4e1e-b44c-f7231bd69ccd" testId="d106bb70-67c4-1dcc-e1c1-b1453099822c" testName="WileyWidget.Tests.BudgetInteractionTests.BudgetInteraction_Description_Validation(description: &quot;Valid description&quot;, shouldBeValid: True)" computerName="MCKITRICK" duration="00:00:00.0001579" startTime="2025-08-29T19:01:07.5931977-06:00" endTime="2025-08-29T19:01:07.5931978-06:00" testType="13cdc9d9-ddb5-4fa4-a97d-d965ccfc6d4b" outcome="Passed" testListId="8c84fa94-04c1-424b-9868-57a2d4851a1d" relativeResultsDirectory="0403f394-dc96-4e1e-b44c-f7231bd69ccd" />
    <UnitTestResult executionId="741e4ed5-0abb-4f84-b910-8540c3d8f354" testId="6f8045c6-6937-39f1-af17-4e72f663e3b7" testName="WileyWidget.Tests.DatabaseIntegrationTests.Repository_HandlesCalculatedPropertiesCorrectly" computerName="MCKITRICK" duration="00:00:00.4102047" startTime="2025-08-29T19:01:08.7840151-06:00" endTime="2025-08-29T19:01:08.7840152-06:00" testType="13cdc9d9-ddb5-4fa4-a97d-d965ccfc6d4b" outcome="Passed" testListId="8c84fa94-04c1-424b-9868-57a2d4851a1d" relativeResultsDirectory="741e4ed5-0abb-4f84-b910-8540c3d8f354" />
    <UnitTestResult executionId="62a8b780-e20b-46e3-8df6-50a18faec051" testId="216d7b3f-febd-5cd7-9636-60001f76e735" testName="WileyWidget.Tests.EnterpriseTests.Enterprise_MonthlyRevenue_CalculatesCorrectly" computerName="MCKITRICK" duration="00:00:00.0004960" startTime="2025-08-29T19:01:07.9674413-06:00" endTime="2025-08-29T19:01:07.9674414-06:00" testType="13cdc9d9-ddb5-4fa4-a97d-d965ccfc6d4b" outcome="Passed" testListId="8c84fa94-04c1-424b-9868-57a2d4851a1d" relativeResultsDirectory="62a8b780-e20b-46e3-8df6-50a18faec051" />
    <UnitTestResult executionId="04c88fe9-edd8-417e-b559-ddcd74dd15a8" testId="40c28db5-98d0-9ac0-459d-782c32a105ab" testName="WileyWidget.Tests.WidgetTests.Widget_Quantity_Validation(quantity: -1, shouldBeValid: False)" computerName="MCKITRICK" duration="00:00:00.0001264" startTime="2025-08-29T19:01:07.9588147-06:00" endTime="2025-08-29T19:01:07.9588147-06:00" testType="13cdc9d9-ddb5-4fa4-a97d-d965ccfc6d4b" outcome="Passed" testListId="8c84fa94-04c1-424b-9868-57a2d4851a1d" relativeResultsDirectory="04c88fe9-edd8-417e-b559-ddcd74dd15a8" />
    <UnitTestResult executionId="13471960-c412-4b82-aa79-387eb05dec23" testId="1a019a48-5289-21b6-90e2-05f5df28d217" testName="WileyWidget.Tests.MainWindowUnitTests.UpdateThemeToggleVisuals_MethodExists" computerName="MCKITRICK" duration="00:00:00.0266070" startTime="2025-08-29T19:01:09.0228798-06:00" endTime="2025-08-29T19:01:09.0228802-06:00" testType="13cdc9d9-ddb5-4fa4-a97d-d965ccfc6d4b" outcome="Failed" testListId="8c84fa94-04c1-424b-9868-57a2d4851a1d" relativeResultsDirectory="13471960-c412-4b82-aa79-387eb05dec23">
      <Output>
        <ErrorInfo>
          <Message>System.InvalidOperationException : The calling thread must be STA, because many UI components require this.</Message>
          <StackTrace>   at System.Windows.Input.InputManager..ctor()&#xD;
   at System.Windows.Input.InputManager.GetCurrentInputManagerImpl()&#xD;
   at System.Windows.Input.KeyboardNavigation..ctor()&#xD;
   at System.Windows.FrameworkElement.FrameworkServices..ctor()&#xD;
   at System.Windows.FrameworkElement.EnsureFrameworkServices()&#xD;
   at System.Windows.FrameworkElement..ctor()&#xD;
   at System.Windows.Controls.Control..ctor()&#xD;
   at System.Windows.Window..ctor()&#xD;
   at WileyWidget.MainWindow..ctor() in C:\Users\biges\Desktop\Wiley_Widget\Views\MainWindow.xaml.cs:line 59&#xD;
   at WileyWidget.Tests.MainWindowUnitTests.UpdateThemeToggleVisuals_MethodExists() in C:\Users\biges\Desktop\Wiley_Widget\WileyWidget.Tests\MainWindowUnitTests.cs:line 40&#xD;
   at System.RuntimeMethodHandle.InvokeMethod(Object target, Void** arguments, Signature sig, Boolean isConstructor)&#xD;
   at System.Reflection.MethodBaseInvoker.InvokeWithNoArgs(Object obj, BindingFlags invokeAttr)</StackTrace>
        </ErrorInfo>
      </Output>
    </UnitTestResult>
    <UnitTestResult executionId="55e8564a-c880-44bb-bf9b-808db1e13b52" testId="f5f343b0-4673-4f25-285c-1b1fcba58589" testName="WileyWidget.Tests.BudgetInteractionTests.BudgetInteraction_AcceptsVariousInteractionTypes(type: &quot;SharedCost&quot;, expected: True)" computerName="MCKITRICK" duration="00:00:00.0003121" startTime="2025-08-29T19:01:07.5856389-06:00" endTime="2025-08-29T19:01:07.5856391-06:00" testType="13cdc9d9-ddb5-4fa4-a97d-d965ccfc6d4b" outcome="Passed" testListId="8c84fa94-04c1-424b-9868-57a2d4851a1d" relativeResultsDirectory="55e8564a-c880-44bb-bf9b-808db1e13b52" />
    <UnitTestResult executionId="222200a2-bc53-4558-a33b-fde9ffa6ee88" testId="7cf3aa98-98eb-f226-4182-b485eaa19c16" testName="WileyWidget.Tests.EnterpriseDatabaseTests.CustomQuery_WithParameters_ReturnsFilteredData_UsingDirectConnection" computerName="MCKITRICK" duration="00:00:00.0103341" startTime="2025-08-29T19:01:08.3666124-06:00" endTime="2025-08-29T19:01:08.3666125-06:00" testType="13cdc9d9-ddb5-4fa4-a97d-d965ccfc6d4b" outcome="Passed" testListId="8c84fa94-04c1-424b-9868-57a2d4851a1d" relativeResultsDirectory="222200a2-bc53-4558-a33b-fde9ffa6ee88" />
    <UnitTestResult executionId="3e3c6b81-474b-4807-bb64-dd1bbcdc4d80" testId="12ac1ad0-f92b-82ce-7643-dcc2a493cae6" testName="WileyWidget.Tests.BudgetInteractionTests.BudgetInteraction_Notes_Validation(notes: &quot;&quot;, shouldBeValid: True)" computerName="MCKITRICK" duration="00:00:00.0002138" startTime="2025-08-29T19:01:07.5675207-06:00" endTime="2025-08-29T19:01:07.5675209-06:00" testType="13cdc9d9-ddb5-4fa4-a97d-d965ccfc6d4b" outcome="Passed" testListId="8c84fa94-04c1-424b-9868-57a2d4851a1d" relativeResultsDirectory="3e3c6b81-474b-4807-bb64-dd1bbcdc4d80" />
    <UnitTestResult executionId="7b2e97cc-2e5b-4f73-b73f-090b52dad7db" testId="4f4006d6-b3a2-e8ed-5bb3-4581fead82ab" testName="WileyWidget.Tests.EnterpriseModelTests.Enterprise_Name_Validation(name: null, shouldBeValid: False)" computerName="MCKITRICK" duration="00:00:00.0003178" startTime="2025-08-29T19:01:07.6019774-06:00" endTime="2025-08-29T19:01:07.6019775-06:00" testType="13cdc9d9-ddb5-4fa4-a97d-d965ccfc6d4b" outcome="Passed" testListId="8c84fa94-04c1-424b-9868-57a2d4851a1d" relativeResultsDirectory="7b2e97cc-2e5b-4f73-b73f-090b52dad7db" />
    <UnitTestResult executionId="48df3118-a760-4d5a-979a-157a8b762ea7" testId="cbeada98-fd74-8e95-0798-e8d59013190d" testName="WileyWidget.Tests.WidgetTests.Widget_Category_AcceptsVariousValues(category: &quot;Electronics&quot;)" computerName="MCKITRICK" duration="00:00:00.0000049" startTime="2025-08-29T19:01:07.9473553-06:00" endTime="2025-08-29T19:01:07.9473554-06:00" testType="13cdc9d9-ddb5-4fa4-a97d-d965ccfc6d4b" outcome="Passed" testListId="8c84fa94-04c1-424b-9868-57a2d4851a1d" relativeResultsDirectory="48df3118-a760-4d5a-979a-157a8b762ea7" />
    <UnitTestResult executionId="e3c3d9c6-02ee-4586-a34e-884950366c99" testId="83034d6a-ea47-0b26-b3c3-520cb2f8b99c" testName="WileyWidget.Tests.MainWindowUnitTests.VerifySpecificSyncfusionControls_MethodExists" computerName="MCKITRICK" duration="00:00:00.0004782" startTime="2025-08-29T19:01:09.0331169-06:00" endTime="2025-08-29T19:01:09.0331171-06:00" testType="13cdc9d9-ddb5-4fa4-a97d-d965ccfc6d4b" outcome="Failed" testListId="8c84fa94-04c1-424b-9868-57a2d4851a1d" relativeResultsDirectory="e3c3d9c6-02ee-4586-a34e-884950366c99">
      <Output>
        <ErrorInfo>
          <Message>System.InvalidOperationException : The calling thread must be STA, because many UI components require this.</Message>
          <StackTrace>   at System.Windows.Input.InputManager..ctor()&#xD;
   at System.Windows.Input.InputManager.GetCurrentInputManagerImpl()&#xD;
   at System.Windows.Input.KeyboardNavigation..ctor()&#xD;
   at System.Windows.FrameworkElement.FrameworkServices..ctor()&#xD;
   at System.Windows.FrameworkElement.EnsureFrameworkServices()&#xD;
   at System.Windows.FrameworkElement..ctor()&#xD;
   at System.Windows.Controls.Control..ctor()&#xD;
   at System.Windows.Window..ctor()&#xD;
   at WileyWidget.MainWindow..ctor() in C:\Users\biges\Desktop\Wiley_Widget\Views\MainWindow.xaml.cs:line 59&#xD;
   at WileyWidget.Tests.MainWindowUnitTests.VerifySpecificSyncfusionControls_MethodExists() in C:\Users\biges\Desktop\Wiley_Widget\WileyWidget.Tests\MainWindowUnitTests.cs:line 66&#xD;
   at System.RuntimeMethodHandle.InvokeMethod(Object target, Void** arguments, Signature sig, Boolean isConstructor)&#xD;
   at System.Reflection.MethodBaseInvoker.InvokeWithNoArgs(Object obj, BindingFlags invokeAttr)</StackTrace>
        </ErrorInfo>
      </Output>
    </UnitTestResult>
    <UnitTestResult executionId="f9922cc8-86f5-4d5e-9350-8be93a9a1956" testId="9f5c146e-0566-da9b-266b-e05a1f45f5d6" testName="WileyWidget.Tests.MainViewModelTests.AddEnterpriseCommand_AddsNewEnterprise" computerName="MCKITRICK" duration="00:00:00.0181240" startTime="2025-08-29T19:01:07.8488996-06:00" endTime="2025-08-29T19:01:07.8489000-06:00" testType="13cdc9d9-ddb5-4fa4-a97d-d965ccfc6d4b" outcome="Passed" testListId="8c84fa94-04c1-424b-9868-57a2d4851a1d" relativeResultsDirectory="f9922cc8-86f5-4d5e-9350-8be93a9a1956" />
    <UnitTestResult executionId="6223a15d-6d1b-415f-ab72-2e9570ad13fd" testId="c47db43f-5871-4aa9-b457-92ab04b7b502" testName="WileyWidget.Tests.EnterpriseTests.Enterprise_CurrentRate_Validation(rate: 0.01, shouldBeValid: True)" computerName="MCKITRICK" duration="00:00:00.0000215" startTime="2025-08-29T19:01:07.9640559-06:00" endTime="2025-08-29T19:01:07.9640559-06:00" testType="13cdc9d9-ddb5-4fa4-a97d-d965ccfc6d4b" outcome="Passed" testListId="8c84fa94-04c1-424b-9868-57a2d4851a1d" relativeResultsDirectory="6223a15d-6d1b-415f-ab72-2e9570ad13fd" />
    <UnitTestResult executionId="f78d9937-84c5-4924-bd37-c0b9201de746" testId="d621bb97-a6a4-4797-ce4f-9813ccfba719" testName="WileyWidget.Tests.MainViewModelTests.Enterprises_Collection_IsObservable" computerName="MCKITRICK" duration="00:00:00.0006371" startTime="2025-08-29T19:01:07.8510444-06:00" endTime="2025-08-29T19:01:07.8510445-06:00" testType="13cdc9d9-ddb5-4fa4-a97d-d965ccfc6d4b" outcome="Passed" testListId="8c84fa94-04c1-424b-9868-57a2d4851a1d" relativeResultsDirectory="f78d9937-84c5-4924-bd37-c0b9201de746" />
    <UnitTestResult executionId="47be4ba6-fb68-48b4-8027-8340abc8a9fc" testId="67185dae-1bb2-aa49-e096-b7b20c6fe73a" testName="WileyWidget.Tests.AppUnitTests.RegisterSyncfusionLicense_WithValidConfigKey_RegistersSuccessfully" computerName="MCKITRICK" duration="00:00:00.0004633" startTime="2025-08-29T19:01:08.9776202-06:00" endTime="2025-08-29T19:01:08.9776203-06:00" testType="13cdc9d9-ddb5-4fa4-a97d-d965ccfc6d4b" outcome="Passed" testListId="8c84fa94-04c1-424b-9868-57a2d4851a1d" relativeResultsDirectory="47be4ba6-fb68-48b4-8027-8340abc8a9fc" />
    <UnitTestResult executionId="8531058c-d2e3-4b9e-959c-11da79c6b8e3" testId="14845400-28d3-9a25-f969-c0ad7612b7de" testName="WileyWidget.Tests.BudgetInteractionTests.BudgetInteraction_MonthlyAmount_Validation(amount: 0.01, shouldBeValid: True)" computerName="MCKITRICK" duration="00:00:00.0000358" startTime="2025-08-29T19:01:07.5893281-06:00" endTime="2025-08-29T19:01:07.5893282-06:00" testType="13cdc9d9-ddb5-4fa4-a97d-d965ccfc6d4b" outcome="Passed" testListId="8c84fa94-04c1-424b-9868-57a2d4851a1d" relativeResultsDirectory="8531058c-d2e3-4b9e-959c-11da79c6b8e3" />
    <UnitTestResult executionId="5ad1b5e5-1994-471e-ab81-0f2e0ab01b53" testId="c92dc833-fd57-a263-2b90-5a13ee4f5081" testName="WileyWidget.Tests.EnterpriseModelTests.Enterprise_MonthlyExpenses_Validation(expenses: 0, shouldBeValid: True)" computerName="MCKITRICK" duration="00:00:00.0000224" startTime="2025-08-29T19:01:07.5996368-06:00" endTime="2025-08-29T19:01:07.5996368-06:00" testType="13cdc9d9-ddb5-4fa4-a97d-d965ccfc6d4b" outcome="Passed" testListId="8c84fa94-04c1-424b-9868-57a2d4851a1d" relativeResultsDirectory="5ad1b5e5-1994-471e-ab81-0f2e0ab01b53" />
    <UnitTestResult executionId="174d6c2f-f4e8-4bf7-b089-5aca847f14c0" testId="510fe505-3d5e-fa04-5438-1019c48dc099" testName="WileyWidget.Tests.WidgetTests.Widget_DisplayName_ReturnsCorrectFormat(name: &quot;Widget Name&quot;, sku: null, expected: &quot;Widget Name&quot;)" computerName="MCKITRICK" duration="00:00:00.0000034" startTime="2025-08-29T19:01:07.9542756-06:00" endTime="2025-08-29T19:01:07.9542757-06:00" testType="13cdc9d9-ddb5-4fa4-a97d-d965ccfc6d4b" outcome="Passed" testListId="8c84fa94-04c1-424b-9868-57a2d4851a1d" relativeResultsDirectory="174d6c2f-f4e8-4bf7-b089-5aca847f14c0" />
    <UnitTestResult executionId="ce8cfad2-b80c-4d21-80e2-2c2b158b4cc3" testId="ca7752fd-c28a-2eb8-8f5e-49b6ef0284d8" testName="WileyWidget.Tests.EnterpriseModelTests.Enterprise_CurrentRate_Validation(rate: 100, shouldBeValid: True)" computerName="MCKITRICK" duration="00:00:00.0000087" startTime="2025-08-29T19:01:07.6008510-06:00" endTime="2025-08-29T19:01:07.6008510-06:00" testType="13cdc9d9-ddb5-4fa4-a97d-d965ccfc6d4b" outcome="Passed" testListId="8c84fa94-04c1-424b-9868-57a2d4851a1d" relativeResultsDirectory="ce8cfad2-b80c-4d21-80e2-2c2b158b4cc3" />
    <UnitTestResult executionId="efcc89ee-c256-491a-90f5-71e52cbd631e" testId="a535ee6d-f14e-b507-e106-e575e4d351ae" testName="WileyWidget.Tests.WidgetTests.Widget_DisplayName_ReturnsCorrectFormat(name: &quot;Widget Name&quot;, sku: &quot;&quot;, expected: &quot;Widget Name&quot;)" computerName="MCKITRICK" duration="00:00:00.0001175" startTime="2025-08-29T19:01:07.9540965-06:00" endTime="2025-08-29T19:01:07.9540965-06:00" testType="13cdc9d9-ddb5-4fa4-a97d-d965ccfc6d4b" outcome="Passed" testListId="8c84fa94-04c1-424b-9868-57a2d4851a1d" relativeResultsDirectory="efcc89ee-c256-491a-90f5-71e52cbd631e" />
    <UnitTestResult executionId="2f0f4fa1-2523-40cd-a652-11da712d1980" testId="e4fcf31a-94fb-bdf3-84e1-475471212d0f" testName="WileyWidget.Tests.BudgetInteractionTests.BudgetInteraction_InteractionType_Validation(type: null, shouldBeValid: False)" computerName="MCKITRICK" duration="00:00:00.0000242" startTime="2025-08-29T19:01:07.5636217-06:00" endTime="2025-08-29T19:01:07.5636217-06:00" testType="13cdc9d9-ddb5-4fa4-a97d-d965ccfc6d4b" outcome="Passed" testListId="8c84fa94-04c1-424b-9868-57a2d4851a1d" relativeResultsDirectory="2f0f4fa1-2523-40cd-a652-11da712d1980" />
    <UnitTestResult executionId="6aa857a2-6675-4688-90ac-7e423a35e2de" testId="3f32ff24-dbe4-5b18-602e-bcc79c03a51a" testName="WileyWidget.Tests.EnterpriseModelTests.Enterprise_MonthlyRevenue_CalculatesCorrectly" computerName="MCKITRICK" duration="00:00:00.0001823" startTime="2025-08-29T19:01:07.6049952-06:00" endTime="2025-08-29T19:01:07.6049953-06:00" testType="13cdc9d9-ddb5-4fa4-a97d-d965ccfc6d4b" outcome="Passed" testListId="8c84fa94-04c1-424b-9868-57a2d4851a1d" relativeResultsDirectory="6aa857a2-6675-4688-90ac-7e423a35e2de" />
    <UnitTestResult executionId="13cf6257-68d9-493e-bee7-7fffcb314b2b" testId="e347da39-e3d7-9818-2827-c6fcf2b4c69d" testName="WileyWidget.Tests.EnterpriseTests.Enterprise_Creation_WithValidData_Succeeds" computerName="MCKITRICK" duration="00:00:00.0003477" startTime="2025-08-29T19:01:07.9617464-06:00" endTime="2025-08-29T19:01:07.9617465-06:00" testType="13cdc9d9-ddb5-4fa4-a97d-d965ccfc6d4b" outcome="Passed" testListId="8c84fa94-04c1-424b-9868-57a2d4851a1d" relativeResultsDirectory="13cf6257-68d9-493e-bee7-7fffcb314b2b" />
    <UnitTestResult executionId="06e5129b-86a6-4546-8dd8-ea82a0d990b4" testId="f4baf935-db3b-a3f6-b56f-3df0f1893080" testName="WileyWidget.Tests.DatabaseIntegrationTests.UpdateAsync_UpdatesExistingEnterprise" computerName="MCKITRICK" duration="00:00:00.0037954" startTime="2025-08-29T19:01:08.8688282-06:00" endTime="2025-08-29T19:01:08.8688287-06:00" testType="13cdc9d9-ddb5-4fa4-a97d-d965ccfc6d4b" outcome="Passed" testListId="8c84fa94-04c1-424b-9868-57a2d4851a1d" relativeResultsDirectory="06e5129b-86a6-4546-8dd8-ea82a0d990b4" />
    <UnitTestResult executionId="b104fc38-8b9a-47a6-9407-bf1666b98fe7" testId="a72d91bf-1ba0-06c7-1002-ab2af50818f2" testName="WileyWidget.Tests.EnterpriseModelTests.Enterprise_Creation_WithValidData_Succeeds" computerName="MCKITRICK" duration="00:00:00.0003594" startTime="2025-08-29T19:01:07.6076200-06:00" endTime="2025-08-29T19:01:07.6076201-06:00" testType="13cdc9d9-ddb5-4fa4-a97d-d965ccfc6d4b" outcome="Passed" testListId="8c84fa94-04c1-424b-9868-57a2d4851a1d" relativeResultsDirectory="b104fc38-8b9a-47a6-9407-bf1666b98fe7" />
    <UnitTestResult executionId="559b396e-dde5-47d9-a4d1-0b0084c2362e" testId="2b9ee214-5fed-0842-d648-dd6ae7f87bc4" testName="WileyWidget.Tests.BudgetInteractionTests.BudgetInteraction_AcceptsVariousInteractionTypes(type: &quot;Dependency&quot;, expected: True)" computerName="MCKITRICK" duration="00:00:00.0000122" startTime="2025-08-29T19:01:07.5862128-06:00" endTime="2025-08-29T19:01:07.5862129-06:00" testType="13cdc9d9-ddb5-4fa4-a97d-d965ccfc6d4b" outcome="Passed" testListId="8c84fa94-04c1-424b-9868-57a2d4851a1d" relativeResultsDirectory="559b396e-dde5-47d9-a4d1-0b0084c2362e" />
    <UnitTestResult executionId="5d8e616d-5bb4-4f93-8dde-2152958da20a" testId="abe5bbbb-5c34-074f-41c7-88d40b3e23b8" testName="WileyWidget.Tests.SettingsServiceTests.SettingsService_Migration_QuickBooksToQbo_Works" computerName="MCKITRICK" duration="00:00:00.0222733" startTime="2025-08-29T19:01:07.9292932-06:00" endTime="2025-08-29T19:01:07.9292934-06:00" testType="13cdc9d9-ddb5-4fa4-a97d-d965ccfc6d4b" outcome="Passed" testListId="8c84fa94-04c1-424b-9868-57a2d4851a1d" relativeResultsDirectory="5d8e616d-5bb4-4f93-8dde-2152958da20a" />
    <UnitTestResult executionId="0d6774bc-7979-4033-b49d-9eea218adcea" testId="9d53fc33-d776-6625-1b0a-4b6f01111549" testName="WileyWidget.Tests.BudgetInteractionTests.BudgetInteraction_MonthlyAmount_Validation(amount: 0, shouldBeValid: True)" computerName="MCKITRICK" duration="00:00:00.0002049" startTime="2025-08-29T19:01:07.5872464-06:00" endTime="2025-08-29T19:01:07.5872466-06:00" testType="13cdc9d9-ddb5-4fa4-a97d-d965ccfc6d4b" outcome="Passed" testListId="8c84fa94-04c1-424b-9868-57a2d4851a1d" relativeResultsDirectory="0d6774bc-7979-4033-b49d-9eea218adcea" />
    <UnitTestResult executionId="839d9908-7ea1-4c04-a8cb-252e1c95544a" testId="d76fce68-3bca-b1a7-0e69-ec7736a35394" testName="WileyWidget.Tests.EnterpriseDatabaseTests.StoredProcedure_InsertAndRetrieveEnterprise_UsingDirectConnection" computerName="MCKITRICK" duration="00:00:00.0092669" startTime="2025-08-29T19:01:08.2686076-06:00" endTime="2025-08-29T19:01:08.2686078-06:00" testType="13cdc9d9-ddb5-4fa4-a97d-d965ccfc6d4b" outcome="Passed" testListId="8c84fa94-04c1-424b-9868-57a2d4851a1d" relativeResultsDirectory="839d9908-7ea1-4c04-a8cb-252e1c95544a" />
    <UnitTestResult executionId="b1f7ac7e-adbc-4b22-97b7-0b955e21340a" testId="648bd338-a756-e64d-b4be-6a55c8a8cbe8" testName="WileyWidget.Tests.WidgetTests.Widget_Name_Validation(name: null, shouldBeValid: False)" computerName="MCKITRICK" duration="00:00:00.0002807" startTime="2025-08-29T19:01:07.9554965-06:00" endTime="2025-08-29T19:01:07.9554965-06:00" testType="13cdc9d9-ddb5-4fa4-a97d-d965ccfc6d4b" outcome="Passed" testListId="8c84fa94-04c1-424b-9868-57a2d4851a1d" relativeResultsDirectory="b1f7ac7e-adbc-4b22-97b7-0b955e21340a" />
    <UnitTestResult executionId="89df9394-9e44-4329-94e3-5185ec771197" testId="f1c4230d-c873-a695-bf0b-dd9c7f8ad220" testName="WileyWidget.Tests.EnterpriseDatabaseTests.InsertEnterprise_DataIsInsertedCorrectly_UsingDirectConnection" computerName="MCKITRICK" duration="00:00:00.0116214" startTime="2025-08-29T19:01:08.2582948-06:00" endTime="2025-08-29T19:01:08.2582950-06:00" testType="13cdc9d9-ddb5-4fa4-a97d-d965ccfc6d4b" outcome="Passed" testListId="8c84fa94-04c1-424b-9868-57a2d4851a1d" relativeResultsDirectory="89df9394-9e44-4329-94e3-5185ec771197" />
    <UnitTestResult executionId="cce4df7f-1f08-4b9b-9b1e-24379a17a686" testId="4a11ecda-ef05-73a1-b1d1-c3284d3e4afa" testName="WileyWidget.Tests.WidgetTests.Widget_Creation_WithValidData_Succeeds" computerName="MCKITRICK" duration="00:00:00.0003144" startTime="2025-08-29T19:01:07.9593392-06:00" endTime="2025-08-29T19:01:07.9593393-06:00" testType="13cdc9d9-ddb5-4fa4-a97d-d965ccfc6d4b" outcome="Passed" testListId="8c84fa94-04c1-424b-9868-57a2d4851a1d" relativeResultsDirectory="cce4df7f-1f08-4b9b-9b1e-24379a17a686" />
    <UnitTestResult executionId="d0fc6c3a-ddfc-49f4-91f5-9da873df6dff" testId="888d2b50-7b6d-6c90-d0fe-ec32083e79d4" testName="WileyWidget.Tests.AppUnitTests.ConfigureGlobalExceptionHandling_SetsUpHandlers" computerName="MCKITRICK" duration="00:00:00.0001130" startTime="2025-08-29T19:01:08.9739369-06:00" endTime="2025-08-29T19:01:08.9739370-06:00" testType="13cdc9d9-ddb5-4fa4-a97d-d965ccfc6d4b" outcome="Passed" testListId="8c84fa94-04c1-424b-9868-57a2d4851a1d" relativeResultsDirectory="d0fc6c3a-ddfc-49f4-91f5-9da873df6dff" />
    <UnitTestResult executionId="6b27ba8b-85ee-489b-b1bf-3e13f89c3141" testId="40809d6b-32d3-2519-3f96-4116b092b054" testName="WileyWidget.Tests.BudgetInteractionTests.BudgetInteraction_InteractionType_Validation(type: &quot;Transfer&quot;, shouldBeValid: True)" computerName="MCKITRICK" duration="00:00:00.0003610" startTime="2025-08-29T19:01:07.5617978-06:00" endTime="2025-08-29T19:01:07.5617980-06:00" testType="13cdc9d9-ddb5-4fa4-a97d-d965ccfc6d4b" outcome="Passed" testListId="8c84fa94-04c1-424b-9868-57a2d4851a1d" relativeResultsDirectory="6b27ba8b-85ee-489b-b1bf-3e13f89c3141" />
    <UnitTestResult executionId="d7f5d546-d7ff-4944-8646-818fef7ae9cd" testId="8ca5b6cf-7541-b621-6329-c030b30b7745" testName="WileyWidget.Tests.BudgetInteractionTests.BudgetInteraction_AcceptsVariousInteractionTypes(type: &quot;Subsidy&quot;, expected: True)" computerName="MCKITRICK" duration="00:00:00.0001782" startTime="2025-08-29T19:01:07.5860107-06:00" endTime="2025-08-29T19:01:07.5860107-06:00" testType="13cdc9d9-ddb5-4fa4-a97d-d965ccfc6d4b" outcome="Passed" testListId="8c84fa94-04c1-424b-9868-57a2d4851a1d" relativeResultsDirectory="d7f5d546-d7ff-4944-8646-818fef7ae9cd" />
    <UnitTestResult executionId="2b9adecf-ef30-43f5-bcd5-9a5c15eff712" testId="ccef2ce7-f385-9fbf-3fdd-191327867f3d" testName="WileyWidget.Tests.BudgetAnalyticsTests.BudgetMetrics_ReturnsCorrectStatus_Surplus" computerName="MCKITRICK" duration="00:00:00.0015610" startTime="2025-08-29T19:01:07.6101278-06:00" endTime="2025-08-29T19:01:07.6101280-06:00" testType="13cdc9d9-ddb5-4fa4-a97d-d965ccfc6d4b" outcome="Passed" testListId="8c84fa94-04c1-424b-9868-57a2d4851a1d" relativeResultsDirectory="2b9adecf-ef30-43f5-bcd5-9a5c15eff712" />
    <UnitTestResult executionId="751cfb1d-37c3-49e9-80ae-1b65a91d5b01" testId="51c34e63-97c0-5e10-af10-340556c65011" testName="WileyWidget.Tests.BudgetAnalyticsTests.BudgetMetrics_ReturnsCorrectStatus_Deficit" computerName="MCKITRICK" duration="00:00:00.0002937" startTime="2025-08-29T19:01:07.6186959-06:00" endTime="2025-08-29T19:01:07.6186963-06:00" testType="13cdc9d9-ddb5-4fa4-a97d-d965ccfc6d4b" outcome="Passed" testListId="8c84fa94-04c1-424b-9868-57a2d4851a1d" relativeResultsDirectory="751cfb1d-37c3-49e9-80ae-1b65a91d5b01" />
    <UnitTestResult executionId="e78ce649-0cc5-4189-bbfb-62fa397c1ffd" testId="4e31e5ac-795c-6664-b1e1-6987564c4e12" testName="WileyWidget.Tests.DatabaseIntegrationTests.GetByIdAsync_ReturnsCorrectEnterprise" computerName="MCKITRICK" duration="00:00:00.0052835" startTime="2025-08-29T19:01:08.8267327-06:00" endTime="2025-08-29T19:01:08.8267328-06:00" testType="13cdc9d9-ddb5-4fa4-a97d-d965ccfc6d4b" outcome="Passed" testListId="8c84fa94-04c1-424b-9868-57a2d4851a1d" relativeResultsDirectory="e78ce649-0cc5-4189-bbfb-62fa397c1ffd" />
    <UnitTestResult executionId="3b1f8fcf-6235-4e20-962c-d6b6d1258118" testId="c596acca-eaa8-2cfc-b6e4-d65d1f704c2d" testName="WileyWidget.Tests.WidgetTests.Widget_IsActive_CanBeSet(isActive: False)" computerName="MCKITRICK" duration="00:00:00.0003012" startTime="2025-08-29T19:01:07.9459785-06:00" endTime="2025-08-29T19:01:07.9459785-06:00" testType="13cdc9d9-ddb5-4fa4-a97d-d965ccfc6d4b" outcome="Passed" testListId="8c84fa94-04c1-424b-9868-57a2d4851a1d" relativeResultsDirectory="3b1f8fcf-6235-4e20-962c-d6b6d1258118" />
    <UnitTestResult executionId="2edaa7bd-4eed-4f64-89a8-268fdfe3a24f" testId="4ae2e854-082e-d2d9-91f7-448e1ba75efb" testName="WileyWidget.Tests.MainWindowUnitTests.NormalizeTheme_WithLowerCase_ReturnsNormalized" computerName="MCKITRICK" duration="00:00:00.0006378" startTime="2025-08-29T19:01:09.0470624-06:00" endTime="2025-08-29T19:01:09.0470626-06:00" testType="13cdc9d9-ddb5-4fa4-a97d-d965ccfc6d4b" outcome="Failed" testListId="8c84fa94-04c1-424b-9868-57a2d4851a1d" relativeResultsDirectory="2edaa7bd-4eed-4f64-89a8-268fdfe3a24f">
      <Output>
        <ErrorInfo>
          <Message>System.InvalidOperationException : The calling thread must be STA, because many UI components require this.</Message>
          <StackTrace>   at System.Windows.Input.InputManager..ctor()&#xD;
   at System.Windows.Input.InputManager.GetCurrentInputManagerImpl()&#xD;
   at System.Windows.Input.KeyboardNavigation..ctor()&#xD;
   at System.Windows.FrameworkElement.FrameworkServices..ctor()&#xD;
   at System.Windows.FrameworkElement.EnsureFrameworkServices()&#xD;
   at System.Windows.FrameworkElement..ctor()&#xD;
   at System.Windows.Controls.Control..ctor()&#xD;
   at System.Windows.Window..ctor()&#xD;
   at WileyWidget.MainWindow..ctor() in C:\Users\biges\Desktop\Wiley_Widget\Views\MainWindow.xaml.cs:line 59&#xD;
   at WileyWidget.Tests.MainWindowUnitTests.NormalizeTheme_WithLowerCase_ReturnsNormalized() in C:\Users\biges\Desktop\Wiley_Widget\WileyWidget.Tests\MainWindowUnitTests.cs:line 133&#xD;
   at System.RuntimeMethodHandle.InvokeMethod(Object target, Void** arguments, Signature sig, Boolean isConstructor)&#xD;
   at System.Reflection.MethodBaseInvoker.InvokeWithNoArgs(Object obj, BindingFlags invokeAttr)</StackTrace>
        </ErrorInfo>
      </Output>
    </UnitTestResult>
    <UnitTestResult executionId="db05e258-837e-4672-9356-2f8a389c6177" testId="bf088925-6f0e-4b03-c843-4df17998edc4" testName="WileyWidget.Tests.AppUnitTests.SetupUnhandledExceptionHandling_MethodExists" computerName="MCKITRICK" duration="00:00:00.0003374" startTime="2025-08-29T19:01:08.9724768-06:00" endTime="2025-08-29T19:01:08.9724770-06:00" testType="13cdc9d9-ddb5-4fa4-a97d-d965ccfc6d4b" outcome="Failed" testListId="8c84fa94-04c1-424b-9868-57a2d4851a1d" relativeResultsDirectory="db05e258-837e-4672-9356-2f8a389c6177">
      <Output>
        <ErrorInfo>
          <Message>Assert.NotNull() Failure: Value is null</Message>
          <StackTrace>   at WileyWidget.Tests.AppUnitTests.SetupUnhandledExceptionHandling_MethodExists() in C:\Users\biges\Desktop\Wiley_Widget\WileyWidget.Tests\AppUnitTests.cs:line 50&#xD;
   at System.RuntimeMethodHandle.InvokeMethod(Object target, Void** arguments, Signature sig, Boolean isConstructor)&#xD;
   at System.Reflection.MethodBaseInvoker.InvokeWithNoArgs(Object obj, BindingFlags invokeAttr)</StackTrace>
        </ErrorInfo>
      </Output>
    </UnitTestResult>
    <UnitTestResult executionId="75dbbae5-8491-4fc9-ae86-4f0fea90be39" testId="d72bcf70-eede-0359-7f9b-84883d87f42f" testName="WileyWidget.Tests.MainViewModelTests.SelectNextCommand_SelectsNextWidget" computerName="MCKITRICK" duration="00:00:00.1716541" startTime="2025-08-29T19:01:07.8301645-06:00" endTime="2025-08-29T19:01:07.8301648-06:00" testType="13cdc9d9-ddb5-4fa4-a97d-d965ccfc6d4b" outcome="Passed" testListId="8c84fa94-04c1-424b-9868-57a2d4851a1d" relativeResultsDirectory="75dbbae5-8491-4fc9-ae86-4f0fea90be39" />
    <UnitTestResult executionId="bd9cd946-8354-402d-a84a-3948ba6cb845" testId="97486250-1fe8-66a0-17d4-9ab973b2b619" testName="WileyWidget.Tests.AppUnitTests.RegisterSyncfusionLicense_WithNullConfig_HandlesGracefully" computerName="MCKITRICK" duration="00:00:00.0001992" startTime="2025-08-29T19:01:08.9767518-06:00" endTime="2025-08-29T19:01:08.9767520-06:00" testType="13cdc9d9-ddb5-4fa4-a97d-d965ccfc6d4b" outcome="Passed" testListId="8c84fa94-04c1-424b-9868-57a2d4851a1d" relativeResultsDirectory="bd9cd946-8354-402d-a84a-3948ba6cb845" />
    <UnitTestResult executionId="c2b93feb-db78-42dc-a0f2-a7145e9ea4d2" testId="5903b2e2-620c-d805-6dec-cff9749cf54d" testName="WileyWidget.Tests.WidgetTests.Widget_Name_Validation(name: &quot;A&quot;, shouldBeValid: True)" computerName="MCKITRICK" duration="00:00:00.0003021" startTime="2025-08-29T19:01:07.9550400-06:00" endTime="2025-08-29T19:01:07.9550400-06:00" testType="13cdc9d9-ddb5-4fa4-a97d-d965ccfc6d4b" outcome="Passed" testListId="8c84fa94-04c1-424b-9868-57a2d4851a1d" relativeResultsDirectory="c2b93feb-db78-42dc-a0f2-a7145e9ea4d2" />
    <UnitTestResult executionId="7b0f5aea-639e-441a-ac4e-74525dfbf453" testId="a1485da4-493d-cd3d-9e47-0f99906d1c2c" testName="WileyWidget.Tests.WidgetTests.Widget_FormattedPrice_ReturnsCorrectFormat(price: 99.99, expected: &quot;$99.99&quot;)" computerName="MCKITRICK" duration="00:00:00.0001548" startTime="2025-08-29T19:01:07.9486502-06:00" endTime="2025-08-29T19:01:07.9486502-06:00" testType="13cdc9d9-ddb5-4fa4-a97d-d965ccfc6d4b" outcome="Passed" testListId="8c84fa94-04c1-424b-9868-57a2d4851a1d" relativeResultsDirectory="7b0f5aea-639e-441a-ac4e-74525dfbf453" />
    <UnitTestResult executionId="d4b45384-e836-49eb-8226-dcf08d55cf2a" testId="93bcc1b2-e756-be48-7f05-0eed9d834711" testName="WileyWidget.Tests.EnterpriseModelTests.Enterprise_Name_Validation(name: &quot;A&quot;, shouldBeValid: True)" computerName="MCKITRICK" duration="00:00:00.0003264" startTime="2025-08-29T19:01:07.6014662-06:00" endTime="2025-08-29T19:01:07.6014663-06:00" testType="13cdc9d9-ddb5-4fa4-a97d-d965ccfc6d4b" outcome="Passed" testListId="8c84fa94-04c1-424b-9868-57a2d4851a1d" relativeResultsDirectory="d4b45384-e836-49eb-8226-dcf08d55cf2a" />
    <UnitTestResult executionId="d262991e-8a48-4f0e-af96-c6bf93ddb1ec" testId="168ae476-6639-8347-6432-3fafc0d8f784" testName="WileyWidget.Tests.DatabaseIntegrationTests.Repository_EnforcesRateConstraints" computerName="MCKITRICK" duration="00:00:00.0007043" startTime="2025-08-29T19:01:08.8639425-06:00" endTime="2025-08-29T19:01:08.8639428-06:00" testType="13cdc9d9-ddb5-4fa4-a97d-d965ccfc6d4b" outcome="Passed" testListId="8c84fa94-04c1-424b-9868-57a2d4851a1d" relativeResultsDirectory="d262991e-8a48-4f0e-af96-c6bf93ddb1ec" />
    <UnitTestResult executionId="7cfb25a5-e489-451a-8601-80c2491ef667" testId="a590d7ab-a37d-241b-b41d-e926aae9e190" testName="WileyWidget.Tests.DatabaseIntegrationTests.Repository_EnforcesCitizenCountConstraints" computerName="MCKITRICK" duration="00:00:00.0005403" startTime="2025-08-29T19:01:08.8647539-06:00" endTime="2025-08-29T19:01:08.8647540-06:00" testType="13cdc9d9-ddb5-4fa4-a97d-d965ccfc6d4b" outcome="Passed" testListId="8c84fa94-04c1-424b-9868-57a2d4851a1d" relativeResultsDirectory="7cfb25a5-e489-451a-8601-80c2491ef667" />
    <UnitTestResult executionId="5afd6d4f-3415-4e71-aeff-b002b4eb057a" testId="e82f29b2-da2d-1de7-97e4-1ecb0f1224d5" testName="WileyWidget.Tests.EnterpriseTests.Enterprise_Name_Validation(name: null, shouldBeValid: False)" computerName="MCKITRICK" duration="00:00:00.0001496" startTime="2025-08-29T19:01:07.9652675-06:00" endTime="2025-08-29T19:01:07.9652675-06:00" testType="13cdc9d9-ddb5-4fa4-a97d-d965ccfc6d4b" outcome="Passed" testListId="8c84fa94-04c1-424b-9868-57a2d4851a1d" relativeResultsDirectory="5afd6d4f-3415-4e71-aeff-b002b4eb057a" />
    <UnitTestResult executionId="6df38b72-2301-4bae-a390-9b3bee0b80d4" testId="8b807870-505b-71ed-7f55-1b57860f38f6" testName="WileyWidget.Tests.DatabaseIntegrationTests.Repository_HandlesConcurrentReads" computerName="MCKITRICK" duration="00:00:00.0027885" startTime="2025-08-29T19:01:08.8629028-06:00" endTime="2025-08-29T19:01:08.8629031-06:00" testType="13cdc9d9-ddb5-4fa4-a97d-d965ccfc6d4b" outcome="Passed" testListId="8c84fa94-04c1-424b-9868-57a2d4851a1d" relativeResultsDirectory="6df38b72-2301-4bae-a390-9b3bee0b80d4" />
    <UnitTestResult executionId="39fc3336-a17c-4fd8-968b-715cab2547c0" testId="20d48984-149e-52a8-e707-e7c8d17f3d51" testName="WileyWidget.Tests.AppUnitTests.TryScheduleLicenseDialogAutoClose_HandlesDialogScheduling" computerName="MCKITRICK" duration="00:00:00.0001104" startTime="2025-08-29T19:01:08.9749450-06:00" endTime="2025-08-29T19:01:08.9749451-06:00" testType="13cdc9d9-ddb5-4fa4-a97d-d965ccfc6d4b" outcome="Passed" testListId="8c84fa94-04c1-424b-9868-57a2d4851a1d" relativeResultsDirectory="39fc3336-a17c-4fd8-968b-715cab2547c0" />
    <UnitTestResult executionId="9f8e7f79-30be-4db4-a19b-c45e88aec1fa" testId="e5321f6f-e5a1-6e5b-e713-11e01758bd01" testName="WileyWidget.Tests.BudgetInteractionTests.BudgetInteraction_SecondaryEnterpriseId_CanBeSet" computerName="MCKITRICK" duration="00:00:00.0015478" startTime="2025-08-29T19:01:07.5952337-06:00" endTime="2025-08-29T19:01:07.5952339-06:00" testType="13cdc9d9-ddb5-4fa4-a97d-d965ccfc6d4b" outcome="Passed" testListId="8c84fa94-04c1-424b-9868-57a2d4851a1d" relativeResultsDirectory="9f8e7f79-30be-4db4-a19b-c45e88aec1fa" />
    <UnitTestResult executionId="72594277-1d69-4522-acd6-cd332144035c" testId="28afac11-75f2-4277-47ce-175ecd6d5bf3" testName="WileyWidget.Tests.WidgetTests.Widget_IsActive_CanBeSet(isActive: True)" computerName="MCKITRICK" duration="00:00:00.0001384" startTime="2025-08-29T19:01:07.9463093-06:00" endTime="2025-08-29T19:01:07.9463093-06:00" testType="13cdc9d9-ddb5-4fa4-a97d-d965ccfc6d4b" outcome="Passed" testListId="8c84fa94-04c1-424b-9868-57a2d4851a1d" relativeResultsDirectory="72594277-1d69-4522-acd6-cd332144035c" />
    <UnitTestResult executionId="4538e335-7b8e-4ef7-adfb-78ca4a662799" testId="93f87e80-68d8-ef6d-e92d-98707d05f82e" testName="WileyWidget.Tests.AppUnitTests.RegisterSyncfusionLicense_WithNoValidSources_LogsWarning" computerName="MCKITRICK" duration="00:00:00.0652017" startTime="2025-08-29T19:01:08.9621674-06:00" endTime="2025-08-29T19:01:08.9621679-06:00" testType="13cdc9d9-ddb5-4fa4-a97d-d965ccfc6d4b" outcome="Passed" testListId="8c84fa94-04c1-424b-9868-57a2d4851a1d" relativeResultsDirectory="4538e335-7b8e-4ef7-adfb-78ca4a662799" />
    <UnitTestResult executionId="a3ec308c-e5f9-49d7-8b67-08ca1c094765" testId="59a77b29-012a-7f31-5abd-f2349c80ceff" testName="WileyWidget.Tests.DatabaseIntegrationTests.GetAllAsync_ReturnsAllEnterprises" computerName="MCKITRICK" duration="00:00:00.0142457" startTime="2025-08-29T19:01:08.8492544-06:00" endTime="2025-08-29T19:01:08.8492548-06:00" testType="13cdc9d9-ddb5-4fa4-a97d-d965ccfc6d4b" outcome="Passed" testListId="8c84fa94-04c1-424b-9868-57a2d4851a1d" relativeResultsDirectory="a3ec308c-e5f9-49d7-8b67-08ca1c094765" />
    <UnitTestResult executionId="1be76897-56b2-4b6c-b4cb-511b9af75c64" testId="1d6cc74e-b1aa-d571-8164-59cf85bf66e7" testName="WileyWidget.Tests.EnterpriseTests.Enterprise_CurrentRate_Validation(rate: 10000, shouldBeValid: False)" computerName="MCKITRICK" duration="00:00:00.0001845" startTime="2025-08-29T19:01:07.9632095-06:00" endTime="2025-08-29T19:01:07.9632096-06:00" testType="13cdc9d9-ddb5-4fa4-a97d-d965ccfc6d4b" outcome="Passed" testListId="8c84fa94-04c1-424b-9868-57a2d4851a1d" relativeResultsDirectory="1be76897-56b2-4b6c-b4cb-511b9af75c64" />
    <UnitTestResult executionId="1f464773-1348-459d-aec9-ffdfeed94ec6" testId="efa2ee80-8a84-ce7d-1850-d99aa3c2923a" testName="WileyWidget.Tests.BudgetInteractionTests.BudgetInteraction_Creation_WithValidData_Succeeds" computerName="MCKITRICK" duration="00:00:00.0032950" startTime="2025-08-29T19:01:07.5670863-06:00" endTime="2025-08-29T19:01:07.5670865-06:00" testType="13cdc9d9-ddb5-4fa4-a97d-d965ccfc6d4b" outcome="Passed" testListId="8c84fa94-04c1-424b-9868-57a2d4851a1d" relativeResultsDirectory="1f464773-1348-459d-aec9-ffdfeed94ec6" />
    <UnitTestResult executionId="abb82f6b-6939-427e-bacc-16254134f9b2" testId="62021b67-5876-d70c-80d9-db2ebaaf208a" testName="WileyWidget.Tests.MainWindowUnitTests.InitializeBudgetDiagram_MethodExists" computerName="MCKITRICK" duration="00:00:00.0007315" startTime="2025-08-29T19:01:09.0371264-06:00" endTime="2025-08-29T19:01:09.0371267-06:00" testType="13cdc9d9-ddb5-4fa4-a97d-d965ccfc6d4b" outcome="Failed" testListId="8c84fa94-04c1-424b-9868-57a2d4851a1d" relativeResultsDirectory="abb82f6b-6939-427e-bacc-16254134f9b2">
      <Output>
        <ErrorInfo>
          <Message>System.InvalidOperationException : The calling thread must be STA, because many UI components require this.</Message>
          <StackTrace>   at System.Windows.Input.InputManager..ctor()&#xD;
   at System.Windows.Input.InputManager.GetCurrentInputManagerImpl()&#xD;
   at System.Windows.Input.KeyboardNavigation..ctor()&#xD;
   at System.Windows.FrameworkElement.FrameworkServices..ctor()&#xD;
   at System.Windows.FrameworkElement.EnsureFrameworkServices()&#xD;
   at System.Windows.FrameworkElement..ctor()&#xD;
   at System.Windows.Controls.Control..ctor()&#xD;
   at System.Windows.Window..ctor()&#xD;
   at WileyWidget.MainWindow..ctor() in C:\Users\biges\Desktop\Wiley_Widget\Views\MainWindow.xaml.cs:line 59&#xD;
   at WileyWidget.Tests.MainWindowUnitTests.InitializeBudgetDiagram_MethodExists() in C:\Users\biges\Desktop\Wiley_Widget\WileyWidget.Tests\MainWindowUnitTests.cs:line 27&#xD;
   at System.RuntimeMethodHandle.InvokeMethod(Object target, Void** arguments, Signature sig, Boolean isConstructor)&#xD;
   at System.Reflection.MethodBaseInvoker.InvokeWithNoArgs(Object obj, BindingFlags invokeAttr)</StackTrace>
        </ErrorInfo>
      </Output>
    </UnitTestResult>
    <UnitTestResult executionId="97db73b4-7b4a-4c1a-900c-02ba2611d31f" testId="1340ffff-d167-8c9f-1446-195b0fb1d86f" testName="WileyWidget.Tests.DatabaseIntegrationTests.AddAsync_AddsEnterpriseToDatabase" computerName="MCKITRICK" duration="00:00:00.0130127" startTime="2025-08-29T19:01:08.7973820-06:00" endTime="2025-08-29T19:01:08.7973821-06:00" testType="13cdc9d9-ddb5-4fa4-a97d-d965ccfc6d4b" outcome="Passed" testListId="8c84fa94-04c1-424b-9868-57a2d4851a1d" relativeResultsDirectory="97db73b4-7b4a-4c1a-900c-02ba2611d31f" />
    <UnitTestResult executionId="d73854e7-8da5-4a96-af15-9dd775ee794e" testId="2969f2e0-70ae-84d9-8527-e1ee638f4f9b" testName="WileyWidget.Tests.SettingsServiceTests.SettingsService_Load_CreatesBackupOfCorruptFile" computerName="MCKITRICK" duration="00:00:00.0033759" startTime="2025-08-29T19:01:07.9441365-06:00" endTime="2025-08-29T19:01:07.9441368-06:00" testType="13cdc9d9-ddb5-4fa4-a97d-d965ccfc6d4b" outcome="Passed" testListId="8c84fa94-04c1-424b-9868-57a2d4851a1d" relativeResultsDirectory="d73854e7-8da5-4a96-af15-9dd775ee794e" />
    <UnitTestResult executionId="b67180e6-f357-433a-9597-e8cbdcff4207" testId="02a84783-afd8-9efb-6906-833a0d912242" testName="WileyWidget.Tests.MainViewModelTests.Widgets_Collection_ContainsInitialData" computerName="MCKITRICK" duration="00:00:00.0010680" startTime="2025-08-29T19:01:07.8535003-06:00" endTime="2025-08-29T19:01:07.8535004-06:00" testType="13cdc9d9-ddb5-4fa4-a97d-d965ccfc6d4b" outcome="Passed" testListId="8c84fa94-04c1-424b-9868-57a2d4851a1d" relativeResultsDirectory="b67180e6-f357-433a-9597-e8cbdcff4207" />
    <UnitTestResult executionId="b3d8cf81-af35-4f24-aeea-e95ed66ec379" testId="cda48384-02ec-e8bf-7f92-391e842be3cc" testName="WileyWidget.Tests.EnterpriseDatabaseTests.QueryEnterpriseByName_ReturnsCorrectData_UsingDirectConnection" computerName="MCKITRICK" duration="00:00:00.0089623" startTime="2025-08-29T19:01:08.2785377-06:00" endTime="2025-08-29T19:01:08.2785379-06:00" testType="13cdc9d9-ddb5-4fa4-a97d-d965ccfc6d4b" outcome="Passed" testListId="8c84fa94-04c1-424b-9868-57a2d4851a1d" relativeResultsDirectory="b3d8cf81-af35-4f24-aeea-e95ed66ec379" />
    <UnitTestResult executionId="f293b543-e47f-4c4d-9656-13ecf7aa3340" testId="d332a652-b311-2f6e-2247-c3ce44c290ae" testName="WileyWidget.Tests.WidgetTests.Widget_MarkAsModified_UpdatesModifiedDate" computerName="MCKITRICK" duration="00:00:00.0008788" startTime="2025-08-29T19:01:07.9574967-06:00" endTime="2025-08-29T19:01:07.9574967-06:00" testType="13cdc9d9-ddb5-4fa4-a97d-d965ccfc6d4b" outcome="Passed" testListId="8c84fa94-04c1-424b-9868-57a2d4851a1d" relativeResultsDirectory="f293b543-e47f-4c4d-9656-13ecf7aa3340" />
    <UnitTestResult executionId="24ae8097-1886-41f4-9e2c-49734528b960" testId="44e15a9e-b1db-5915-a9b2-5e9b239ca9b3" testName="WileyWidget.Tests.EnterpriseModelTests.Enterprise_BudgetStatus_ReturnsCorrectStatus(revenue: 3000, expenses: 2500, expectedStatus: &quot;Surplus&quot;)" computerName="MCKITRICK" duration="00:00:00.0001938" startTime="2025-08-29T19:01:07.6044690-06:00" endTime="2025-08-29T19:01:07.6044691-06:00" testType="13cdc9d9-ddb5-4fa4-a97d-d965ccfc6d4b" outcome="Passed" testListId="8c84fa94-04c1-424b-9868-57a2d4851a1d" relativeResultsDirectory="24ae8097-1886-41f4-9e2c-49734528b960" />
    <UnitTestResult executionId="c957a3bd-7978-4d90-b5f1-b8df2a16827f" testId="97655ffa-dca1-a12a-5ad2-019d9211febe" testName="WileyWidget.Tests.DatabaseIntegrationTests.Repository_ValidatesRequiredFields" computerName="MCKITRICK" duration="00:00:00.0026823" startTime="2025-08-29T19:01:08.8344317-06:00" endTime="2025-08-29T19:01:08.8344319-06:00" testType="13cdc9d9-ddb5-4fa4-a97d-d965ccfc6d4b" outcome="Passed" testListId="8c84fa94-04c1-424b-9868-57a2d4851a1d" relativeResultsDirectory="c957a3bd-7978-4d90-b5f1-b8df2a16827f" />
    <UnitTestResult executionId="9e5bf27c-ea3a-431c-b928-a029325a7117" testId="7616251f-ba10-2865-c7c0-878cebe0f9bd" testName="WileyWidget.Tests.BudgetInteractionTests.BudgetInteraction_IsCost_CanBeSetToFalse" computerName="MCKITRICK" duration="00:00:00.0003162" startTime="2025-08-29T19:01:07.5536345-06:00" endTime="2025-08-29T19:01:07.5536347-06:00" testType="13cdc9d9-ddb5-4fa4-a97d-d965ccfc6d4b" outcome="Passed" testListId="8c84fa94-04c1-424b-9868-57a2d4851a1d" relativeResultsDirectory="9e5bf27c-ea3a-431c-b928-a029325a7117" />
    <UnitTestResult executionId="c8c866ff-62f0-47bc-a227-c0f5860e90a1" testId="90cb2182-2da9-b142-9e98-2812635b6bad" testName="WileyWidget.Tests.EnterpriseTests.Enterprise_CalculatedProperties_WorkCorrectly(currentRate: 2, citizenCount: 500, expenses: 1000, expectedBalance: 0)" computerName="MCKITRICK" duration="00:00:00.0002478" startTime="2025-08-29T19:01:07.9598544-06:00" endTime="2025-08-29T19:01:07.9598544-06:00" testType="13cdc9d9-ddb5-4fa4-a97d-d965ccfc6d4b" outcome="Passed" testListId="8c84fa94-04c1-424b-9868-57a2d4851a1d" relativeResultsDirectory="c8c866ff-62f0-47bc-a227-c0f5860e90a1" />
    <UnitTestResult executionId="68cdf8e0-bb41-4a83-aca6-1b9e71d8d9c3" testId="e72511ca-5da4-5e68-e2df-554a43fc47aa" testName="WileyWidget.Tests.SettingsServiceTests.SettingsService_Load_HandlesMissingFile" computerName="MCKITRICK" duration="00:00:00.0015969" startTime="2025-08-29T19:01:07.9356879-06:00" endTime="2025-08-29T19:01:07.9356881-06:00" testType="13cdc9d9-ddb5-4fa4-a97d-d965ccfc6d4b" outcome="Passed" testListId="8c84fa94-04c1-424b-9868-57a2d4851a1d" relativeResultsDirectory="68cdf8e0-bb41-4a83-aca6-1b9e71d8d9c3" />
    <UnitTestResult executionId="66963b80-9be2-415d-af37-495cc7187b06" testId="8b1e5a88-d61f-8bfb-af7a-001ec194b46c" testName="WileyWidget.Tests.MainViewModelTests.QuickBooksCustomers_Collection_IsObservable" computerName="MCKITRICK" duration="00:00:00.0005271" startTime="2025-08-29T19:01:07.8572343-06:00" endTime="2025-08-29T19:01:07.8572344-06:00" testType="13cdc9d9-ddb5-4fa4-a97d-d965ccfc6d4b" outcome="Passed" testListId="8c84fa94-04c1-424b-9868-57a2d4851a1d" relativeResultsDirectory="66963b80-9be2-415d-af37-495cc7187b06" />
    <UnitTestResult executionId="691c6f1c-24f4-4550-8b21-6a10470f33b3" testId="250861d5-9d13-68af-2b01-b8c47d52fcf2" testName="WileyWidget.Tests.EnterpriseTests.Enterprise_CalculatedProperties_WorkCorrectly(currentRate: 1, citizenCount: 1000, expenses: 0, expectedBalance: 1000)" computerName="MCKITRICK" duration="00:00:00.0000088" startTime="2025-08-29T19:01:07.9606732-06:00" endTime="2025-08-29T19:01:07.9606732-06:00" testType="13cdc9d9-ddb5-4fa4-a97d-d965ccfc6d4b" outcome="Passed" testListId="8c84fa94-04c1-424b-9868-57a2d4851a1d" relativeResultsDirectory="691c6f1c-24f4-4550-8b21-6a10470f33b3" />
[...]
[xUnit.net 00:00:01.73]            at System.Reflection.MethodBaseInvoker.InvokeWithNoArgs(Object obj, BindingFlags invokeAttr)&#xD;
[xUnit.net 00:00:01.73]       Assert.NotNull() Failure: Value is null&#xD;
[xUnit.net 00:00:01.73]       Stack Trace:&#xD;
[xUnit.net 00:00:01.73]         C:\Users\biges\Desktop\Wiley_Widget\WileyWidget.Tests\AppUnitTests.cs(38,0): at WileyWidget.Tests.AppUnitTests.InitializeLogging_MethodExists()&#xD;
[xUnit.net 00:00:01.73]            at System.RuntimeMethodHandle.InvokeMethod(Object target, Void** arguments, Signature sig, Boolean isConstructor)&#xD;
[xUnit.net 00:00:01.73]            at System.Reflection.MethodBaseInvoker.InvokeWithNoArgs(Object obj, BindingFlags invokeAttr)&#xD;
[xUnit.net 00:00:01.78]       System.InvalidOperationException : The calling thread must be STA, because many UI components require this.&#xD;
[xUnit.net 00:00:01.78]       Stack Trace:&#xD;
[xUnit.net 00:00:01.78]            at System.Windows.Input.InputManager..ctor()&#xD;
[xUnit.net 00:00:01.78]            at System.Windows.Input.InputManager.GetCurrentInputManagerImpl()&#xD;
[xUnit.net 00:00:01.78]            at System.Windows.Input.KeyboardNavigation..ctor()&#xD;
[xUnit.net 00:00:01.78]            at System.Windows.FrameworkElement.FrameworkServices..ctor()&#xD;
[xUnit.net 00:00:01.78]            at System.Windows.FrameworkElement.EnsureFrameworkServices()&#xD;
[xUnit.net 00:00:01.78]            at System.Windows.FrameworkElement..ctor()&#xD;
[xUnit.net 00:00:01.78]            at System.Windows.Controls.Control..ctor()&#xD;
[xUnit.net 00:00:01.78]            at System.Windows.Window..ctor()&#xD;
[xUnit.net 00:00:01.78]         C:\Users\biges\Desktop\Wiley_Widget\Views\MainWindow.xaml.cs(59,0): at WileyWidget.MainWindow..ctor()&#xD;
[xUnit.net 00:00:01.78]         C:\Users\biges\Desktop\Wiley_Widget\WileyWidget.Tests\MainWindowUnitTests.cs(40,0): at WileyWidget.Tests.MainWindowUnitTests.UpdateThemeToggleVisuals_MethodExists()&#xD;
[xUnit.net 00:00:01.78]            at System.RuntimeMethodHandle.InvokeMethod(Object target, Void** arguments, Signature sig, Boolean isConstructor)&#xD;
[xUnit.net 00:00:01.78]            at System.Reflection.MethodBaseInvoker.InvokeWithNoArgs(Object obj, BindingFlags invokeAttr)&#xD;
[xUnit.net 00:00:01.78]       System.InvalidOperationException : The calling thread must be STA, because many UI components require this.&#xD;
[xUnit.net 00:00:01.78]       Stack Trace:&#xD;
[xUnit.net 00:00:01.78]            at System.Windows.Input.InputManager..ctor()&#xD;
[xUnit.net 00:00:01.78]            at System.Windows.Input.InputManager.GetCurrentInputManagerImpl()&#xD;
[xUnit.net 00:00:01.78]            at System.Windows.Input.KeyboardNavigation..ctor()&#xD;
[xUnit.net 00:00:01.78]            at System.Windows.FrameworkElement.FrameworkServices..ctor()&#xD;
[xUnit.net 00:00:01.78]            at System.Windows.FrameworkElement.EnsureFrameworkServices()&#xD;
[xUnit.net 00:00:01.78]            at System.Windows.FrameworkElement..ctor()&#xD;
[xUnit.net 00:00:01.78]            at System.Windows.Controls.Control..ctor()&#xD;
[xUnit.net 00:00:01.78]            at System.Windows.Window..ctor()&#xD;
[xUnit.net 00:00:01.78]         C:\Users\biges\Desktop\Wiley_Widget\Views\MainWindow.xaml.cs(59,0): at WileyWidget.MainWindow..ctor()&#xD;
[xUnit.net 00:00:01.78]         C:\Users\biges\Desktop\Wiley_Widget\WileyWidget.Tests\MainWindowUnitTests.cs(118,0): at WileyWidget.Tests.MainWindowUnitTests.NormalizeTheme_WithFluentDark_ReturnsFluentDark()&#xD;
[xUnit.net 00:00:01.78]            at System.RuntimeMethodHandle.InvokeMethod(Object target, Void** arguments, Signature sig, Boolean isConstructor)&#xD;
[xUnit.net 00:00:01.78]            at System.Reflection.MethodBaseInvoker.InvokeWithNoArgs(Object obj, BindingFlags invokeAttr)&#xD;
[xUnit.net 00:00:01.78]       System.InvalidOperationException : The calling thread must be STA, because many UI components require this.&#xD;
[xUnit.net 00:00:01.78]       Stack Trace:&#xD;
[xUnit.net 00:00:01.78]            at System.Windows.Input.InputManager..ctor()&#xD;
[xUnit.net 00:00:01.78]            at System.Windows.Input.InputManager.GetCurrentInputManagerImpl()&#xD;
[xUnit.net 00:00:01.78]            at System.Windows.Input.KeyboardNavigation..ctor()&#xD;
[xUnit.net 00:00:01.78]            at System.Windows.FrameworkElement.FrameworkServices..ctor()&#xD;
[xUnit.net 00:00:01.78]            at System.Windows.FrameworkElement.EnsureFrameworkServices()&#xD;
[xUnit.net 00:00:01.78]            at System.Windows.FrameworkElement..ctor()&#xD;
[xUnit.net 00:00:01.78]            at System.Windows.Controls.Control..ctor()&#xD;
[xUnit.net 00:00:01.78]            at System.Windows.Window..ctor()&#xD;
[xUnit.net 00:00:01.78]         C:\Users\biges\Desktop\Wiley_Widget\Views\MainWindow.xaml.cs(59,0): at WileyWidget.MainWindow..ctor()&#xD;
[xUnit.net 00:00:01.78]         C:\Users\biges\Desktop\Wiley_Widget\WileyWidget.Tests\MainWindowUnitTests.cs(92,0): at WileyWidget.Tests.MainWindowUnitTests.ApplyWpfTheme_MethodExists()&#xD;
[xUnit.net 00:00:01.78]            at System.RuntimeMethodHandle.InvokeMethod(Object target, Void** arguments, Signature sig, Boolean isConstructor)&#xD;
[xUnit.net 00:00:01.78]            at System.Reflection.MethodBaseInvoker.InvokeWithNoArgs(Object obj, BindingFlags invokeAttr)&#xD;
[xUnit.net 00:00:01.79]       System.InvalidOperationException : The calling thread must be STA, because many UI components require this.&#xD;
[xUnit.net 00:00:01.79]       Stack Trace:&#xD;
[xUnit.net 00:00:01.79]            at System.Windows.Input.InputManager..ctor()&#xD;
[xUnit.net 00:00:01.79]            at System.Windows.Input.InputManager.GetCurrentInputManagerImpl()&#xD;
[xUnit.net 00:00:01.79]            at System.Windows.Input.KeyboardNavigation..ctor()&#xD;
[xUnit.net 00:00:01.79]            at System.Windows.FrameworkElement.FrameworkServices..ctor()&#xD;
[xUnit.net 00:00:01.79]            at System.Windows.FrameworkElement.EnsureFrameworkServices()&#xD;
[xUnit.net 00:00:01.79]            at System.Windows.FrameworkElement..ctor()&#xD;
[xUnit.net 00:00:01.79]            at System.Windows.Controls.Control..ctor()&#xD;
[xUnit.net 00:00:01.79]            at System.Windows.Window..ctor()&#xD;
[xUnit.net 00:00:01.79]         C:\Users\biges\Desktop\Wiley_Widget\Views\MainWindow.xaml.cs(59,0): at WileyWidget.MainWindow..ctor()&#xD;
[xUnit.net 00:00:01.79]         C:\Users\biges\Desktop\Wiley_Widget\WileyWidget.Tests\MainWindowUnitTests.cs(66,0): at WileyWidget.Tests.MainWindowUnitTests.VerifySpecificSyncfusionControls_MethodExists()&#xD;
[xUnit.net 00:00:01.79]            at System.RuntimeMethodHandle.InvokeMethod(Object target, Void** arguments, Signature sig, Boolean isConstructor)&#xD;
[xUnit.net 00:00:01.79]            at System.Reflection.MethodBaseInvoker.InvokeWithNoArgs(Object obj, BindingFlags invokeAttr)&#xD;
[xUnit.net 00:00:01.79]       System.InvalidOperationException : The calling thread must be STA, because many UI components require this.&#xD;
[xUnit.net 00:00:01.79]       Stack Trace:&#xD;
[xUnit.net 00:00:01.79]            at System.Windows.Input.InputManager..ctor()&#xD;
[xUnit.net 00:00:01.79]            at System.Windows.Input.InputManager.GetCurrentInputManagerImpl()&#xD;
[xUnit.net 00:00:01.79]            at System.Windows.Input.KeyboardNavigation..ctor()&#xD;
[xUnit.net 00:00:01.79]            at System.Windows.FrameworkElement.FrameworkServices..ctor()&#xD;
[xUnit.net 00:00:01.79]            at System.Windows.FrameworkElement.EnsureFrameworkServices()&#xD;
[xUnit.net 00:00:01.79]            at System.Windows.FrameworkElement..ctor()&#xD;
[xUnit.net 00:00:01.79]            at System.Windows.Controls.Control..ctor()&#xD;
[xUnit.net 00:00:01.79]            at System.Windows.Window..ctor()&#xD;
[xUnit.net 00:00:01.79]         C:\Users\biges\Desktop\Wiley_Widget\Views\MainWindow.xaml.cs(59,0): at WileyWidget.MainWindow..ctor()&#xD;
[xUnit.net 00:00:01.79]         C:\Users\biges\Desktop\Wiley_Widget\WileyWidget.Tests\MainWindowUnitTests.cs(27,0): at WileyWidget.Tests.MainWindowUnitTests.InitializeBudgetDiagram_MethodExists()&#xD;
[xUnit.net 00:00:01.79]            at System.RuntimeMethodHandle.InvokeMethod(Object target, Void** arguments, Signature sig, Boolean isConstructor)&#xD;
[xUnit.net 00:00:01.79]            at System.Reflection.MethodBaseInvoker.InvokeWithNoArgs(Object obj, BindingFlags invokeAttr)&#xD;
[xUnit.net 00:00:01.79]       System.InvalidOperationException : The calling thread must be STA, because many UI components require this.&#xD;
[xUnit.net 00:00:01.79]       Stack Trace:&#xD;
[xUnit.net 00:00:01.79]            at System.Windows.Input.InputManager..ctor()&#xD;
[xUnit.net 00:00:01.79]            at System.Windows.Input.InputManager.GetCurrentInputManagerImpl()&#xD;
[xUnit.net 00:00:01.79]            at System.Windows.Input.KeyboardNavigation..ctor()&#xD;
[xUnit.net 00:00:01.79]            at System.Windows.FrameworkElement.FrameworkServices..ctor()&#xD;
[xUnit.net 00:00:01.79]            at System.Windows.FrameworkElement.EnsureFrameworkServices()&#xD;
[xUnit.net 00:00:01.79]            at System.Windows.FrameworkElement..ctor()&#xD;
[xUnit.net 00:00:01.79]            at System.Windows.Controls.Control..ctor()&#xD;
[xUnit.net 00:00:01.80]            at System.Windows.Window..ctor()&#xD;
[xUnit.net 00:00:01.80]         C:\Users\biges\Desktop\Wiley_Widget\Views\MainWindow.xaml.cs(59,0): at WileyWidget.MainWindow..ctor()&#xD;
[xUnit.net 00:00:01.80]         C:\Users\biges\Desktop\Wiley_Widget\WileyWidget.Tests\MainWindowUnitTests.cs(53,0): at WileyWidget.Tests.MainWindowUnitTests.LogSyncfusionControls_MethodExists()&#xD;
[xUnit.net 00:00:01.80]            at System.RuntimeMethodHandle.InvokeMethod(Object target, Void** arguments, Signature sig, Boolean isConstructor)&#xD;
[xUnit.net 00:00:01.80]            at System.Reflection.MethodBaseInvoker.InvokeWithNoArgs(Object obj, BindingFlags invokeAttr)&#xD;
[xUnit.net 00:00:01.80]       System.InvalidOperationException : The calling thread must be STA, because many UI components require this.&#xD;
[xUnit.net 00:00:01.80]       Stack Trace:&#xD;
[xUnit.net 00:00:01.80]            at System.Windows.Input.InputManager..ctor()&#xD;
[xUnit.net 00:00:01.80]            at System.Windows.Input.InputManager.GetCurrentInputManagerImpl()&#xD;
[xUnit.net 00:00:01.80]            at System.Windows.Input.KeyboardNavigation..ctor()&#xD;
[xUnit.net 00:00:01.80]            at System.Windows.FrameworkElement.FrameworkServices..ctor()&#xD;
[xUnit.net 00:00:01.80]            at System.Windows.FrameworkElement.EnsureFrameworkServices()&#xD;
[xUnit.net 00:00:01.80]            at System.Windows.FrameworkElement..ctor()&#xD;
[xUnit.net 00:00:01.80]            at System.Windows.Controls.Control..ctor()&#xD;
[xUnit.net 00:00:01.80]            at System.Windows.Window..ctor()&#xD;
[xUnit.net 00:00:01.80]         C:\Users\biges\Desktop\Wiley_Widget\Views\MainWindow.xaml.cs(59,0): at WileyWidget.MainWindow..ctor()&#xD;
[xUnit.net 00:00:01.80]         C:\Users\biges\Desktop\Wiley_Widget\WileyWidget.Tests\MainWindowUnitTests.cs(148,0): at WileyWidget.Tests.MainWindowUnitTests.NormalizeTheme_WithNull_ReturnsDefault()&#xD;
[xUnit.net 00:00:01.80]            at System.RuntimeMethodHandle.InvokeMethod(Object target, Void** arguments, Signature sig, Boolean isConstructor)&#xD;
[xUnit.net 00:00:01.80]            at System.Reflection.MethodBaseInvoker.InvokeWithNoArgs(Object obj, BindingFlags invokeAttr)&#xD;
[xUnit.net 00:00:01.80]       System.InvalidOperationException : The calling thread must be STA, because many UI components require this.&#xD;
[xUnit.net 00:00:01.80]       Stack Trace:&#xD;
[xUnit.net 00:00:01.80]            at System.Windows.Input.InputManager..ctor()&#xD;
[xUnit.net 00:00:01.80]            at System.Windows.Input.InputManager.GetCurrentInputManagerImpl()&#xD;
[xUnit.net 00:00:01.80]            at System.Windows.Input.KeyboardNavigation..ctor()&#xD;
[xUnit.net 00:00:01.80]            at System.Windows.FrameworkElement.FrameworkServices..ctor()&#xD;
[xUnit.net 00:00:01.80]            at System.Windows.FrameworkElement.EnsureFrameworkServices()&#xD;
[xUnit.net 00:00:01.80]            at System.Windows.FrameworkElement..ctor()&#xD;
[xUnit.net 00:00:01.80]            at System.Windows.Controls.Control..ctor()&#xD;
[xUnit.net 00:00:01.80]            at System.Windows.Window..ctor()&#xD;
[xUnit.net 00:00:01.80]         C:\Users\biges\Desktop\Wiley_Widget\Views\MainWindow.xaml.cs(59,0): at WileyWidget.MainWindow..ctor()&#xD;
[xUnit.net 00:00:01.80]         C:\Users\biges\Desktop\Wiley_Widget\WileyWidget.Tests\MainWindowUnitTests.cs(133,0): at WileyWidget.Tests.MainWindowUnitTests.NormalizeTheme_WithLowerCase_ReturnsNormalized()&#xD;
[xUnit.net 00:00:01.80]            at System.RuntimeMethodHandle.InvokeMethod(Object target, Void** arguments, Signature sig, Boolean isConstructor)&#xD;
[xUnit.net 00:00:01.80]            at System.Reflection.MethodBaseInvoker.InvokeWithNoArgs(Object obj, BindingFlags invokeAttr)&#xD;
[xUnit.net 00:00:01.80]       System.InvalidOperationException : The calling thread must be STA, because many UI components require this.&#xD;
[xUnit.net 00:00:01.80]       Stack Trace:&#xD;
[xUnit.net 00:00:01.80]            at System.Windows.Input.InputManager..ctor()&#xD;
[xUnit.net 00:00:01.80]            at System.Windows.Input.InputManager.GetCurrentInputManagerImpl()&#xD;
[xUnit.net 00:00:01.80]            at System.Windows.Input.KeyboardNavigation..ctor()&#xD;
[xUnit.net 00:00:01.80]            at System.Windows.FrameworkElement.FrameworkServices..ctor()&#xD;
[xUnit.net 00:00:01.80]            at System.Windows.FrameworkElement.EnsureFrameworkServices()&#xD;
[xUnit.net 00:00:01.80]            at System.Windows.FrameworkElement..ctor()&#xD;
[xUnit.net 00:00:01.80]            at System.Windows.Controls.Control..ctor()&#xD;
[xUnit.net 00:00:01.80]            at System.Windows.Window..ctor()&#xD;
[xUnit.net 00:00:01.80]         C:\Users\biges\Desktop\Wiley_Widget\Views\MainWindow.xaml.cs(59,0): at WileyWidget.MainWindow..ctor()&#xD;
[xUnit.net 00:00:01.80]         C:\Users\biges\Desktop\Wiley_Widget\WileyWidget.Tests\MainWindowUnitTests.cs(105,0): at WileyWidget.Tests.MainWindowUnitTests.BuildDynamicColumns_MethodExists()&#xD;
[xUnit.net 00:00:01.80]            at System.RuntimeMethodHandle.InvokeMethod(Object target, Void** arguments, Signature sig, Boolean isConstructor)&#xD;
[xUnit.net 00:00:01.80]            at System.Reflection.MethodBaseInvoker.InvokeWithNoArgs(Object obj, BindingFlags invokeAttr)&#xD;
[xUnit.net 00:00:01.80]       System.InvalidOperationException : The calling thread must be STA, because many UI components require this.&#xD;
[xUnit.net 00:00:01.80]       Stack Trace:&#xD;
[xUnit.net 00:00:01.80]            at System.Windows.Input.InputManager..ctor()&#xD;
[xUnit.net 00:00:01.80]            at System.Windows.Input.InputManager.GetCurrentInputManagerImpl()&#xD;
[xUnit.net 00:00:01.80]            at System.Windows.Input.KeyboardNavigation..ctor()&#xD;
[xUnit.net 00:00:01.80]            at System.Windows.FrameworkElement.FrameworkServices..ctor()&#xD;
[xUnit.net 00:00:01.80]            at System.Windows.FrameworkElement.EnsureFrameworkServices()&#xD;
[xUnit.net 00:00:01.80]            at System.Windows.FrameworkElement..ctor()&#xD;
[xUnit.net 00:00:01.80]            at System.Windows.Controls.Control..ctor()&#xD;
[xUnit.net 00:00:01.80]            at System.Windows.Window..ctor()&#xD;
[xUnit.net 00:00:01.80]         C:\Users\biges\Desktop\Wiley_Widget\Views\MainWindow.xaml.cs(59,0): at WileyWidget.MainWindow..ctor()&#xD;
[xUnit.net 00:00:01.80]         C:\Users\biges\Desktop\Wiley_Widget\WileyWidget.Tests\MainWindowUnitTests.cs(79,0): at WileyWidget.Tests.MainWindowUnitTests.LogCurrentThemeState_MethodExists()&#xD;
[xUnit.net 00:00:01.80]            at System.RuntimeMethodHandle.InvokeMethod(Object target, Void** arguments, Signature sig, Boolean isConstructor)&#xD;
[xUnit.net 00:00:01.80]            at System.Reflection.MethodBaseInvoker.InvokeWithNoArgs(Object obj, BindingFlags invokeAttr)&#xD;
[xUnit.net 00:00:01.81]   Finished:    WileyWidget.Tests&#xD;
</StdOut>
    </Output>
    <RunInfos>
      <RunInfo computerName="MCKITRICK" outcome="Warning" timestamp="2025-08-29T19:01:07.2389279-06:00">
        <Text>ExecutionThreadApartmentState option not supported for framework: .NETCoreApp,Version=v9.0.</Text>
      </RunInfo>
      <RunInfo computerName="MCKITRICK" outcome="Error" timestamp="2025-08-29T19:01:08.9708491-06:00">
        <Text>[xUnit.net 00:00:01.72]     WileyWidget.Tests.AppUnitTests.SetupUnhandledExceptionHandling_MethodExists [FAIL]</Text>
      </RunInfo>
      <RunInfo computerName="MCKITRICK" outcome="Error" timestamp="2025-08-29T19:01:08.9747045-06:00">
        <Text>[xUnit.net 00:00:01.73]     WileyWidget.Tests.AppUnitTests.InitializeLogging_MethodExists [FAIL]</Text>
      </RunInfo>
      <RunInfo computerName="MCKITRICK" outcome="Error" timestamp="2025-08-29T19:01:09.0229113-06:00">
        <Text>[xUnit.net 00:00:01.78]     WileyWidget.Tests.MainWindowUnitTests.UpdateThemeToggleVisuals_MethodExists [FAIL]</Text>
      </RunInfo>
      <RunInfo computerName="MCKITRICK" outcome="Error" timestamp="2025-08-29T19:01:09.0247622-06:00">
        <Text>[xUnit.net 00:00:01.78]     WileyWidget.Tests.MainWindowUnitTests.NormalizeTheme_WithFluentDark_ReturnsFluentDark [FAIL]</Text>
      </RunInfo>
      <RunInfo computerName="MCKITRICK" outcome="Error" timestamp="2025-08-29T19:01:09.0289087-06:00">
        <Text>[xUnit.net 00:00:01.78]     WileyWidget.Tests.MainWindowUnitTests.ApplyWpfTheme_MethodExists [FAIL]</Text>
      </RunInfo>
      <RunInfo computerName="MCKITRICK" outcome="Error" timestamp="2025-08-29T19:01:09.0325458-06:00">
        <Text>[xUnit.net 00:00:01.79]     WileyWidget.Tests.MainWindowUnitTests.VerifySpecificSyncfusionControls_MethodExists [FAIL]</Text>
      </RunInfo>
      <RunInfo computerName="MCKITRICK" outcome="Error" timestamp="2025-08-29T19:01:09.0356112-06:00">
        <Text>[xUnit.net 00:00:01.79]     WileyWidget.Tests.MainWindowUnitTests.InitializeBudgetDiagram_MethodExists [FAIL]</Text>
      </RunInfo>
      <RunInfo computerName="MCKITRICK" outcome="Error" timestamp="2025-08-29T19:01:09.0419844-06:00">
        <Text>[xUnit.net 00:00:01.79]     WileyWidget.Tests.MainWindowUnitTests.LogSyncfusionControls_MethodExists [FAIL]</Text>
      </RunInfo>
      <RunInfo computerName="MCKITRICK" outcome="Error" timestamp="2025-08-29T19:01:09.0437344-06:00">
        <Text>[xUnit.net 00:00:01.80]     WileyWidget.Tests.MainWindowUnitTests.NormalizeTheme_WithNull_ReturnsDefault [FAIL]</Text>
      </RunInfo>
      <RunInfo computerName="MCKITRICK" outcome="Error" timestamp="2025-08-29T19:01:09.0464708-06:00">
        <Text>[xUnit.net 00:00:01.80]     WileyWidget.Tests.MainWindowUnitTests.NormalizeTheme_WithLowerCase_ReturnsNormalized [FAIL]</Text>
      </RunInfo>
      <RunInfo computerName="MCKITRICK" outcome="Error" timestamp="2025-08-29T19:01:09.0485813-06:00">
        <Text>[xUnit.net 00:00:01.80]     WileyWidget.Tests.MainWindowUnitTests.BuildDynamicColumns_MethodExists [FAIL]</Text>
      </RunInfo>
      <RunInfo computerName="MCKITRICK" outcome="Error" timestamp="2025-08-29T19:01:09.0499590-06:00">
        <Text>[xUnit.net 00:00:01.80]     WileyWidget.Tests.MainWindowUnitTests.LogCurrentThemeState_MethodExists [FAIL]</Text>
      </RunInfo>
    </RunInfos>
    <CollectorDataEntries>
      <Collector agentName="MCKITRICK" uri="datacollector://microsoft/CodeCoverage/2.0" collectorDisplayName="Code Coverage">
        <UriAttachments>
          <UriAttachment>
            <A href="MCKITRICK\biges_MCKITRICK_2025-08-29.19_01_09.coverage"></A>
          </UriAttachment>
        </UriAttachments>
      </Collector>
    </CollectorDataEntries>
  </ResultSummary>
</TestRun>